36.1457 	INFO 	Loaded monitor calibration from ['2025_09_24 10:44']
36.1875 	WARNING 	User requested fullscreen with size [1024  768], but screen is actually [1920, 1080]. Using actual size
36.9449 	INFO 	Using renderer 'AMD Radeon(TM) Graphics' for graphics
36.9449 	INFO 	OpenGL version supported by driver is 4..
36.9772 	EXP 	Created window1 = Window(allowGUI=False, allowStencil=True, autoLog=True, backendConf=UNKNOWN, backgroundFit=<method-wrapper '__getattribute__' of attributeSetter object at 0x0000022D5A212B60>, backgroundImage=<method-wrapper '__getattribute__' of attributeSetter object at 0x0000022D5A210550>, bitsMode=UNKNOWN, blendMode='avg', bpc=(8, 8, 8), color=array([0, 0, 0]), colorSpace='rgb', depthBits=8, fullscr=True, gamma=None, gammaErrorPolicy='raise', infoMsg=UNKNOWN, lms=UNKNOWN, monitor=<psychopy.monitors.calibTools.Monitor object at 0x0000022D5A2F45E0>, multiSample=False, name='window1', numSamples=2, pos=[np.float64(0.0), np.float64(0.0)], screen=0, size=array([1920, 1080]), stencilBits=8, stereo=False, title='PsychoPy', units='height', useFBO=True, useRetina=False, viewOri=0.0, viewPos=None, viewScale=None, waitBlanking=True, winType='pyglet')
36.9773 	EXP 	window1: backgroundImage = ''
36.9773 	EXP 	window1: backgroundFit = 'none'
37.3548 	EXP 	window1: Attempting to measure frame rate of screen (0) ...
37.3548 	EXP 	window1: recordFrameIntervals = False
37.5942 	EXP 	window1: recordFrameIntervals = True
37.8287 	EXP 	Screen (0) actual frame rate measured at 59.46Hz
37.8287 	EXP 	window1: recordFrameIntervals = False
37.9342 	INFO 	keyboard.Keyboard is using ptb backend.
37.9344 	INFO 	keyboard.Keyboard is using ptb backend.
37.9344 	INFO 	keyboard.Keyboard is using ptb backend.
37.9344 	EXP 	Priming_gender: status = STARTED
38.3003 	EXP 	Created MAN = TextStim(__class__=<class 'psychopy.visual.text.TextStim'>, alignHoriz=method-wrapper(...), alignText='center', alignVert=method-wrapper(...), anchorHoriz='center', anchorVert='center', antialias=True, autoDraw=False, autoLog=True, bold=False, color=array([1., 1., 1.]), colorSpace='rgb', contrast=1.0, depth=0.0, draggable=False, flipHoriz=False, flipVert=False, font='Arial', fontFiles=[], height=np.float64(0.1), italic=False, languageStyle='LTR', name='MAN', opacity=1, ori=0.0, pos=array([0.8, 0.8]), rgb=UNKNOWN, text='MAN', units='norm', win=Window(...), wrapWidth=1)
38.3048 	EXP 	Created WOMAN = TextStim(__class__=<class 'psychopy.visual.text.TextStim'>, alignHoriz=method-wrapper(...), alignText='center', alignVert=method-wrapper(...), anchorHoriz='center', anchorVert='center', antialias=True, autoDraw=False, autoLog=True, bold=False, color=array([1., 1., 1.]), colorSpace='rgb', contrast=1.0, depth=-1.0, draggable=False, flipHoriz=False, flipVert=False, font='Arial', fontFiles=[], height=np.float64(0.1), italic=False, languageStyle='LTR', name='WOMAN', opacity=1, ori=0.0, pos=array([-0.8,  0.8]), rgb=UNKNOWN, text='WOMAN', units='norm', win=Window(...), wrapWidth=1)
38.3092 	EXP 	Created pic = ImageStim(__class__=<class 'psychopy.visual.image.ImageStim'>, anchor=('center', 'center'), autoLog=True, color=array([1., 1., 1.]), colorSpace='rgb', contrast=1.0, depth=-2.0, draggable=False, flipHoriz=np.False_, flipVert=np.False_, image='default.png', interpolate=True, mask=None, maskParams=None, name='pic', opacity=1, ori=0.0, pos=array([0., 0.]), size=array([1., 1.]), texRes=128.0, units='norm', win=Window(...))
38.3111 	EXP 	Created MAN_3 = TextStim(__class__=<class 'psychopy.visual.text.TextStim'>, alignHoriz=method-wrapper(...), alignText='center', alignVert=method-wrapper(...), anchorHoriz='center', anchorVert='center', antialias=True, autoDraw=False, autoLog=True, bold=False, color=array([1., 1., 1.]), colorSpace='rgb', contrast=1.0, depth=0.0, draggable=False, flipHoriz=False, flipVert=False, font='Arial', fontFiles=[], height=np.float64(0.1), italic=False, languageStyle='LTR', name='MAN_3', opacity=1, ori=0.0, pos=array([0.8, 0.8]), rgb=UNKNOWN, text='MAN', units='norm', win=Window(...), wrapWidth=1)
38.3128 	EXP 	Created WOMAN_3 = TextStim(__class__=<class 'psychopy.visual.text.TextStim'>, alignHoriz=method-wrapper(...), alignText='center', alignVert=method-wrapper(...), anchorHoriz='center', anchorVert='center', antialias=True, autoDraw=False, autoLog=True, bold=False, color=array([1., 1., 1.]), colorSpace='rgb', contrast=1.0, depth=-1.0, draggable=False, flipHoriz=False, flipVert=False, font='Arial', fontFiles=[], height=np.float64(0.1), italic=False, languageStyle='LTR', name='WOMAN_3', opacity=1, ori=0.0, pos=array([-0.8,  0.8]), rgb=UNKNOWN, text='WOMAN', units='norm', win=Window(...), wrapWidth=1)
38.3345 	EXP 	Created pic_2 = ImageStim(__class__=<class 'psychopy.visual.image.ImageStim'>, anchor=('center', 'center'), autoLog=True, color=array([1., 1., 1.]), colorSpace='rgb', contrast=1.0, depth=-3.0, draggable=False, flipHoriz=np.False_, flipVert=np.False_, image='default.png', interpolate=True, mask=None, maskParams=None, name='pic_2', opacity=1, ori=0.0, pos=array([0.7, 0.2]), size=array([0.5, 0.5]), texRes=128.0, units='norm', win=Window(...))
0.0072 	EXP 	name_2: autoLog = True
0.0123 	EXP 	Imported Training loop.csv as conditions, 2 conditions, 6 params
0.0127 	EXP 	New trial (rep=0, index=0): <Trial 0 (0 in rep 0) data={'Male': 'กฤษณะ', 'Female': 'กาญจนา', 'Image': 'men.png', 'Name': 'กฤษณะ', 'ImagePriming': 'men.png', 'NamePriming': 'กฤษณะ', 'thisN': 0, 'thisTrialN': 0, 'thisRepN': 0}>
0.0357 	INFO 	Keyboard events cleared
0.0356 	EXP 	pic: image = 'men.png'
0.0356 	EXP 	MAN: autoDraw = True
0.0356 	EXP 	WOMAN: autoDraw = True
0.0356 	EXP 	pic: autoDraw = True
1.5959 	EXP 	Device response: <KeyPress from None: t=1.5199106000363827, value=k, duration=None>
1.5961 	EXP 	Device response: <KeyPress from None: t=1.5199106000363827, value=k, duration=0.05600489990320057>
1.5963 	EXP 	New trial (rep=0, index=1): <Trial 1 (1 in rep 0) data={'Male': 'นเรศ', 'Female': 'พิมพ์ใจ', 'Image': 'women.png', 'Name': 'นเรศ', 'ImagePriming': 'men.png', 'NamePriming': 'นเรศ', 'thisN': 1, 'thisTrialN': 1, 'thisRepN': 0}>
1.6135 	DATA 	Keypress: k
1.6197 	INFO 	Keyboard events cleared
1.6196 	EXP 	MAN: autoDraw = False
1.6196 	EXP 	WOMAN: autoDraw = False
1.6196 	EXP 	pic: autoDraw = False
1.6196 	EXP 	pic: image = 'women.png'
1.6196 	EXP 	MAN: autoDraw = True
1.6196 	EXP 	WOMAN: autoDraw = True
1.6196 	EXP 	pic: autoDraw = True
2.0764 	EXP 	Device response: <KeyPress from None: t=2.0681345999473706, value=j, duration=None>
2.0766 	EXP 	New trial (rep=1, index=2): <Trial 2 (2 in rep 1) data={'Male': 'นเรศ', 'Female': 'พิมพ์ใจ', 'Image': 'women.png', 'Name': 'นเรศ', 'ImagePriming': 'men.png', 'NamePriming': 'นเรศ', 'thisN': 2, 'thisTrialN': 2, 'thisRepN': 1}>
2.0951 	DATA 	Keypress: j
2.1010 	INFO 	Keyboard events cleared
2.1009 	EXP 	MAN: autoDraw = False
2.1009 	EXP 	WOMAN: autoDraw = False
2.1009 	EXP 	pic: autoDraw = False
2.1009 	EXP 	pic: image = 'women.png'
2.1009 	EXP 	MAN: autoDraw = True
2.1009 	EXP 	WOMAN: autoDraw = True
2.1009 	EXP 	pic: autoDraw = True
2.1599 	EXP 	Device response: <KeyPress from None: t=2.0681345999473706, value=j, duration=0.07798150007147342>
3.0255 	EXP 	Device response: <KeyPress from None: t=3.024171099998057, value=j, duration=None>
3.0257 	EXP 	New trial (rep=1, index=3): <Trial 3 (3 in rep 1) data={'Male': 'กฤษณะ', 'Female': 'กาญจนา', 'Image': 'men.png', 'Name': 'กฤษณะ', 'ImagePriming': 'men.png', 'NamePriming': 'กฤษณะ', 'thisN': 3, 'thisTrialN': 3, 'thisRepN': 1}>
3.0443 	DATA 	Keypress: j
3.0492 	INFO 	Keyboard events cleared
3.0491 	EXP 	MAN: autoDraw = False
3.0491 	EXP 	WOMAN: autoDraw = False
3.0491 	EXP 	pic: autoDraw = False
3.0491 	EXP 	pic: image = 'men.png'
3.0491 	EXP 	MAN: autoDraw = True
3.0491 	EXP 	WOMAN: autoDraw = True
3.0491 	EXP 	pic: autoDraw = True
3.1261 	EXP 	Device response: <KeyPress from None: t=3.024171099998057, value=j, duration=0.09280260000377893>
3.4926 	EXP 	Device response: <KeyPress from None: t=3.4855892999330536, value=k, duration=None>
3.4927 	EXP 	New trial (rep=2, index=4): <Trial 4 (4 in rep 2) data={'Male': 'กฤษณะ', 'Female': 'กาญจนา', 'Image': 'men.png', 'Name': 'กฤษณะ', 'ImagePriming': 'men.png', 'NamePriming': 'กฤษณะ', 'thisN': 4, 'thisTrialN': 4, 'thisRepN': 2}>
3.5118 	DATA 	Keypress: k
3.5171 	INFO 	Keyboard events cleared
3.5170 	EXP 	MAN: autoDraw = False
3.5170 	EXP 	WOMAN: autoDraw = False
3.5170 	EXP 	pic: autoDraw = False
3.5170 	EXP 	pic: image = 'men.png'
3.5170 	EXP 	MAN: autoDraw = True
3.5170 	EXP 	WOMAN: autoDraw = True
3.5170 	EXP 	pic: autoDraw = True
3.5593 	EXP 	Device response: <KeyPress from None: t=3.4855892999330536, value=k, duration=0.06955390004441142>
3.7925 	EXP 	Device response: <KeyPress from None: t=3.7833673999411985, value=k, duration=None>
3.7928 	EXP 	New trial (rep=2, index=5): <Trial 5 (5 in rep 2) data={'Male': 'นเรศ', 'Female': 'พิมพ์ใจ', 'Image': 'women.png', 'Name': 'นเรศ', 'ImagePriming': 'men.png', 'NamePriming': 'นเรศ', 'thisN': 5, 'thisTrialN': 5, 'thisRepN': 2}>
3.8120 	DATA 	Keypress: k
3.8164 	INFO 	Keyboard events cleared
3.8163 	EXP 	MAN: autoDraw = False
3.8163 	EXP 	WOMAN: autoDraw = False
3.8163 	EXP 	pic: autoDraw = False
3.8163 	EXP 	pic: image = 'women.png'
3.8163 	EXP 	MAN: autoDraw = True
3.8163 	EXP 	WOMAN: autoDraw = True
3.8163 	EXP 	pic: autoDraw = True
3.8596 	EXP 	Device response: <KeyPress from None: t=3.7833673999411985, value=k, duration=0.07510020001791418>
4.0924 	EXP 	Device response: <KeyPress from None: t=4.090015099965967, value=j, duration=None>
4.0926 	EXP 	New trial (rep=3, index=6): <Trial 6 (6 in rep 3) data={'Male': 'นเรศ', 'Female': 'พิมพ์ใจ', 'Image': 'women.png', 'Name': 'นเรศ', 'ImagePriming': 'men.png', 'NamePriming': 'นเรศ', 'thisN': 6, 'thisTrialN': 6, 'thisRepN': 3}>
4.1120 	DATA 	Keypress: j
4.1167 	INFO 	Keyboard events cleared
4.1166 	EXP 	MAN: autoDraw = False
4.1166 	EXP 	WOMAN: autoDraw = False
4.1166 	EXP 	pic: autoDraw = False
4.1166 	EXP 	pic: image = 'women.png'
4.1166 	EXP 	MAN: autoDraw = True
4.1166 	EXP 	WOMAN: autoDraw = True
4.1166 	EXP 	pic: autoDraw = True
4.1756 	EXP 	Device response: <KeyPress from None: t=4.090015099965967, value=j, duration=0.07541449996642768>
4.3758 	EXP 	Device response: <KeyPress from None: t=4.36376580002252, value=j, duration=None>
4.3761 	EXP 	New trial (rep=4, index=7): <Trial 7 (7 in rep 4) data={'Male': 'นเรศ', 'Female': 'พิมพ์ใจ', 'Image': 'women.png', 'Name': 'นเรศ', 'ImagePriming': 'men.png', 'NamePriming': 'นเรศ', 'thisN': 7, 'thisTrialN': 7, 'thisRepN': 4}>
4.3950 	DATA 	Keypress: j
4.4000 	INFO 	Keyboard events cleared
4.3999 	EXP 	MAN: autoDraw = False
4.3999 	EXP 	WOMAN: autoDraw = False
4.3999 	EXP 	pic: autoDraw = False
4.3999 	EXP 	pic: image = 'women.png'
4.3999 	EXP 	MAN: autoDraw = True
4.3999 	EXP 	WOMAN: autoDraw = True
4.3999 	EXP 	pic: autoDraw = True
4.4596 	EXP 	Device response: <KeyPress from None: t=4.36376580002252, value=j, duration=0.08313009992707521>
4.6934 	DATA 	Keypress: j
4.7093 	EXP 	Device response: <KeyPress from None: t=4.692718500038609, value=j, duration=None>
4.7096 	EXP 	New trial (rep=5, index=8): <Trial 8 (8 in rep 5) data={'Male': 'นเรศ', 'Female': 'พิมพ์ใจ', 'Image': 'women.png', 'Name': 'นเรศ', 'ImagePriming': 'men.png', 'NamePriming': 'นเรศ', 'thisN': 8, 'thisTrialN': 8, 'thisRepN': 5}>
4.7329 	INFO 	Keyboard events cleared
4.7327 	EXP 	MAN: autoDraw = False
4.7327 	EXP 	WOMAN: autoDraw = False
4.7327 	EXP 	pic: autoDraw = False
4.7327 	EXP 	pic: image = 'women.png'
4.7327 	EXP 	MAN: autoDraw = True
4.7327 	EXP 	WOMAN: autoDraw = True
4.7327 	EXP 	pic: autoDraw = True
4.7757 	EXP 	Device response: <KeyPress from None: t=4.692718500038609, value=j, duration=0.06691449997015297>
4.9768 	DATA 	Keypress: j
4.9928 	EXP 	Device response: <KeyPress from None: t=4.976429800037295, value=j, duration=None>
4.9931 	EXP 	New trial (rep=6, index=9): <Trial 9 (9 in rep 6) data={'Male': 'นเรศ', 'Female': 'พิมพ์ใจ', 'Image': 'women.png', 'Name': 'นเรศ', 'ImagePriming': 'men.png', 'NamePriming': 'นเรศ', 'thisN': 9, 'thisTrialN': 9, 'thisRepN': 6}>
5.0162 	INFO 	Keyboard events cleared
5.0161 	EXP 	MAN: autoDraw = False
5.0161 	EXP 	WOMAN: autoDraw = False
5.0161 	EXP 	pic: autoDraw = False
5.0161 	EXP 	pic: image = 'women.png'
5.0161 	EXP 	MAN: autoDraw = True
5.0161 	EXP 	WOMAN: autoDraw = True
5.0161 	EXP 	pic: autoDraw = True
5.0587 	EXP 	Device response: <KeyPress from None: t=4.976429800037295, value=j, duration=0.07616870000492781>
5.2921 	EXP 	Device response: <KeyPress from None: t=5.284286299953237, value=j, duration=None>
5.2923 	EXP 	New trial (rep=7, index=10): <Trial 10 (10 in rep 7) data={'Male': 'นเรศ', 'Female': 'พิมพ์ใจ', 'Image': 'women.png', 'Name': 'นเรศ', 'ImagePriming': 'men.png', 'NamePriming': 'นเรศ', 'thisN': 10, 'thisTrialN': 10, 'thisRepN': 7}>
5.3104 	DATA 	Keypress: j
5.3150 	INFO 	Keyboard events cleared
5.3149 	EXP 	MAN: autoDraw = False
5.3149 	EXP 	WOMAN: autoDraw = False
5.3149 	EXP 	pic: autoDraw = False
5.3149 	EXP 	pic: image = 'women.png'
5.3149 	EXP 	MAN: autoDraw = True
5.3149 	EXP 	WOMAN: autoDraw = True
5.3149 	EXP 	pic: autoDraw = True
5.3598 	EXP 	Device response: <KeyPress from None: t=5.284286299953237, value=j, duration=0.07158920005895197>
5.6091 	EXP 	Device response: <KeyPress from None: t=5.603509500040673, value=j, duration=None>
5.6093 	EXP 	New trial (rep=8, index=11): <Trial 11 (11 in rep 8) data={'Male': 'นเรศ', 'Female': 'พิมพ์ใจ', 'Image': 'women.png', 'Name': 'นเรศ', 'ImagePriming': 'men.png', 'NamePriming': 'นเรศ', 'thisN': 11, 'thisTrialN': 11, 'thisRepN': 8}>
5.6285 	DATA 	Keypress: j
5.6335 	INFO 	Keyboard events cleared
5.6334 	EXP 	MAN: autoDraw = False
5.6334 	EXP 	WOMAN: autoDraw = False
5.6334 	EXP 	pic: autoDraw = False
5.6334 	EXP 	pic: image = 'women.png'
5.6334 	EXP 	MAN: autoDraw = True
5.6334 	EXP 	WOMAN: autoDraw = True
5.6334 	EXP 	pic: autoDraw = True
5.6764 	EXP 	Device response: <KeyPress from None: t=5.603509500040673, value=j, duration=0.07202369999140501>
5.9252 	EXP 	Device response: <KeyPress from None: t=5.917044000001624, value=j, duration=None>
5.9256 	EXP 	New trial (rep=3, index=12): <Trial 12 (12 in rep 3) data={'Male': 'กฤษณะ', 'Female': 'กาญจนา', 'Image': 'men.png', 'Name': 'กฤษณะ', 'ImagePriming': 'men.png', 'NamePriming': 'กฤษณะ', 'thisN': 12, 'thisTrialN': 12, 'thisRepN': 3}>
5.9426 	DATA 	Keypress: j
5.9474 	INFO 	Keyboard events cleared
5.9473 	EXP 	MAN: autoDraw = False
5.9473 	EXP 	WOMAN: autoDraw = False
5.9473 	EXP 	pic: autoDraw = False
5.9473 	EXP 	pic: image = 'men.png'
5.9473 	EXP 	MAN: autoDraw = True
5.9473 	EXP 	WOMAN: autoDraw = True
5.9473 	EXP 	pic: autoDraw = True
6.0092 	EXP 	Device response: <KeyPress from None: t=5.917044000001624, value=j, duration=0.08085669996216893>
6.2585 	EXP 	Device response: <KeyPress from None: t=6.252402300015092, value=k, duration=None>
6.2588 	EXP 	New trial (rep=4, index=13): <Trial 13 (13 in rep 4) data={'Male': 'กฤษณะ', 'Female': 'กาญจนา', 'Image': 'men.png', 'Name': 'กฤษณะ', 'ImagePriming': 'men.png', 'NamePriming': 'กฤษณะ', 'thisN': 13, 'thisTrialN': 13, 'thisRepN': 4}>
6.2782 	DATA 	Keypress: k
6.2832 	INFO 	Keyboard events cleared
6.2831 	EXP 	MAN: autoDraw = False
6.2831 	EXP 	WOMAN: autoDraw = False
6.2831 	EXP 	pic: autoDraw = False
6.2831 	EXP 	pic: image = 'men.png'
6.2831 	EXP 	MAN: autoDraw = True
6.2831 	EXP 	WOMAN: autoDraw = True
6.2831 	EXP 	pic: autoDraw = True
6.3422 	EXP 	Device response: <KeyPress from None: t=6.252402300015092, value=k, duration=0.07694319996517152>
6.5927 	EXP 	Device response: <KeyPress from None: t=6.577314199996181, value=k, duration=None>
6.5930 	EXP 	New trial (rep=5, index=14): <Trial 14 (14 in rep 5) data={'Male': 'กฤษณะ', 'Female': 'กาญจนา', 'Image': 'men.png', 'Name': 'กฤษณะ', 'ImagePriming': 'men.png', 'NamePriming': 'กฤษณะ', 'thisN': 14, 'thisTrialN': 14, 'thisRepN': 5}>
6.6126 	DATA 	Keypress: k
6.6172 	INFO 	Keyboard events cleared
6.6172 	EXP 	MAN: autoDraw = False
6.6172 	EXP 	WOMAN: autoDraw = False
6.6172 	EXP 	pic: autoDraw = False
6.6172 	EXP 	pic: image = 'men.png'
6.6172 	EXP 	MAN: autoDraw = True
6.6172 	EXP 	WOMAN: autoDraw = True
6.6172 	EXP 	pic: autoDraw = True
6.6426 	EXP 	Device response: <KeyPress from None: t=6.577314199996181, value=k, duration=0.054824499995447695>
6.8757 	EXP 	Device response: <KeyPress from None: t=6.869829999981448, value=k, duration=None>
6.8759 	EXP 	New trial (rep=6, index=15): <Trial 15 (15 in rep 6) data={'Male': 'กฤษณะ', 'Female': 'กาญจนา', 'Image': 'men.png', 'Name': 'กฤษณะ', 'ImagePriming': 'men.png', 'NamePriming': 'กฤษณะ', 'thisN': 15, 'thisTrialN': 15, 'thisRepN': 6}>
6.8950 	DATA 	Keypress: k
6.8994 	INFO 	Keyboard events cleared
6.8993 	EXP 	MAN: autoDraw = False
6.8993 	EXP 	WOMAN: autoDraw = False
6.8993 	EXP 	pic: autoDraw = False
6.8993 	EXP 	pic: image = 'men.png'
6.8993 	EXP 	MAN: autoDraw = True
6.8993 	EXP 	WOMAN: autoDraw = True
6.8993 	EXP 	pic: autoDraw = True
6.9593 	EXP 	Device response: <KeyPress from None: t=6.869829999981448, value=k, duration=0.08203699998557568>
7.1587 	EXP 	Device response: <KeyPress from None: t=7.1578007999341935, value=k, duration=None>
7.1590 	EXP 	New trial (rep=9, index=16): <Trial 16 (16 in rep 9) data={'Male': 'นเรศ', 'Female': 'พิมพ์ใจ', 'Image': 'women.png', 'Name': 'นเรศ', 'ImagePriming': 'men.png', 'NamePriming': 'นเรศ', 'thisN': 16, 'thisTrialN': 16, 'thisRepN': 9}>
7.1762 	DATA 	Keypress: k
7.1807 	INFO 	Keyboard events cleared
7.1806 	EXP 	MAN: autoDraw = False
7.1806 	EXP 	WOMAN: autoDraw = False
7.1806 	EXP 	pic: autoDraw = False
7.1806 	EXP 	pic: image = 'women.png'
7.1806 	EXP 	MAN: autoDraw = True
7.1806 	EXP 	WOMAN: autoDraw = True
7.1806 	EXP 	pic: autoDraw = True
7.2427 	EXP 	Device response: <KeyPress from None: t=7.1578007999341935, value=k, duration=0.07505250000394881>
7.4751 	EXP 	Device response: <KeyPress from None: t=7.4718502999749035, value=j, duration=None>
7.4753 	EXP 	New trial (rep=7, index=17): <Trial 17 (17 in rep 7) data={'Male': 'กฤษณะ', 'Female': 'กาญจนา', 'Image': 'men.png', 'Name': 'กฤษณะ', 'ImagePriming': 'men.png', 'NamePriming': 'กฤษณะ', 'thisN': 17, 'thisTrialN': 17, 'thisRepN': 7}>
7.4938 	DATA 	Keypress: j
7.4985 	INFO 	Keyboard events cleared
7.4983 	EXP 	MAN: autoDraw = False
7.4983 	EXP 	WOMAN: autoDraw = False
7.4983 	EXP 	pic: autoDraw = False
7.4983 	EXP 	pic: image = 'men.png'
7.4983 	EXP 	MAN: autoDraw = True
7.4983 	EXP 	WOMAN: autoDraw = True
7.4983 	EXP 	pic: autoDraw = True
7.5594 	EXP 	Device response: <KeyPress from None: t=7.4718502999749035, value=j, duration=0.07197299995459616>
7.7759 	EXP 	Device response: <KeyPress from None: t=7.769184899982065, value=k, duration=None>
7.7762 	EXP 	New trial (rep=8, index=18): <Trial 18 (18 in rep 8) data={'Male': 'กฤษณะ', 'Female': 'กาญจนา', 'Image': 'men.png', 'Name': 'กฤษณะ', 'ImagePriming': 'men.png', 'NamePriming': 'กฤษณะ', 'thisN': 18, 'thisTrialN': 18, 'thisRepN': 8}>
7.7946 	DATA 	Keypress: k
7.7991 	INFO 	Keyboard events cleared
7.7989 	EXP 	MAN: autoDraw = False
7.7989 	EXP 	WOMAN: autoDraw = False
7.7989 	EXP 	pic: autoDraw = False
7.7989 	EXP 	pic: image = 'men.png'
7.7989 	EXP 	MAN: autoDraw = True
7.7989 	EXP 	WOMAN: autoDraw = True
7.7989 	EXP 	pic: autoDraw = True
7.8425 	EXP 	Device response: <KeyPress from None: t=7.769184899982065, value=k, duration=0.07188469998072833>
8.0920 	EXP 	Device response: <KeyPress from None: t=8.08828549995087, value=j, duration=None>
8.0922 	EXP 	New trial (rep=9, index=19): <Trial 19 (19 in rep 9) data={'Male': 'กฤษณะ', 'Female': 'กาญจนา', 'Image': 'men.png', 'Name': 'กฤษณะ', 'ImagePriming': 'men.png', 'NamePriming': 'กฤษณะ', 'thisN': 19, 'thisTrialN': 19, 'thisRepN': 9}>
8.1115 	DATA 	Keypress: j
8.1161 	INFO 	Keyboard events cleared
8.1160 	EXP 	MAN: autoDraw = False
8.1160 	EXP 	WOMAN: autoDraw = False
8.1160 	EXP 	pic: autoDraw = False
8.1160 	EXP 	pic: image = 'men.png'
8.1160 	EXP 	MAN: autoDraw = True
8.1160 	EXP 	WOMAN: autoDraw = True
8.1160 	EXP 	pic: autoDraw = True
8.1758 	EXP 	Device response: <KeyPress from None: t=8.08828549995087, value=j, duration=0.07464630005415529>
8.3941 	DATA 	Keypress: k
8.4086 	EXP 	Device response: <KeyPress from None: t=8.393541199970059, value=k, duration=None>
8.4088 	EXP 	New trial (rep=10, index=20): <Trial 20 (20 in rep 10) data={'Male': 'กฤษณะ', 'Female': 'กาญจนา', 'Image': 'men.png', 'Name': 'กฤษณะ', 'ImagePriming': 'men.png', 'NamePriming': 'กฤษณะ', 'thisN': 20, 'thisTrialN': 20, 'thisRepN': 10}>
8.4327 	INFO 	Keyboard events cleared
8.4326 	EXP 	MAN: autoDraw = False
8.4326 	EXP 	WOMAN: autoDraw = False
8.4326 	EXP 	pic: autoDraw = False
8.4326 	EXP 	pic: image = 'men.png'
8.4326 	EXP 	MAN: autoDraw = True
8.4326 	EXP 	WOMAN: autoDraw = True
8.4326 	EXP 	pic: autoDraw = True
8.4757 	EXP 	Device response: <KeyPress from None: t=8.393541199970059, value=k, duration=0.07587870000861585>
8.6927 	EXP 	Device response: <KeyPress from None: t=8.680076899938285, value=k, duration=None>
8.6929 	EXP 	New trial (rep=10, index=21): <Trial 21 (21 in rep 10) data={'Male': 'นเรศ', 'Female': 'พิมพ์ใจ', 'Image': 'women.png', 'Name': 'นเรศ', 'ImagePriming': 'men.png', 'NamePriming': 'นเรศ', 'thisN': 21, 'thisTrialN': 21, 'thisRepN': 10}>
8.7115 	DATA 	Keypress: k
8.7159 	INFO 	Keyboard events cleared
8.7158 	EXP 	MAN: autoDraw = False
8.7158 	EXP 	WOMAN: autoDraw = False
8.7158 	EXP 	pic: autoDraw = False
8.7158 	EXP 	pic: image = 'women.png'
8.7158 	EXP 	MAN: autoDraw = True
8.7158 	EXP 	WOMAN: autoDraw = True
8.7158 	EXP 	pic: autoDraw = True
8.7426 	EXP 	Device response: <KeyPress from None: t=8.680076899938285, value=k, duration=0.05641610000748187>
8.9931 	EXP 	Device response: <KeyPress from None: t=8.984237600001507, value=j, duration=None>
8.9934 	EXP 	New trial (rep=11, index=22): <Trial 22 (22 in rep 11) data={'Male': 'นเรศ', 'Female': 'พิมพ์ใจ', 'Image': 'women.png', 'Name': 'นเรศ', 'ImagePriming': 'men.png', 'NamePriming': 'นเรศ', 'thisN': 22, 'thisTrialN': 22, 'thisRepN': 11}>
9.0116 	DATA 	Keypress: j
9.0165 	INFO 	Keyboard events cleared
9.0164 	EXP 	MAN: autoDraw = False
9.0164 	EXP 	WOMAN: autoDraw = False
9.0164 	EXP 	pic: autoDraw = False
9.0164 	EXP 	pic: image = 'women.png'
9.0164 	EXP 	MAN: autoDraw = True
9.0164 	EXP 	WOMAN: autoDraw = True
9.0164 	EXP 	pic: autoDraw = True
9.0758 	EXP 	Device response: <KeyPress from None: t=8.984237600001507, value=j, duration=0.07690959994215518>
9.2929 	EXP 	Device response: <KeyPress from None: t=9.287832399946637, value=j, duration=None>
9.2930 	EXP 	New trial (rep=11, index=23): <Trial 23 (23 in rep 11) data={'Male': 'กฤษณะ', 'Female': 'กาญจนา', 'Image': 'men.png', 'Name': 'กฤษณะ', 'ImagePriming': 'men.png', 'NamePriming': 'กฤษณะ', 'thisN': 23, 'thisTrialN': 23, 'thisRepN': 11}>
9.3116 	DATA 	Keypress: j
9.3157 	INFO 	Keyboard events cleared
9.3156 	EXP 	MAN: autoDraw = False
9.3156 	EXP 	WOMAN: autoDraw = False
9.3156 	EXP 	pic: autoDraw = False
9.3156 	EXP 	pic: image = 'men.png'
9.3156 	EXP 	MAN: autoDraw = True
9.3156 	EXP 	WOMAN: autoDraw = True
9.3156 	EXP 	pic: autoDraw = True
9.3423 	EXP 	Device response: <KeyPress from None: t=9.287832399946637, value=j, duration=0.05284290004055947>
9.6093 	EXP 	Device response: <KeyPress from None: t=9.593694800045341, value=k, duration=None>
9.6095 	EXP 	New trial (rep=12, index=24): <Trial 24 (24 in rep 12) data={'Male': 'กฤษณะ', 'Female': 'กาญจนา', 'Image': 'men.png', 'Name': 'กฤษณะ', 'ImagePriming': 'men.png', 'NamePriming': 'กฤษณะ', 'thisN': 24, 'thisTrialN': 24, 'thisRepN': 12}>
9.6285 	DATA 	Keypress: k
9.6340 	INFO 	Keyboard events cleared
9.6339 	EXP 	MAN: autoDraw = False
9.6339 	EXP 	WOMAN: autoDraw = False
9.6339 	EXP 	pic: autoDraw = False
9.6339 	EXP 	pic: image = 'men.png'
9.6339 	EXP 	MAN: autoDraw = True
9.6339 	EXP 	WOMAN: autoDraw = True
9.6339 	EXP 	pic: autoDraw = True
9.6591 	EXP 	Device response: <KeyPress from None: t=9.593694800045341, value=k, duration=0.058917999966070056>
9.8918 	EXP 	Device response: <KeyPress from None: t=9.877693100017495, value=k, duration=None>
9.8921 	EXP 	New trial (rep=12, index=25): <Trial 25 (25 in rep 12) data={'Male': 'นเรศ', 'Female': 'พิมพ์ใจ', 'Image': 'women.png', 'Name': 'นเรศ', 'ImagePriming': 'men.png', 'NamePriming': 'นเรศ', 'thisN': 25, 'thisTrialN': 25, 'thisRepN': 12}>
9.9108 	DATA 	Keypress: k
9.9154 	INFO 	Keyboard events cleared
9.9154 	EXP 	MAN: autoDraw = False
9.9154 	EXP 	WOMAN: autoDraw = False
9.9154 	EXP 	pic: autoDraw = False
9.9154 	EXP 	pic: image = 'women.png'
9.9154 	EXP 	MAN: autoDraw = True
9.9154 	EXP 	WOMAN: autoDraw = True
9.9154 	EXP 	pic: autoDraw = True
9.9589 	EXP 	Device response: <KeyPress from None: t=9.877693100017495, value=k, duration=0.07135179999750108>
10.1919 	EXP 	Device response: <KeyPress from None: t=10.18185089994222, value=j, duration=None>
10.1921 	EXP 	New trial (rep=13, index=26): <Trial 26 (26 in rep 13) data={'Male': 'นเรศ', 'Female': 'พิมพ์ใจ', 'Image': 'women.png', 'Name': 'นเรศ', 'ImagePriming': 'men.png', 'NamePriming': 'นเรศ', 'thisN': 26, 'thisTrialN': 26, 'thisRepN': 13}>
10.2110 	DATA 	Keypress: j
10.2163 	INFO 	Keyboard events cleared
10.2161 	EXP 	MAN: autoDraw = False
10.2161 	EXP 	WOMAN: autoDraw = False
10.2161 	EXP 	pic: autoDraw = False
10.2161 	EXP 	pic: image = 'women.png'
10.2161 	EXP 	MAN: autoDraw = True
10.2161 	EXP 	WOMAN: autoDraw = True
10.2161 	EXP 	pic: autoDraw = True
10.2586 	EXP 	Device response: <KeyPress from None: t=10.18185089994222, value=j, duration=0.07556560006923974>
10.4921 	EXP 	Device response: <KeyPress from None: t=10.489712100010365, value=k, duration=None>
10.4923 	EXP 	New trial (rep=13, index=27): <Trial 27 (27 in rep 13) data={'Male': 'กฤษณะ', 'Female': 'กาญจนา', 'Image': 'men.png', 'Name': 'กฤษณะ', 'ImagePriming': 'men.png', 'NamePriming': 'กฤษณะ', 'thisN': 27, 'thisTrialN': 27, 'thisRepN': 13}>
10.5104 	EXP 	Device response: <KeyPress from None: t=10.489712100010365, value=k, duration=0.011293399962596595>
10.5112 	DATA 	Keypress: k
10.5160 	INFO 	Keyboard events cleared
10.5159 	EXP 	MAN: autoDraw = False
10.5159 	EXP 	WOMAN: autoDraw = False
10.5159 	EXP 	pic: autoDraw = False
10.5159 	EXP 	pic: image = 'men.png'
10.5159 	EXP 	MAN: autoDraw = True
10.5159 	EXP 	WOMAN: autoDraw = True
10.5159 	EXP 	pic: autoDraw = True
10.8086 	EXP 	Device response: <KeyPress from None: t=10.808115300023928, value=j, duration=None>
10.8088 	EXP 	New trial (rep=14, index=28): <Trial 28 (28 in rep 14) data={'Male': 'นเรศ', 'Female': 'พิมพ์ใจ', 'Image': 'women.png', 'Name': 'นเรศ', 'ImagePriming': 'men.png', 'NamePriming': 'นเรศ', 'thisN': 28, 'thisTrialN': 28, 'thisRepN': 14}>
10.8275 	DATA 	Keypress: j
10.8320 	INFO 	Keyboard events cleared
10.8319 	EXP 	MAN: autoDraw = False
10.8319 	EXP 	WOMAN: autoDraw = False
10.8319 	EXP 	pic: autoDraw = False
10.8319 	EXP 	pic: image = 'women.png'
10.8319 	EXP 	MAN: autoDraw = True
10.8319 	EXP 	WOMAN: autoDraw = True
10.8319 	EXP 	pic: autoDraw = True
10.8754 	EXP 	Device response: <KeyPress from None: t=10.808115300023928, value=j, duration=0.06209879997186363>
11.1090 	EXP 	Device response: <KeyPress from None: t=11.097022700007074, value=k, duration=None>
11.1093 	EXP 	New trial (rep=14, index=29): <Trial 29 (29 in rep 14) data={'Male': 'กฤษณะ', 'Female': 'กาญจนา', 'Image': 'men.png', 'Name': 'กฤษณะ', 'ImagePriming': 'men.png', 'NamePriming': 'กฤษณะ', 'thisN': 29, 'thisTrialN': 29, 'thisRepN': 14}>
11.1302 	DATA 	Keypress: k
11.1350 	INFO 	Keyboard events cleared
11.1349 	EXP 	MAN: autoDraw = False
11.1349 	EXP 	WOMAN: autoDraw = False
11.1349 	EXP 	pic: autoDraw = False
11.1349 	EXP 	pic: image = 'men.png'
11.1349 	EXP 	MAN: autoDraw = True
11.1349 	EXP 	WOMAN: autoDraw = True
11.1349 	EXP 	pic: autoDraw = True
11.1757 	EXP 	Device response: <KeyPress from None: t=11.097022700007074, value=k, duration=0.06171879998873919>
11.4084 	EXP 	Device response: <KeyPress from None: t=11.405658800038509, value=j, duration=None>
11.4086 	EXP 	New trial (rep=15, index=30): <Trial 30 (30 in rep 15) data={'Male': 'กฤษณะ', 'Female': 'กาญจนา', 'Image': 'men.png', 'Name': 'กฤษณะ', 'ImagePriming': 'men.png', 'NamePriming': 'กฤษณะ', 'thisN': 30, 'thisTrialN': 30, 'thisRepN': 15}>
11.4280 	DATA 	Keypress: j
11.4333 	INFO 	Keyboard events cleared
11.4332 	EXP 	MAN: autoDraw = False
11.4332 	EXP 	WOMAN: autoDraw = False
11.4332 	EXP 	pic: autoDraw = False
11.4332 	EXP 	pic: image = 'men.png'
11.4332 	EXP 	MAN: autoDraw = True
11.4332 	EXP 	WOMAN: autoDraw = True
11.4332 	EXP 	pic: autoDraw = True
11.4924 	EXP 	Device response: <KeyPress from None: t=11.405658800038509, value=j, duration=0.07119069993495941>
11.7253 	EXP 	Device response: <KeyPress from None: t=11.711565400008112, value=k, duration=None>
11.7256 	EXP 	New trial (rep=16, index=31): <Trial 31 (31 in rep 16) data={'Male': 'กฤษณะ', 'Female': 'กาญจนา', 'Image': 'men.png', 'Name': 'กฤษณะ', 'ImagePriming': 'men.png', 'NamePriming': 'กฤษณะ', 'thisN': 31, 'thisTrialN': 31, 'thisRepN': 16}>
11.7451 	DATA 	Keypress: k
11.7496 	INFO 	Keyboard events cleared
11.7495 	EXP 	MAN: autoDraw = False
11.7495 	EXP 	WOMAN: autoDraw = False
11.7495 	EXP 	pic: autoDraw = False
11.7495 	EXP 	pic: image = 'men.png'
11.7495 	EXP 	MAN: autoDraw = True
11.7495 	EXP 	WOMAN: autoDraw = True
11.7495 	EXP 	pic: autoDraw = True
11.7919 	EXP 	Device response: <KeyPress from None: t=11.711565400008112, value=k, duration=0.06610990001354367>
12.0254 	EXP 	Device response: <KeyPress from None: t=12.02362610003911, value=j, duration=None>
12.0255 	EXP 	New trial (rep=15, index=32): <Trial 32 (32 in rep 15) data={'Male': 'นเรศ', 'Female': 'พิมพ์ใจ', 'Image': 'women.png', 'Name': 'นเรศ', 'ImagePriming': 'men.png', 'NamePriming': 'นเรศ', 'thisN': 32, 'thisTrialN': 32, 'thisRepN': 15}>
12.0451 	DATA 	Keypress: j
12.0504 	INFO 	Keyboard events cleared
12.0503 	EXP 	MAN: autoDraw = False
12.0503 	EXP 	WOMAN: autoDraw = False
12.0503 	EXP 	pic: autoDraw = False
12.0503 	EXP 	pic: image = 'women.png'
12.0503 	EXP 	MAN: autoDraw = True
12.0503 	EXP 	WOMAN: autoDraw = True
12.0503 	EXP 	pic: autoDraw = True
12.3251 	EXP 	Device response: <KeyPress from None: t=12.32085250003729, value=k, duration=None>
12.3253 	EXP 	New trial (rep=17, index=33): <Trial 33 (33 in rep 17) data={'Male': 'กฤษณะ', 'Female': 'กาญจนา', 'Image': 'men.png', 'Name': 'กฤษณะ', 'ImagePriming': 'men.png', 'NamePriming': 'กฤษณะ', 'thisN': 33, 'thisTrialN': 33, 'thisRepN': 17}>
12.3447 	DATA 	Keypress: k
12.3493 	INFO 	Keyboard events cleared
12.3492 	EXP 	MAN: autoDraw = False
12.3492 	EXP 	WOMAN: autoDraw = False
12.3492 	EXP 	pic: autoDraw = False
12.3492 	EXP 	pic: image = 'men.png'
12.3492 	EXP 	MAN: autoDraw = True
12.3492 	EXP 	WOMAN: autoDraw = True
12.3492 	EXP 	pic: autoDraw = True
12.3917 	EXP 	Device response: <KeyPress from None: t=12.32085250003729, value=k, duration=0.059839800000190735>
12.7084 	EXP 	Device response: <KeyPress from None: t=12.696841400000267, value=j, duration=None>
12.7087 	EXP 	New trial (rep=18, index=34): <Trial 34 (34 in rep 18) data={'Male': 'กฤษณะ', 'Female': 'กาญจนา', 'Image': 'men.png', 'Name': 'กฤษณะ', 'ImagePriming': 'men.png', 'NamePriming': 'กฤษณะ', 'thisN': 34, 'thisTrialN': 34, 'thisRepN': 18}>
12.7256 	DATA 	Keypress: j
12.7300 	INFO 	Keyboard events cleared
12.7298 	EXP 	MAN: autoDraw = False
12.7298 	EXP 	WOMAN: autoDraw = False
12.7298 	EXP 	pic: autoDraw = False
12.7298 	EXP 	pic: image = 'men.png'
12.7298 	EXP 	MAN: autoDraw = True
12.7298 	EXP 	WOMAN: autoDraw = True
12.7298 	EXP 	pic: autoDraw = True
12.7756 	EXP 	Device response: <KeyPress from None: t=12.02362610003911, value=j, duration=0.7426232999423519>
13.0417 	EXP 	Device response: <KeyPress from None: t=13.026566399959847, value=k, duration=None>
13.0419 	EXP 	New trial (rep=16, index=35): <Trial 35 (35 in rep 16) data={'Male': 'นเรศ', 'Female': 'พิมพ์ใจ', 'Image': 'women.png', 'Name': 'นเรศ', 'ImagePriming': 'men.png', 'NamePriming': 'นเรศ', 'thisN': 35, 'thisTrialN': 35, 'thisRepN': 16}>
13.0611 	DATA 	Keypress: k
13.0662 	INFO 	Keyboard events cleared
13.0660 	EXP 	MAN: autoDraw = False
13.0660 	EXP 	WOMAN: autoDraw = False
13.0660 	EXP 	pic: autoDraw = False
13.0660 	EXP 	pic: image = 'women.png'
13.0660 	EXP 	MAN: autoDraw = True
13.0660 	EXP 	WOMAN: autoDraw = True
13.0660 	EXP 	pic: autoDraw = True
13.1089 	EXP 	Device response: <KeyPress from None: t=13.026566399959847, value=k, duration=0.06948509998619556>
13.3592 	EXP 	Device response: <KeyPress from None: t=13.349445699946955, value=j, duration=None>
13.3594 	EXP 	New trial (rep=17, index=36): <Trial 36 (36 in rep 17) data={'Male': 'นเรศ', 'Female': 'พิมพ์ใจ', 'Image': 'women.png', 'Name': 'นเรศ', 'ImagePriming': 'men.png', 'NamePriming': 'นเรศ', 'thisN': 36, 'thisTrialN': 36, 'thisRepN': 17}>
13.3788 	DATA 	Keypress: j
13.3839 	INFO 	Keyboard events cleared
13.3837 	EXP 	MAN: autoDraw = False
13.3837 	EXP 	WOMAN: autoDraw = False
13.3837 	EXP 	pic: autoDraw = False
13.3837 	EXP 	pic: image = 'women.png'
13.3837 	EXP 	MAN: autoDraw = True
13.3837 	EXP 	WOMAN: autoDraw = True
13.3837 	EXP 	pic: autoDraw = True
13.4252 	EXP 	Device response: <KeyPress from None: t=12.696841400000267, value=j, duration=0.7170239000115544>
13.6268 	DATA 	Keypress: j
13.6420 	EXP 	Device response: <KeyPress from None: t=13.626381400041282, value=j, duration=None>
13.6423 	EXP 	New trial (rep=18, index=37): <Trial 37 (37 in rep 18) data={'Male': 'นเรศ', 'Female': 'พิมพ์ใจ', 'Image': 'women.png', 'Name': 'นเรศ', 'ImagePriming': 'men.png', 'NamePriming': 'นเรศ', 'thisN': 37, 'thisTrialN': 37, 'thisRepN': 18}>
13.6647 	INFO 	Keyboard events cleared
13.6647 	EXP 	MAN: autoDraw = False
13.6647 	EXP 	WOMAN: autoDraw = False
13.6647 	EXP 	pic: autoDraw = False
13.6647 	EXP 	pic: image = 'women.png'
13.6647 	EXP 	MAN: autoDraw = True
13.6647 	EXP 	WOMAN: autoDraw = True
13.6647 	EXP 	pic: autoDraw = True
13.7081 	EXP 	Device response: <KeyPress from None: t=13.349445699946955, value=j, duration=0.3448199999984354>
13.9754 	EXP 	Device response: <KeyPress from None: t=13.968865299946629, value=k, duration=None>
13.9756 	EXP 	New trial (rep=19, index=38): <Trial 38 (38 in rep 19) data={'Male': 'นเรศ', 'Female': 'พิมพ์ใจ', 'Image': 'women.png', 'Name': 'นเรศ', 'ImagePriming': 'men.png', 'NamePriming': 'นเรศ', 'thisN': 38, 'thisTrialN': 38, 'thisRepN': 19}>
13.9942 	DATA 	Keypress: k
13.9987 	INFO 	Keyboard events cleared
13.9986 	EXP 	MAN: autoDraw = False
13.9986 	EXP 	WOMAN: autoDraw = False
13.9986 	EXP 	pic: autoDraw = False
13.9986 	EXP 	pic: image = 'women.png'
13.9986 	EXP 	MAN: autoDraw = True
13.9986 	EXP 	WOMAN: autoDraw = True
13.9986 	EXP 	pic: autoDraw = True
14.0417 	EXP 	Device response: <KeyPress from None: t=13.968865299946629, value=k, duration=0.06898540002293885>
14.3085 	EXP 	Device response: <KeyPress from None: t=14.292973999981768, value=j, duration=None>
14.3086 	EXP 	New trial (rep=19, index=39): <Trial 39 (39 in rep 19) data={'Male': 'กฤษณะ', 'Female': 'กาญจนา', 'Image': 'men.png', 'Name': 'กฤษณะ', 'ImagePriming': 'men.png', 'NamePriming': 'กฤษณะ', 'thisN': 39, 'thisTrialN': 39, 'thisRepN': 19}>
14.3273 	DATA 	Keypress: j
14.3328 	INFO 	Keyboard events cleared
14.3327 	EXP 	MAN: autoDraw = False
14.3327 	EXP 	WOMAN: autoDraw = False
14.3327 	EXP 	pic: autoDraw = False
14.3327 	EXP 	pic: image = 'men.png'
14.3327 	EXP 	MAN: autoDraw = True
14.3327 	EXP 	WOMAN: autoDraw = True
14.3327 	EXP 	pic: autoDraw = True
14.3749 	EXP 	Device response: <KeyPress from None: t=13.626381400041282, value=j, duration=0.7375345999607816>
14.6416 	EXP 	Device response: <KeyPress from None: t=14.638036599964835, value=k, duration=None>
14.6461 	EXP 	Imported Training loop.csv as conditions, 40 conditions, 6 params
14.6465 	EXP 	New trial (rep=0, index=0): <Trial 0 (0 in rep 0) data={'Male': None, 'Female': None, 'Image': None, 'Name': None, 'ImagePriming': 'women.png', 'NamePriming': 'กาญจนา', 'thisN': 0, 'thisTrialN': 0, 'thisRepN': 0}>
14.6738 	DATA 	Keypress: k
14.6815 	INFO 	Keyboard events cleared
14.6814 	EXP 	MAN: autoDraw = False
14.6814 	EXP 	WOMAN: autoDraw = False
14.6814 	EXP 	pic: autoDraw = False
14.6814 	EXP 	pic_2: image = 'women.png'
14.6814 	EXP 	MAN_3: autoDraw = True
14.6814 	EXP 	WOMAN_3: autoDraw = True
14.6814 	EXP 	name_2: autoDraw = True
14.7090 	EXP 	Device response: <KeyPress from None: t=14.638036599964835, value=k, duration=0.057526699965819716>
15.1423 	EXP 	pic_2: autoDraw = True
15.1920 	EXP 	name_2: autoDraw = False
16.1581 	EXP 	Device response: <KeyPress from None: t=16.15290909993928, value=j, duration=None>
16.1585 	EXP 	New trial (rep=0, index=1): <Trial 1 (1 in rep 0) data={'Male': None, 'Female': None, 'Image': None, 'Name': None, 'ImagePriming': 'women.png', 'NamePriming': 'นเรศ', 'thisN': 1, 'thisTrialN': 1, 'thisRepN': 0}>
16.1821 	DATA 	Keypress: j
16.1890 	INFO 	Keyboard events cleared
16.1888 	EXP 	MAN_3: autoDraw = False
16.1888 	EXP 	WOMAN_3: autoDraw = False
16.1888 	EXP 	name_2: autoDraw = False
16.1888 	EXP 	pic_2: autoDraw = False
16.1888 	EXP 	pic_2: image = 'women.png'
16.1888 	EXP 	MAN_3: autoDraw = True
16.1888 	EXP 	WOMAN_3: autoDraw = True
16.1888 	EXP 	name_2: autoDraw = True
16.2577 	EXP 	Device response: <KeyPress from None: t=14.292973999981768, value=j, duration=1.9590225999709219>
16.6591 	EXP 	pic_2: autoDraw = True
16.6918 	EXP 	name_2: autoDraw = False
17.1103 	EXP 	Device response: <KeyPress from None: t=17.10950220003724, value=j, duration=None>
17.1106 	EXP 	New trial (rep=0, index=2): <Trial 2 (2 in rep 0) data={'Male': 'วรพล', 'Female': 'วรรณา', 'Image': None, 'Name': 'วรพล', 'ImagePriming': 'men.png', 'NamePriming': 'วรพล', 'thisN': 2, 'thisTrialN': 2, 'thisRepN': 0}>
17.1354 	DATA 	Keypress: j
17.1420 	INFO 	Keyboard events cleared
17.1419 	EXP 	MAN_3: autoDraw = False
17.1419 	EXP 	WOMAN_3: autoDraw = False
17.1419 	EXP 	name_2: autoDraw = False
17.1419 	EXP 	pic_2: autoDraw = False
17.1419 	EXP 	pic_2: image = 'men.png'
17.1419 	EXP 	MAN_3: autoDraw = True
17.1419 	EXP 	WOMAN_3: autoDraw = True
17.1419 	EXP 	name_2: autoDraw = True
17.2088 	EXP 	Device response: <KeyPress from None: t=16.15290909993928, value=j, duration=1.040471800020896>
17.6256 	EXP 	pic_2: autoDraw = True
17.6420 	EXP 	name_2: autoDraw = False
18.0417 	EXP 	Device response: <KeyPress from None: t=18.029936700011604, value=j, duration=None>
18.0420 	EXP 	New trial (rep=0, index=3): <Trial 3 (3 in rep 0) data={'Male': 'พิสิฐ', 'Female': 'ปัทมา', 'Image': None, 'Name': 'พิสิฐ', 'ImagePriming': 'men.png', 'NamePriming': 'พิสิฐ', 'thisN': 3, 'thisTrialN': 3, 'thisRepN': 0}>
18.0670 	DATA 	Keypress: j
18.0723 	INFO 	Keyboard events cleared
18.0722 	EXP 	MAN_3: autoDraw = False
18.0722 	EXP 	WOMAN_3: autoDraw = False
18.0722 	EXP 	name_2: autoDraw = False
18.0722 	EXP 	pic_2: autoDraw = False
18.0722 	EXP 	pic_2: image = 'men.png'
18.0722 	EXP 	MAN_3: autoDraw = True
18.0722 	EXP 	WOMAN_3: autoDraw = True
18.0722 	EXP 	name_2: autoDraw = True
18.1247 	EXP 	Device response: <KeyPress from None: t=17.10950220003724, value=j, duration=1.0032665999606252>
18.5408 	EXP 	pic_2: autoDraw = True
18.5749 	EXP 	name_2: autoDraw = False
19.2574 	EXP 	Device response: <KeyPress from None: t=19.25307320000138, value=k, duration=None>
19.2576 	EXP 	New trial (rep=0, index=4): <Trial 4 (4 in rep 0) data={'Male': None, 'Female': None, 'Image': None, 'Name': None, 'ImagePriming': 'women.png', 'NamePriming': 'ศิริพร', 'thisN': 4, 'thisTrialN': 4, 'thisRepN': 0}>
19.2758 	DATA 	Keypress: k
19.2811 	INFO 	Keyboard events cleared
19.2810 	EXP 	MAN_3: autoDraw = False
19.2810 	EXP 	WOMAN_3: autoDraw = False
19.2810 	EXP 	name_2: autoDraw = False
19.2810 	EXP 	pic_2: autoDraw = False
19.2810 	EXP 	pic_2: image = 'women.png'
19.2810 	EXP 	MAN_3: autoDraw = True
19.2810 	EXP 	WOMAN_3: autoDraw = True
19.2810 	EXP 	name_2: autoDraw = True
19.3244 	EXP 	Device response: <KeyPress from None: t=19.25307320000138, value=k, duration=0.06604770000558347>
19.7582 	EXP 	pic_2: autoDraw = True
19.7912 	EXP 	name_2: autoDraw = False
21.0746 	EXP 	Device response: <KeyPress from None: t=21.066661400021985, value=k, duration=None>
21.0748 	EXP 	New trial (rep=0, index=5): <Trial 5 (5 in rep 0) data={'Male': None, 'Female': None, 'Image': None, 'Name': None, 'ImagePriming': 'women.png', 'NamePriming': 'ชัยวัฒน์', 'thisN': 5, 'thisTrialN': 5, 'thisRepN': 0}>
21.1013 	DATA 	Keypress: k
21.1072 	INFO 	Keyboard events cleared
21.1071 	EXP 	MAN_3: autoDraw = False
21.1071 	EXP 	WOMAN_3: autoDraw = False
21.1071 	EXP 	name_2: autoDraw = False
21.1071 	EXP 	pic_2: autoDraw = False
21.1071 	EXP 	pic_2: image = 'women.png'
21.1071 	EXP 	MAN_3: autoDraw = True
21.1071 	EXP 	WOMAN_3: autoDraw = True
21.1071 	EXP 	name_2: autoDraw = True
21.1744 	EXP 	Device response: <KeyPress from None: t=21.066661400021985, value=k, duration=0.09682410000823438>
21.5742 	EXP 	pic_2: autoDraw = True
21.6080 	EXP 	name_2: autoDraw = False
21.8244 	EXP 	Device response: <KeyPress from None: t=21.814944499987178, value=j, duration=None>
21.8246 	EXP 	New trial (rep=0, index=6): <Trial 6 (6 in rep 0) data={'Male': 'กฤษณะ', 'Female': 'กาญจนา', 'Image': 'men.png', 'Name': 'กฤษณะ', 'ImagePriming': 'men.png', 'NamePriming': 'กฤษณะ', 'thisN': 6, 'thisTrialN': 6, 'thisRepN': 0}>
21.8509 	DATA 	Keypress: j
21.8557 	INFO 	Keyboard events cleared
21.8556 	EXP 	MAN_3: autoDraw = False
21.8556 	EXP 	WOMAN_3: autoDraw = False
21.8556 	EXP 	name_2: autoDraw = False
21.8556 	EXP 	pic_2: autoDraw = False
21.8556 	EXP 	pic_2: image = 'men.png'
21.8556 	EXP 	MAN_3: autoDraw = True
21.8556 	EXP 	WOMAN_3: autoDraw = True
21.8556 	EXP 	name_2: autoDraw = True
21.9247 	EXP 	Device response: <KeyPress from None: t=18.029936700011604, value=j, duration=3.8842151999706402>
22.3241 	EXP 	pic_2: autoDraw = True
22.3571 	EXP 	name_2: autoDraw = False
22.3590 	DATA 	Keypress: k
22.3747 	EXP 	Device response: <KeyPress from None: t=22.358030900009908, value=k, duration=None>
22.3749 	EXP 	New trial (rep=0, index=7): <Trial 7 (7 in rep 0) data={'Male': 'อรรถพล', 'Female': 'สุพัตรา', 'Image': None, 'Name': 'อรรถพล', 'ImagePriming': 'men.png', 'NamePriming': 'อรรถพล', 'thisN': 7, 'thisTrialN': 7, 'thisRepN': 0}>
22.4026 	INFO 	Keyboard events cleared
22.4025 	EXP 	MAN_3: autoDraw = False
22.4025 	EXP 	WOMAN_3: autoDraw = False
22.4025 	EXP 	name_2: autoDraw = False
22.4025 	EXP 	pic_2: autoDraw = False
22.4025 	EXP 	pic_2: image = 'men.png'
22.4025 	EXP 	MAN_3: autoDraw = True
22.4025 	EXP 	WOMAN_3: autoDraw = True
22.4025 	EXP 	name_2: autoDraw = True
22.4241 	EXP 	Device response: <KeyPress from None: t=22.358030900009908, value=k, duration=0.05411539995111525>
22.5408 	EXP 	Device response: <KeyPress from None: t=22.538572799996473, value=k, duration=None>
22.5411 	EXP 	New trial (rep=0, index=8): <Trial 8 (8 in rep 0) data={'Male': None, 'Female': None, 'Image': None, 'Name': None, 'ImagePriming': 'women.png', 'NamePriming': 'ปริญญา', 'thisN': 8, 'thisTrialN': 8, 'thisRepN': 0}>
22.5623 	DATA 	Keypress: k
22.5673 	INFO 	Keyboard events cleared
22.5671 	EXP 	MAN_3: autoDraw = False
22.5671 	EXP 	WOMAN_3: autoDraw = False
22.5671 	EXP 	name_2: autoDraw = False
22.5671 	EXP 	pic_2: autoDraw = False
22.5671 	EXP 	pic_2: image = 'women.png'
22.5671 	EXP 	MAN_3: autoDraw = True
22.5671 	EXP 	WOMAN_3: autoDraw = True
22.5671 	EXP 	name_2: autoDraw = True
22.5920 	EXP 	Device response: <KeyPress from None: t=22.538572799996473, value=k, duration=0.05167489999439567>
22.6912 	EXP 	Device response: <KeyPress from None: t=22.682151700020768, value=k, duration=None>
22.6916 	EXP 	New trial (rep=0, index=9): <Trial 9 (9 in rep 0) data={'Male': None, 'Female': None, 'Image': None, 'Name': None, 'ImagePriming': 'women.png', 'NamePriming': 'พิมพ์ใจ', 'thisN': 9, 'thisTrialN': 9, 'thisRepN': 0}>
22.7143 	DATA 	Keypress: k
22.7194 	INFO 	Keyboard events cleared
22.7193 	EXP 	MAN_3: autoDraw = False
22.7193 	EXP 	WOMAN_3: autoDraw = False
22.7193 	EXP 	name_2: autoDraw = False
22.7193 	EXP 	pic_2: autoDraw = False
22.7193 	EXP 	pic_2: image = 'women.png'
22.7193 	EXP 	MAN_3: autoDraw = True
22.7193 	EXP 	WOMAN_3: autoDraw = True
22.7193 	EXP 	name_2: autoDraw = True
22.7580 	EXP 	Device response: <KeyPress from None: t=22.682151700020768, value=k, duration=0.07203089992981404>
22.8082 	EXP 	Device response: <KeyPress from None: t=22.807068199967034, value=j, duration=None>
22.8084 	EXP 	New trial (rep=0, index=10): <Trial 10 (10 in rep 0) data={'Male': None, 'Female': None, 'Image': None, 'Name': None, 'ImagePriming': 'women.png', 'NamePriming': 'ปัทมา', 'thisN': 10, 'thisTrialN': 10, 'thisRepN': 0}>
22.8291 	DATA 	Keypress: j
22.8340 	INFO 	Keyboard events cleared
22.8339 	EXP 	MAN_3: autoDraw = False
22.8339 	EXP 	WOMAN_3: autoDraw = False
22.8339 	EXP 	name_2: autoDraw = False
22.8339 	EXP 	pic_2: autoDraw = False
22.8339 	EXP 	pic_2: image = 'women.png'
22.8339 	EXP 	MAN_3: autoDraw = True
22.8339 	EXP 	WOMAN_3: autoDraw = True
22.8339 	EXP 	name_2: autoDraw = True
22.8910 	EXP 	Device response: <KeyPress from None: t=21.814944499987178, value=j, duration=1.0616692999610677>
22.9578 	EXP 	Device response: <KeyPress from None: t=22.946335799992085, value=k, duration=None>
22.9581 	EXP 	New trial (rep=0, index=11): <Trial 11 (11 in rep 0) data={'Male': 'ภูมิพัฒน์', 'Female': 'จิตติมา', 'Image': None, 'Name': 'ภูมิพัฒน์', 'ImagePriming': 'men.png', 'NamePriming': 'ภูมิพัฒน์', 'thisN': 11, 'thisTrialN': 11, 'thisRepN': 0}>
22.9812 	DATA 	Keypress: k
22.9867 	INFO 	Keyboard events cleared
22.9865 	EXP 	MAN_3: autoDraw = False
22.9865 	EXP 	WOMAN_3: autoDraw = False
22.9865 	EXP 	name_2: autoDraw = False
22.9865 	EXP 	pic_2: autoDraw = False
22.9865 	EXP 	pic_2: image = 'men.png'
22.9865 	EXP 	MAN_3: autoDraw = True
22.9865 	EXP 	WOMAN_3: autoDraw = True
22.9865 	EXP 	name_2: autoDraw = True
23.4572 	EXP 	pic_2: autoDraw = True
23.4912 	EXP 	name_2: autoDraw = False
23.7741 	EXP 	Device response: <KeyPress from None: t=23.77358609996736, value=k, duration=None>
23.7742 	EXP 	New trial (rep=0, index=12): <Trial 12 (12 in rep 0) data={'Male': None, 'Female': None, 'Image': None, 'Name': 'ปัทมา', 'ImagePriming': 'men.png', 'NamePriming': 'ปัทมา', 'thisN': 12, 'thisTrialN': 12, 'thisRepN': 0}>
23.7942 	DATA 	Keypress: k
23.7985 	INFO 	Keyboard events cleared
23.7983 	EXP 	MAN_3: autoDraw = False
23.7983 	EXP 	WOMAN_3: autoDraw = False
23.7983 	EXP 	name_2: autoDraw = False
23.7983 	EXP 	pic_2: autoDraw = False
23.7983 	EXP 	pic_2: image = 'men.png'
23.7983 	EXP 	MAN_3: autoDraw = True
23.7983 	EXP 	WOMAN_3: autoDraw = True
23.7983 	EXP 	name_2: autoDraw = True
23.8415 	EXP 	Device response: <KeyPress from None: t=22.946335799992085, value=k, duration=0.8929064000258222>
24.2747 	EXP 	pic_2: autoDraw = True
24.3075 	EXP 	name_2: autoDraw = False
24.6076 	EXP 	Device response: <KeyPress from None: t=24.596397600020282, value=k, duration=None>
24.6078 	EXP 	New trial (rep=0, index=13): <Trial 13 (13 in rep 0) data={'Male': None, 'Female': None, 'Image': None, 'Name': 'วรรณา', 'ImagePriming': 'men.png', 'NamePriming': 'วรรณา', 'thisN': 13, 'thisTrialN': 13, 'thisRepN': 0}>
24.6273 	DATA 	Keypress: k
24.6319 	INFO 	Keyboard events cleared
24.6318 	EXP 	MAN_3: autoDraw = False
24.6318 	EXP 	WOMAN_3: autoDraw = False
24.6318 	EXP 	name_2: autoDraw = False
24.6318 	EXP 	pic_2: autoDraw = False
24.6318 	EXP 	pic_2: image = 'men.png'
24.6318 	EXP 	MAN_3: autoDraw = True
24.6318 	EXP 	WOMAN_3: autoDraw = True
24.6318 	EXP 	name_2: autoDraw = True
24.6746 	EXP 	Device response: <KeyPress from None: t=23.77358609996736, value=k, duration=0.8847782000666484>
25.1076 	EXP 	pic_2: autoDraw = True
25.1411 	EXP 	name_2: autoDraw = False
25.5744 	EXP 	Device response: <KeyPress from None: t=25.563832200015895, value=j, duration=None>
25.5747 	EXP 	New trial (rep=0, index=14): <Trial 14 (14 in rep 0) data={'Male': None, 'Female': None, 'Image': None, 'Name': None, 'ImagePriming': 'women.png', 'NamePriming': 'พิสิฐ', 'thisN': 14, 'thisTrialN': 14, 'thisRepN': 0}>
25.5954 	DATA 	Keypress: j
25.5998 	INFO 	Keyboard events cleared
25.5997 	EXP 	MAN_3: autoDraw = False
25.5997 	EXP 	WOMAN_3: autoDraw = False
25.5997 	EXP 	name_2: autoDraw = False
25.5997 	EXP 	pic_2: autoDraw = False
25.5997 	EXP 	pic_2: image = 'women.png'
25.5997 	EXP 	MAN_3: autoDraw = True
25.5997 	EXP 	WOMAN_3: autoDraw = True
25.5997 	EXP 	name_2: autoDraw = True
25.6406 	EXP 	Device response: <KeyPress from None: t=22.807068199967034, value=j, duration=2.8252892000600696>
26.0741 	EXP 	pic_2: autoDraw = True
26.1076 	EXP 	name_2: autoDraw = False
26.2082 	EXP 	Device response: <KeyPress from None: t=26.193898299941793, value=k, duration=None>
26.2084 	EXP 	New trial (rep=0, index=15): <Trial 15 (15 in rep 0) data={'Male': None, 'Female': None, 'Image': None, 'Name': None, 'ImagePriming': 'women.png', 'NamePriming': 'ธนพล', 'thisN': 15, 'thisTrialN': 15, 'thisRepN': 0}>
26.2304 	DATA 	Keypress: k
26.2363 	INFO 	Keyboard events cleared
26.2362 	EXP 	MAN_3: autoDraw = False
26.2362 	EXP 	WOMAN_3: autoDraw = False
26.2362 	EXP 	name_2: autoDraw = False
26.2362 	EXP 	pic_2: autoDraw = False
26.2362 	EXP 	pic_2: image = 'women.png'
26.2362 	EXP 	MAN_3: autoDraw = True
26.2362 	EXP 	WOMAN_3: autoDraw = True
26.2362 	EXP 	name_2: autoDraw = True
26.2572 	EXP 	Device response: <KeyPress from None: t=24.596397600020282, value=k, duration=1.648947999929078>
26.7238 	EXP 	pic_2: autoDraw = True
26.7405 	EXP 	name_2: autoDraw = False
26.7579 	EXP 	Device response: <KeyPress from None: t=26.75743150000926, value=j, duration=None>
26.7581 	EXP 	New trial (rep=0, index=16): <Trial 16 (16 in rep 0) data={'Male': None, 'Female': None, 'Image': None, 'Name': 'อาภรณ์', 'ImagePriming': 'men.png', 'NamePriming': 'อาภรณ์', 'thisN': 16, 'thisTrialN': 16, 'thisRepN': 0}>
26.7787 	DATA 	Keypress: j
26.7839 	INFO 	Keyboard events cleared
26.7837 	EXP 	MAN_3: autoDraw = False
26.7837 	EXP 	WOMAN_3: autoDraw = False
26.7837 	EXP 	name_2: autoDraw = False
26.7837 	EXP 	pic_2: autoDraw = False
26.7837 	EXP 	pic_2: image = 'men.png'
26.7837 	EXP 	MAN_3: autoDraw = True
26.7837 	EXP 	WOMAN_3: autoDraw = True
26.7837 	EXP 	name_2: autoDraw = True
26.8572 	EXP 	Device response: <KeyPress from None: t=25.563832200015895, value=j, duration=1.2913900000276044>
27.2574 	EXP 	pic_2: autoDraw = True
27.2752 	DATA 	Keypress: k
27.2905 	EXP 	name_2: autoDraw = False
27.2908 	EXP 	Device response: <KeyPress from None: t=27.27474110003095, value=k, duration=None>
27.2910 	EXP 	New trial (rep=0, index=17): <Trial 17 (17 in rep 0) data={'Male': None, 'Female': None, 'Image': None, 'Name': None, 'ImagePriming': 'women.png', 'NamePriming': 'กฤษณะ', 'thisN': 17, 'thisTrialN': 17, 'thisRepN': 0}>
27.3145 	INFO 	Keyboard events cleared
27.3144 	EXP 	MAN_3: autoDraw = False
27.3144 	EXP 	WOMAN_3: autoDraw = False
27.3144 	EXP 	name_2: autoDraw = False
27.3144 	EXP 	pic_2: autoDraw = False
27.3144 	EXP 	pic_2: image = 'women.png'
27.3144 	EXP 	MAN_3: autoDraw = True
27.3144 	EXP 	WOMAN_3: autoDraw = True
27.3144 	EXP 	name_2: autoDraw = True
27.3414 	EXP 	Device response: <KeyPress from None: t=26.193898299941793, value=k, duration=1.1424570000963286>
27.7912 	EXP 	pic_2: autoDraw = True
27.8239 	EXP 	name_2: autoDraw = False
28.3577 	EXP 	Device response: <KeyPress from None: t=28.354534599930048, value=j, duration=None>
28.3579 	EXP 	New trial (rep=0, index=18): <Trial 18 (18 in rep 0) data={'Male': None, 'Female': None, 'Image': None, 'Name': 'สุพัตรา', 'ImagePriming': 'men.png', 'NamePriming': 'สุพัตรา', 'thisN': 18, 'thisTrialN': 18, 'thisRepN': 0}>
28.3813 	DATA 	Keypress: j
28.3869 	INFO 	Keyboard events cleared
28.3868 	EXP 	MAN_3: autoDraw = False
28.3868 	EXP 	WOMAN_3: autoDraw = False
28.3868 	EXP 	name_2: autoDraw = False
28.3868 	EXP 	pic_2: autoDraw = False
28.3868 	EXP 	pic_2: image = 'men.png'
28.3868 	EXP 	MAN_3: autoDraw = True
28.3868 	EXP 	WOMAN_3: autoDraw = True
28.3868 	EXP 	name_2: autoDraw = True
28.4745 	EXP 	Device response: <KeyPress from None: t=26.75743150000926, value=j, duration=1.7160208999412134>
28.8583 	EXP 	pic_2: autoDraw = True
28.8904 	EXP 	name_2: autoDraw = False
28.9738 	EXP 	Device response: <KeyPress from None: t=28.960170899983495, value=k, duration=None>
28.9741 	EXP 	New trial (rep=0, index=19): <Trial 19 (19 in rep 0) data={'Male': 'ธนพล', 'Female': 'วาสนา', 'Image': None, 'Name': 'ธนพล', 'ImagePriming': 'men.png', 'NamePriming': 'ธนพล', 'thisN': 19, 'thisTrialN': 19, 'thisRepN': 0}>
28.9951 	DATA 	Keypress: k
28.9991 	INFO 	Keyboard events cleared
28.9990 	EXP 	MAN_3: autoDraw = False
28.9990 	EXP 	WOMAN_3: autoDraw = False
28.9990 	EXP 	name_2: autoDraw = False
28.9990 	EXP 	pic_2: autoDraw = False
28.9990 	EXP 	pic_2: image = 'men.png'
28.9990 	EXP 	MAN_3: autoDraw = True
28.9990 	EXP 	WOMAN_3: autoDraw = True
28.9990 	EXP 	name_2: autoDraw = True
29.1239 	EXP 	Device response: <KeyPress from None: t=27.27474110003095, value=k, duration=1.8420494999736547>
29.1574 	EXP 	Device response: <KeyPress from None: t=29.1433644000208, value=j, duration=None>
29.1576 	EXP 	New trial (rep=0, index=20): <Trial 20 (20 in rep 0) data={'Male': None, 'Female': None, 'Image': None, 'Name': None, 'ImagePriming': 'women.png', 'NamePriming': 'สุพัตรา', 'thisN': 20, 'thisTrialN': 20, 'thisRepN': 0}>
29.1763 	DATA 	Keypress: j
29.1811 	INFO 	Keyboard events cleared
29.1810 	EXP 	MAN_3: autoDraw = False
29.1810 	EXP 	WOMAN_3: autoDraw = False
29.1810 	EXP 	name_2: autoDraw = False
29.1810 	EXP 	pic_2: autoDraw = False
29.1810 	EXP 	pic_2: image = 'women.png'
29.1810 	EXP 	MAN_3: autoDraw = True
29.1810 	EXP 	WOMAN_3: autoDraw = True
29.1810 	EXP 	name_2: autoDraw = True
29.2409 	EXP 	Device response: <KeyPress from None: t=28.354534599930048, value=j, duration=0.8753691000165418>
29.2905 	EXP 	Device response: <KeyPress from None: t=29.284109400003217, value=k, duration=None>
29.2907 	EXP 	New trial (rep=0, index=21): <Trial 21 (21 in rep 0) data={'Male': None, 'Female': None, 'Image': None, 'Name': 'วาสนา', 'ImagePriming': 'men.png', 'NamePriming': 'วาสนา', 'thisN': 21, 'thisTrialN': 21, 'thisRepN': 0}>
29.3102 	DATA 	Keypress: k
29.3157 	INFO 	Keyboard events cleared
29.3156 	EXP 	MAN_3: autoDraw = False
29.3156 	EXP 	WOMAN_3: autoDraw = False
29.3156 	EXP 	name_2: autoDraw = False
29.3156 	EXP 	pic_2: autoDraw = False
29.3156 	EXP 	pic_2: image = 'men.png'
29.3156 	EXP 	MAN_3: autoDraw = True
29.3156 	EXP 	WOMAN_3: autoDraw = True
29.3156 	EXP 	name_2: autoDraw = True
29.4072 	EXP 	Device response: <KeyPress from None: t=28.960170899983495, value=k, duration=0.4415030999807641>
29.4073 	EXP 	Device response: <KeyPress from None: t=29.40313370001968, value=j, duration=None>
29.4076 	EXP 	New trial (rep=0, index=22): <Trial 22 (22 in rep 0) data={'Male': 'นเรศ', 'Female': 'พิมพ์ใจ', 'Image': 'women.png', 'Name': 'นเรศ', 'ImagePriming': 'men.png', 'NamePriming': 'นเรศ', 'thisN': 22, 'thisTrialN': 22, 'thisRepN': 0}>
29.4272 	DATA 	Keypress: j
29.4315 	INFO 	Keyboard events cleared
29.4314 	EXP 	MAN_3: autoDraw = False
29.4314 	EXP 	WOMAN_3: autoDraw = False
29.4314 	EXP 	name_2: autoDraw = False
29.4314 	EXP 	pic_2: autoDraw = False
29.4314 	EXP 	pic_2: image = 'men.png'
29.4314 	EXP 	MAN_3: autoDraw = True
29.4314 	EXP 	WOMAN_3: autoDraw = True
29.4314 	EXP 	name_2: autoDraw = True
29.4903 	EXP 	Device response: <KeyPress from None: t=29.1433644000208, value=j, duration=0.3309578999178484>
29.5071 	EXP 	Device response: <KeyPress from None: t=29.50107959995512, value=k, duration=None>
29.5073 	EXP 	New trial (rep=0, index=23): <Trial 23 (23 in rep 0) data={'Male': None, 'Female': None, 'Image': None, 'Name': None, 'ImagePriming': 'women.png', 'NamePriming': 'วาสนา', 'thisN': 23, 'thisTrialN': 23, 'thisRepN': 0}>
29.5257 	DATA 	Keypress: k
29.5298 	INFO 	Keyboard events cleared
29.5297 	EXP 	MAN_3: autoDraw = False
29.5297 	EXP 	WOMAN_3: autoDraw = False
29.5297 	EXP 	name_2: autoDraw = False
29.5297 	EXP 	pic_2: autoDraw = False
29.5297 	EXP 	pic_2: image = 'women.png'
29.5297 	EXP 	MAN_3: autoDraw = True
29.5297 	EXP 	WOMAN_3: autoDraw = True
29.5297 	EXP 	name_2: autoDraw = True
29.5901 	EXP 	Device response: <KeyPress from None: t=29.284109400003217, value=k, duration=0.3015576000325382>
29.5902 	EXP 	Device response: <KeyPress from None: t=29.587869100039825, value=j, duration=None>
29.5904 	EXP 	New trial (rep=0, index=24): <Trial 24 (24 in rep 0) data={'Male': 'ปริญญา', 'Female': 'อาภรณ์', 'Image': None, 'Name': 'ปริญญา', 'ImagePriming': 'men.png', 'NamePriming': 'ปริญญา', 'thisN': 24, 'thisTrialN': 24, 'thisRepN': 0}>
29.6097 	DATA 	Keypress: j
29.6141 	INFO 	Keyboard events cleared
29.6140 	EXP 	MAN_3: autoDraw = False
29.6140 	EXP 	WOMAN_3: autoDraw = False
29.6140 	EXP 	name_2: autoDraw = False
29.6140 	EXP 	pic_2: autoDraw = False
29.6140 	EXP 	pic_2: image = 'men.png'
29.6140 	EXP 	MAN_3: autoDraw = True
29.6140 	EXP 	WOMAN_3: autoDraw = True
29.6140 	EXP 	name_2: autoDraw = True
29.6577 	EXP 	Device response: <KeyPress from None: t=29.40313370001968, value=j, duration=0.24206219997722656>
29.6762 	DATA 	Keypress: k
29.6934 	EXP 	Device response: <KeyPress from None: t=29.67572850000579, value=k, duration=None>
29.6937 	EXP 	New trial (rep=0, index=25): <Trial 25 (25 in rep 0) data={'Male': None, 'Female': None, 'Image': None, 'Name': None, 'ImagePriming': 'women.png', 'NamePriming': 'จิตติมา', 'thisN': 25, 'thisTrialN': 25, 'thisRepN': 0}>
29.7167 	INFO 	Keyboard events cleared
29.7166 	EXP 	MAN_3: autoDraw = False
29.7166 	EXP 	WOMAN_3: autoDraw = False
29.7166 	EXP 	name_2: autoDraw = False
29.7166 	EXP 	pic_2: autoDraw = False
29.7166 	EXP 	pic_2: image = 'women.png'
29.7166 	EXP 	MAN_3: autoDraw = True
29.7166 	EXP 	WOMAN_3: autoDraw = True
29.7166 	EXP 	name_2: autoDraw = True
29.7439 	DATA 	Keypress: j
29.7576 	EXP 	Device response: <KeyPress from None: t=29.743211399996653, value=j, duration=None>
29.7579 	EXP 	New trial (rep=0, index=26): <Trial 26 (26 in rep 0) data={'Male': None, 'Female': None, 'Image': None, 'Name': None, 'ImagePriming': 'women.png', 'NamePriming': 'ศักดิ์สิทธิ์', 'thisN': 26, 'thisTrialN': 26, 'thisRepN': 0}>
29.7765 	EXP 	Device response: <KeyPress from None: t=29.50107959995512, value=k, duration=0.26081460004206747>
29.7841 	INFO 	Keyboard events cleared
29.7840 	EXP 	MAN_3: autoDraw = False
29.7840 	EXP 	WOMAN_3: autoDraw = False
29.7840 	EXP 	name_2: autoDraw = False
29.7840 	EXP 	pic_2: autoDraw = False
29.7840 	EXP 	pic_2: image = 'women.png'
29.7840 	EXP 	MAN_3: autoDraw = True
29.7840 	EXP 	WOMAN_3: autoDraw = True
29.7840 	EXP 	name_2: autoDraw = True
29.8071 	EXP 	Device response: <KeyPress from None: t=29.587869100039825, value=j, duration=0.21508929994888604>
29.8412 	EXP 	Device response: <KeyPress from None: t=29.83339259994682, value=k, duration=None>
29.8415 	EXP 	New trial (rep=0, index=27): <Trial 27 (27 in rep 0) data={'Male': None, 'Female': None, 'Image': None, 'Name': None, 'ImagePriming': 'women.png', 'NamePriming': 'สุนิสา', 'thisN': 27, 'thisTrialN': 27, 'thisRepN': 0}>
29.8601 	DATA 	Keypress: k
29.8644 	INFO 	Keyboard events cleared
29.8643 	EXP 	MAN_3: autoDraw = False
29.8643 	EXP 	WOMAN_3: autoDraw = False
29.8643 	EXP 	name_2: autoDraw = False
29.8643 	EXP 	pic_2: autoDraw = False
29.8643 	EXP 	pic_2: image = 'women.png'
29.8643 	EXP 	MAN_3: autoDraw = True
29.8643 	EXP 	WOMAN_3: autoDraw = True
29.8643 	EXP 	name_2: autoDraw = True
29.9072 	EXP 	Device response: <KeyPress from None: t=29.903101400006562, value=j, duration=None>
29.9075 	EXP 	New trial (rep=0, index=28): <Trial 28 (28 in rep 0) data={'Male': 'ศักดิ์สิทธิ์', 'Female': 'สุนิสา', 'Image': None, 'Name': 'ศักดิ์สิทธิ์', 'ImagePriming': 'men.png', 'NamePriming': 'ศักดิ์สิทธิ์', 'thisN': 28, 'thisTrialN': 28, 'thisRepN': 0}>
29.9265 	DATA 	Keypress: j
29.9306 	INFO 	Keyboard events cleared
29.9304 	EXP 	MAN_3: autoDraw = False
29.9304 	EXP 	WOMAN_3: autoDraw = False
29.9304 	EXP 	name_2: autoDraw = False
29.9304 	EXP 	pic_2: autoDraw = False
29.9304 	EXP 	pic_2: image = 'men.png'
29.9304 	EXP 	MAN_3: autoDraw = True
29.9304 	EXP 	WOMAN_3: autoDraw = True
29.9304 	EXP 	name_2: autoDraw = True
29.9739 	EXP 	Device response: <KeyPress from None: t=29.743211399996653, value=j, duration=0.2271148000145331>
30.1573 	EXP 	Device response: <KeyPress from None: t=30.1509279999882, value=k, duration=None>
30.1576 	EXP 	New trial (rep=0, index=29): <Trial 29 (29 in rep 0) data={'Male': None, 'Female': None, 'Image': None, 'Name': None, 'ImagePriming': 'women.png', 'NamePriming': 'วรพล', 'thisN': 29, 'thisTrialN': 29, 'thisRepN': 0}>
30.1751 	DATA 	Keypress: k
30.1795 	INFO 	Keyboard events cleared
30.1794 	EXP 	MAN_3: autoDraw = False
30.1794 	EXP 	WOMAN_3: autoDraw = False
30.1794 	EXP 	name_2: autoDraw = False
30.1794 	EXP 	pic_2: autoDraw = False
30.1794 	EXP 	pic_2: image = 'women.png'
30.1794 	EXP 	MAN_3: autoDraw = True
30.1794 	EXP 	WOMAN_3: autoDraw = True
30.1794 	EXP 	name_2: autoDraw = True
30.2245 	EXP 	Device response: <KeyPress from None: t=29.67572850000579, value=k, duration=0.5460342000005767>
30.2909 	EXP 	Device response: <KeyPress from None: t=30.284942899947055, value=j, duration=None>
30.2912 	EXP 	New trial (rep=0, index=30): <Trial 30 (30 in rep 0) data={'Male': 'ชัยวัฒน์', 'Female': 'ศิริพร', 'Image': None, 'Name': 'ชัยวัฒน์', 'ImagePriming': 'men.png', 'NamePriming': 'ชัยวัฒน์', 'thisN': 30, 'thisTrialN': 30, 'thisRepN': 0}>
30.3096 	DATA 	Keypress: j
30.3133 	INFO 	Keyboard events cleared
30.3132 	EXP 	MAN_3: autoDraw = False
30.3132 	EXP 	WOMAN_3: autoDraw = False
30.3132 	EXP 	name_2: autoDraw = False
30.3132 	EXP 	pic_2: autoDraw = False
30.3132 	EXP 	pic_2: image = 'men.png'
30.3132 	EXP 	MAN_3: autoDraw = True
30.3132 	EXP 	WOMAN_3: autoDraw = True
30.3132 	EXP 	name_2: autoDraw = True
30.3736 	EXP 	Device response: <KeyPress from None: t=29.903101400006562, value=j, duration=0.45742480002809316>
30.5911 	EXP 	Device response: <KeyPress from None: t=30.590572500019334, value=k, duration=None>
30.5914 	EXP 	New trial (rep=0, index=31): <Trial 31 (31 in rep 0) data={'Male': None, 'Female': None, 'Image': None, 'Name': 'กาญจนา', 'ImagePriming': 'men.png', 'NamePriming': 'กาญจนา', 'thisN': 31, 'thisTrialN': 31, 'thisRepN': 0}>
30.6094 	DATA 	Keypress: k
30.6140 	INFO 	Keyboard events cleared
30.6138 	EXP 	MAN_3: autoDraw = False
30.6138 	EXP 	WOMAN_3: autoDraw = False
30.6138 	EXP 	name_2: autoDraw = False
30.6138 	EXP 	pic_2: autoDraw = False
30.6138 	EXP 	pic_2: image = 'men.png'
30.6138 	EXP 	MAN_3: autoDraw = True
30.6138 	EXP 	WOMAN_3: autoDraw = True
30.6138 	EXP 	name_2: autoDraw = True
30.6576 	EXP 	Device response: <KeyPress from None: t=29.83339259994682, value=k, duration=0.823123799986206>
30.7072 	EXP 	Device response: <KeyPress from None: t=30.697460899944417, value=j, duration=None>
30.7075 	EXP 	New trial (rep=0, index=32): <Trial 32 (32 in rep 0) data={'Male': None, 'Female': None, 'Image': None, 'Name': None, 'ImagePriming': 'women.png', 'NamePriming': 'อาภรณ์', 'thisN': 32, 'thisTrialN': 32, 'thisRepN': 0}>
30.7252 	DATA 	Keypress: j
30.7293 	INFO 	Keyboard events cleared
30.7292 	EXP 	MAN_3: autoDraw = False
30.7292 	EXP 	WOMAN_3: autoDraw = False
30.7292 	EXP 	name_2: autoDraw = False
30.7292 	EXP 	pic_2: autoDraw = False
30.7292 	EXP 	pic_2: image = 'women.png'
30.7292 	EXP 	MAN_3: autoDraw = True
30.7292 	EXP 	WOMAN_3: autoDraw = True
30.7292 	EXP 	name_2: autoDraw = True
30.7742 	EXP 	Device response: <KeyPress from None: t=30.284942899947055, value=j, duration=0.4811311000958085>
30.9740 	EXP 	Device response: <KeyPress from None: t=30.965871399967, value=k, duration=None>
30.9743 	EXP 	New trial (rep=0, index=33): <Trial 33 (33 in rep 0) data={'Male': None, 'Female': None, 'Image': None, 'Name': 'พิมพ์ใจ', 'ImagePriming': 'men.png', 'NamePriming': 'พิมพ์ใจ', 'thisN': 33, 'thisTrialN': 33, 'thisRepN': 0}>
30.9916 	DATA 	Keypress: k
30.9960 	INFO 	Keyboard events cleared
30.9958 	EXP 	MAN_3: autoDraw = False
30.9958 	EXP 	WOMAN_3: autoDraw = False
30.9958 	EXP 	name_2: autoDraw = False
30.9958 	EXP 	pic_2: autoDraw = False
30.9958 	EXP 	pic_2: image = 'men.png'
30.9958 	EXP 	MAN_3: autoDraw = True
30.9958 	EXP 	WOMAN_3: autoDraw = True
30.9958 	EXP 	name_2: autoDraw = True
31.1070 	EXP 	Device response: <KeyPress from None: t=31.092423800029792, value=j, duration=None>
31.1071 	EXP 	Device response: <KeyPress from None: t=30.697460899944417, value=j, duration=0.40623730001971126>
31.1073 	EXP 	New trial (rep=0, index=34): <Trial 34 (34 in rep 0) data={'Male': None, 'Female': None, 'Image': None, 'Name': None, 'ImagePriming': 'women.png', 'NamePriming': 'ภูมิพัฒน์', 'thisN': 34, 'thisTrialN': 34, 'thisRepN': 0}>
31.1252 	DATA 	Keypress: j
31.1293 	INFO 	Keyboard events cleared
31.1292 	EXP 	MAN_3: autoDraw = False
31.1292 	EXP 	WOMAN_3: autoDraw = False
31.1292 	EXP 	name_2: autoDraw = False
31.1292 	EXP 	pic_2: autoDraw = False
31.1292 	EXP 	pic_2: image = 'women.png'
31.1292 	EXP 	MAN_3: autoDraw = True
31.1292 	EXP 	WOMAN_3: autoDraw = True
31.1292 	EXP 	name_2: autoDraw = True
31.3237 	EXP 	Device response: <KeyPress from None: t=31.32321049994789, value=k, duration=None>
31.3241 	EXP 	New trial (rep=0, index=35): <Trial 35 (35 in rep 0) data={'Male': None, 'Female': None, 'Image': None, 'Name': None, 'ImagePriming': 'women.png', 'NamePriming': 'วรรณา', 'thisN': 35, 'thisTrialN': 35, 'thisRepN': 0}>
31.3418 	DATA 	Keypress: k
31.3457 	INFO 	Keyboard events cleared
31.3455 	EXP 	MAN_3: autoDraw = False
31.3455 	EXP 	WOMAN_3: autoDraw = False
31.3455 	EXP 	name_2: autoDraw = False
31.3455 	EXP 	pic_2: autoDraw = False
31.3455 	EXP 	pic_2: image = 'women.png'
31.3455 	EXP 	MAN_3: autoDraw = True
31.3455 	EXP 	WOMAN_3: autoDraw = True
31.3455 	EXP 	name_2: autoDraw = True
31.5569 	EXP 	Device response: <KeyPress from None: t=31.546043999958783, value=k, duration=None>
31.5572 	EXP 	New trial (rep=0, index=36): <Trial 36 (36 in rep 0) data={'Male': None, 'Female': None, 'Image': None, 'Name': 'จิตติมา', 'ImagePriming': 'men.png', 'NamePriming': 'จิตติมา', 'thisN': 36, 'thisTrialN': 36, 'thisRepN': 0}>
31.5759 	DATA 	Keypress: k
31.5802 	INFO 	Keyboard events cleared
31.5800 	EXP 	MAN_3: autoDraw = False
31.5800 	EXP 	WOMAN_3: autoDraw = False
31.5800 	EXP 	name_2: autoDraw = False
31.5800 	EXP 	pic_2: autoDraw = False
31.5800 	EXP 	pic_2: image = 'men.png'
31.5800 	EXP 	MAN_3: autoDraw = True
31.5800 	EXP 	WOMAN_3: autoDraw = True
31.5800 	EXP 	name_2: autoDraw = True
31.6070 	EXP 	Device response: <KeyPress from None: t=30.1509279999882, value=k, duration=1.4464701999677345>
31.7426 	EXP 	Device response: <KeyPress from None: t=31.73779729998205, value=j, duration=None>
31.7429 	EXP 	New trial (rep=0, index=37): <Trial 37 (37 in rep 0) data={'Male': None, 'Female': None, 'Image': None, 'Name': 'สุนิสา', 'ImagePriming': 'men.png', 'NamePriming': 'สุนิสา', 'thisN': 37, 'thisTrialN': 37, 'thisRepN': 0}>
31.7603 	DATA 	Keypress: j
31.7643 	INFO 	Keyboard events cleared
31.7642 	EXP 	MAN_3: autoDraw = False
31.7642 	EXP 	WOMAN_3: autoDraw = False
31.7642 	EXP 	name_2: autoDraw = False
31.7642 	EXP 	pic_2: autoDraw = False
31.7642 	EXP 	pic_2: image = 'men.png'
31.7642 	EXP 	MAN_3: autoDraw = True
31.7642 	EXP 	WOMAN_3: autoDraw = True
31.7642 	EXP 	name_2: autoDraw = True
31.7901 	EXP 	Device response: <KeyPress from None: t=31.092423800029792, value=j, duration=0.6940052999416366>
31.9571 	EXP 	Device response: <KeyPress from None: t=31.943546299939044, value=k, duration=None>
31.9574 	EXP 	New trial (rep=0, index=38): <Trial 38 (38 in rep 0) data={'Male': None, 'Female': None, 'Image': None, 'Name': 'ศิริพร', 'ImagePriming': 'men.png', 'NamePriming': 'ศิริพร', 'thisN': 38, 'thisTrialN': 38, 'thisRepN': 0}>
31.9761 	DATA 	Keypress: k
31.9806 	INFO 	Keyboard events cleared
31.9804 	EXP 	MAN_3: autoDraw = False
31.9804 	EXP 	WOMAN_3: autoDraw = False
31.9804 	EXP 	name_2: autoDraw = False
31.9804 	EXP 	pic_2: autoDraw = False
31.9804 	EXP 	pic_2: image = 'men.png'
31.9804 	EXP 	MAN_3: autoDraw = True
31.9804 	EXP 	WOMAN_3: autoDraw = True
31.9804 	EXP 	name_2: autoDraw = True
32.0066 	EXP 	Device response: <KeyPress from None: t=30.590572500019334, value=k, duration=1.4078546999953687>
32.1405 	EXP 	Device response: <KeyPress from None: t=32.13862149999477, value=k, duration=None>
32.1407 	EXP 	New trial (rep=0, index=39): <Trial 39 (39 in rep 0) data={'Male': None, 'Female': None, 'Image': None, 'Name': None, 'ImagePriming': 'women.png', 'NamePriming': 'อรรถพล', 'thisN': 39, 'thisTrialN': 39, 'thisRepN': 0}>
32.1583 	DATA 	Keypress: k
32.1629 	INFO 	Keyboard events cleared
32.1628 	EXP 	MAN_3: autoDraw = False
32.1628 	EXP 	WOMAN_3: autoDraw = False
32.1628 	EXP 	name_2: autoDraw = False
32.1628 	EXP 	pic_2: autoDraw = False
32.1628 	EXP 	pic_2: image = 'women.png'
32.1628 	EXP 	MAN_3: autoDraw = True
32.1628 	EXP 	WOMAN_3: autoDraw = True
32.1628 	EXP 	name_2: autoDraw = True
32.1902 	EXP 	Device response: <KeyPress from None: t=30.965871399967, value=k, duration=1.211890900041908>
32.3572 	EXP 	Device response: <KeyPress from None: t=32.34619880001992, value=k, duration=None>
32.3578 	DATA 	Keypress: k
32.3733 	EXP 	MAN_3: autoDraw = False
32.3733 	EXP 	WOMAN_3: autoDraw = False
32.3733 	EXP 	name_2: autoDraw = False
32.3733 	EXP 	pic_2: autoDraw = False
32.3735 	EXP 	Priming_gender: status = STOPPED
32.3945 	INFO 	saved data to 'C:\\Users\\engpc\\Downloads\\Neuromarketing\\Neuromarketing\\Pilot\\data\\295552_Priming_gender_2025-09-25_16h02.31.942.csv'
32.3958 	INFO 	saved data to C:\Users\engpc\Downloads\Neuromarketing\Neuromarketing\Pilot\data\295552_Priming_gender_2025-09-25_16h02.31.942.psydat
32.5700 	WARNING 	Stopping key buffers but this could be dangerous ifother keyboards rely on the same.
32.6243 	WARNING 	Stopping key buffers but this could be dangerous ifother keyboards rely on the same.
32.6243 	WARNING 	Stopping key buffers but this could be dangerous ifother keyboards rely on the same.
