8.5406 	INFO 	Loaded monitor calibration from ['2025_09_24 10:44']
8.5486 	WARNING 	User requested fullscreen with size [1024  768], but screen is actually [1920, 1080]. Using actual size
8.7505 	INFO 	Using renderer 'AMD Radeon(TM) Graphics' for graphics
8.7505 	INFO 	OpenGL version supported by driver is 4..
8.7934 	EXP 	Created window1 = Window(allowGUI=False, allowStencil=True, autoLog=True, backendConf=UNKNOWN, backgroundFit=<method-wrapper '__getattribute__' of attributeSetter object at 0x00000265AEA0EA40>, backgroundImage=<method-wrapper '__getattribute__' of attributeSetter object at 0x00000265AEA0EAA0>, bitsMode=UNKNOWN, blendMode='avg', bpc=(8, 8, 8), color=array([0, 0, 0]), colorSpace='rgb', depthBits=8, fullscr=True, gamma=None, gammaErrorPolicy='raise', infoMsg=UNKNOWN, lms=UNKNOWN, monitor=<psychopy.monitors.calibTools.Monitor object at 0x00000265AEAE6E90>, multiSample=False, name='window1', numSamples=2, pos=[np.float64(0.0), np.float64(0.0)], screen=0, size=array([1920, 1080]), stencilBits=8, stereo=False, title='PsychoPy', units='height', useFBO=True, useRetina=False, viewOri=0.0, viewPos=None, viewScale=None, waitBlanking=True, winType='pyglet')
8.7935 	EXP 	window1: backgroundImage = ''
8.7935 	EXP 	window1: backgroundFit = 'none'
9.1770 	EXP 	window1: Attempting to measure frame rate of screen (0) ...
9.1771 	EXP 	window1: recordFrameIntervals = False
9.4177 	EXP 	window1: recordFrameIntervals = True
9.6001 	EXP 	Screen (0) actual frame rate measured at 60.16Hz
9.6001 	EXP 	window1: recordFrameIntervals = False
9.6604 	INFO 	keyboard.Keyboard is using ptb backend.
9.6606 	INFO 	keyboard.Keyboard is using ptb backend.
9.6606 	EXP 	Priming_gender: status = STARTED
9.7343 	EXP 	Created MAN = TextStim(__class__=<class 'psychopy.visual.text.TextStim'>, alignHoriz=method-wrapper(...), alignText='center', alignVert=method-wrapper(...), anchorHoriz='center', anchorVert='center', antialias=True, autoDraw=False, autoLog=True, bold=False, color=array([1., 1., 1.]), colorSpace='rgb', contrast=1.0, depth=0.0, draggable=False, flipHoriz=False, flipVert=False, font='Arial', fontFiles=[], height=np.float64(0.1), italic=False, languageStyle='LTR', name='MAN', opacity=1, ori=0.0, pos=array([0.8, 0.8]), rgb=UNKNOWN, text='MAN', units='norm', win=Window(...), wrapWidth=1)
9.7390 	EXP 	Created WOMAN = TextStim(__class__=<class 'psychopy.visual.text.TextStim'>, alignHoriz=method-wrapper(...), alignText='center', alignVert=method-wrapper(...), anchorHoriz='center', anchorVert='center', antialias=True, autoDraw=False, autoLog=True, bold=False, color=array([1., 1., 1.]), colorSpace='rgb', contrast=1.0, depth=-1.0, draggable=False, flipHoriz=False, flipVert=False, font='Arial', fontFiles=[], height=np.float64(0.1), italic=False, languageStyle='LTR', name='WOMAN', opacity=1, ori=0.0, pos=array([-0.8,  0.8]), rgb=UNKNOWN, text='WOMAN', units='norm', win=Window(...), wrapWidth=1)
9.7427 	EXP 	Created pic = ImageStim(__class__=<class 'psychopy.visual.image.ImageStim'>, anchor=('center', 'center'), autoLog=True, color=array([1., 1., 1.]), colorSpace='rgb', contrast=1.0, depth=-2.0, draggable=False, flipHoriz=np.False_, flipVert=np.False_, image='default.png', interpolate=True, mask=None, maskParams=None, name='pic', opacity=1, ori=0.0, pos=array([0., 0.]), size=array([0.5, 0.5]), texRes=128.0, units='norm', win=Window(...))
0.0767 	INFO 	saved data to C:\Users\engpc\Downloads\Neuromarketing\Neuromarketing\Pilot\data\458330_Priming_gender_2025-09-25_15h35.46.794.psydat
0.0775 	INFO 	saved data to 'C:\\Users\\engpc\\Downloads\\Neuromarketing\\Neuromarketing\\Pilot\\data\\458330_Priming_gender_2025-09-25_15h35.46.794.csv'
0.0841 	WARNING 	Stopping key buffers but this could be dangerous ifother keyboards rely on the same.
0.1213 	WARNING 	Stopping key buffers but this could be dangerous ifother keyboards rely on the same.
