7.0806 	INFO 	Loaded monitor calibration from ['2025_09_24 10:44']
7.0963 	WARNING 	User requested fullscreen with size [1024  768], but screen is actually [1920, 1080]. Using actual size
7.2886 	INFO 	Using renderer 'AMD Radeon(TM) Graphics' for graphics
7.2886 	INFO 	OpenGL version supported by driver is 4..
7.3256 	EXP 	Created window1 = Window(allowGUI=False, allowStencil=True, autoLog=True, backendConf=UNKNOWN, backgroundFit=<method-wrapper '__getattribute__' of attributeSetter object at 0x000001B45A4A3370>, backgroundImage=<method-wrapper '__getattribute__' of attributeSetter object at 0x000001B45A4A3310>, bitsMode=UNKNOWN, blendMode='avg', bpc=(8, 8, 8), color=array([0, 0, 0]), colorSpace='rgb', depthBits=8, fullscr=True, gamma=None, gammaErrorPolicy='raise', infoMsg=UNKNOWN, lms=UNKNOWN, monitor=<psychopy.monitors.calibTools.Monitor object at 0x000001B45A5552A0>, multiSample=False, name='window1', numSamples=2, pos=[np.float64(0.0), np.float64(0.0)], screen=0, size=array([1920, 1080]), stencilBits=8, stereo=False, title='PsychoPy', units='height', useFBO=True, useRetina=False, viewOri=0.0, viewPos=None, viewScale=None, waitBlanking=True, winType='pyglet')
7.3257 	EXP 	window1: backgroundImage = ''
7.3257 	EXP 	window1: backgroundFit = 'none'
7.6898 	EXP 	window1: Attempting to measure frame rate of screen (0) ...
7.6898 	EXP 	window1: recordFrameIntervals = False
7.9172 	EXP 	window1: recordFrameIntervals = True
8.1016 	EXP 	Screen (0) actual frame rate measured at 59.83Hz
8.1016 	EXP 	window1: recordFrameIntervals = False
8.1603 	INFO 	keyboard.Keyboard is using ptb backend.
8.1604 	INFO 	keyboard.Keyboard is using ptb backend.
8.1604 	INFO 	keyboard.Keyboard is using ptb backend.
8.1605 	EXP 	Priming_gender: status = STARTED
8.2356 	EXP 	Created MAN = TextStim(__class__=<class 'psychopy.visual.text.TextStim'>, alignHoriz=method-wrapper(...), alignText='center', alignVert=method-wrapper(...), anchorHoriz='center', anchorVert='center', antialias=True, autoDraw=False, autoLog=True, bold=False, color=array([1., 1., 1.]), colorSpace='rgb', contrast=1.0, depth=0.0, draggable=False, flipHoriz=False, flipVert=False, font='Arial', fontFiles=[], height=np.float64(0.1), italic=False, languageStyle='LTR', name='MAN', opacity=1, ori=0.0, pos=array([0.8, 0.8]), rgb=UNKNOWN, text='MAN', units='norm', win=Window(...), wrapWidth=1)
8.2404 	EXP 	Created WOMAN = TextStim(__class__=<class 'psychopy.visual.text.TextStim'>, alignHoriz=method-wrapper(...), alignText='center', alignVert=method-wrapper(...), anchorHoriz='center', anchorVert='center', antialias=True, autoDraw=False, autoLog=True, bold=False, color=array([1., 1., 1.]), colorSpace='rgb', contrast=1.0, depth=-1.0, draggable=False, flipHoriz=False, flipVert=False, font='Arial', fontFiles=[], height=np.float64(0.1), italic=False, languageStyle='LTR', name='WOMAN', opacity=1, ori=0.0, pos=array([-0.8,  0.8]), rgb=UNKNOWN, text='WOMAN', units='norm', win=Window(...), wrapWidth=1)
8.2443 	EXP 	Created pic = ImageStim(__class__=<class 'psychopy.visual.image.ImageStim'>, anchor=('center', 'center'), autoLog=True, color=array([1., 1., 1.]), colorSpace='rgb', contrast=1.0, depth=-2.0, draggable=False, flipHoriz=np.False_, flipVert=np.False_, image='default.png', interpolate=True, mask=None, maskParams=None, name='pic', opacity=1, ori=0.0, pos=array([0., 0.]), size=array([1., 1.]), texRes=128.0, units='norm', win=Window(...))
8.2467 	EXP 	Created error_feedback = ShapeStim(__class__=<class 'psychopy.visual.shape.ShapeStim'>, anchor=('center', 'center'), autoDraw=False, autoLog=True, closeShape=True, color=method-wrapper(...), colorSpace='rgb', contrast=None, depth=-4.0, draggable=False, fillColor=array([ 1, -1, -1]), fillColorSpace='rgb', fillRGB=array([ 1, -1, -1]), interpolate=True, lineColor=array([ 1., -1., -1.]), lineColorSpace='rgb', lineRGB=array([ 1, -1, -1]), lineWidth=1.0, name='error_feedback', opacity=1, ori=45.0, pos=array([0., 0.]), size=array([0.5, 0.5]), units='norm', vertices=ndarray(...), win=Window(...), windingRule=None)
8.2487 	EXP 	Created MAN_3 = TextStim(__class__=<class 'psychopy.visual.text.TextStim'>, alignHoriz=method-wrapper(...), alignText='center', alignVert=method-wrapper(...), anchorHoriz='center', anchorVert='center', antialias=True, autoDraw=False, autoLog=True, bold=False, color=array([1., 1., 1.]), colorSpace='rgb', contrast=1.0, depth=0.0, draggable=False, flipHoriz=False, flipVert=False, font='Arial', fontFiles=[], height=np.float64(0.1), italic=False, languageStyle='LTR', name='MAN_3', opacity=1, ori=0.0, pos=array([0.8, 0.8]), rgb=UNKNOWN, text='MAN', units='norm', win=Window(...), wrapWidth=1)
8.2506 	EXP 	Created WOMAN_3 = TextStim(__class__=<class 'psychopy.visual.text.TextStim'>, alignHoriz=method-wrapper(...), alignText='center', alignVert=method-wrapper(...), anchorHoriz='center', anchorVert='center', antialias=True, autoDraw=False, autoLog=True, bold=False, color=array([1., 1., 1.]), colorSpace='rgb', contrast=1.0, depth=-1.0, draggable=False, flipHoriz=False, flipVert=False, font='Arial', fontFiles=[], height=np.float64(0.1), italic=False, languageStyle='LTR', name='WOMAN_3', opacity=1, ori=0.0, pos=array([-0.8,  0.8]), rgb=UNKNOWN, text='WOMAN', units='norm', win=Window(...), wrapWidth=1)
8.2757 	EXP 	Created pic_2 = ImageStim(__class__=<class 'psychopy.visual.image.ImageStim'>, anchor=('center', 'center'), autoLog=True, color=array([1., 1., 1.]), colorSpace='rgb', contrast=1.0, depth=-3.0, draggable=False, flipHoriz=np.False_, flipVert=np.False_, image='default.png', interpolate=True, mask=None, maskParams=None, name='pic_2', opacity=1, ori=0.0, pos=array([0., 0.]), size=array([1., 1.]), texRes=128.0, units='norm', win=Window(...))
0.0062 	EXP 	name_2: autoLog = True
0.0116 	EXP 	Imported Training loop.csv as conditions, 2 conditions, 6 params
0.0120 	EXP 	New trial (rep=0, index=0): <Trial 0 (0 in rep 0) data={'Male': 'นเรศ', 'Female': 'พิมพ์ใจ', 'Image': 'women.png', 'Name': 'นเรศ', 'ImagePriming': 'men.png', 'NamePriming': 'นเรศ', 'thisN': 0, 'thisTrialN': 0, 'thisRepN': 0}>
0.0362 	INFO 	Keyboard events cleared
0.0361 	EXP 	pic: image = 'women.png'
0.0361 	EXP 	MAN: autoDraw = True
0.0361 	EXP 	WOMAN: autoDraw = True
0.0361 	EXP 	pic: autoDraw = True
1.1595 	EXP 	Device response: <KeyPress from None: t=1.1545252000214532, value=k, duration=None>
1.1597 	EXP 	New trial (rep=0, index=1): <Trial 1 (1 in rep 0) data={'Male': 'กฤษณะ', 'Female': 'กาญจนา', 'Image': 'men.png', 'Name': 'กฤษณะ', 'ImagePriming': 'men.png', 'NamePriming': 'กฤษณะ', 'thisN': 1, 'thisTrialN': 1, 'thisRepN': 0}>
1.1794 	DATA 	Keypress: k
1.1846 	INFO 	Keyboard events cleared
1.1845 	EXP 	error_feedback: autoDraw = True
1.1845 	EXP 	MAN: autoDraw = False
1.1845 	EXP 	WOMAN: autoDraw = False
1.1845 	EXP 	pic: autoDraw = False
1.1845 	EXP 	error_feedback: autoDraw = False
1.1845 	EXP 	pic: image = 'men.png'
1.1845 	EXP 	MAN: autoDraw = True
1.1845 	EXP 	WOMAN: autoDraw = True
1.1845 	EXP 	pic: autoDraw = True
1.2748 	EXP 	Device response: <KeyPress from None: t=1.1545252000214532, value=k, duration=0.11063949996605515>
1.6250 	EXP 	Device response: <KeyPress from None: t=1.6219842999707907, value=j, duration=None>
1.6253 	EXP 	New trial (rep=1, index=2): <Trial 2 (2 in rep 1) data={'Male': 'นเรศ', 'Female': 'พิมพ์ใจ', 'Image': 'women.png', 'Name': 'นเรศ', 'ImagePriming': 'men.png', 'NamePriming': 'นเรศ', 'thisN': 2, 'thisTrialN': 2, 'thisRepN': 1}>
1.6436 	DATA 	Keypress: j
1.6485 	INFO 	Keyboard events cleared
1.6484 	EXP 	error_feedback: autoDraw = False
1.6484 	EXP 	MAN: autoDraw = False
1.6484 	EXP 	WOMAN: autoDraw = False
1.6484 	EXP 	pic: autoDraw = False
1.6484 	EXP 	error_feedback: autoDraw = False
1.6484 	EXP 	pic: image = 'women.png'
1.6484 	EXP 	MAN: autoDraw = True
1.6484 	EXP 	WOMAN: autoDraw = True
1.6484 	EXP 	pic: autoDraw = True
1.7417 	EXP 	Device response: <KeyPress from None: t=1.6219842999707907, value=j, duration=0.10371679998934269>
1.8416 	EXP 	Device response: <KeyPress from None: t=1.8300453999545425, value=j, duration=None>
1.8419 	EXP 	New trial (rep=1, index=3): <Trial 3 (3 in rep 1) data={'Male': 'กฤษณะ', 'Female': 'กาญจนา', 'Image': 'men.png', 'Name': 'กฤษณะ', 'ImagePriming': 'men.png', 'NamePriming': 'กฤษณะ', 'thisN': 3, 'thisTrialN': 3, 'thisRepN': 1}>
1.8622 	DATA 	Keypress: j
1.8671 	INFO 	Keyboard events cleared
1.8670 	EXP 	error_feedback: autoDraw = False
1.8670 	EXP 	MAN: autoDraw = False
1.8670 	EXP 	WOMAN: autoDraw = False
1.8670 	EXP 	pic: autoDraw = False
1.8670 	EXP 	error_feedback: autoDraw = False
1.8670 	EXP 	pic: image = 'men.png'
1.8670 	EXP 	MAN: autoDraw = True
1.8670 	EXP 	WOMAN: autoDraw = True
1.8670 	EXP 	pic: autoDraw = True
1.9096 	EXP 	Device response: <KeyPress from None: t=1.8300453999545425, value=j, duration=0.07534700003452599>
2.0245 	EXP 	Device response: <KeyPress from None: t=2.0205358000239357, value=j, duration=None>
2.0248 	EXP 	New trial (rep=2, index=4): <Trial 4 (4 in rep 2) data={'Male': 'กฤษณะ', 'Female': 'กาญจนา', 'Image': 'men.png', 'Name': 'กฤษณะ', 'ImagePriming': 'men.png', 'NamePriming': 'กฤษณะ', 'thisN': 4, 'thisTrialN': 4, 'thisRepN': 2}>
2.0449 	DATA 	Keypress: j
2.0501 	INFO 	Keyboard events cleared
2.0500 	EXP 	error_feedback: autoDraw = False
2.0500 	EXP 	MAN: autoDraw = False
2.0500 	EXP 	WOMAN: autoDraw = False
2.0500 	EXP 	pic: autoDraw = False
2.0500 	EXP 	error_feedback: autoDraw = False
2.0500 	EXP 	pic: image = 'men.png'
2.0500 	EXP 	MAN: autoDraw = True
2.0500 	EXP 	WOMAN: autoDraw = True
2.0500 	EXP 	pic: autoDraw = True
2.0914 	EXP 	Device response: <KeyPress from None: t=2.0205358000239357, value=j, duration=0.05570529995020479>
2.2244 	EXP 	Device response: <KeyPress from None: t=2.2192216999828815, value=j, duration=None>
2.2247 	EXP 	New trial (rep=2, index=5): <Trial 5 (5 in rep 2) data={'Male': 'นเรศ', 'Female': 'พิมพ์ใจ', 'Image': 'women.png', 'Name': 'นเรศ', 'ImagePriming': 'men.png', 'NamePriming': 'นเรศ', 'thisN': 5, 'thisTrialN': 5, 'thisRepN': 2}>
2.2445 	DATA 	Keypress: j
2.2502 	INFO 	Keyboard events cleared
2.2500 	EXP 	error_feedback: autoDraw = False
2.2500 	EXP 	MAN: autoDraw = False
2.2500 	EXP 	WOMAN: autoDraw = False
2.2500 	EXP 	pic: autoDraw = False
2.2500 	EXP 	error_feedback: autoDraw = False
2.2500 	EXP 	pic: image = 'women.png'
2.2500 	EXP 	MAN: autoDraw = True
2.2500 	EXP 	WOMAN: autoDraw = True
2.2500 	EXP 	pic: autoDraw = True
2.3250 	EXP 	Device response: <KeyPress from None: t=2.2192216999828815, value=j, duration=0.09608130005653948>
2.5250 	EXP 	Device response: <KeyPress from None: t=2.515654999995604, value=j, duration=None>
2.5253 	EXP 	New trial (rep=3, index=6): <Trial 6 (6 in rep 3) data={'Male': 'นเรศ', 'Female': 'พิมพ์ใจ', 'Image': 'women.png', 'Name': 'นเรศ', 'ImagePriming': 'men.png', 'NamePriming': 'นเรศ', 'thisN': 6, 'thisTrialN': 6, 'thisRepN': 3}>
2.5451 	DATA 	Keypress: j
2.5504 	INFO 	Keyboard events cleared
2.5503 	EXP 	error_feedback: autoDraw = False
2.5503 	EXP 	MAN: autoDraw = False
2.5503 	EXP 	WOMAN: autoDraw = False
2.5503 	EXP 	pic: autoDraw = False
2.5503 	EXP 	error_feedback: autoDraw = False
2.5503 	EXP 	pic: image = 'women.png'
2.5503 	EXP 	MAN: autoDraw = True
2.5503 	EXP 	WOMAN: autoDraw = True
2.5503 	EXP 	pic: autoDraw = True
2.6080 	EXP 	Device response: <KeyPress from None: t=2.515654999995604, value=j, duration=0.08898320002481341>
2.7417 	EXP 	Device response: <KeyPress from None: t=2.7267090999521315, value=j, duration=None>
2.7421 	EXP 	New trial (rep=3, index=7): <Trial 7 (7 in rep 3) data={'Male': 'กฤษณะ', 'Female': 'กาญจนา', 'Image': 'men.png', 'Name': 'กฤษณะ', 'ImagePriming': 'men.png', 'NamePriming': 'กฤษณะ', 'thisN': 7, 'thisTrialN': 7, 'thisRepN': 3}>
2.7612 	DATA 	Keypress: j
2.7668 	INFO 	Keyboard events cleared
2.7666 	EXP 	error_feedback: autoDraw = False
2.7666 	EXP 	MAN: autoDraw = False
2.7666 	EXP 	WOMAN: autoDraw = False
2.7666 	EXP 	pic: autoDraw = False
2.7666 	EXP 	error_feedback: autoDraw = False
2.7666 	EXP 	pic: image = 'men.png'
2.7666 	EXP 	MAN: autoDraw = True
2.7666 	EXP 	WOMAN: autoDraw = True
2.7666 	EXP 	pic: autoDraw = True
2.7914 	EXP 	Device response: <KeyPress from None: t=2.7267090999521315, value=j, duration=0.05454850010573864>
2.9925 	DATA 	Keypress: j
3.0085 	EXP 	Device response: <KeyPress from None: t=2.9921482000499964, value=j, duration=None>
3.0087 	EXP 	New trial (rep=4, index=8): <Trial 8 (8 in rep 4) data={'Male': 'นเรศ', 'Female': 'พิมพ์ใจ', 'Image': 'women.png', 'Name': 'นเรศ', 'ImagePriming': 'men.png', 'NamePriming': 'นเรศ', 'thisN': 8, 'thisTrialN': 8, 'thisRepN': 4}>
3.0336 	INFO 	Keyboard events cleared
3.0335 	EXP 	error_feedback: autoDraw = False
3.0335 	EXP 	MAN: autoDraw = False
3.0335 	EXP 	WOMAN: autoDraw = False
3.0335 	EXP 	pic: autoDraw = False
3.0335 	EXP 	error_feedback: autoDraw = False
3.0335 	EXP 	pic: image = 'women.png'
3.0335 	EXP 	MAN: autoDraw = True
3.0335 	EXP 	WOMAN: autoDraw = True
3.0335 	EXP 	pic: autoDraw = True
3.0915 	EXP 	Device response: <KeyPress from None: t=2.9921482000499964, value=j, duration=0.09066569991409779>
3.2243 	EXP 	Device response: <KeyPress from None: t=3.223429700010456, value=j, duration=None>
3.2245 	EXP 	New trial (rep=5, index=9): <Trial 9 (9 in rep 5) data={'Male': 'นเรศ', 'Female': 'พิมพ์ใจ', 'Image': 'women.png', 'Name': 'นเรศ', 'ImagePriming': 'men.png', 'NamePriming': 'นเรศ', 'thisN': 9, 'thisTrialN': 9, 'thisRepN': 5}>
3.2441 	DATA 	Keypress: j
3.2491 	INFO 	Keyboard events cleared
3.2490 	EXP 	error_feedback: autoDraw = False
3.2490 	EXP 	MAN: autoDraw = False
3.2490 	EXP 	WOMAN: autoDraw = False
3.2490 	EXP 	pic: autoDraw = False
3.2490 	EXP 	error_feedback: autoDraw = False
3.2490 	EXP 	pic: image = 'women.png'
3.2490 	EXP 	MAN: autoDraw = True
3.2490 	EXP 	WOMAN: autoDraw = True
3.2490 	EXP 	pic: autoDraw = True
3.2747 	EXP 	Device response: <KeyPress from None: t=3.223429700010456, value=j, duration=0.037836499977856874>
3.4404 	EXP 	Device response: <KeyPress from None: t=3.4354984000092372, value=k, duration=None>
3.4406 	EXP 	New trial (rep=4, index=10): <Trial 10 (10 in rep 4) data={'Male': 'กฤษณะ', 'Female': 'กาญจนา', 'Image': 'men.png', 'Name': 'กฤษณะ', 'ImagePriming': 'men.png', 'NamePriming': 'กฤษณะ', 'thisN': 10, 'thisTrialN': 10, 'thisRepN': 4}>
3.4599 	DATA 	Keypress: k
3.4654 	INFO 	Keyboard events cleared
3.4653 	EXP 	error_feedback: autoDraw = True
3.4653 	EXP 	MAN: autoDraw = False
3.4653 	EXP 	WOMAN: autoDraw = False
3.4653 	EXP 	pic: autoDraw = False
3.4653 	EXP 	error_feedback: autoDraw = False
3.4653 	EXP 	pic: image = 'men.png'
3.4653 	EXP 	MAN: autoDraw = True
3.4653 	EXP 	WOMAN: autoDraw = True
3.4653 	EXP 	pic: autoDraw = True
3.5411 	EXP 	Device response: <KeyPress from None: t=3.4354984000092372, value=k, duration=0.10146789997816086>
3.6416 	EXP 	Device response: <KeyPress from None: t=3.6258940000552684, value=k, duration=None>
3.6419 	EXP 	New trial (rep=5, index=11): <Trial 11 (11 in rep 5) data={'Male': 'กฤษณะ', 'Female': 'กาญจนา', 'Image': 'men.png', 'Name': 'กฤษณะ', 'ImagePriming': 'men.png', 'NamePriming': 'กฤษณะ', 'thisN': 11, 'thisTrialN': 11, 'thisRepN': 5}>
3.6619 	DATA 	Keypress: k
3.6679 	INFO 	Keyboard events cleared
3.6677 	EXP 	error_feedback: autoDraw = True
3.6677 	EXP 	MAN: autoDraw = False
3.6677 	EXP 	WOMAN: autoDraw = False
3.6677 	EXP 	pic: autoDraw = False
3.6677 	EXP 	error_feedback: autoDraw = False
3.6677 	EXP 	pic: image = 'men.png'
3.6677 	EXP 	MAN: autoDraw = True
3.6677 	EXP 	WOMAN: autoDraw = True
3.6677 	EXP 	pic: autoDraw = True
3.7073 	EXP 	Device response: <KeyPress from None: t=3.6258940000552684, value=k, duration=0.07185919990297407>
3.7742 	EXP 	Device response: <KeyPress from None: t=3.7676101999823004, value=k, duration=None>
3.7746 	EXP 	New trial (rep=6, index=12): <Trial 12 (12 in rep 6) data={'Male': 'นเรศ', 'Female': 'พิมพ์ใจ', 'Image': 'women.png', 'Name': 'นเรศ', 'ImagePriming': 'men.png', 'NamePriming': 'นเรศ', 'thisN': 12, 'thisTrialN': 12, 'thisRepN': 6}>
3.7947 	DATA 	Keypress: k
3.7987 	INFO 	Keyboard events cleared
3.7986 	EXP 	error_feedback: autoDraw = True
3.7986 	EXP 	MAN: autoDraw = False
3.7986 	EXP 	WOMAN: autoDraw = False
3.7986 	EXP 	pic: autoDraw = False
3.7986 	EXP 	error_feedback: autoDraw = False
3.7986 	EXP 	pic: image = 'women.png'
3.7986 	EXP 	MAN: autoDraw = True
3.7986 	EXP 	WOMAN: autoDraw = True
3.7986 	EXP 	pic: autoDraw = True
3.8578 	EXP 	Device response: <KeyPress from None: t=3.7676101999823004, value=k, duration=0.08192899997811764>
3.9404 	EXP 	Device response: <KeyPress from None: t=3.934553900035098, value=k, duration=None>
3.9406 	EXP 	New trial (rep=7, index=13): <Trial 13 (13 in rep 7) data={'Male': 'นเรศ', 'Female': 'พิมพ์ใจ', 'Image': 'women.png', 'Name': 'นเรศ', 'ImagePriming': 'men.png', 'NamePriming': 'นเรศ', 'thisN': 13, 'thisTrialN': 13, 'thisRepN': 7}>
3.9600 	DATA 	Keypress: k
3.9640 	INFO 	Keyboard events cleared
3.9638 	EXP 	error_feedback: autoDraw = True
3.9638 	EXP 	MAN: autoDraw = False
3.9638 	EXP 	WOMAN: autoDraw = False
3.9638 	EXP 	pic: autoDraw = False
3.9638 	EXP 	error_feedback: autoDraw = False
3.9638 	EXP 	pic: image = 'women.png'
3.9638 	EXP 	MAN: autoDraw = True
3.9638 	EXP 	WOMAN: autoDraw = True
3.9638 	EXP 	pic: autoDraw = True
4.0075 	EXP 	Device response: <KeyPress from None: t=3.934553900035098, value=k, duration=0.07170029997359961>
4.0905 	EXP 	Device response: <KeyPress from None: t=4.089428100036457, value=k, duration=None>
4.0907 	EXP 	New trial (rep=6, index=14): <Trial 14 (14 in rep 6) data={'Male': 'กฤษณะ', 'Female': 'กาญจนา', 'Image': 'men.png', 'Name': 'กฤษณะ', 'ImagePriming': 'men.png', 'NamePriming': 'กฤษณะ', 'thisN': 14, 'thisTrialN': 14, 'thisRepN': 6}>
4.1102 	DATA 	Keypress: k
4.1142 	INFO 	Keyboard events cleared
4.1141 	EXP 	error_feedback: autoDraw = True
4.1141 	EXP 	MAN: autoDraw = False
4.1141 	EXP 	WOMAN: autoDraw = False
4.1141 	EXP 	pic: autoDraw = False
4.1141 	EXP 	error_feedback: autoDraw = False
4.1141 	EXP 	pic: image = 'men.png'
4.1141 	EXP 	MAN: autoDraw = True
4.1141 	EXP 	WOMAN: autoDraw = True
4.1141 	EXP 	pic: autoDraw = True
4.1903 	EXP 	Device response: <KeyPress from None: t=4.089428100036457, value=k, duration=0.08536019991151989>
4.3744 	EXP 	Device response: <KeyPress from None: t=4.362305999966338, value=j, duration=None>
4.3747 	EXP 	New trial (rep=8, index=15): <Trial 15 (15 in rep 8) data={'Male': 'นเรศ', 'Female': 'พิมพ์ใจ', 'Image': 'women.png', 'Name': 'นเรศ', 'ImagePriming': 'men.png', 'NamePriming': 'นเรศ', 'thisN': 15, 'thisTrialN': 15, 'thisRepN': 8}>
4.3947 	DATA 	Keypress: j
4.3988 	INFO 	Keyboard events cleared
4.3987 	EXP 	error_feedback: autoDraw = False
4.3987 	EXP 	MAN: autoDraw = False
4.3987 	EXP 	WOMAN: autoDraw = False
4.3987 	EXP 	pic: autoDraw = False
4.3987 	EXP 	error_feedback: autoDraw = False
4.3987 	EXP 	pic: image = 'women.png'
4.3987 	EXP 	MAN: autoDraw = True
4.3987 	EXP 	WOMAN: autoDraw = True
4.3987 	EXP 	pic: autoDraw = True
4.4740 	EXP 	Device response: <KeyPress from None: t=4.362305999966338, value=j, duration=0.09793170006014407>
4.7070 	EXP 	Device response: <KeyPress from None: t=4.705834800028242, value=k, duration=None>
4.7072 	EXP 	New trial (rep=7, index=16): <Trial 16 (16 in rep 7) data={'Male': 'กฤษณะ', 'Female': 'กาญจนา', 'Image': 'men.png', 'Name': 'กฤษณะ', 'ImagePriming': 'men.png', 'NamePriming': 'กฤษณะ', 'thisN': 16, 'thisTrialN': 16, 'thisRepN': 7}>
4.7269 	DATA 	Keypress: k
4.7315 	INFO 	Keyboard events cleared
4.7314 	EXP 	error_feedback: autoDraw = True
4.7314 	EXP 	MAN: autoDraw = False
4.7314 	EXP 	WOMAN: autoDraw = False
4.7314 	EXP 	pic: autoDraw = False
4.7314 	EXP 	error_feedback: autoDraw = False
4.7314 	EXP 	pic: image = 'men.png'
4.7314 	EXP 	MAN: autoDraw = True
4.7314 	EXP 	WOMAN: autoDraw = True
4.7314 	EXP 	pic: autoDraw = True
4.7736 	EXP 	Device response: <KeyPress from None: t=4.705834800028242, value=k, duration=0.05729809997137636>
4.9568 	EXP 	Device response: <KeyPress from None: t=4.948033099994063, value=k, duration=None>
4.9571 	EXP 	New trial (rep=9, index=17): <Trial 17 (17 in rep 9) data={'Male': 'นเรศ', 'Female': 'พิมพ์ใจ', 'Image': 'women.png', 'Name': 'นเรศ', 'ImagePriming': 'men.png', 'NamePriming': 'นเรศ', 'thisN': 17, 'thisTrialN': 17, 'thisRepN': 9}>
4.9768 	DATA 	Keypress: k
4.9809 	INFO 	Keyboard events cleared
4.9808 	EXP 	error_feedback: autoDraw = True
4.9808 	EXP 	MAN: autoDraw = False
4.9808 	EXP 	WOMAN: autoDraw = False
4.9808 	EXP 	pic: autoDraw = False
4.9808 	EXP 	error_feedback: autoDraw = False
4.9808 	EXP 	pic: image = 'women.png'
4.9808 	EXP 	MAN: autoDraw = True
4.9808 	EXP 	WOMAN: autoDraw = True
4.9808 	EXP 	pic: autoDraw = True
5.0239 	EXP 	Device response: <KeyPress from None: t=4.948033099994063, value=k, duration=0.07544789998792112>
5.1571 	EXP 	Device response: <KeyPress from None: t=5.147877600044012, value=k, duration=None>
5.1573 	EXP 	New trial (rep=8, index=18): <Trial 18 (18 in rep 8) data={'Male': 'กฤษณะ', 'Female': 'กาญจนา', 'Image': 'men.png', 'Name': 'กฤษณะ', 'ImagePriming': 'men.png', 'NamePriming': 'กฤษณะ', 'thisN': 18, 'thisTrialN': 18, 'thisRepN': 8}>
5.1780 	DATA 	Keypress: k
5.1822 	INFO 	Keyboard events cleared
5.1821 	EXP 	error_feedback: autoDraw = True
5.1821 	EXP 	MAN: autoDraw = False
5.1821 	EXP 	WOMAN: autoDraw = False
5.1821 	EXP 	pic: autoDraw = False
5.1821 	EXP 	error_feedback: autoDraw = False
5.1821 	EXP 	pic: image = 'men.png'
5.1821 	EXP 	MAN: autoDraw = True
5.1821 	EXP 	WOMAN: autoDraw = True
5.1821 	EXP 	pic: autoDraw = True
5.2071 	EXP 	Device response: <KeyPress from None: t=5.147877600044012, value=k, duration=0.051375199924223125>
5.2907 	EXP 	Device response: <KeyPress from None: t=5.282477700035088, value=k, duration=None>
5.2910 	EXP 	New trial (rep=9, index=19): <Trial 19 (19 in rep 9) data={'Male': 'กฤษณะ', 'Female': 'กาญจนา', 'Image': 'men.png', 'Name': 'กฤษณะ', 'ImagePriming': 'men.png', 'NamePriming': 'กฤษณะ', 'thisN': 19, 'thisTrialN': 19, 'thisRepN': 9}>
5.3123 	DATA 	Keypress: k
5.3165 	INFO 	Keyboard events cleared
5.3163 	EXP 	error_feedback: autoDraw = True
5.3163 	EXP 	MAN: autoDraw = False
5.3163 	EXP 	WOMAN: autoDraw = False
5.3163 	EXP 	pic: autoDraw = False
5.3163 	EXP 	error_feedback: autoDraw = False
5.3163 	EXP 	pic: image = 'men.png'
5.3163 	EXP 	MAN: autoDraw = True
5.3163 	EXP 	WOMAN: autoDraw = True
5.3163 	EXP 	pic: autoDraw = True
5.3904 	EXP 	Device response: <KeyPress from None: t=5.282477700035088, value=k, duration=0.09650159999728203>
5.4569 	EXP 	Device response: <KeyPress from None: t=5.4524411000311375, value=k, duration=None>
5.4572 	EXP 	New trial (rep=10, index=20): <Trial 20 (20 in rep 10) data={'Male': 'กฤษณะ', 'Female': 'กาญจนา', 'Image': 'men.png', 'Name': 'กฤษณะ', 'ImagePriming': 'men.png', 'NamePriming': 'กฤษณะ', 'thisN': 20, 'thisTrialN': 20, 'thisRepN': 10}>
5.4772 	DATA 	Keypress: k
5.4813 	INFO 	Keyboard events cleared
5.4812 	EXP 	error_feedback: autoDraw = True
5.4812 	EXP 	MAN: autoDraw = False
5.4812 	EXP 	WOMAN: autoDraw = False
5.4812 	EXP 	pic: autoDraw = False
5.4812 	EXP 	error_feedback: autoDraw = False
5.4812 	EXP 	pic: image = 'men.png'
5.4812 	EXP 	MAN: autoDraw = True
5.4812 	EXP 	WOMAN: autoDraw = True
5.4812 	EXP 	pic: autoDraw = True
5.5571 	EXP 	Device response: <KeyPress from None: t=5.4524411000311375, value=k, duration=0.09311669995076954>
5.6742 	EXP 	Device response: <KeyPress from None: t=5.663711700006388, value=j, duration=None>
5.6745 	EXP 	New trial (rep=11, index=21): <Trial 21 (21 in rep 11) data={'Male': 'กฤษณะ', 'Female': 'กาญจนา', 'Image': 'men.png', 'Name': 'กฤษณะ', 'ImagePriming': 'men.png', 'NamePriming': 'กฤษณะ', 'thisN': 21, 'thisTrialN': 21, 'thisRepN': 11}>
5.6950 	DATA 	Keypress: j
5.6992 	INFO 	Keyboard events cleared
5.6991 	EXP 	error_feedback: autoDraw = False
5.6991 	EXP 	MAN: autoDraw = False
5.6991 	EXP 	WOMAN: autoDraw = False
5.6991 	EXP 	pic: autoDraw = False
5.6991 	EXP 	error_feedback: autoDraw = False
5.6991 	EXP 	pic: image = 'men.png'
5.6991 	EXP 	MAN: autoDraw = True
5.6991 	EXP 	WOMAN: autoDraw = True
5.6991 	EXP 	pic: autoDraw = True
5.7236 	EXP 	Device response: <KeyPress from None: t=5.663711700006388, value=j, duration=0.05557209998369217>
6.4739 	EXP 	Device response: <KeyPress from None: t=6.463415700010955, value=k, duration=None>
6.4742 	EXP 	New trial (rep=12, index=22): <Trial 22 (22 in rep 12) data={'Male': 'กฤษณะ', 'Female': 'กาญจนา', 'Image': 'men.png', 'Name': 'กฤษณะ', 'ImagePriming': 'men.png', 'NamePriming': 'กฤษณะ', 'thisN': 22, 'thisTrialN': 22, 'thisRepN': 12}>
6.4963 	EXP 	Device response: <KeyPress from None: t=6.463415700010955, value=k, duration=0.023207199992612004>
6.4971 	DATA 	Keypress: k
6.5009 	INFO 	Keyboard events cleared
6.5008 	EXP 	error_feedback: autoDraw = True
6.5008 	EXP 	MAN: autoDraw = False
6.5008 	EXP 	WOMAN: autoDraw = False
6.5008 	EXP 	pic: autoDraw = False
6.5008 	EXP 	error_feedback: autoDraw = False
6.5008 	EXP 	pic: image = 'men.png'
6.5008 	EXP 	MAN: autoDraw = True
6.5008 	EXP 	WOMAN: autoDraw = True
6.5008 	EXP 	pic: autoDraw = True
6.9916 	DATA 	Keypress: k
7.0068 	EXP 	Device response: <KeyPress from None: t=6.990789799951017, value=k, duration=None>
7.0071 	EXP 	New trial (rep=10, index=23): <Trial 23 (23 in rep 10) data={'Male': 'นเรศ', 'Female': 'พิมพ์ใจ', 'Image': 'women.png', 'Name': 'นเรศ', 'ImagePriming': 'men.png', 'NamePriming': 'นเรศ', 'thisN': 23, 'thisTrialN': 23, 'thisRepN': 10}>
7.0291 	INFO 	Keyboard events cleared
7.0289 	EXP 	error_feedback: autoDraw = True
7.0289 	EXP 	MAN: autoDraw = False
7.0289 	EXP 	WOMAN: autoDraw = False
7.0289 	EXP 	pic: autoDraw = False
7.0289 	EXP 	error_feedback: autoDraw = False
7.0289 	EXP 	pic: image = 'women.png'
7.0289 	EXP 	MAN: autoDraw = True
7.0289 	EXP 	WOMAN: autoDraw = True
7.0289 	EXP 	pic: autoDraw = True
7.0737 	EXP 	Device response: <KeyPress from None: t=6.990789799951017, value=k, duration=0.07149870006833225>
7.2237 	EXP 	Device response: <KeyPress from None: t=7.216677000047639, value=k, duration=None>
7.2239 	EXP 	New trial (rep=13, index=24): <Trial 24 (24 in rep 13) data={'Male': 'กฤษณะ', 'Female': 'กาญจนา', 'Image': 'men.png', 'Name': 'กฤษณะ', 'ImagePriming': 'men.png', 'NamePriming': 'กฤษณะ', 'thisN': 24, 'thisTrialN': 24, 'thisRepN': 13}>
7.2442 	DATA 	Keypress: k
7.2485 	INFO 	Keyboard events cleared
7.2484 	EXP 	error_feedback: autoDraw = True
7.2484 	EXP 	MAN: autoDraw = False
7.2484 	EXP 	WOMAN: autoDraw = False
7.2484 	EXP 	pic: autoDraw = False
7.2484 	EXP 	error_feedback: autoDraw = False
7.2484 	EXP 	pic: image = 'men.png'
7.2484 	EXP 	MAN: autoDraw = True
7.2484 	EXP 	WOMAN: autoDraw = True
7.2484 	EXP 	pic: autoDraw = True
7.2907 	EXP 	Device response: <KeyPress from None: t=7.216677000047639, value=k, duration=0.061738799908198416>
7.4067 	EXP 	Device response: <KeyPress from None: t=7.392915099975653, value=k, duration=None>
7.4070 	EXP 	New trial (rep=11, index=25): <Trial 25 (25 in rep 11) data={'Male': 'นเรศ', 'Female': 'พิมพ์ใจ', 'Image': 'women.png', 'Name': 'นเรศ', 'ImagePriming': 'men.png', 'NamePriming': 'นเรศ', 'thisN': 25, 'thisTrialN': 25, 'thisRepN': 11}>
7.4267 	DATA 	Keypress: k
7.4307 	INFO 	Keyboard events cleared
7.4306 	EXP 	error_feedback: autoDraw = True
7.4306 	EXP 	MAN: autoDraw = False
7.4306 	EXP 	WOMAN: autoDraw = False
7.4306 	EXP 	pic: autoDraw = False
7.4306 	EXP 	error_feedback: autoDraw = False
7.4306 	EXP 	pic: image = 'women.png'
7.4306 	EXP 	MAN: autoDraw = True
7.4306 	EXP 	WOMAN: autoDraw = True
7.4306 	EXP 	pic: autoDraw = True
7.4568 	EXP 	Device response: <KeyPress from None: t=7.392915099975653, value=k, duration=0.0537373999832198>
7.5574 	EXP 	Device response: <KeyPress from None: t=7.555986399995163, value=k, duration=None>
7.5578 	EXP 	New trial (rep=14, index=26): <Trial 26 (26 in rep 14) data={'Male': 'กฤษณะ', 'Female': 'กาญจนา', 'Image': 'men.png', 'Name': 'กฤษณะ', 'ImagePriming': 'men.png', 'NamePriming': 'กฤษณะ', 'thisN': 26, 'thisTrialN': 26, 'thisRepN': 14}>
7.5770 	DATA 	Keypress: k
7.5810 	INFO 	Keyboard events cleared
7.5809 	EXP 	error_feedback: autoDraw = True
7.5809 	EXP 	MAN: autoDraw = False
7.5809 	EXP 	WOMAN: autoDraw = False
7.5809 	EXP 	pic: autoDraw = False
7.5809 	EXP 	error_feedback: autoDraw = False
7.5809 	EXP 	pic: image = 'men.png'
7.5809 	EXP 	MAN: autoDraw = True
7.5809 	EXP 	WOMAN: autoDraw = True
7.5809 	EXP 	pic: autoDraw = True
7.6399 	EXP 	Device response: <KeyPress from None: t=7.555986399995163, value=k, duration=0.06836759997531772>
7.7429 	DATA 	Keypress: j
7.7573 	EXP 	Device response: <KeyPress from None: t=7.741488700034097, value=j, duration=None>
7.7577 	EXP 	New trial (rep=12, index=27): <Trial 27 (27 in rep 12) data={'Male': 'นเรศ', 'Female': 'พิมพ์ใจ', 'Image': 'women.png', 'Name': 'นเรศ', 'ImagePriming': 'men.png', 'NamePriming': 'นเรศ', 'thisN': 27, 'thisTrialN': 27, 'thisRepN': 12}>
7.7821 	INFO 	Keyboard events cleared
7.7820 	EXP 	error_feedback: autoDraw = False
7.7820 	EXP 	MAN: autoDraw = False
7.7820 	EXP 	WOMAN: autoDraw = False
7.7820 	EXP 	pic: autoDraw = False
7.7820 	EXP 	error_feedback: autoDraw = False
7.7820 	EXP 	pic: image = 'women.png'
7.7820 	EXP 	MAN: autoDraw = True
7.7820 	EXP 	WOMAN: autoDraw = True
7.7820 	EXP 	pic: autoDraw = True
7.8236 	EXP 	Device response: <KeyPress from None: t=7.741488700034097, value=j, duration=0.06976639991626143>
7.9741 	EXP 	Device response: <KeyPress from None: t=7.961851399973966, value=k, duration=None>
7.9744 	EXP 	New trial (rep=13, index=28): <Trial 28 (28 in rep 13) data={'Male': 'นเรศ', 'Female': 'พิมพ์ใจ', 'Image': 'women.png', 'Name': 'นเรศ', 'ImagePriming': 'men.png', 'NamePriming': 'นเรศ', 'thisN': 28, 'thisTrialN': 28, 'thisRepN': 13}>
7.9941 	DATA 	Keypress: k
7.9985 	INFO 	Keyboard events cleared
7.9984 	EXP 	error_feedback: autoDraw = True
7.9984 	EXP 	MAN: autoDraw = False
7.9984 	EXP 	WOMAN: autoDraw = False
7.9984 	EXP 	pic: autoDraw = False
7.9984 	EXP 	error_feedback: autoDraw = False
7.9984 	EXP 	pic: image = 'women.png'
7.9984 	EXP 	MAN: autoDraw = True
7.9984 	EXP 	WOMAN: autoDraw = True
7.9984 	EXP 	pic: autoDraw = True
8.0736 	EXP 	Device response: <KeyPress from None: t=7.961851399973966, value=k, duration=0.0985845000250265>
8.1238 	EXP 	Device response: <KeyPress from None: t=8.121576400008053, value=j, duration=None>
8.1241 	EXP 	New trial (rep=14, index=29): <Trial 29 (29 in rep 14) data={'Male': 'นเรศ', 'Female': 'พิมพ์ใจ', 'Image': 'women.png', 'Name': 'นเรศ', 'ImagePriming': 'men.png', 'NamePriming': 'นเรศ', 'thisN': 29, 'thisTrialN': 29, 'thisRepN': 14}>
8.1443 	DATA 	Keypress: j
8.1484 	INFO 	Keyboard events cleared
8.1482 	EXP 	error_feedback: autoDraw = False
8.1482 	EXP 	MAN: autoDraw = False
8.1482 	EXP 	WOMAN: autoDraw = False
8.1482 	EXP 	pic: autoDraw = False
8.1482 	EXP 	error_feedback: autoDraw = False
8.1482 	EXP 	pic: image = 'women.png'
8.1482 	EXP 	MAN: autoDraw = True
8.1482 	EXP 	WOMAN: autoDraw = True
8.1482 	EXP 	pic: autoDraw = True
8.2238 	EXP 	Device response: <KeyPress from None: t=8.121576400008053, value=j, duration=0.08562739996705204>
8.3238 	EXP 	Device response: <KeyPress from None: t=8.315707799978554, value=k, duration=None>
8.3240 	EXP 	New trial (rep=15, index=30): <Trial 30 (30 in rep 15) data={'Male': 'นเรศ', 'Female': 'พิมพ์ใจ', 'Image': 'women.png', 'Name': 'นเรศ', 'ImagePriming': 'men.png', 'NamePriming': 'นเรศ', 'thisN': 30, 'thisTrialN': 30, 'thisRepN': 15}>
8.3430 	DATA 	Keypress: k
8.3480 	INFO 	Keyboard events cleared
8.3479 	EXP 	error_feedback: autoDraw = True
8.3479 	EXP 	MAN: autoDraw = False
8.3479 	EXP 	WOMAN: autoDraw = False
8.3479 	EXP 	pic: autoDraw = False
8.3479 	EXP 	error_feedback: autoDraw = False
8.3479 	EXP 	pic: image = 'women.png'
8.3479 	EXP 	MAN: autoDraw = True
8.3479 	EXP 	WOMAN: autoDraw = True
8.3479 	EXP 	pic: autoDraw = True
8.4237 	EXP 	Device response: <KeyPress from None: t=8.315707799978554, value=k, duration=0.10106820007786155>
8.4410 	EXP 	Device response: <KeyPress from None: t=8.429742699954659, value=j, duration=None>
8.4413 	EXP 	New trial (rep=15, index=31): <Trial 31 (31 in rep 15) data={'Male': 'กฤษณะ', 'Female': 'กาญจนา', 'Image': 'men.png', 'Name': 'กฤษณะ', 'ImagePriming': 'men.png', 'NamePriming': 'กฤษณะ', 'thisN': 31, 'thisTrialN': 31, 'thisRepN': 15}>
8.4607 	DATA 	Keypress: j
8.4646 	INFO 	Keyboard events cleared
8.4645 	EXP 	error_feedback: autoDraw = False
8.4645 	EXP 	MAN: autoDraw = False
8.4645 	EXP 	WOMAN: autoDraw = False
8.4645 	EXP 	pic: autoDraw = False
8.4645 	EXP 	error_feedback: autoDraw = False
8.4645 	EXP 	pic: image = 'men.png'
8.4645 	EXP 	MAN: autoDraw = True
8.4645 	EXP 	WOMAN: autoDraw = True
8.4645 	EXP 	pic: autoDraw = True
8.5066 	EXP 	Device response: <KeyPress from None: t=8.429742699954659, value=j, duration=0.07288340001832694>
8.5735 	EXP 	Device response: <KeyPress from None: t=8.56325000000652, value=k, duration=None>
8.5738 	EXP 	New trial (rep=16, index=32): <Trial 32 (32 in rep 16) data={'Male': 'กฤษณะ', 'Female': 'กาญจนา', 'Image': 'men.png', 'Name': 'กฤษณะ', 'ImagePriming': 'men.png', 'NamePriming': 'กฤษณะ', 'thisN': 32, 'thisTrialN': 32, 'thisRepN': 16}>
8.5934 	DATA 	Keypress: k
8.5974 	INFO 	Keyboard events cleared
8.5973 	EXP 	error_feedback: autoDraw = True
8.5973 	EXP 	MAN: autoDraw = False
8.5973 	EXP 	WOMAN: autoDraw = False
8.5973 	EXP 	pic: autoDraw = False
8.5973 	EXP 	error_feedback: autoDraw = False
8.5973 	EXP 	pic: image = 'men.png'
8.5973 	EXP 	MAN: autoDraw = True
8.5973 	EXP 	WOMAN: autoDraw = True
8.5973 	EXP 	pic: autoDraw = True
8.6572 	EXP 	Device response: <KeyPress from None: t=8.645861500059254, value=j, duration=None>
8.6576 	EXP 	New trial (rep=16, index=33): <Trial 33 (33 in rep 16) data={'Male': 'นเรศ', 'Female': 'พิมพ์ใจ', 'Image': 'women.png', 'Name': 'นเรศ', 'ImagePriming': 'men.png', 'NamePriming': 'นเรศ', 'thisN': 33, 'thisTrialN': 33, 'thisRepN': 16}>
8.6754 	EXP 	Device response: <KeyPress from None: t=8.56325000000652, value=k, duration=0.10163759998977184>
8.6762 	DATA 	Keypress: j
8.6803 	INFO 	Keyboard events cleared
8.6802 	EXP 	error_feedback: autoDraw = False
8.6802 	EXP 	MAN: autoDraw = False
8.6802 	EXP 	WOMAN: autoDraw = False
8.6802 	EXP 	pic: autoDraw = False
8.6802 	EXP 	error_feedback: autoDraw = False
8.6802 	EXP 	pic: image = 'women.png'
8.6802 	EXP 	MAN: autoDraw = True
8.6802 	EXP 	WOMAN: autoDraw = True
8.6802 	EXP 	pic: autoDraw = True
8.7398 	EXP 	Device response: <KeyPress from None: t=8.645861500059254, value=j, duration=0.07901089999359101>
8.7737 	EXP 	Device response: <KeyPress from None: t=8.767695400048979, value=k, duration=None>
8.7741 	EXP 	New trial (rep=17, index=34): <Trial 34 (34 in rep 17) data={'Male': 'นเรศ', 'Female': 'พิมพ์ใจ', 'Image': 'women.png', 'Name': 'นเรศ', 'ImagePriming': 'men.png', 'NamePriming': 'นเรศ', 'thisN': 34, 'thisTrialN': 34, 'thisRepN': 17}>
8.7932 	DATA 	Keypress: k
8.7972 	INFO 	Keyboard events cleared
8.7971 	EXP 	error_feedback: autoDraw = True
8.7971 	EXP 	MAN: autoDraw = False
8.7971 	EXP 	WOMAN: autoDraw = False
8.7971 	EXP 	pic: autoDraw = False
8.7971 	EXP 	error_feedback: autoDraw = False
8.7971 	EXP 	pic: image = 'women.png'
8.7971 	EXP 	MAN: autoDraw = True
8.7971 	EXP 	WOMAN: autoDraw = True
8.7971 	EXP 	pic: autoDraw = True
8.8574 	EXP 	Device response: <KeyPress from None: t=8.842008500010706, value=j, duration=None>
8.8576 	EXP 	New trial (rep=17, index=35): <Trial 35 (35 in rep 17) data={'Male': 'กฤษณะ', 'Female': 'กาญจนา', 'Image': 'men.png', 'Name': 'กฤษณะ', 'ImagePriming': 'men.png', 'NamePriming': 'กฤษณะ', 'thisN': 35, 'thisTrialN': 35, 'thisRepN': 17}>
8.8741 	EXP 	Device response: <KeyPress from None: t=8.767695400048979, value=k, duration=0.09798029996454716>
8.8748 	DATA 	Keypress: j
8.8787 	INFO 	Keyboard events cleared
8.8786 	EXP 	error_feedback: autoDraw = False
8.8786 	EXP 	MAN: autoDraw = False
8.8786 	EXP 	WOMAN: autoDraw = False
8.8786 	EXP 	pic: autoDraw = False
8.8786 	EXP 	error_feedback: autoDraw = False
8.8786 	EXP 	pic: image = 'men.png'
8.8786 	EXP 	MAN: autoDraw = True
8.8786 	EXP 	WOMAN: autoDraw = True
8.8786 	EXP 	pic: autoDraw = True
8.9233 	EXP 	Device response: <KeyPress from None: t=8.842008500010706, value=j, duration=0.07691780000459403>
8.9565 	EXP 	Device response: <KeyPress from None: t=8.950090100057423, value=k, duration=None>
8.9567 	EXP 	New trial (rep=18, index=36): <Trial 36 (36 in rep 18) data={'Male': 'กฤษณะ', 'Female': 'กาญจนา', 'Image': 'men.png', 'Name': 'กฤษณะ', 'ImagePriming': 'men.png', 'NamePriming': 'กฤษณะ', 'thisN': 36, 'thisTrialN': 36, 'thisRepN': 18}>
8.9763 	DATA 	Keypress: k
8.9807 	INFO 	Keyboard events cleared
8.9806 	EXP 	error_feedback: autoDraw = True
8.9806 	EXP 	MAN: autoDraw = False
8.9806 	EXP 	WOMAN: autoDraw = False
8.9806 	EXP 	pic: autoDraw = False
8.9806 	EXP 	error_feedback: autoDraw = False
8.9806 	EXP 	pic: image = 'men.png'
8.9806 	EXP 	MAN: autoDraw = True
8.9806 	EXP 	WOMAN: autoDraw = True
8.9806 	EXP 	pic: autoDraw = True
9.0239 	EXP 	Device response: <KeyPress from None: t=9.018501100013964, value=j, duration=None>
9.0241 	EXP 	New trial (rep=18, index=37): <Trial 37 (37 in rep 18) data={'Male': 'นเรศ', 'Female': 'พิมพ์ใจ', 'Image': 'women.png', 'Name': 'นเรศ', 'ImagePriming': 'men.png', 'NamePriming': 'นเรศ', 'thisN': 37, 'thisTrialN': 37, 'thisRepN': 18}>
9.0416 	DATA 	Keypress: j
9.0458 	INFO 	Keyboard events cleared
9.0456 	EXP 	error_feedback: autoDraw = False
9.0456 	EXP 	MAN: autoDraw = False
9.0456 	EXP 	WOMAN: autoDraw = False
9.0456 	EXP 	pic: autoDraw = False
9.0456 	EXP 	error_feedback: autoDraw = False
9.0456 	EXP 	pic: image = 'women.png'
9.0456 	EXP 	MAN: autoDraw = True
9.0456 	EXP 	WOMAN: autoDraw = True
9.0456 	EXP 	pic: autoDraw = True
9.0736 	EXP 	Device response: <KeyPress from None: t=9.018501100013964, value=j, duration=0.04594810004346073>
9.1232 	EXP 	Device response: <KeyPress from None: t=9.114324099966325, value=escape, duration=None>
9.1244 	DATA 	Keypress: escape
9.2402 	EXP 	Device response: <KeyPress from None: t=9.114324099966325, value=escape, duration=0.11582400009501725>
9.2402 	EXP 	Priming_gender: status = STOPPED
9.2562 	EXP 	MAN: autoDraw = False
9.2562 	EXP 	WOMAN: autoDraw = False
9.2562 	EXP 	pic: autoDraw = False
9.2565 	EXP 	Priming_gender: status = STOPPED
9.2711 	INFO 	saved data to 'C:\\Users\\engpc\\Downloads\\Neuromarketing\\Neuromarketing\\Pilot\\data\\465780_Priming_gender_2025-09-25_16h45.59.139.csv'
9.2725 	INFO 	saved data to C:\Users\engpc\Downloads\Neuromarketing\Neuromarketing\Pilot\data\465780_Priming_gender_2025-09-25_16h45.59.139.psydat
9.4080 	WARNING 	Stopping key buffers but this could be dangerous ifother keyboards rely on the same.
9.4364 	WARNING 	Stopping key buffers but this could be dangerous ifother keyboards rely on the same.
9.4364 	WARNING 	Stopping key buffers but this could be dangerous ifother keyboards rely on the same.
