6.1850 	INFO 	Loaded monitor calibration from ['2025_09_24 10:44']
6.1947 	WARNING 	User requested fullscreen with size [1024  768], but screen is actually [1920, 1080]. Using actual size
6.3480 	INFO 	Using renderer 'AMD Radeon(TM) Graphics' for graphics
6.3481 	INFO 	OpenGL version supported by driver is 4..
6.3799 	EXP 	Created window1 = Window(allowGUI=False, allowStencil=True, autoLog=True, backendConf=UNKNOWN, backgroundFit=<method-wrapper '__getattribute__' of attributeSetter object at 0x000002A44759E7A0>, backgroundImage=<method-wrapper '__getattribute__' of attributeSetter object at 0x000002A44759E740>, bitsMode=UNKNOWN, blendMode='avg', bpc=(8, 8, 8), color=array([0, 0, 0]), colorSpace='rgb', depthBits=8, fullscr=True, gamma=None, gammaErrorPolicy='raise', infoMsg=UNKNOWN, lms=UNKNOWN, monitor=<psychopy.monitors.calibTools.Monitor object at 0x000002A44765DA50>, multiSample=False, name='window1', numSamples=2, pos=[np.float64(0.0), np.float64(0.0)], screen=0, size=array([1920, 1080]), stencilBits=8, stereo=False, title='PsychoPy', units='height', useFBO=True, useRetina=False, viewOri=0.0, viewPos=None, viewScale=None, waitBlanking=True, winType='pyglet')
6.3799 	EXP 	window1: backgroundImage = ''
6.3799 	EXP 	window1: backgroundFit = 'none'
6.7344 	EXP 	window1: Attempting to measure frame rate of screen (0) ...
6.7345 	EXP 	window1: recordFrameIntervals = False
6.9618 	EXP 	window1: recordFrameIntervals = True
7.1431 	EXP 	Screen (0) actual frame rate measured at 60.43Hz
7.1431 	EXP 	window1: recordFrameIntervals = False
7.1984 	INFO 	keyboard.Keyboard is using ptb backend.
7.1986 	INFO 	keyboard.Keyboard is using ptb backend.
7.1987 	INFO 	keyboard.Keyboard is using ptb backend.
7.1987 	EXP 	Priming_gender: status = STARTED
7.2805 	EXP 	Created MAN = TextStim(__class__=<class 'psychopy.visual.text.TextStim'>, alignHoriz=method-wrapper(...), alignText='center', alignVert=method-wrapper(...), anchorHoriz='center', anchorVert='center', antialias=True, autoDraw=False, autoLog=True, bold=False, color=array([1., 1., 1.]), colorSpace='rgb', contrast=1.0, depth=0.0, draggable=False, flipHoriz=False, flipVert=False, font='Arial', fontFiles=[], height=np.float64(0.1), italic=False, languageStyle='LTR', name='MAN', opacity=1, ori=0.0, pos=array([0.8, 0.8]), rgb=UNKNOWN, text='MAN', units='norm', win=Window(...), wrapWidth=1)
7.2852 	EXP 	Created WOMAN = TextStim(__class__=<class 'psychopy.visual.text.TextStim'>, alignHoriz=method-wrapper(...), alignText='center', alignVert=method-wrapper(...), anchorHoriz='center', anchorVert='center', antialias=True, autoDraw=False, autoLog=True, bold=False, color=array([1., 1., 1.]), colorSpace='rgb', contrast=1.0, depth=-1.0, draggable=False, flipHoriz=False, flipVert=False, font='Arial', fontFiles=[], height=np.float64(0.1), italic=False, languageStyle='LTR', name='WOMAN', opacity=1, ori=0.0, pos=array([-0.8,  0.8]), rgb=UNKNOWN, text='WOMAN', units='norm', win=Window(...), wrapWidth=1)
7.3043 	EXP 	Created MAN_2 = TextStim(__class__=<class 'psychopy.visual.text.TextStim'>, alignHoriz=method-wrapper(...), alignText='center', alignVert=method-wrapper(...), anchorHoriz='center', anchorVert='center', antialias=True, autoDraw=False, autoLog=True, bold=False, color=array([1., 1., 1.]), colorSpace='rgb', contrast=1.0, depth=0.0, draggable=False, flipHoriz=False, flipVert=False, font='Arial', fontFiles=[], height=0.1, italic=False, languageStyle='LTR', name='MAN_2', opacity=1, ori=0.0, pos=array([0.8, 0.8]), rgb=UNKNOWN, text='', units='norm', win=Window(...), wrapWidth=1)
7.3049 	EXP 	Created WOMAN_2 = TextStim(__class__=<class 'psychopy.visual.text.TextStim'>, alignHoriz=method-wrapper(...), alignText='center', alignVert=method-wrapper(...), anchorHoriz='center', anchorVert='center', antialias=True, autoDraw=False, autoLog=True, bold=False, color=array([1., 1., 1.]), colorSpace='rgb', contrast=1.0, depth=-1.0, draggable=False, flipHoriz=False, flipVert=False, font='Arial', fontFiles=[], height=0.1, italic=False, languageStyle='LTR', name='WOMAN_2', opacity=1, ori=0.0, pos=array([-0.8,  0.8]), rgb=UNKNOWN, text='', units='norm', win=Window(...), wrapWidth=1)
0.0058 	EXP 	Mname: autoLog = True
0.0058 	EXP 	Fname: autoLog = True
0.0105 	EXP 	Imported Training loop.csv as conditions, 10 conditions, 2 params
0.0115 	EXP 	New trial (rep=0, index=0): <Trial 0 (0 in rep 0) data={'Male': 'นเรศ', 'Female': 'พิมพ์ใจ', 'thisN': 0, 'thisTrialN': 0, 'thisRepN': 0}>
0.0232 	INFO 	Keyboard events cleared
0.0232 	EXP 	MAN: autoDraw = True
0.0232 	EXP 	WOMAN: autoDraw = True
0.0232 	EXP 	Mname: autoDraw = True
0.9839 	EXP 	Device response: <KeyPress from None: t=0.9716688999906182, value=j, duration=None>
1.0050 	DATA 	Keypress: j
1.0100 	INFO 	Keyboard events cleared
1.0099 	EXP 	MAN: autoDraw = False
1.0099 	EXP 	WOMAN: autoDraw = False
1.0099 	EXP 	Mname: autoDraw = False
1.0099 	EXP 	MAN_2: height = np.float64(0.1)
1.0099 	EXP 	MAN_2: height = np.float64(0.1)
1.0099 	EXP 	MAN_2: height = np.float64(0.1)
1.0099 	EXP 	MAN_2: text = 'MAN'
1.0099 	EXP 	WOMAN_2: height = np.float64(0.1)
1.0099 	EXP 	WOMAN_2: height = np.float64(0.1)
1.0099 	EXP 	WOMAN_2: height = np.float64(0.1)
1.0099 	EXP 	WOMAN_2: text = 'WOMAN'
1.0099 	EXP 	MAN_2: autoDraw = True
1.0099 	EXP 	WOMAN_2: autoDraw = True
1.0099 	EXP 	Fname: autoDraw = True
1.0981 	EXP 	Device response: <KeyPress from None: t=0.9716688999906182, value=j, duration=0.10961800010409206>
1.1651 	EXP 	Device response: <KeyPress from None: t=1.1516938999993727, value=k, duration=None>
1.1654 	EXP 	New trial (rep=0, index=1): <Trial 1 (1 in rep 0) data={'Male': 'ปริญญา', 'Female': 'อาภรณ์', 'thisN': 1, 'thisTrialN': 1, 'thisRepN': 0}>
1.1746 	DATA 	Keypress: k
1.1815 	INFO 	Keyboard events cleared
1.1814 	EXP 	MAN_2: autoDraw = False
1.1814 	EXP 	WOMAN_2: autoDraw = False
1.1814 	EXP 	Fname: autoDraw = False
1.1814 	EXP 	MAN: autoDraw = True
1.1814 	EXP 	WOMAN: autoDraw = True
1.1814 	EXP 	Mname: autoDraw = True
1.2310 	EXP 	Device response: <KeyPress from None: t=1.1516938999993727, value=k, duration=0.06561160006094724>
1.3508 	DATA 	Keypress: k
1.3650 	EXP 	Device response: <KeyPress from None: t=1.3492277000332251, value=k, duration=None>
1.3816 	INFO 	Keyboard events cleared
1.3814 	EXP 	MAN: autoDraw = False
1.3814 	EXP 	WOMAN: autoDraw = False
1.3814 	EXP 	Mname: autoDraw = False
1.3814 	EXP 	MAN_2: text = 'MAN'
1.3814 	EXP 	WOMAN_2: text = 'WOMAN'
1.3814 	EXP 	MAN_2: autoDraw = True
1.3814 	EXP 	WOMAN_2: autoDraw = True
1.3814 	EXP 	Fname: autoDraw = True
1.4146 	EXP 	Device response: <KeyPress from None: t=1.3492277000332251, value=k, duration=0.06488560000434518>
1.5304 	EXP 	Device response: <KeyPress from None: t=1.5177260000491515, value=k, duration=None>
1.5307 	EXP 	New trial (rep=0, index=2): <Trial 2 (2 in rep 0) data={'Male': 'กฤษณะ', 'Female': 'กาญจนา', 'thisN': 2, 'thisTrialN': 2, 'thisRepN': 0}>
1.5415 	DATA 	Keypress: k
1.5478 	INFO 	Keyboard events cleared
1.5477 	EXP 	MAN_2: autoDraw = False
1.5477 	EXP 	WOMAN_2: autoDraw = False
1.5477 	EXP 	Fname: autoDraw = False
1.5477 	EXP 	MAN: autoDraw = True
1.5477 	EXP 	WOMAN: autoDraw = True
1.5477 	EXP 	Mname: autoDraw = True
1.5969 	EXP 	Device response: <KeyPress from None: t=1.5177260000491515, value=k, duration=0.07626160001382232>
1.6806 	EXP 	Device response: <KeyPress from None: t=1.6775607999879867, value=j, duration=None>
1.6834 	DATA 	Keypress: j
1.6970 	INFO 	Keyboard events cleared
1.6969 	EXP 	MAN: autoDraw = False
1.6969 	EXP 	WOMAN: autoDraw = False
1.6969 	EXP 	Mname: autoDraw = False
1.6969 	EXP 	MAN_2: text = 'MAN'
1.6969 	EXP 	WOMAN_2: text = 'WOMAN'
1.6969 	EXP 	MAN_2: autoDraw = True
1.6969 	EXP 	WOMAN_2: autoDraw = True
1.6969 	EXP 	Fname: autoDraw = True
1.7802 	EXP 	Device response: <KeyPress from None: t=1.6775607999879867, value=j, duration=0.09987930010538548>
1.8975 	EXP 	Device response: <KeyPress from None: t=1.8895021000644192, value=k, duration=None>
1.8978 	EXP 	New trial (rep=0, index=3): <Trial 3 (3 in rep 0) data={'Male': 'ชัยวัฒน์', 'Female': 'ศิริพร', 'thisN': 3, 'thisTrialN': 3, 'thisRepN': 0}>
1.9074 	DATA 	Keypress: k
1.9145 	INFO 	Keyboard events cleared
1.9143 	EXP 	MAN_2: autoDraw = False
1.9143 	EXP 	WOMAN_2: autoDraw = False
1.9143 	EXP 	Fname: autoDraw = False
1.9143 	EXP 	MAN: autoDraw = True
1.9143 	EXP 	WOMAN: autoDraw = True
1.9143 	EXP 	Mname: autoDraw = True
1.9812 	EXP 	Device response: <KeyPress from None: t=1.8895021000644192, value=k, duration=0.08735469996463507>
2.0641 	EXP 	Device response: <KeyPress from None: t=2.0553577000973746, value=j, duration=None>
2.0675 	DATA 	Keypress: j
2.0803 	INFO 	Keyboard events cleared
2.0802 	EXP 	MAN: autoDraw = False
2.0802 	EXP 	WOMAN: autoDraw = False
2.0802 	EXP 	Mname: autoDraw = False
2.0802 	EXP 	MAN_2: text = 'MAN'
2.0802 	EXP 	WOMAN_2: text = 'WOMAN'
2.0802 	EXP 	MAN_2: autoDraw = True
2.0802 	EXP 	WOMAN_2: autoDraw = True
2.0802 	EXP 	Fname: autoDraw = True
2.1305 	EXP 	Device response: <KeyPress from None: t=2.0553577000973746, value=j, duration=0.06429249991197139>
2.2471 	EXP 	Device response: <KeyPress from None: t=2.2430133000016212, value=k, duration=None>
2.2474 	EXP 	New trial (rep=0, index=4): <Trial 4 (4 in rep 0) data={'Male': 'ศักดิ์สิทธิ์', 'Female': 'สุนิสา', 'thisN': 4, 'thisTrialN': 4, 'thisRepN': 0}>
2.2567 	DATA 	Keypress: k
2.2645 	INFO 	Keyboard events cleared
2.2645 	EXP 	MAN_2: autoDraw = False
2.2645 	EXP 	WOMAN_2: autoDraw = False
2.2645 	EXP 	Fname: autoDraw = False
2.2645 	EXP 	MAN: autoDraw = True
2.2645 	EXP 	WOMAN: autoDraw = True
2.2645 	EXP 	Mname: autoDraw = True
2.3137 	EXP 	Device response: <KeyPress from None: t=2.2430133000016212, value=k, duration=0.05728599999565631>
2.3970 	EXP 	Device response: <KeyPress from None: t=2.3886576000368223, value=k, duration=None>
2.4023 	DATA 	Keypress: k
2.4145 	INFO 	Keyboard events cleared
2.4143 	EXP 	MAN: autoDraw = False
2.4143 	EXP 	WOMAN: autoDraw = False
2.4143 	EXP 	Mname: autoDraw = False
2.4143 	EXP 	MAN_2: text = 'MAN'
2.4143 	EXP 	WOMAN_2: text = 'WOMAN'
2.4143 	EXP 	MAN_2: autoDraw = True
2.4143 	EXP 	WOMAN_2: autoDraw = True
2.4143 	EXP 	Fname: autoDraw = True
2.4641 	EXP 	Device response: <KeyPress from None: t=2.3886576000368223, value=k, duration=0.07076769997365773>
2.5296 	EXP 	Device response: <KeyPress from None: t=2.519644100102596, value=k, duration=None>
2.5298 	EXP 	New trial (rep=0, index=5): <Trial 5 (5 in rep 0) data={'Male': 'อรรถพล', 'Female': 'สุพัตรา', 'thisN': 5, 'thisTrialN': 5, 'thisRepN': 0}>
2.5358 	DATA 	Keypress: k
2.5475 	INFO 	Keyboard events cleared
2.5474 	EXP 	MAN_2: autoDraw = False
2.5474 	EXP 	WOMAN_2: autoDraw = False
2.5474 	EXP 	Fname: autoDraw = False
2.5474 	EXP 	MAN: autoDraw = True
2.5474 	EXP 	WOMAN: autoDraw = True
2.5474 	EXP 	Mname: autoDraw = True
2.5809 	EXP 	Device response: <KeyPress from None: t=2.519644100102596, value=k, duration=0.052028299891389906>
2.6472 	EXP 	Device response: <KeyPress from None: t=2.6380662000738084, value=k, duration=None>
2.6533 	DATA 	Keypress: k
2.6644 	INFO 	Keyboard events cleared
2.6643 	EXP 	MAN: autoDraw = False
2.6643 	EXP 	WOMAN: autoDraw = False
2.6643 	EXP 	Mname: autoDraw = False
2.6643 	EXP 	MAN_2: text = 'MAN'
2.6643 	EXP 	WOMAN_2: text = 'WOMAN'
2.6643 	EXP 	MAN_2: autoDraw = True
2.6643 	EXP 	WOMAN_2: autoDraw = True
2.6643 	EXP 	Fname: autoDraw = True
2.7304 	EXP 	Device response: <KeyPress from None: t=2.6380662000738084, value=k, duration=0.07932090002577752>
2.7304 	EXP 	Device response: <KeyPress from None: t=2.724093700060621, value=j, duration=None>
2.7307 	EXP 	New trial (rep=0, index=6): <Trial 6 (6 in rep 0) data={'Male': 'ธนพล', 'Female': 'วาสนา', 'thisN': 6, 'thisTrialN': 6, 'thisRepN': 0}>
2.7337 	DATA 	Keypress: j
2.7467 	INFO 	Keyboard events cleared
2.7466 	EXP 	MAN_2: autoDraw = False
2.7466 	EXP 	WOMAN_2: autoDraw = False
2.7466 	EXP 	Fname: autoDraw = False
2.7466 	EXP 	MAN: autoDraw = True
2.7466 	EXP 	WOMAN: autoDraw = True
2.7466 	EXP 	Mname: autoDraw = True
2.8133 	EXP 	Device response: <KeyPress from None: t=2.724093700060621, value=j, duration=0.0853732000105083>
2.8823 	DATA 	Keypress: k
2.8971 	EXP 	Device response: <KeyPress from None: t=2.880903400015086, value=k, duration=None>
2.9134 	INFO 	Keyboard events cleared
2.9133 	EXP 	MAN: autoDraw = False
2.9133 	EXP 	WOMAN: autoDraw = False
2.9133 	EXP 	Mname: autoDraw = False
2.9133 	EXP 	MAN_2: text = 'MAN'
2.9133 	EXP 	WOMAN_2: text = 'WOMAN'
2.9133 	EXP 	MAN_2: autoDraw = True
2.9133 	EXP 	WOMAN_2: autoDraw = True
2.9133 	EXP 	Fname: autoDraw = True
2.9801 	EXP 	Device response: <KeyPress from None: t=2.880903400015086, value=k, duration=0.09568989998660982>
2.9969 	EXP 	Device response: <KeyPress from None: t=2.9866801000898704, value=j, duration=None>
2.9971 	EXP 	New trial (rep=0, index=7): <Trial 7 (7 in rep 0) data={'Male': 'วรพล', 'Female': 'วรรณา', 'thisN': 7, 'thisTrialN': 7, 'thisRepN': 0}>
2.9999 	DATA 	Keypress: j
3.0137 	INFO 	Keyboard events cleared
3.0136 	EXP 	MAN_2: autoDraw = False
3.0136 	EXP 	WOMAN_2: autoDraw = False
3.0136 	EXP 	Fname: autoDraw = False
3.0136 	EXP 	MAN: autoDraw = True
3.0136 	EXP 	WOMAN: autoDraw = True
3.0136 	EXP 	Mname: autoDraw = True
3.0806 	EXP 	Device response: <KeyPress from None: t=2.9866801000898704, value=j, duration=0.0793078999267891>
3.1141 	EXP 	Device response: <KeyPress from None: t=3.101257500005886, value=k, duration=None>
3.1174 	DATA 	Keypress: k
3.1301 	INFO 	Keyboard events cleared
3.1300 	EXP 	MAN: autoDraw = False
3.1300 	EXP 	WOMAN: autoDraw = False
3.1300 	EXP 	Mname: autoDraw = False
3.1300 	EXP 	MAN_2: text = 'MAN'
3.1300 	EXP 	WOMAN_2: text = 'WOMAN'
3.1300 	EXP 	MAN_2: autoDraw = True
3.1300 	EXP 	WOMAN_2: autoDraw = True
3.1300 	EXP 	Fname: autoDraw = True
3.1804 	EXP 	Device response: <KeyPress from None: t=3.17636390007101, value=j, duration=None>
3.1805 	EXP 	New trial (rep=0, index=8): <Trial 8 (8 in rep 0) data={'Male': 'ภูมิพัฒน์', 'Female': 'จิตติมา', 'thisN': 8, 'thisTrialN': 8, 'thisRepN': 0}>
3.1856 	DATA 	Keypress: j
3.1978 	INFO 	Keyboard events cleared
3.1977 	EXP 	MAN_2: autoDraw = False
3.1977 	EXP 	WOMAN_2: autoDraw = False
3.1977 	EXP 	Fname: autoDraw = False
3.1977 	EXP 	MAN: autoDraw = True
3.1977 	EXP 	WOMAN: autoDraw = True
3.1977 	EXP 	Mname: autoDraw = True
3.2636 	EXP 	Device response: <KeyPress from None: t=3.17636390007101, value=j, duration=0.07300700002815574>
3.2832 	DATA 	Keypress: k
3.2972 	EXP 	Device response: <KeyPress from None: t=3.2816921999910846, value=k, duration=None>
3.3136 	INFO 	Keyboard events cleared
3.3135 	EXP 	MAN: autoDraw = False
3.3135 	EXP 	WOMAN: autoDraw = False
3.3135 	EXP 	Mname: autoDraw = False
3.3135 	EXP 	MAN_2: text = 'MAN'
3.3135 	EXP 	WOMAN_2: text = 'WOMAN'
3.3135 	EXP 	MAN_2: autoDraw = True
3.3135 	EXP 	WOMAN_2: autoDraw = True
3.3135 	EXP 	Fname: autoDraw = True
3.3640 	EXP 	Device response: <KeyPress from None: t=3.3597232000902295, value=j, duration=None>
3.3642 	EXP 	New trial (rep=0, index=9): <Trial 9 (9 in rep 0) data={'Male': 'พิสิฐ', 'Female': 'ปัทมา', 'thisN': 9, 'thisTrialN': 9, 'thisRepN': 0}>
3.3698 	DATA 	Keypress: j
3.3812 	INFO 	Keyboard events cleared
3.3810 	EXP 	MAN_2: autoDraw = False
3.3810 	EXP 	WOMAN_2: autoDraw = False
3.3810 	EXP 	Fname: autoDraw = False
3.3810 	EXP 	MAN: autoDraw = True
3.3810 	EXP 	WOMAN: autoDraw = True
3.3810 	EXP 	Mname: autoDraw = True
3.4481 	EXP 	Device response: <KeyPress from None: t=3.3597232000902295, value=j, duration=0.0780660999007523>
3.4637 	EXP 	Device response: <KeyPress from None: t=3.4618279000278562, value=k, duration=None>
3.4671 	DATA 	Keypress: k
3.4798 	INFO 	Keyboard events cleared
3.4798 	EXP 	MAN: autoDraw = False
3.4798 	EXP 	WOMAN: autoDraw = False
3.4798 	EXP 	Mname: autoDraw = False
3.4798 	EXP 	MAN_2: text = 'MAN'
3.4798 	EXP 	WOMAN_2: text = 'WOMAN'
3.4798 	EXP 	MAN_2: autoDraw = True
3.4798 	EXP 	WOMAN_2: autoDraw = True
3.4798 	EXP 	Fname: autoDraw = True
3.5481 	EXP 	Device response: <KeyPress from None: t=3.5456973999971524, value=j, duration=None>
3.5484 	EXP 	New trial (rep=1, index=0): <Trial 10 (0 in rep 1) data={'Male': 'วรพล', 'Female': 'วรรณา', 'thisN': 10, 'thisTrialN': 0, 'thisRepN': 1}>
3.5518 	DATA 	Keypress: j
3.5636 	INFO 	Keyboard events cleared
3.5634 	EXP 	MAN_2: autoDraw = False
3.5634 	EXP 	WOMAN_2: autoDraw = False
3.5634 	EXP 	Fname: autoDraw = False
3.5634 	EXP 	MAN: autoDraw = True
3.5634 	EXP 	WOMAN: autoDraw = True
3.5634 	EXP 	Mname: autoDraw = True
3.6303 	EXP 	Device response: <KeyPress from None: t=3.5456973999971524, value=j, duration=0.06865570007357746>
3.6479 	EXP 	Device response: <KeyPress from None: t=3.645784500055015, value=k, duration=None>
3.6510 	DATA 	Keypress: k
3.6634 	INFO 	Keyboard events cleared
3.6633 	EXP 	MAN: autoDraw = False
3.6633 	EXP 	WOMAN: autoDraw = False
3.6633 	EXP 	Mname: autoDraw = False
3.6633 	EXP 	MAN_2: text = 'MAN'
3.6633 	EXP 	WOMAN_2: text = 'WOMAN'
3.6633 	EXP 	MAN_2: autoDraw = True
3.6633 	EXP 	WOMAN_2: autoDraw = True
3.6633 	EXP 	Fname: autoDraw = True
3.7493 	EXP 	Device response: <KeyPress from None: t=3.101257500005886, value=k, duration=0.643855300033465>
3.7495 	EXP 	Device response: <KeyPress from None: t=3.748838200001046, value=j, duration=None>
3.7518 	DATA 	Keypress: j
3.7646 	EXP 	New trial (rep=1, index=1): <Trial 11 (1 in rep 1) data={'Male': 'ปริญญา', 'Female': 'อาภรณ์', 'thisN': 11, 'thisTrialN': 1, 'thisRepN': 1}>
3.7800 	INFO 	Keyboard events cleared
3.7799 	EXP 	MAN_2: autoDraw = False
3.7799 	EXP 	WOMAN_2: autoDraw = False
3.7799 	EXP 	Fname: autoDraw = False
3.7799 	EXP 	MAN: autoDraw = True
3.7799 	EXP 	WOMAN: autoDraw = True
3.7799 	EXP 	Mname: autoDraw = True
3.7976 	EXP 	Device response: <KeyPress from None: t=3.748838200001046, value=j, duration=0.04789170005824417>
3.8325 	DATA 	Keypress: k
3.8471 	EXP 	Device response: <KeyPress from None: t=3.83207390003372, value=k, duration=None>
3.8633 	INFO 	Keyboard events cleared
3.8632 	EXP 	MAN: autoDraw = False
3.8632 	EXP 	WOMAN: autoDraw = False
3.8632 	EXP 	Mname: autoDraw = False
3.8632 	EXP 	MAN_2: text = 'MAN'
3.8632 	EXP 	WOMAN_2: text = 'WOMAN'
3.8632 	EXP 	MAN_2: autoDraw = True
3.8632 	EXP 	WOMAN_2: autoDraw = True
3.8632 	EXP 	Fname: autoDraw = True
3.9127 	EXP 	Device response: <KeyPress from None: t=3.2816921999910846, value=k, duration=0.6253437000559643>
3.9128 	EXP 	Device response: <KeyPress from None: t=3.9085102000972256, value=j, duration=None>
3.9129 	EXP 	New trial (rep=1, index=2): <Trial 12 (2 in rep 1) data={'Male': 'ภูมิพัฒน์', 'Female': 'จิตติมา', 'thisN': 12, 'thisTrialN': 2, 'thisRepN': 1}>
3.9155 	DATA 	Keypress: j
3.9303 	INFO 	Keyboard events cleared
3.9302 	EXP 	MAN_2: autoDraw = False
3.9302 	EXP 	WOMAN_2: autoDraw = False
3.9302 	EXP 	Fname: autoDraw = False
3.9302 	EXP 	MAN: autoDraw = True
3.9302 	EXP 	WOMAN: autoDraw = True
3.9302 	EXP 	Mname: autoDraw = True
3.9804 	EXP 	Device response: <KeyPress from None: t=3.9085102000972256, value=j, duration=0.06292259995825589>
4.0304 	EXP 	Device response: <KeyPress from None: t=4.018664900097065, value=k, duration=None>
4.0331 	DATA 	Keypress: k
4.0472 	INFO 	Keyboard events cleared
4.0471 	EXP 	MAN: autoDraw = False
4.0471 	EXP 	WOMAN: autoDraw = False
4.0471 	EXP 	Mname: autoDraw = False
4.0471 	EXP 	MAN_2: text = 'MAN'
4.0471 	EXP 	WOMAN_2: text = 'WOMAN'
4.0471 	EXP 	MAN_2: autoDraw = True
4.0471 	EXP 	WOMAN_2: autoDraw = True
4.0471 	EXP 	Fname: autoDraw = True
4.1131 	EXP 	Device response: <KeyPress from None: t=3.4618279000278562, value=k, duration=0.6386213999940082>
4.1132 	EXP 	Device response: <KeyPress from None: t=4.110528800054453, value=j, duration=None>
4.1135 	EXP 	New trial (rep=1, index=3): <Trial 13 (3 in rep 1) data={'Male': 'อรรถพล', 'Female': 'สุพัตรา', 'thisN': 13, 'thisTrialN': 3, 'thisRepN': 1}>
4.1161 	DATA 	Keypress: j
4.1300 	INFO 	Keyboard events cleared
4.1299 	EXP 	MAN_2: autoDraw = False
4.1299 	EXP 	WOMAN_2: autoDraw = False
4.1299 	EXP 	Fname: autoDraw = False
4.1299 	EXP 	MAN: autoDraw = True
4.1299 	EXP 	WOMAN: autoDraw = True
4.1299 	EXP 	Mname: autoDraw = True
4.1970 	EXP 	Device response: <KeyPress from None: t=4.110528800054453, value=j, duration=0.06990240002050996>
4.2330 	DATA 	Keypress: k
4.2479 	EXP 	Device response: <KeyPress from None: t=4.231838900013827, value=k, duration=None>
4.2632 	INFO 	Keyboard events cleared
4.2631 	EXP 	MAN: autoDraw = False
4.2631 	EXP 	WOMAN: autoDraw = False
4.2631 	EXP 	Mname: autoDraw = False
4.2631 	EXP 	MAN_2: text = 'MAN'
4.2631 	EXP 	WOMAN_2: text = 'WOMAN'
4.2631 	EXP 	MAN_2: autoDraw = True
4.2631 	EXP 	WOMAN_2: autoDraw = True
4.2631 	EXP 	Fname: autoDraw = True
4.3642 	EXP 	Device response: <KeyPress from None: t=3.645784500055015, value=k, duration=0.7061183999758214>
4.3644 	EXP 	Device response: <KeyPress from None: t=4.353683700086549, value=j, duration=None>
4.3647 	EXP 	New trial (rep=1, index=4): <Trial 14 (4 in rep 1) data={'Male': 'นเรศ', 'Female': 'พิมพ์ใจ', 'thisN': 14, 'thisTrialN': 4, 'thisRepN': 1}>
4.3655 	EXP 	Device response: <KeyPress from None: t=4.353683700086549, value=j, duration=0.010742299957200885>
4.3677 	DATA 	Keypress: j
4.3798 	INFO 	Keyboard events cleared
4.3797 	EXP 	MAN_2: autoDraw = False
4.3797 	EXP 	WOMAN_2: autoDraw = False
4.3797 	EXP 	Fname: autoDraw = False
4.3797 	EXP 	MAN: autoDraw = True
4.3797 	EXP 	WOMAN: autoDraw = True
4.3797 	EXP 	Mname: autoDraw = True
4.5309 	EXP 	Device response: <KeyPress from None: t=4.518512000096962, value=j, duration=None>
4.5344 	DATA 	Keypress: j
4.5471 	INFO 	Keyboard events cleared
4.5470 	EXP 	MAN: autoDraw = False
4.5470 	EXP 	WOMAN: autoDraw = False
4.5470 	EXP 	Mname: autoDraw = False
4.5470 	EXP 	MAN_2: text = 'MAN'
4.5470 	EXP 	WOMAN_2: text = 'WOMAN'
4.5470 	EXP 	MAN_2: autoDraw = True
4.5470 	EXP 	WOMAN_2: autoDraw = True
4.5470 	EXP 	Fname: autoDraw = True
4.5808 	EXP 	Device response: <KeyPress from None: t=4.518512000096962, value=j, duration=0.05330489994958043>
4.6631 	EXP 	Device response: <KeyPress from None: t=4.652002000017092, value=j, duration=None>
4.6633 	EXP 	New trial (rep=1, index=5): <Trial 15 (5 in rep 1) data={'Male': 'ธนพล', 'Female': 'วาสนา', 'thisN': 15, 'thisTrialN': 5, 'thisRepN': 1}>
4.6663 	DATA 	Keypress: j
4.6794 	INFO 	Keyboard events cleared
4.6793 	EXP 	MAN_2: autoDraw = False
4.6793 	EXP 	WOMAN_2: autoDraw = False
4.6793 	EXP 	Fname: autoDraw = False
4.6793 	EXP 	MAN: autoDraw = True
4.6793 	EXP 	WOMAN: autoDraw = True
4.6793 	EXP 	Mname: autoDraw = True
4.6960 	EXP 	Device response: <KeyPress from None: t=4.652002000017092, value=j, duration=0.03430629998911172>
4.7631 	EXP 	Device response: <KeyPress from None: t=4.752773600048386, value=j, duration=None>
4.7669 	DATA 	Keypress: j
4.7791 	INFO 	Keyboard events cleared
4.7790 	EXP 	MAN: autoDraw = False
4.7790 	EXP 	WOMAN: autoDraw = False
4.7790 	EXP 	Mname: autoDraw = False
4.7790 	EXP 	MAN_2: text = 'MAN'
4.7790 	EXP 	WOMAN_2: text = 'WOMAN'
4.7790 	EXP 	MAN_2: autoDraw = True
4.7790 	EXP 	WOMAN_2: autoDraw = True
4.7790 	EXP 	Fname: autoDraw = True
4.8127 	EXP 	Device response: <KeyPress from None: t=4.752773600048386, value=j, duration=0.05160250002518296>
4.8794 	EXP 	Device response: <KeyPress from None: t=4.870371100027114, value=j, duration=None>
4.8797 	EXP 	New trial (rep=1, index=6): <Trial 16 (6 in rep 1) data={'Male': 'ชัยวัฒน์', 'Female': 'ศิริพร', 'thisN': 16, 'thisTrialN': 6, 'thisRepN': 1}>
4.8827 	DATA 	Keypress: j
4.8963 	INFO 	Keyboard events cleared
4.8961 	EXP 	MAN_2: autoDraw = False
4.8961 	EXP 	WOMAN_2: autoDraw = False
4.8961 	EXP 	Fname: autoDraw = False
4.8961 	EXP 	MAN: autoDraw = True
4.8961 	EXP 	WOMAN: autoDraw = True
4.8961 	EXP 	Mname: autoDraw = True
4.9301 	EXP 	Device response: <KeyPress from None: t=4.870371100027114, value=j, duration=0.043502100044861436>
5.1130 	EXP 	Device response: <KeyPress from None: t=5.105185099993832, value=j, duration=None>
5.1165 	DATA 	Keypress: j
5.1291 	INFO 	Keyboard events cleared
5.1290 	EXP 	MAN: autoDraw = False
5.1290 	EXP 	WOMAN: autoDraw = False
5.1290 	EXP 	Mname: autoDraw = False
5.1290 	EXP 	MAN_2: text = 'MAN'
5.1290 	EXP 	WOMAN_2: text = 'WOMAN'
5.1290 	EXP 	MAN_2: autoDraw = True
5.1290 	EXP 	WOMAN_2: autoDraw = True
5.1290 	EXP 	Fname: autoDraw = True
5.1464 	EXP 	Device response: <KeyPress from None: t=5.105185099993832, value=j, duration=0.039535799995064735>
5.3127 	EXP 	Device response: <KeyPress from None: t=5.309408300090581, value=j, duration=None>
5.3129 	EXP 	New trial (rep=1, index=7): <Trial 17 (7 in rep 1) data={'Male': 'กฤษณะ', 'Female': 'กาญจนา', 'thisN': 17, 'thisTrialN': 7, 'thisRepN': 1}>
5.3159 	DATA 	Keypress: j
5.3290 	INFO 	Keyboard events cleared
5.3289 	EXP 	MAN_2: autoDraw = False
5.3289 	EXP 	WOMAN_2: autoDraw = False
5.3289 	EXP 	Fname: autoDraw = False
5.3289 	EXP 	MAN: autoDraw = True
5.3289 	EXP 	WOMAN: autoDraw = True
5.3289 	EXP 	Mname: autoDraw = True
5.3798 	EXP 	Device response: <KeyPress from None: t=5.309408300090581, value=j, duration=0.05720169993583113>
5.4794 	EXP 	Device response: <KeyPress from None: t=5.475037100026384, value=k, duration=None>
5.4825 	DATA 	Keypress: k
5.4960 	INFO 	Keyboard events cleared
5.4959 	EXP 	MAN: autoDraw = False
5.4959 	EXP 	WOMAN: autoDraw = False
5.4959 	EXP 	Mname: autoDraw = False
5.4959 	EXP 	MAN_2: text = 'MAN'
5.4959 	EXP 	WOMAN_2: text = 'WOMAN'
5.4959 	EXP 	MAN_2: autoDraw = True
5.4959 	EXP 	WOMAN_2: autoDraw = True
5.4959 	EXP 	Fname: autoDraw = True
5.5460 	EXP 	Device response: <KeyPress from None: t=3.83207390003372, value=k, duration=1.7052145999623463>
5.6327 	DATA 	Keypress: k
5.6462 	EXP 	Device response: <KeyPress from None: t=5.629668400040828, value=k, duration=None>
5.6465 	EXP 	New trial (rep=1, index=8): <Trial 18 (8 in rep 1) data={'Male': 'พิสิฐ', 'Female': 'ปัทมา', 'thisN': 18, 'thisTrialN': 8, 'thisRepN': 1}>
5.6625 	INFO 	Keyboard events cleared
5.6624 	EXP 	MAN_2: autoDraw = False
5.6624 	EXP 	WOMAN_2: autoDraw = False
5.6624 	EXP 	Fname: autoDraw = False
5.6624 	EXP 	MAN: autoDraw = True
5.6624 	EXP 	WOMAN: autoDraw = True
5.6624 	EXP 	Mname: autoDraw = True
5.6959 	EXP 	Device response: <KeyPress from None: t=4.018664900097065, value=k, duration=1.6666391999460757>
5.7822 	DATA 	Keypress: k
5.7962 	EXP 	Device response: <KeyPress from None: t=5.781792400055565, value=k, duration=None>
5.8125 	INFO 	Keyboard events cleared
5.8124 	EXP 	MAN: autoDraw = False
5.8124 	EXP 	WOMAN: autoDraw = False
5.8124 	EXP 	Mname: autoDraw = False
5.8124 	EXP 	MAN_2: text = 'MAN'
5.8124 	EXP 	WOMAN_2: text = 'WOMAN'
5.8124 	EXP 	MAN_2: autoDraw = True
5.8124 	EXP 	WOMAN_2: autoDraw = True
5.8124 	EXP 	Fname: autoDraw = True
5.8295 	EXP 	Device response: <KeyPress from None: t=4.231838900013827, value=k, duration=1.594033700064756>
5.9176 	DATA 	Keypress: k
5.9295 	EXP 	Device response: <KeyPress from None: t=5.916413300088607, value=k, duration=None>
5.9297 	EXP 	New trial (rep=1, index=9): <Trial 19 (9 in rep 1) data={'Male': 'ศักดิ์สิทธิ์', 'Female': 'สุนิสา', 'thisN': 19, 'thisTrialN': 9, 'thisRepN': 1}>
5.9456 	INFO 	Keyboard events cleared
5.9455 	EXP 	MAN_2: autoDraw = False
5.9455 	EXP 	WOMAN_2: autoDraw = False
5.9455 	EXP 	Fname: autoDraw = False
5.9455 	EXP 	MAN: autoDraw = True
5.9455 	EXP 	WOMAN: autoDraw = True
5.9455 	EXP 	Mname: autoDraw = True
5.9796 	EXP 	Device response: <KeyPress from None: t=5.475037100026384, value=k, duration=0.49447889998555183>
6.0464 	EXP 	Device response: <KeyPress from None: t=6.045700400019996, value=k, duration=None>
6.0498 	DATA 	Keypress: k
6.0631 	INFO 	Keyboard events cleared
6.0629 	EXP 	MAN: autoDraw = False
6.0629 	EXP 	WOMAN: autoDraw = False
6.0629 	EXP 	Mname: autoDraw = False
6.0629 	EXP 	MAN_2: text = 'MAN'
6.0629 	EXP 	WOMAN_2: text = 'WOMAN'
6.0629 	EXP 	MAN_2: autoDraw = True
6.0629 	EXP 	WOMAN_2: autoDraw = True
6.0629 	EXP 	Fname: autoDraw = True
6.1125 	EXP 	Device response: <KeyPress from None: t=5.629668400040828, value=k, duration=0.4799580000108108>
6.1797 	EXP 	Device response: <KeyPress from None: t=6.175873500062153, value=k, duration=None>
6.1800 	EXP 	New trial (rep=2, index=0): <Trial 20 (0 in rep 2) data={'Male': 'กฤษณะ', 'Female': 'กาญจนา', 'thisN': 20, 'thisTrialN': 0, 'thisRepN': 2}>
6.1834 	DATA 	Keypress: k
6.1959 	INFO 	Keyboard events cleared
6.1958 	EXP 	MAN_2: autoDraw = False
6.1958 	EXP 	WOMAN_2: autoDraw = False
6.1958 	EXP 	Fname: autoDraw = False
6.1958 	EXP 	MAN: autoDraw = True
6.1958 	EXP 	WOMAN: autoDraw = True
6.1958 	EXP 	Mname: autoDraw = True
6.2461 	EXP 	Device response: <KeyPress from None: t=5.781792400055565, value=k, duration=0.4488075999543071>
6.3126 	EXP 	Device response: <KeyPress from None: t=6.299811300006695, value=k, duration=None>
6.3157 	DATA 	Keypress: k
6.3291 	INFO 	Keyboard events cleared
6.3289 	EXP 	MAN: autoDraw = False
6.3289 	EXP 	WOMAN: autoDraw = False
6.3289 	EXP 	Mname: autoDraw = False
6.3289 	EXP 	MAN_2: text = 'MAN'
6.3289 	EXP 	WOMAN_2: text = 'WOMAN'
6.3289 	EXP 	MAN_2: autoDraw = True
6.3289 	EXP 	WOMAN_2: autoDraw = True
6.3289 	EXP 	Fname: autoDraw = True
6.3796 	EXP 	Device response: <KeyPress from None: t=5.916413300088607, value=k, duration=0.45654099993407726>
6.4128 	EXP 	Device response: <KeyPress from None: t=6.403522900072858, value=k, duration=None>
6.4131 	EXP 	New trial (rep=2, index=1): <Trial 21 (1 in rep 2) data={'Male': 'พิสิฐ', 'Female': 'ปัทมา', 'thisN': 21, 'thisTrialN': 1, 'thisRepN': 2}>
6.4156 	DATA 	Keypress: k
6.4293 	INFO 	Keyboard events cleared
6.4291 	EXP 	MAN_2: autoDraw = False
6.4291 	EXP 	WOMAN_2: autoDraw = False
6.4291 	EXP 	Fname: autoDraw = False
6.4291 	EXP 	MAN: autoDraw = True
6.4291 	EXP 	WOMAN: autoDraw = True
6.4291 	EXP 	Mname: autoDraw = True
6.5134 	EXP 	Device response: <KeyPress from None: t=6.045700400019996, value=k, duration=0.4667462999932468>
6.5624 	EXP 	Device response: <KeyPress from None: t=6.549152199993841, value=j, duration=None>
6.5657 	DATA 	Keypress: j
6.5792 	INFO 	Keyboard events cleared
6.5791 	EXP 	MAN: autoDraw = False
6.5791 	EXP 	WOMAN: autoDraw = False
6.5791 	EXP 	Mname: autoDraw = False
6.5791 	EXP 	MAN_2: text = 'MAN'
6.5791 	EXP 	WOMAN_2: text = 'WOMAN'
6.5791 	EXP 	MAN_2: autoDraw = True
6.5791 	EXP 	WOMAN_2: autoDraw = True
6.5791 	EXP 	Fname: autoDraw = True
6.6299 	EXP 	Device response: <KeyPress from None: t=6.549152199993841, value=j, duration=0.07913910003844649>
6.7132 	EXP 	Device response: <KeyPress from None: t=6.712610900052823, value=k, duration=None>
6.7134 	EXP 	New trial (rep=2, index=2): <Trial 22 (2 in rep 2) data={'Male': 'อรรถพล', 'Female': 'สุพัตรา', 'thisN': 22, 'thisTrialN': 2, 'thisRepN': 2}>
6.7165 	DATA 	Keypress: k
6.7293 	INFO 	Keyboard events cleared
6.7292 	EXP 	MAN_2: autoDraw = False
6.7292 	EXP 	WOMAN_2: autoDraw = False
6.7292 	EXP 	Fname: autoDraw = False
6.7292 	EXP 	MAN: autoDraw = True
6.7292 	EXP 	WOMAN: autoDraw = True
6.7292 	EXP 	Mname: autoDraw = True
6.8127 	EXP 	Device response: <KeyPress from None: t=6.175873500062153, value=k, duration=0.6337632000213489>
6.8292 	EXP 	Device response: <KeyPress from None: t=6.826801100047305, value=j, duration=None>
6.8337 	DATA 	Keypress: j
6.8460 	INFO 	Keyboard events cleared
6.8459 	EXP 	MAN: autoDraw = False
6.8459 	EXP 	WOMAN: autoDraw = False
6.8459 	EXP 	Mname: autoDraw = False
6.8459 	EXP 	MAN_2: text = 'MAN'
6.8459 	EXP 	WOMAN_2: text = 'WOMAN'
6.8459 	EXP 	MAN_2: autoDraw = True
6.8459 	EXP 	WOMAN_2: autoDraw = True
6.8459 	EXP 	Fname: autoDraw = True
6.8961 	EXP 	Device response: <KeyPress from None: t=6.826801100047305, value=j, duration=0.062183800037018955>
6.9459 	EXP 	Device response: <KeyPress from None: t=6.944048700039275, value=k, duration=None>
6.9461 	EXP 	New trial (rep=2, index=3): <Trial 23 (3 in rep 2) data={'Male': 'ศักดิ์สิทธิ์', 'Female': 'สุนิสา', 'thisN': 23, 'thisTrialN': 3, 'thisRepN': 2}>
6.9494 	DATA 	Keypress: k
6.9623 	INFO 	Keyboard events cleared
6.9622 	EXP 	MAN_2: autoDraw = False
6.9622 	EXP 	WOMAN_2: autoDraw = False
6.9622 	EXP 	Fname: autoDraw = False
6.9622 	EXP 	MAN: autoDraw = True
6.9622 	EXP 	WOMAN: autoDraw = True
6.9622 	EXP 	Mname: autoDraw = True
7.0461 	EXP 	Device response: <KeyPress from None: t=6.299811300006695, value=k, duration=0.7443698000861332>
7.0462 	EXP 	Device response: <KeyPress from None: t=7.045666099991649, value=j, duration=None>
7.0493 	DATA 	Keypress: j
7.0626 	INFO 	Keyboard events cleared
7.0625 	EXP 	MAN: autoDraw = False
7.0625 	EXP 	WOMAN: autoDraw = False
7.0625 	EXP 	Mname: autoDraw = False
7.0625 	EXP 	MAN_2: text = 'MAN'
7.0625 	EXP 	WOMAN_2: text = 'WOMAN'
7.0625 	EXP 	MAN_2: autoDraw = True
7.0625 	EXP 	WOMAN_2: autoDraw = True
7.0625 	EXP 	Fname: autoDraw = True
7.1130 	EXP 	Device response: <KeyPress from None: t=7.045666099991649, value=j, duration=0.05340900004375726>
7.1791 	EXP 	Device response: <KeyPress from None: t=7.175267999991775, value=k, duration=None>
7.1793 	EXP 	New trial (rep=2, index=4): <Trial 24 (4 in rep 2) data={'Male': 'ภูมิพัฒน์', 'Female': 'จิตติมา', 'thisN': 24, 'thisTrialN': 4, 'thisRepN': 2}>
7.1823 	DATA 	Keypress: k
7.1958 	INFO 	Keyboard events cleared
7.1957 	EXP 	MAN_2: autoDraw = False
7.1957 	EXP 	WOMAN_2: autoDraw = False
7.1957 	EXP 	Fname: autoDraw = False
7.1957 	EXP 	MAN: autoDraw = True
7.1957 	EXP 	WOMAN: autoDraw = True
7.1957 	EXP 	Mname: autoDraw = True
7.2630 	EXP 	Device response: <KeyPress from None: t=6.403522900072858, value=k, duration=0.8475968999555334>
7.2631 	EXP 	Device response: <KeyPress from None: t=7.253040200099349, value=j, duration=None>
7.2661 	DATA 	Keypress: j
7.2792 	INFO 	Keyboard events cleared
7.2791 	EXP 	MAN: autoDraw = False
7.2791 	EXP 	WOMAN: autoDraw = False
7.2791 	EXP 	Mname: autoDraw = False
7.2791 	EXP 	MAN_2: text = 'MAN'
7.2791 	EXP 	WOMAN_2: text = 'WOMAN'
7.2791 	EXP 	MAN_2: autoDraw = True
7.2791 	EXP 	WOMAN_2: autoDraw = True
7.2791 	EXP 	Fname: autoDraw = True
7.3126 	EXP 	Device response: <KeyPress from None: t=7.253040200099349, value=j, duration=0.05822389991953969>
7.3791 	EXP 	Device response: <KeyPress from None: t=7.3768928000936285, value=k, duration=None>
7.3793 	EXP 	New trial (rep=2, index=5): <Trial 25 (5 in rep 2) data={'Male': 'วรพล', 'Female': 'วรรณา', 'thisN': 25, 'thisTrialN': 5, 'thisRepN': 2}>
7.3822 	DATA 	Keypress: k
7.3956 	INFO 	Keyboard events cleared
7.3955 	EXP 	MAN_2: autoDraw = False
7.3955 	EXP 	WOMAN_2: autoDraw = False
7.3955 	EXP 	Fname: autoDraw = False
7.3955 	EXP 	MAN: autoDraw = True
7.3955 	EXP 	WOMAN: autoDraw = True
7.3955 	EXP 	Mname: autoDraw = True
7.4628 	EXP 	Device response: <KeyPress from None: t=6.712610900052823, value=k, duration=0.7491102999774739>
7.4648 	DATA 	Keypress: j
7.4793 	EXP 	Device response: <KeyPress from None: t=7.463319500093348, value=j, duration=None>
7.4962 	INFO 	Keyboard events cleared
7.4961 	EXP 	MAN: autoDraw = False
7.4961 	EXP 	WOMAN: autoDraw = False
7.4961 	EXP 	Mname: autoDraw = False
7.4961 	EXP 	MAN_2: text = 'MAN'
7.4961 	EXP 	WOMAN_2: text = 'WOMAN'
7.4961 	EXP 	MAN_2: autoDraw = True
7.4961 	EXP 	WOMAN_2: autoDraw = True
7.4961 	EXP 	Fname: autoDraw = True
7.5292 	EXP 	Device response: <KeyPress from None: t=7.463319500093348, value=j, duration=0.06320689991116524>
7.6125 	EXP 	Device response: <KeyPress from None: t=7.604827900067903, value=k, duration=None>
7.6128 	EXP 	New trial (rep=2, index=6): <Trial 26 (6 in rep 2) data={'Male': 'ชัยวัฒน์', 'Female': 'ศิริพร', 'thisN': 26, 'thisTrialN': 6, 'thisRepN': 2}>
7.6156 	DATA 	Keypress: k
7.6288 	INFO 	Keyboard events cleared
7.6287 	EXP 	MAN_2: autoDraw = False
7.6287 	EXP 	WOMAN_2: autoDraw = False
7.6287 	EXP 	Fname: autoDraw = False
7.6287 	EXP 	MAN: autoDraw = True
7.6287 	EXP 	WOMAN: autoDraw = True
7.6287 	EXP 	Mname: autoDraw = True
7.6310 	DATA 	Keypress: j
7.6457 	EXP 	Device response: <KeyPress from None: t=7.630137900006957, value=j, duration=None>
7.6458 	EXP 	Device response: <KeyPress from None: t=7.64148870005738, value=k, duration=None>
7.6483 	DATA 	Keypress: k
7.6626 	INFO 	Keyboard events cleared
7.6625 	EXP 	MAN: autoDraw = False
7.6625 	EXP 	WOMAN: autoDraw = False
7.6625 	EXP 	Mname: autoDraw = False
7.6625 	EXP 	MAN_2: text = 'MAN'
7.6625 	EXP 	WOMAN_2: text = 'WOMAN'
7.6625 	EXP 	MAN_2: autoDraw = True
7.6625 	EXP 	WOMAN_2: autoDraw = True
7.6625 	EXP 	Fname: autoDraw = True
7.7130 	EXP 	Device response: <KeyPress from None: t=7.630137900006957, value=j, duration=0.06882100005168468>
7.8468 	EXP 	Device response: <KeyPress from None: t=7.837595000048168, value=j, duration=None>
7.8470 	EXP 	New trial (rep=2, index=7): <Trial 27 (7 in rep 2) data={'Male': 'ธนพล', 'Female': 'วาสนา', 'thisN': 27, 'thisTrialN': 7, 'thisRepN': 2}>
7.8501 	DATA 	Keypress: j
7.8625 	INFO 	Keyboard events cleared
7.8624 	EXP 	MAN_2: autoDraw = False
7.8624 	EXP 	WOMAN_2: autoDraw = False
7.8624 	EXP 	Fname: autoDraw = False
7.8624 	EXP 	MAN: autoDraw = True
7.8624 	EXP 	WOMAN: autoDraw = True
7.8624 	EXP 	Mname: autoDraw = True
7.8966 	EXP 	Device response: <KeyPress from None: t=7.837595000048168, value=j, duration=0.05829539999831468>
7.9624 	EXP 	Device response: <KeyPress from None: t=7.958821500069462, value=k, duration=None>
7.9660 	DATA 	Keypress: k
7.9794 	INFO 	Keyboard events cleared
7.9793 	EXP 	MAN: autoDraw = False
7.9793 	EXP 	WOMAN: autoDraw = False
7.9793 	EXP 	Mname: autoDraw = False
7.9793 	EXP 	MAN_2: text = 'MAN'
7.9793 	EXP 	WOMAN_2: text = 'WOMAN'
7.9793 	EXP 	MAN_2: autoDraw = True
7.9793 	EXP 	WOMAN_2: autoDraw = True
7.9793 	EXP 	Fname: autoDraw = True
8.0461 	EXP 	Device response: <KeyPress from None: t=8.045558999991044, value=j, duration=None>
8.0462 	EXP 	New trial (rep=2, index=8): <Trial 28 (8 in rep 2) data={'Male': 'ปริญญา', 'Female': 'อาภรณ์', 'thisN': 28, 'thisTrialN': 8, 'thisRepN': 2}>
8.0488 	DATA 	Keypress: j
8.0627 	INFO 	Keyboard events cleared
8.0625 	EXP 	MAN_2: autoDraw = False
8.0625 	EXP 	WOMAN_2: autoDraw = False
8.0625 	EXP 	Fname: autoDraw = False
8.0625 	EXP 	MAN: autoDraw = True
8.0625 	EXP 	WOMAN: autoDraw = True
8.0625 	EXP 	Mname: autoDraw = True
8.0799 	EXP 	Device response: <KeyPress from None: t=6.944048700039275, value=k, duration=1.1267619000282139>
8.1459 	EXP 	Device response: <KeyPress from None: t=8.045558999991044, value=j, duration=0.09494550002273172>
8.1661 	DATA 	Keypress: k
8.1792 	EXP 	Device response: <KeyPress from None: t=8.162836700095795, value=k, duration=None>
8.1956 	INFO 	Keyboard events cleared
8.1955 	EXP 	MAN: autoDraw = False
8.1955 	EXP 	WOMAN: autoDraw = False
8.1955 	EXP 	Mname: autoDraw = False
8.1955 	EXP 	MAN_2: text = 'MAN'
8.1955 	EXP 	WOMAN_2: text = 'WOMAN'
8.1955 	EXP 	MAN_2: autoDraw = True
8.1955 	EXP 	WOMAN_2: autoDraw = True
8.1955 	EXP 	Fname: autoDraw = True
8.2624 	EXP 	Device response: <KeyPress from None: t=8.253635900095105, value=j, duration=None>
8.2627 	EXP 	New trial (rep=2, index=9): <Trial 29 (9 in rep 2) data={'Male': 'นเรศ', 'Female': 'พิมพ์ใจ', 'thisN': 29, 'thisTrialN': 9, 'thisRepN': 2}>
8.2655 	DATA 	Keypress: j
8.2794 	INFO 	Keyboard events cleared
8.2793 	EXP 	MAN_2: autoDraw = False
8.2793 	EXP 	WOMAN_2: autoDraw = False
8.2793 	EXP 	Fname: autoDraw = False
8.2793 	EXP 	MAN: autoDraw = True
8.2793 	EXP 	WOMAN: autoDraw = True
8.2793 	EXP 	Mname: autoDraw = True
8.2963 	EXP 	Device response: <KeyPress from None: t=7.175267999991775, value=k, duration=1.1098066000267863>
8.3793 	EXP 	Device response: <KeyPress from None: t=8.253635900095105, value=j, duration=0.10901949997060001>
8.4127 	EXP 	Device response: <KeyPress from None: t=8.400404400075786, value=k, duration=None>
8.4155 	DATA 	Keypress: k
8.4293 	INFO 	Keyboard events cleared
8.4291 	EXP 	MAN: autoDraw = False
8.4291 	EXP 	WOMAN: autoDraw = False
8.4291 	EXP 	Mname: autoDraw = False
8.4291 	EXP 	MAN_2: text = 'MAN'
8.4291 	EXP 	WOMAN_2: text = 'WOMAN'
8.4291 	EXP 	MAN_2: autoDraw = True
8.4291 	EXP 	WOMAN_2: autoDraw = True
8.4291 	EXP 	Fname: autoDraw = True
8.5460 	EXP 	Device response: <KeyPress from None: t=7.3768928000936285, value=k, duration=1.1684864999260753>
8.5481 	DATA 	Keypress: j
8.5624 	EXP 	Device response: <KeyPress from None: t=8.546664100023918, value=j, duration=None>
8.5625 	EXP 	Device response: <KeyPress from None: t=8.546664100023918, value=j, duration=0.012723700026981533>
8.7819 	DATA 	Keypress: j
8.7959 	EXP 	Device response: <KeyPress from None: t=8.781509599997662, value=j, duration=None>
8.7959 	EXP 	Device response: <KeyPress from None: t=8.781509599997662, value=j, duration=0.013440100010484457>
13.7793 	EXP 	Device response: <KeyPress from None: t=13.771898100036196, value=j, duration=None>
13.7795 	EXP 	New trial (rep=3, index=0): <Trial 30 (0 in rep 3) data={'Male': 'ธนพล', 'Female': 'วาสนา', 'thisN': 30, 'thisTrialN': 0, 'thisRepN': 3}>
13.7828 	DATA 	Keypress: j
13.7959 	INFO 	Keyboard events cleared
13.7958 	EXP 	MAN_2: autoDraw = False
13.7958 	EXP 	WOMAN_2: autoDraw = False
13.7958 	EXP 	Fname: autoDraw = False
13.7958 	EXP 	MAN: autoDraw = True
13.7958 	EXP 	WOMAN: autoDraw = True
13.7958 	EXP 	Mname: autoDraw = True
13.9294 	EXP 	Device response: <KeyPress from None: t=13.771898100036196, value=j, duration=0.14481930003967136>
14.1623 	EXP 	Device response: <KeyPress from None: t=14.15342220000457, value=j, duration=None>
14.1657 	DATA 	Keypress: j
14.1791 	INFO 	Keyboard events cleared
14.1790 	EXP 	MAN: autoDraw = False
14.1790 	EXP 	WOMAN: autoDraw = False
14.1790 	EXP 	Mname: autoDraw = False
14.1790 	EXP 	MAN_2: text = 'MAN'
14.1790 	EXP 	WOMAN_2: text = 'WOMAN'
14.1790 	EXP 	MAN_2: autoDraw = True
14.1790 	EXP 	WOMAN_2: autoDraw = True
14.1790 	EXP 	Fname: autoDraw = True
14.2955 	EXP 	Device response: <KeyPress from None: t=14.15342220000457, value=j, duration=0.13599000009708107>
14.4825 	DATA 	Keypress: j
14.4957 	EXP 	Device response: <KeyPress from None: t=14.479407000006177, value=j, duration=None>
14.4959 	EXP 	New trial (rep=3, index=1): <Trial 31 (1 in rep 3) data={'Male': 'กฤษณะ', 'Female': 'กาญจนา', 'thisN': 31, 'thisTrialN': 1, 'thisRepN': 3}>
14.5121 	INFO 	Keyboard events cleared
14.5120 	EXP 	MAN_2: autoDraw = False
14.5120 	EXP 	WOMAN_2: autoDraw = False
14.5120 	EXP 	Fname: autoDraw = False
14.5120 	EXP 	MAN: autoDraw = True
14.5120 	EXP 	WOMAN: autoDraw = True
14.5120 	EXP 	Mname: autoDraw = True
14.5955 	EXP 	Device response: <KeyPress from None: t=14.479407000006177, value=j, duration=0.1063027000054717>
14.8813 	DATA 	Keypress: j
14.8957 	EXP 	Device response: <KeyPress from None: t=14.879085500026122, value=j, duration=None>
14.9123 	INFO 	Keyboard events cleared
14.9122 	EXP 	MAN: autoDraw = False
14.9122 	EXP 	WOMAN: autoDraw = False
14.9122 	EXP 	Mname: autoDraw = False
14.9122 	EXP 	MAN_2: text = 'MAN'
14.9122 	EXP 	WOMAN_2: text = 'WOMAN'
14.9122 	EXP 	MAN_2: autoDraw = True
14.9122 	EXP 	WOMAN_2: autoDraw = True
14.9122 	EXP 	Fname: autoDraw = True
15.0129 	EXP 	Device response: <KeyPress from None: t=14.879085500026122, value=j, duration=0.13218860002234578>
15.1624 	EXP 	Device response: <KeyPress from None: t=15.150152200018056, value=j, duration=None>
15.1628 	EXP 	New trial (rep=3, index=2): <Trial 32 (2 in rep 3) data={'Male': 'ชัยวัฒน์', 'Female': 'ศิริพร', 'thisN': 32, 'thisTrialN': 2, 'thisRepN': 3}>
15.1655 	DATA 	Keypress: j
15.1786 	INFO 	Keyboard events cleared
15.1785 	EXP 	MAN_2: autoDraw = False
15.1785 	EXP 	WOMAN_2: autoDraw = False
15.1785 	EXP 	Fname: autoDraw = False
15.1785 	EXP 	MAN: autoDraw = True
15.1785 	EXP 	WOMAN: autoDraw = True
15.1785 	EXP 	Mname: autoDraw = True
15.2621 	EXP 	Device response: <KeyPress from None: t=15.150152200018056, value=j, duration=0.09574760007672012>
15.3287 	EXP 	Device response: <KeyPress from None: t=15.326278200023808, value=j, duration=None>
15.3320 	DATA 	Keypress: j
15.3456 	INFO 	Keyboard events cleared
15.3455 	EXP 	MAN: autoDraw = False
15.3455 	EXP 	WOMAN: autoDraw = False
15.3455 	EXP 	Mname: autoDraw = False
15.3455 	EXP 	MAN_2: text = 'MAN'
15.3455 	EXP 	WOMAN_2: text = 'WOMAN'
15.3455 	EXP 	MAN_2: autoDraw = True
15.3455 	EXP 	WOMAN_2: autoDraw = True
15.3455 	EXP 	Fname: autoDraw = True
15.4127 	EXP 	Device response: <KeyPress from None: t=15.326278200023808, value=j, duration=0.0782294999808073>
15.4980 	DATA 	Keypress: j
15.5120 	EXP 	Device response: <KeyPress from None: t=15.497625500080176, value=j, duration=None>
15.5122 	EXP 	New trial (rep=3, index=3): <Trial 33 (3 in rep 3) data={'Male': 'นเรศ', 'Female': 'พิมพ์ใจ', 'thisN': 33, 'thisTrialN': 3, 'thisRepN': 3}>
15.5293 	INFO 	Keyboard events cleared
15.5292 	EXP 	MAN_2: autoDraw = False
15.5292 	EXP 	WOMAN_2: autoDraw = False
15.5292 	EXP 	Fname: autoDraw = False
15.5292 	EXP 	MAN: autoDraw = True
15.5292 	EXP 	WOMAN: autoDraw = True
15.5292 	EXP 	Mname: autoDraw = True
15.5795 	EXP 	Device response: <KeyPress from None: t=15.497625500080176, value=j, duration=0.08073559997137636>
15.6631 	EXP 	Device response: <KeyPress from None: t=15.648161699995399, value=j, duration=None>
15.6663 	DATA 	Keypress: j
15.6804 	INFO 	Keyboard events cleared
15.6803 	EXP 	MAN: autoDraw = False
15.6803 	EXP 	WOMAN: autoDraw = False
15.6803 	EXP 	Mname: autoDraw = False
15.6803 	EXP 	MAN_2: text = 'MAN'
15.6803 	EXP 	WOMAN_2: text = 'WOMAN'
15.6803 	EXP 	MAN_2: autoDraw = True
15.6803 	EXP 	WOMAN_2: autoDraw = True
15.6803 	EXP 	Fname: autoDraw = True
15.7460 	EXP 	Device response: <KeyPress from None: t=15.648161699995399, value=j, duration=0.09726350009441376>
16.4625 	EXP 	Device response: <KeyPress from None: t=16.453643599990755, value=k, duration=None>
16.4630 	EXP 	New trial (rep=3, index=4): <Trial 34 (4 in rep 3) data={'Male': 'วรพล', 'Female': 'วรรณา', 'thisN': 34, 'thisTrialN': 4, 'thisRepN': 3}>
16.4667 	DATA 	Keypress: k
16.4788 	INFO 	Keyboard events cleared
16.4787 	EXP 	MAN_2: autoDraw = False
16.4787 	EXP 	WOMAN_2: autoDraw = False
16.4787 	EXP 	Fname: autoDraw = False
16.4787 	EXP 	MAN: autoDraw = True
16.4787 	EXP 	WOMAN: autoDraw = True
16.4787 	EXP 	Mname: autoDraw = True
16.6284 	EXP 	Device response: <KeyPress from None: t=7.604827900067903, value=k, duration=9.020124899921939>
16.8144 	DATA 	Keypress: k
16.8286 	EXP 	Device response: <KeyPress from None: t=16.812977300025523, value=k, duration=None>
16.8457 	INFO 	Keyboard events cleared
16.8455 	EXP 	MAN: autoDraw = False
16.8455 	EXP 	WOMAN: autoDraw = False
16.8455 	EXP 	Mname: autoDraw = False
16.8455 	EXP 	MAN_2: text = 'MAN'
16.8455 	EXP 	WOMAN_2: text = 'WOMAN'
16.8455 	EXP 	MAN_2: autoDraw = True
16.8455 	EXP 	WOMAN_2: autoDraw = True
16.8455 	EXP 	Fname: autoDraw = True
16.9452 	EXP 	Device response: <KeyPress from None: t=7.64148870005738, value=k, duration=9.289138599997386>
17.0310 	DATA 	Keypress: k
17.0453 	EXP 	Device response: <KeyPress from None: t=17.03074010007549, value=k, duration=None>
17.0455 	EXP 	New trial (rep=3, index=5): <Trial 35 (5 in rep 3) data={'Male': 'พิสิฐ', 'Female': 'ปัทมา', 'thisN': 35, 'thisTrialN': 5, 'thisRepN': 3}>
17.0624 	INFO 	Keyboard events cleared
17.0623 	EXP 	MAN_2: autoDraw = False
17.0623 	EXP 	WOMAN_2: autoDraw = False
17.0623 	EXP 	Fname: autoDraw = False
17.0623 	EXP 	MAN: autoDraw = True
17.0623 	EXP 	WOMAN: autoDraw = True
17.0623 	EXP 	Mname: autoDraw = True
17.1120 	EXP 	Device response: <KeyPress from None: t=7.958821500069462, value=k, duration=9.148875499959104>
17.2294 	EXP 	Device response: <KeyPress from None: t=17.218619500054047, value=k, duration=None>
17.2325 	DATA 	Keypress: k
17.2454 	INFO 	Keyboard events cleared
17.2453 	EXP 	MAN: autoDraw = False
17.2453 	EXP 	WOMAN: autoDraw = False
17.2453 	EXP 	Mname: autoDraw = False
17.2453 	EXP 	MAN_2: text = 'MAN'
17.2453 	EXP 	WOMAN_2: text = 'WOMAN'
17.2453 	EXP 	MAN_2: autoDraw = True
17.2453 	EXP 	WOMAN_2: autoDraw = True
17.2453 	EXP 	Fname: autoDraw = True
17.3124 	EXP 	Device response: <KeyPress from None: t=8.162836700095795, value=k, duration=9.145465699955821>
17.4119 	EXP 	Device response: <KeyPress from None: t=17.401025100029074, value=k, duration=None>
17.4121 	EXP 	New trial (rep=3, index=6): <Trial 36 (6 in rep 3) data={'Male': 'ศักดิ์สิทธิ์', 'Female': 'สุนิสา', 'thisN': 36, 'thisTrialN': 6, 'thisRepN': 3}>
17.4148 	DATA 	Keypress: k
17.4284 	INFO 	Keyboard events cleared
17.4282 	EXP 	MAN_2: autoDraw = False
17.4282 	EXP 	WOMAN_2: autoDraw = False
17.4282 	EXP 	Fname: autoDraw = False
17.4282 	EXP 	MAN: autoDraw = True
17.4282 	EXP 	WOMAN: autoDraw = True
17.4282 	EXP 	Mname: autoDraw = True
17.5288 	EXP 	Device response: <KeyPress from None: t=8.400404400075786, value=k, duration=9.112096500000916>
17.7956 	EXP 	Device response: <KeyPress from None: t=17.78249960008543, value=k, duration=None>
17.7987 	DATA 	Keypress: k
17.8117 	INFO 	Keyboard events cleared
17.8116 	EXP 	MAN: autoDraw = False
17.8116 	EXP 	WOMAN: autoDraw = False
17.8116 	EXP 	Mname: autoDraw = False
17.8116 	EXP 	MAN_2: text = 'MAN'
17.8116 	EXP 	WOMAN_2: text = 'WOMAN'
17.8116 	EXP 	MAN_2: autoDraw = True
17.8116 	EXP 	WOMAN_2: autoDraw = True
17.8116 	EXP 	Fname: autoDraw = True
17.8951 	EXP 	Device response: <KeyPress from None: t=16.453643599990755, value=k, duration=1.4370735000120476>
18.0625 	EXP 	Device response: <KeyPress from None: t=18.055579900043085, value=k, duration=None>
18.0627 	EXP 	New trial (rep=3, index=7): <Trial 37 (7 in rep 3) data={'Male': 'ภูมิพัฒน์', 'Female': 'จิตติมา', 'thisN': 37, 'thisTrialN': 7, 'thisRepN': 3}>
18.0659 	DATA 	Keypress: k
18.0787 	INFO 	Keyboard events cleared
18.0785 	EXP 	MAN_2: autoDraw = False
18.0785 	EXP 	WOMAN_2: autoDraw = False
18.0785 	EXP 	Fname: autoDraw = False
18.0785 	EXP 	MAN: autoDraw = True
18.0785 	EXP 	WOMAN: autoDraw = True
18.0785 	EXP 	Mname: autoDraw = True
18.1788 	EXP 	Device response: <KeyPress from None: t=16.812977300025523, value=k, duration=1.3497468000277877>
18.3293 	EXP 	Device response: <KeyPress from None: t=18.3270482000662, value=k, duration=None>
18.3319 	DATA 	Keypress: k
18.3452 	INFO 	Keyboard events cleared
18.3451 	EXP 	MAN: autoDraw = False
18.3451 	EXP 	WOMAN: autoDraw = False
18.3451 	EXP 	Mname: autoDraw = False
18.3451 	EXP 	MAN_2: text = 'MAN'
18.3451 	EXP 	WOMAN_2: text = 'WOMAN'
18.3451 	EXP 	MAN_2: autoDraw = True
18.3451 	EXP 	WOMAN_2: autoDraw = True
18.3451 	EXP 	Fname: autoDraw = True
18.4284 	EXP 	Device response: <KeyPress from None: t=17.03074010007549, value=k, duration=1.3936959999846295>
21.8282 	EXP 	Device response: <KeyPress from None: t=21.824076600023545, value=k, duration=None>
21.8285 	EXP 	New trial (rep=3, index=8): <Trial 38 (8 in rep 3) data={'Male': 'อรรถพล', 'Female': 'สุพัตรา', 'thisN': 38, 'thisTrialN': 8, 'thisRepN': 3}>
21.8315 	DATA 	Keypress: k
21.8448 	INFO 	Keyboard events cleared
21.8447 	EXP 	MAN_2: autoDraw = False
21.8447 	EXP 	WOMAN_2: autoDraw = False
21.8447 	EXP 	Fname: autoDraw = False
21.8447 	EXP 	MAN: autoDraw = True
21.8447 	EXP 	WOMAN: autoDraw = True
21.8447 	EXP 	Mname: autoDraw = True
21.9457 	EXP 	Device response: <KeyPress from None: t=17.218619500054047, value=k, duration=4.719707899959758>
21.9952 	EXP 	Device response: <KeyPress from None: t=21.994145900011063, value=k, duration=None>
21.9983 	DATA 	Keypress: k
22.0124 	INFO 	Keyboard events cleared
22.0123 	EXP 	MAN: autoDraw = False
22.0123 	EXP 	WOMAN: autoDraw = False
22.0123 	EXP 	Mname: autoDraw = False
22.0123 	EXP 	MAN_2: text = 'MAN'
22.0123 	EXP 	WOMAN_2: text = 'WOMAN'
22.0123 	EXP 	MAN_2: autoDraw = True
22.0123 	EXP 	WOMAN_2: autoDraw = True
22.0123 	EXP 	Fname: autoDraw = True
22.1118 	EXP 	Device response: <KeyPress from None: t=17.401025100029074, value=k, duration=4.704710899968632>
22.2282 	EXP 	Device response: <KeyPress from None: t=22.22639279998839, value=k, duration=None>
22.2285 	EXP 	New trial (rep=3, index=9): <Trial 39 (9 in rep 3) data={'Male': 'ปริญญา', 'Female': 'อาภรณ์', 'thisN': 39, 'thisTrialN': 9, 'thisRepN': 3}>
22.2313 	DATA 	Keypress: k
22.2454 	INFO 	Keyboard events cleared
22.2452 	EXP 	MAN_2: autoDraw = False
22.2452 	EXP 	WOMAN_2: autoDraw = False
22.2452 	EXP 	Fname: autoDraw = False
22.2452 	EXP 	MAN: autoDraw = True
22.2452 	EXP 	WOMAN: autoDraw = True
22.2452 	EXP 	Mname: autoDraw = True
22.3285 	EXP 	Device response: <KeyPress from None: t=22.323871200089343, value=j, duration=None>
22.3323 	DATA 	Keypress: j
22.3455 	INFO 	Keyboard events cleared
22.3454 	EXP 	MAN: autoDraw = False
22.3454 	EXP 	WOMAN: autoDraw = False
22.3454 	EXP 	Mname: autoDraw = False
22.3454 	EXP 	MAN_2: text = 'MAN'
22.3454 	EXP 	WOMAN_2: text = 'WOMAN'
22.3454 	EXP 	MAN_2: autoDraw = True
22.3454 	EXP 	WOMAN_2: autoDraw = True
22.3454 	EXP 	Fname: autoDraw = True
22.3616 	EXP 	Device response: <KeyPress from None: t=17.78249960008543, value=k, duration=4.566868299967609>
22.4452 	EXP 	Device response: <KeyPress from None: t=22.323871200089343, value=j, duration=0.1075505999615416>
22.4982 	DATA 	Keypress: k
22.5115 	EXP 	Device response: <KeyPress from None: t=22.49708170001395, value=k, duration=None>
22.5118 	EXP 	New trial (rep=4, index=0): <Trial 40 (0 in rep 4) data={'Male': 'วรพล', 'Female': 'วรรณา', 'thisN': 40, 'thisTrialN': 0, 'thisRepN': 4}>
22.5281 	INFO 	Keyboard events cleared
22.5280 	EXP 	MAN_2: autoDraw = False
22.5280 	EXP 	WOMAN_2: autoDraw = False
22.5280 	EXP 	Fname: autoDraw = False
22.5280 	EXP 	MAN: autoDraw = True
22.5280 	EXP 	WOMAN: autoDraw = True
22.5280 	EXP 	Mname: autoDraw = True
22.5953 	EXP 	Device response: <KeyPress from None: t=22.586501899990253, value=j, duration=None>
22.5987 	DATA 	Keypress: j
22.6116 	INFO 	Keyboard events cleared
22.6115 	EXP 	MAN: autoDraw = False
22.6115 	EXP 	WOMAN: autoDraw = False
22.6115 	EXP 	Mname: autoDraw = False
22.6115 	EXP 	MAN_2: text = 'MAN'
22.6115 	EXP 	WOMAN_2: text = 'WOMAN'
22.6115 	EXP 	MAN_2: autoDraw = True
22.6115 	EXP 	WOMAN_2: autoDraw = True
22.6115 	EXP 	Fname: autoDraw = True
22.6790 	EXP 	Device response: <KeyPress from None: t=22.586501899990253, value=j, duration=0.08376070007216185>
22.6949 	EXP 	Device response: <KeyPress from None: t=22.690173899987713, value=k, duration=None>
22.6952 	EXP 	New trial (rep=4, index=1): <Trial 41 (1 in rep 4) data={'Male': 'นเรศ', 'Female': 'พิมพ์ใจ', 'thisN': 41, 'thisTrialN': 1, 'thisRepN': 4}>
22.6980 	DATA 	Keypress: k
22.7116 	INFO 	Keyboard events cleared
22.7115 	EXP 	MAN_2: autoDraw = False
22.7115 	EXP 	WOMAN_2: autoDraw = False
22.7115 	EXP 	Fname: autoDraw = False
22.7115 	EXP 	MAN: autoDraw = True
22.7115 	EXP 	WOMAN: autoDraw = True
22.7115 	EXP 	Mname: autoDraw = True
22.7972 	DATA 	Keypress: j
22.8127 	EXP 	Device response: <KeyPress from None: t=22.795057000010274, value=j, duration=None>
22.8286 	INFO 	Keyboard events cleared
22.8285 	EXP 	MAN: autoDraw = False
22.8285 	EXP 	WOMAN: autoDraw = False
22.8285 	EXP 	Mname: autoDraw = False
22.8285 	EXP 	MAN_2: text = 'MAN'
22.8285 	EXP 	WOMAN_2: text = 'WOMAN'
22.8285 	EXP 	MAN_2: autoDraw = True
22.8285 	EXP 	WOMAN_2: autoDraw = True
22.8285 	EXP 	Fname: autoDraw = True
22.8954 	EXP 	Device response: <KeyPress from None: t=22.795057000010274, value=j, duration=0.08356960001401603>
22.9121 	EXP 	Device response: <KeyPress from None: t=22.900240399991162, value=k, duration=None>
22.9123 	EXP 	New trial (rep=4, index=2): <Trial 42 (2 in rep 4) data={'Male': 'ปริญญา', 'Female': 'อาภรณ์', 'thisN': 42, 'thisTrialN': 2, 'thisRepN': 4}>
22.9151 	DATA 	Keypress: k
22.9279 	INFO 	Keyboard events cleared
22.9278 	EXP 	MAN_2: autoDraw = False
22.9278 	EXP 	WOMAN_2: autoDraw = False
22.9278 	EXP 	Fname: autoDraw = False
22.9278 	EXP 	MAN: autoDraw = True
22.9278 	EXP 	WOMAN: autoDraw = True
22.9278 	EXP 	Mname: autoDraw = True
23.0114 	EXP 	Device response: <KeyPress from None: t=23.00260160001926, value=j, duration=None>
23.0146 	DATA 	Keypress: j
23.0287 	INFO 	Keyboard events cleared
23.0286 	EXP 	MAN: autoDraw = False
23.0286 	EXP 	WOMAN: autoDraw = False
23.0286 	EXP 	Mname: autoDraw = False
23.0286 	EXP 	MAN_2: text = 'MAN'
23.0286 	EXP 	WOMAN_2: text = 'WOMAN'
23.0286 	EXP 	MAN_2: autoDraw = True
23.0286 	EXP 	WOMAN_2: autoDraw = True
23.0286 	EXP 	Fname: autoDraw = True
23.0617 	EXP 	Device response: <KeyPress from None: t=18.055579900043085, value=k, duration=4.992538999998942>
23.2122 	EXP 	Device response: <KeyPress from None: t=23.202662100084126, value=k, duration=None>
23.2124 	EXP 	New trial (rep=4, index=3): <Trial 43 (3 in rep 4) data={'Male': 'ภูมิพัฒน์', 'Female': 'จิตติมา', 'thisN': 43, 'thisTrialN': 3, 'thisRepN': 4}>
23.2159 	DATA 	Keypress: k
23.2287 	INFO 	Keyboard events cleared
23.2285 	EXP 	MAN_2: autoDraw = False
23.2285 	EXP 	WOMAN_2: autoDraw = False
23.2285 	EXP 	Fname: autoDraw = False
23.2285 	EXP 	MAN: autoDraw = True
23.2285 	EXP 	WOMAN: autoDraw = True
23.2285 	EXP 	Mname: autoDraw = True
23.3286 	EXP 	Device response: <KeyPress from None: t=23.31944780005142, value=j, duration=None>
23.3320 	DATA 	Keypress: j
23.3448 	INFO 	Keyboard events cleared
23.3447 	EXP 	MAN: autoDraw = False
23.3447 	EXP 	WOMAN: autoDraw = False
23.3447 	EXP 	Mname: autoDraw = False
23.3447 	EXP 	MAN_2: text = 'MAN'
23.3447 	EXP 	WOMAN_2: text = 'WOMAN'
23.3447 	EXP 	MAN_2: autoDraw = True
23.3447 	EXP 	WOMAN_2: autoDraw = True
23.3447 	EXP 	Fname: autoDraw = True
23.4116 	EXP 	Device response: <KeyPress from None: t=18.3270482000662, value=k, duration=5.070561800035648>
23.5150 	DATA 	Keypress: k
23.5280 	EXP 	Device response: <KeyPress from None: t=23.00260160001926, value=j, duration=0.50883479998447>
23.5281 	EXP 	Device response: <KeyPress from None: t=23.51311440009158, value=k, duration=None>
23.5284 	EXP 	New trial (rep=4, index=4): <Trial 44 (4 in rep 4) data={'Male': 'อรรถพล', 'Female': 'สุพัตรา', 'thisN': 44, 'thisTrialN': 4, 'thisRepN': 4}>
23.5457 	INFO 	Keyboard events cleared
23.5455 	EXP 	MAN_2: autoDraw = False
23.5455 	EXP 	WOMAN_2: autoDraw = False
23.5455 	EXP 	Fname: autoDraw = False
23.5455 	EXP 	MAN: autoDraw = True
23.5455 	EXP 	WOMAN: autoDraw = True
23.5455 	EXP 	Mname: autoDraw = True
23.6290 	EXP 	Device response: <KeyPress from None: t=23.623225999996066, value=j, duration=None>
23.6320 	DATA 	Keypress: j
23.6452 	INFO 	Keyboard events cleared
23.6451 	EXP 	MAN: autoDraw = False
23.6451 	EXP 	WOMAN: autoDraw = False
23.6451 	EXP 	Mname: autoDraw = False
23.6451 	EXP 	MAN_2: text = 'MAN'
23.6451 	EXP 	WOMAN_2: text = 'WOMAN'
23.6451 	EXP 	MAN_2: autoDraw = True
23.6451 	EXP 	WOMAN_2: autoDraw = True
23.6451 	EXP 	Fname: autoDraw = True
23.6950 	EXP 	Device response: <KeyPress from None: t=21.824076600023545, value=k, duration=1.8661310999887064>
23.9455 	EXP 	Device response: <KeyPress from None: t=23.31944780005142, value=j, duration=0.6097674999618903>
25.3448 	EXP 	Device response: <KeyPress from None: t=25.336346300086007, value=k, duration=None>
25.3450 	EXP 	New trial (rep=4, index=5): <Trial 45 (5 in rep 4) data={'Male': 'ชัยวัฒน์', 'Female': 'ศิริพร', 'thisN': 45, 'thisTrialN': 5, 'thisRepN': 4}>
25.3483 	DATA 	Keypress: k
25.3615 	INFO 	Keyboard events cleared
25.3614 	EXP 	MAN_2: autoDraw = False
25.3614 	EXP 	WOMAN_2: autoDraw = False
25.3614 	EXP 	Fname: autoDraw = False
25.3614 	EXP 	MAN: autoDraw = True
25.3614 	EXP 	WOMAN: autoDraw = True
25.3614 	EXP 	Mname: autoDraw = True
25.4115 	EXP 	Device response: <KeyPress from None: t=21.994145900011063, value=k, duration=3.400471300003119>
25.4948 	EXP 	Device response: <KeyPress from None: t=25.481399000040255, value=k, duration=None>
25.4979 	DATA 	Keypress: k
25.5115 	INFO 	Keyboard events cleared
25.5114 	EXP 	MAN: autoDraw = False
25.5114 	EXP 	WOMAN: autoDraw = False
25.5114 	EXP 	Mname: autoDraw = False
25.5114 	EXP 	MAN_2: text = 'MAN'
25.5114 	EXP 	WOMAN_2: text = 'WOMAN'
25.5114 	EXP 	MAN_2: autoDraw = True
25.5114 	EXP 	WOMAN_2: autoDraw = True
25.5114 	EXP 	Fname: autoDraw = True
25.5617 	EXP 	Device response: <KeyPress from None: t=22.22639279998839, value=k, duration=3.3309484000783414>
25.6451 	EXP 	Device response: <KeyPress from None: t=25.631109600071795, value=k, duration=None>
25.6454 	EXP 	New trial (rep=4, index=6): <Trial 46 (6 in rep 4) data={'Male': 'ศักดิ์สิทธิ์', 'Female': 'สุนิสา', 'thisN': 46, 'thisTrialN': 6, 'thisRepN': 4}>
25.6487 	DATA 	Keypress: k
25.6619 	INFO 	Keyboard events cleared
25.6618 	EXP 	MAN_2: autoDraw = False
25.6618 	EXP 	WOMAN_2: autoDraw = False
25.6618 	EXP 	Fname: autoDraw = False
25.6618 	EXP 	MAN: autoDraw = True
25.6618 	EXP 	WOMAN: autoDraw = True
25.6618 	EXP 	Mname: autoDraw = True
25.7448 	EXP 	Device response: <KeyPress from None: t=22.49708170001395, value=k, duration=3.232075000065379>
25.8118 	EXP 	Device response: <KeyPress from None: t=25.800927700009197, value=j, duration=None>
25.8152 	DATA 	Keypress: j
25.8278 	INFO 	Keyboard events cleared
25.8278 	EXP 	MAN: autoDraw = False
25.8278 	EXP 	WOMAN: autoDraw = False
25.8278 	EXP 	Mname: autoDraw = False
25.8278 	EXP 	MAN_2: text = 'MAN'
25.8278 	EXP 	WOMAN_2: text = 'WOMAN'
25.8278 	EXP 	MAN_2: autoDraw = True
25.8278 	EXP 	WOMAN_2: autoDraw = True
25.8278 	EXP 	Fname: autoDraw = True
25.8954 	EXP 	Device response: <KeyPress from None: t=23.623225999996066, value=j, duration=2.2591048000613227>
26.0280 	EXP 	Device response: <KeyPress from None: t=26.02321680006571, value=k, duration=None>
26.0283 	EXP 	New trial (rep=4, index=7): <Trial 47 (7 in rep 4) data={'Male': 'พิสิฐ', 'Female': 'ปัทมา', 'thisN': 47, 'thisTrialN': 7, 'thisRepN': 4}>
26.0310 	DATA 	Keypress: k
26.0448 	INFO 	Keyboard events cleared
26.0447 	EXP 	MAN_2: autoDraw = False
26.0447 	EXP 	WOMAN_2: autoDraw = False
26.0447 	EXP 	Fname: autoDraw = False
26.0447 	EXP 	MAN: autoDraw = True
26.0447 	EXP 	WOMAN: autoDraw = True
26.0447 	EXP 	Mname: autoDraw = True
26.1450 	EXP 	Device response: <KeyPress from None: t=22.690173899987713, value=k, duration=3.44030430004932>
32.6276 	EXP 	Device response: <KeyPress from None: t=32.62587350001559, value=escape, duration=None>
32.6298 	DATA 	Keypress: escape
32.7448 	EXP 	Device response: <KeyPress from None: t=32.62587350001559, value=escape, duration=0.11225680005736649>
32.7449 	EXP 	Priming_gender: status = STOPPED
32.7612 	EXP 	MAN: autoDraw = False
32.7612 	EXP 	WOMAN: autoDraw = False
32.7612 	EXP 	Mname: autoDraw = False
32.7614 	EXP 	Priming_gender: status = STOPPED
32.7823 	INFO 	saved data to 'C:\\Users\\engpc\\Downloads\\Neuromarketing\\Neuromarketing\\Pilot\\data\\556596_Priming_gender_2025-09-25_14h58.51.759.csv'
32.7835 	INFO 	saved data to C:\Users\engpc\Downloads\Neuromarketing\Neuromarketing\Pilot\data\556596_Priming_gender_2025-09-25_14h58.51.759.psydat
32.8819 	WARNING 	Stopping key buffers but this could be dangerous ifother keyboards rely on the same.
32.9399 	WARNING 	Stopping key buffers but this could be dangerous ifother keyboards rely on the same.
32.9400 	WARNING 	Stopping key buffers but this could be dangerous ifother keyboards rely on the same.
