6.9422 	INFO 	Loaded monitor calibration from ['2025_09_15 16:01']
7.2421 	INFO 	Using renderer 'NVIDIA GeForce RTX 2070 SUPER/PCIe/SSE2' for graphics
7.2421 	INFO 	OpenGL version supported by driver is 4..
7.2945 	EXP 	Created window1 = Window(allowGUI=False, allowStencil=True, autoLog=True, backendConf=UNKNOWN, backgroundFit=<method-wrapper '__getattribute__' of attributeSetter object at 0x00000235750883A0>, backgroundImage=<method-wrapper '__getattribute__' of attributeSetter object at 0x0000023575088340>, bitsMode=UNKNOWN, blendMode='avg', bpc=(8, 8, 8), color=array([0, 0, 0]), colorSpace='rgb', depthBits=8, fullscr=True, gamma=None, gammaErrorPolicy='raise', infoMsg=UNKNOWN, lms=UNKNOWN, monitor=<psychopy.monitors.calibTools.Monitor object at 0x00000235751550C0>, multiSample=False, name='window1', numSamples=2, pos=[np.float64(0.0), np.float64(0.0)], screen=0, size=array([1920, 1080]), stencilBits=8, stereo=False, title='PsychoPy', units='height', useFBO=True, useRetina=False, viewOri=0.0, viewPos=None, viewScale=None, waitBlanking=True, winType='pyglet')
7.2945 	EXP 	window1: backgroundImage = ''
7.2946 	EXP 	window1: backgroundFit = 'none'
7.6484 	EXP 	window1: Attempting to measure frame rate of screen (0) ...
7.6484 	EXP 	window1: recordFrameIntervals = False
7.9127 	EXP 	window1: recordFrameIntervals = True
8.0964 	EXP 	Screen (0) actual frame rate measured at 59.91Hz
8.0964 	EXP 	window1: recordFrameIntervals = False
8.1467 	INFO 	keyboard.Keyboard is using ptb backend.
8.1468 	INFO 	keyboard.Keyboard is using ptb backend.
8.1468 	INFO 	keyboard.Keyboard is using ptb backend.
8.1468 	EXP 	Priming_gender: status = STARTED
8.1487 	ERROR 	Couldn't find image Instruction.png; check path? (tried: C:\Users\LSA\Documents\Gender-name-priming-task\Instruction.png)
8.2724 	INFO 	saved data to C:\Users\LSA\Documents\Gender-name-priming-task\data\603863_Priming_gender_2025-10-24_16h12.49.352.psydat
8.2756 	INFO 	saved data to 'C:\\Users\\LSA\\Documents\\Gender-name-priming-task\\data\\603863_Priming_gender_2025-10-24_16h12.49.352.csv'
8.2772 	WARNING 	Stopping key buffers but this could be dangerous ifother keyboards rely on the same.
8.3473 	WARNING 	Stopping key buffers but this could be dangerous ifother keyboards rely on the same.
8.3474 	WARNING 	Stopping key buffers but this could be dangerous ifother keyboards rely on the same.
