6.5245 	INFO 	Loaded monitor calibration from ['2025_09_24 10:44']
6.7384 	INFO 	Using renderer 'AMD Radeon(TM) Graphics' for graphics
6.7384 	INFO 	OpenGL version supported by driver is 4..
6.7737 	EXP 	Created window1 = Window(allowGUI=False, allowStencil=True, autoLog=True, backendConf=UNKNOWN, backgroundFit=<method-wrapper '__getattribute__' of attributeSetter object at 0x000001FEF3B60CA0>, backgroundImage=<method-wrapper '__getattribute__' of attributeSetter object at 0x000001FEF3B60D00>, bitsMode=UNKNOWN, blendMode='avg', bpc=(8, 8, 8), color=array([0, 0, 0]), colorSpace='rgb', depthBits=8, fullscr=True, gamma=None, gammaErrorPolicy='raise', infoMsg=UNKNOWN, lms=UNKNOWN, monitor=<psychopy.monitors.calibTools.Monitor object at 0x000001FEF3C15180>, multiSample=False, name='window1', numSamples=2, pos=[np.float64(0.0), np.float64(0.0)], screen=0, size=array([1920, 1080]), stencilBits=8, stereo=False, title='PsychoPy', units='height', useFBO=True, useRetina=False, viewOri=0.0, viewPos=None, viewScale=None, waitBlanking=True, winType='pyglet')
6.7738 	EXP 	window1: backgroundImage = ''
6.7738 	EXP 	window1: backgroundFit = 'none'
7.1490 	EXP 	window1: Attempting to measure frame rate of screen (0) ...
7.1491 	EXP 	window1: recordFrameIntervals = False
7.3975 	EXP 	window1: recordFrameIntervals = True
7.5813 	EXP 	Screen (0) actual frame rate measured at 59.80Hz
7.5813 	EXP 	window1: recordFrameIntervals = False
7.6416 	INFO 	keyboard.Keyboard is using ptb backend.
7.6418 	INFO 	keyboard.Keyboard is using ptb backend.
7.6419 	INFO 	keyboard.Keyboard is using ptb backend.
7.6419 	INFO 	keyboard.Keyboard is using ptb backend.
7.6420 	EXP 	Priming_gender: status = STARTED
7.6579 	EXP 	Created instruction_slide = ImageStim(__class__=<class 'psychopy.visual.image.ImageStim'>, anchor=('center', 'center'), autoLog=True, color=array([1., 1., 1.]), colorSpace='rgb', contrast=1.0, depth=0.0, draggable=True, flipHoriz=np.False_, flipVert=np.False_, image='Instruction.png', interpolate=True, mask=None, maskParams=None, name='instruction_slide', opacity=1, ori=0.0, pos=array([0., 0.]), size=array([2., 2.]), texRes=128.0, units='norm', win=Window(...))
7.7433 	EXP 	Created MAN = TextStim(__class__=<class 'psychopy.visual.text.TextStim'>, alignHoriz=method-wrapper(...), alignText='center', alignVert=method-wrapper(...), anchorHoriz='center', anchorVert='center', antialias=True, autoDraw=False, autoLog=True, bold=False, color=array([1., 1., 1.]), colorSpace='rgb', contrast=1.0, depth=0.0, draggable=False, flipHoriz=False, flipVert=False, font='Arial', fontFiles=[], height=np.float64(0.1), italic=False, languageStyle='LTR', name='MAN', opacity=1, ori=0.0, pos=array([0.8, 0.8]), rgb=UNKNOWN, text='MAN', units='norm', win=Window(...), wrapWidth=1)
7.7466 	EXP 	Created WOMAN = TextStim(__class__=<class 'psychopy.visual.text.TextStim'>, alignHoriz=method-wrapper(...), alignText='center', alignVert=method-wrapper(...), anchorHoriz='center', anchorVert='center', antialias=True, autoDraw=False, autoLog=True, bold=False, color=array([1., 1., 1.]), colorSpace='rgb', contrast=1.0, depth=-1.0, draggable=False, flipHoriz=False, flipVert=False, font='Arial', fontFiles=[], height=np.float64(0.1), italic=False, languageStyle='LTR', name='WOMAN', opacity=1, ori=0.0, pos=array([-0.8,  0.8]), rgb=UNKNOWN, text='WOMAN', units='norm', win=Window(...), wrapWidth=1)
7.7505 	EXP 	Created pic = ImageStim(__class__=<class 'psychopy.visual.image.ImageStim'>, anchor=('center', 'center'), autoLog=True, color=array([1., 1., 1.]), colorSpace='rgb', contrast=1.0, depth=-2.0, draggable=False, flipHoriz=np.False_, flipVert=np.False_, image='default.png', interpolate=True, mask=None, maskParams=None, name='pic', opacity=1, ori=0.0, pos=array([0., 0.]), size=array([1., 1.]), texRes=128.0, units='norm', win=Window(...))
7.7529 	EXP 	Created error_feedback = ShapeStim(__class__=<class 'psychopy.visual.shape.ShapeStim'>, anchor=('center', 'center'), autoDraw=False, autoLog=True, closeShape=True, color=method-wrapper(...), colorSpace='rgb', contrast=None, depth=-4.0, draggable=False, fillColor=array([ 1, -1, -1]), fillColorSpace='rgb', fillRGB=array([ 1, -1, -1]), interpolate=True, lineColor=array([ 1., -1., -1.]), lineColorSpace='rgb', lineRGB=array([ 1, -1, -1]), lineWidth=1.0, name='error_feedback', opacity=1, ori=45.0, pos=array([0., 0.]), size=array([0.5, 0.5]), units='norm', vertices=ndarray(...), win=Window(...), windingRule=None)
7.7547 	EXP 	Created MAN_3 = TextStim(__class__=<class 'psychopy.visual.text.TextStim'>, alignHoriz=method-wrapper(...), alignText='center', alignVert=method-wrapper(...), anchorHoriz='center', anchorVert='center', antialias=True, autoDraw=False, autoLog=True, bold=False, color=array([1., 1., 1.]), colorSpace='rgb', contrast=1.0, depth=0.0, draggable=False, flipHoriz=False, flipVert=False, font='Arial', fontFiles=[], height=np.float64(0.1), italic=False, languageStyle='LTR', name='MAN_3', opacity=1, ori=0.0, pos=array([0.8, 0.8]), rgb=UNKNOWN, text='MAN', units='norm', win=Window(...), wrapWidth=1)
7.7564 	EXP 	Created WOMAN_3 = TextStim(__class__=<class 'psychopy.visual.text.TextStim'>, alignHoriz=method-wrapper(...), alignText='center', alignVert=method-wrapper(...), anchorHoriz='center', anchorVert='center', antialias=True, autoDraw=False, autoLog=True, bold=False, color=array([1., 1., 1.]), colorSpace='rgb', contrast=1.0, depth=-1.0, draggable=False, flipHoriz=False, flipVert=False, font='Arial', fontFiles=[], height=np.float64(0.1), italic=False, languageStyle='LTR', name='WOMAN_3', opacity=1, ori=0.0, pos=array([-0.8,  0.8]), rgb=UNKNOWN, text='WOMAN', units='norm', win=Window(...), wrapWidth=1)
7.7777 	EXP 	Created pic_2 = ImageStim(__class__=<class 'psychopy.visual.image.ImageStim'>, anchor=('center', 'center'), autoLog=True, color=array([1., 1., 1.]), colorSpace='rgb', contrast=1.0, depth=-3.0, draggable=False, flipHoriz=np.False_, flipVert=np.False_, image='default.png', interpolate=True, mask=None, maskParams=None, name='pic_2', opacity=1, ori=0.0, pos=array([0., 0.]), size=array([1., 1.]), texRes=128.0, units='norm', win=Window(...))
0.0066 	EXP 	name_2: autoLog = True
0.0204 	INFO 	Keyboard events cleared
0.0203 	EXP 	instruction_slide: autoDraw = True
2.7738 	EXP 	Device response: <KeyPress from None: t=2.759308999986388, value=space, duration=None>
2.7794 	EXP 	Imported Training loop.csv as conditions, 2 conditions, 6 params
2.7799 	EXP 	New trial (rep=0, index=0): <Trial 0 (0 in rep 0) data={'Male': 'กฤษณะ', 'Female': 'กาญจนา', 'Image': 'men.png', 'Name': 'กฤษณะ', 'ImagePriming': 'men.png', 'NamePriming': 'กฤษณะ', 'thisN': 0, 'thisTrialN': 0, 'thisRepN': 0}>
2.7994 	DATA 	Keypress: space
2.8051 	INFO 	Keyboard events cleared
2.8050 	EXP 	instruction_slide: autoDraw = False
2.8050 	EXP 	pic: image = 'men.png'
2.8050 	EXP 	MAN: autoDraw = True
2.8050 	EXP 	WOMAN: autoDraw = True
2.8050 	EXP 	pic: autoDraw = True
2.8528 	EXP 	Device response: <KeyPress from None: t=2.759308999986388, value=space, duration=0.08508119999896735>
4.2361 	EXP 	Device response: <KeyPress from None: t=4.229028000030667, value=escape, duration=None>
4.2368 	DATA 	Keypress: escape
4.4190 	EXP 	Device response: <KeyPress from None: t=4.229028000030667, value=escape, duration=0.17340560001321137>
4.4191 	EXP 	Priming_gender: status = STOPPED
4.4356 	EXP 	MAN: autoDraw = False
4.4356 	EXP 	WOMAN: autoDraw = False
4.4356 	EXP 	pic: autoDraw = False
4.4358 	EXP 	Priming_gender: status = STOPPED
4.4432 	INFO 	saved data to 'C:\\Users\\engpc\\Downloads\\Neuromarketing\\Neuromarketing\\Pilot\\data\\645694_Priming_gender_2025-09-25_17h10.29.939.csv'
4.4442 	INFO 	saved data to C:\Users\engpc\Downloads\Neuromarketing\Neuromarketing\Pilot\data\645694_Priming_gender_2025-09-25_17h10.29.939.psydat
4.5681 	WARNING 	Stopping key buffers but this could be dangerous ifother keyboards rely on the same.
4.6059 	WARNING 	Stopping key buffers but this could be dangerous ifother keyboards rely on the same.
4.6059 	WARNING 	Stopping key buffers but this could be dangerous ifother keyboards rely on the same.
4.6060 	WARNING 	Stopping key buffers but this could be dangerous ifother keyboards rely on the same.
