9.7921 	INFO 	Loaded monitor calibration from ['2025_09_24 10:44']
9.8081 	WARNING 	User requested fullscreen with size [1024  768], but screen is actually [1920, 1080]. Using actual size
9.9613 	INFO 	Using renderer 'AMD Radeon(TM) Graphics' for graphics
9.9613 	INFO 	OpenGL version supported by driver is 4..
9.9946 	EXP 	Created window1 = Window(allowGUI=False, allowStencil=False, autoLog=True, backendConf=UNKNOWN, backgroundFit=<method-wrapper '__getattribute__' of attributeSetter object at 0x0000022F9BD4F430>, backgroundImage=<method-wrapper '__getattribute__' of attributeSetter object at 0x0000022F9BD4F490>, bitsMode=UNKNOWN, blendMode='avg', bpc=(8, 8, 8), color=array([0, 0, 0]), colorSpace='rgb', depthBits=8, fullscr=True, gamma=None, gammaErrorPolicy='raise', infoMsg=UNKNOWN, lms=UNKNOWN, monitor=<psychopy.monitors.calibTools.Monitor object at 0x0000022F9BE22B60>, multiSample=False, name='window1', numSamples=2, pos=[np.float64(0.0), np.float64(0.0)], screen=0, size=array([1920, 1080]), stencilBits=0, stereo=False, title='PsychoPy', units='height', useFBO=True, useRetina=False, viewOri=0.0, viewPos=None, viewScale=None, waitBlanking=True, winType='pyglet')
9.9947 	EXP 	window1: backgroundImage = ''
9.9947 	EXP 	window1: backgroundFit = 'none'
10.3574 	EXP 	window1: Attempting to measure frame rate of screen (0) ...
10.3574 	EXP 	window1: recordFrameIntervals = False
10.5926 	EXP 	window1: recordFrameIntervals = True
10.9762 	EXP 	Screen (0) actual frame rate measured at 59.76Hz
10.9762 	EXP 	window1: recordFrameIntervals = False
11.0303 	INFO 	keyboard.Keyboard is using ptb backend.
11.0306 	INFO 	keyboard.Keyboard is using ptb backend.
11.0308 	INFO 	keyboard.Keyboard is using ptb backend.
11.0308 	EXP 	Priming_gender: status = STARTED
11.1136 	EXP 	Created MAN = TextStim(__class__=<class 'psychopy.visual.text.TextStim'>, alignHoriz=method-wrapper(...), alignText='center', alignVert=method-wrapper(...), anchorHoriz='center', anchorVert='center', antialias=True, autoDraw=False, autoLog=True, bold=False, color=array([1., 1., 1.]), colorSpace='rgb', contrast=1.0, depth=0.0, draggable=False, flipHoriz=False, flipVert=False, font='Arial', fontFiles=[], height=np.float64(0.1), italic=False, languageStyle='LTR', name='MAN', opacity=1, ori=0.0, pos=array([0.8, 0.8]), rgb=UNKNOWN, text='MAN', units='norm', win=Window(...), wrapWidth=1)
11.1168 	EXP 	Created WOMAN = TextStim(__class__=<class 'psychopy.visual.text.TextStim'>, alignHoriz=method-wrapper(...), alignText='center', alignVert=method-wrapper(...), anchorHoriz='center', anchorVert='center', antialias=True, autoDraw=False, autoLog=True, bold=False, color=array([1., 1., 1.]), colorSpace='rgb', contrast=1.0, depth=-1.0, draggable=False, flipHoriz=False, flipVert=False, font='Arial', fontFiles=[], height=np.float64(0.1), italic=False, languageStyle='LTR', name='WOMAN', opacity=1, ori=0.0, pos=array([-0.8,  0.8]), rgb=UNKNOWN, text='WOMAN', units='norm', win=Window(...), wrapWidth=1)
11.1738 	INFO 	saved data to C:\Users\engpc\Downloads\Neuromarketing\Neuromarketing\Pilot\data\671183_Priming_gender_2025-09-25_14h25.04.094.psydat
11.1747 	INFO 	saved data to 'C:\\Users\\engpc\\Downloads\\Neuromarketing\\Neuromarketing\\Pilot\\data\\671183_Priming_gender_2025-09-25_14h25.04.094.csv'
11.1826 	WARNING 	Stopping key buffers but this could be dangerous ifother keyboards rely on the same.
11.2335 	WARNING 	Stopping key buffers but this could be dangerous ifother keyboards rely on the same.
11.2336 	WARNING 	Stopping key buffers but this could be dangerous ifother keyboards rely on the same.
