6.9268 	INFO 	Loaded monitor calibration from ['2025_09_24 10:44']
6.9356 	WARNING 	User requested fullscreen with size [1024  768], but screen is actually [1920, 1080]. Using actual size
7.1196 	INFO 	Using renderer 'AMD Radeon(TM) Graphics' for graphics
7.1196 	INFO 	OpenGL version supported by driver is 4..
7.1527 	EXP 	Created window1 = Window(allowGUI=False, allowStencil=True, autoLog=True, backendConf=UNKNOWN, backgroundFit=<method-wrapper '__getattribute__' of attributeSetter object at 0x000001D86250B4F0>, backgroundImage=<method-wrapper '__getattribute__' of attributeSetter object at 0x000001D86250B490>, bitsMode=UNKNOWN, blendMode='avg', bpc=(8, 8, 8), color=array([0, 0, 0]), colorSpace='rgb', depthBits=8, fullscr=True, gamma=None, gammaErrorPolicy='raise', infoMsg=UNKNOWN, lms=UNKNOWN, monitor=<psychopy.monitors.calibTools.Monitor object at 0x000001D8625F4070>, multiSample=False, name='window1', numSamples=2, pos=[np.float64(0.0), np.float64(0.0)], screen=0, size=array([1920, 1080]), stencilBits=8, stereo=False, title='PsychoPy', units='height', useFBO=True, useRetina=False, viewOri=0.0, viewPos=None, viewScale=None, waitBlanking=True, winType='pyglet')
7.1528 	EXP 	window1: backgroundImage = ''
7.1528 	EXP 	window1: backgroundFit = 'none'
7.5201 	EXP 	window1: Attempting to measure frame rate of screen (0) ...
7.5201 	EXP 	window1: recordFrameIntervals = False
7.7470 	EXP 	window1: recordFrameIntervals = True
7.9297 	EXP 	Screen (0) actual frame rate measured at 59.95Hz
7.9297 	EXP 	window1: recordFrameIntervals = False
7.9900 	INFO 	keyboard.Keyboard is using ptb backend.
7.9902 	INFO 	keyboard.Keyboard is using ptb backend.
7.9902 	INFO 	keyboard.Keyboard is using ptb backend.
7.9903 	EXP 	Priming_gender: status = STARTED
8.0810 	EXP 	Created MAN = TextStim(__class__=<class 'psychopy.visual.text.TextStim'>, alignHoriz=method-wrapper(...), alignText='center', alignVert=method-wrapper(...), anchorHoriz='center', anchorVert='center', antialias=True, autoDraw=False, autoLog=True, bold=False, color=array([1., 1., 1.]), colorSpace='rgb', contrast=1.0, depth=0.0, draggable=False, flipHoriz=False, flipVert=False, font='Arial', fontFiles=[], height=np.float64(0.1), italic=False, languageStyle='LTR', name='MAN', opacity=1, ori=0.0, pos=array([0.8, 0.8]), rgb=UNKNOWN, text='MAN', units='norm', win=Window(...), wrapWidth=1)
8.0856 	EXP 	Created WOMAN = TextStim(__class__=<class 'psychopy.visual.text.TextStim'>, alignHoriz=method-wrapper(...), alignText='center', alignVert=method-wrapper(...), anchorHoriz='center', anchorVert='center', antialias=True, autoDraw=False, autoLog=True, bold=False, color=array([1., 1., 1.]), colorSpace='rgb', contrast=1.0, depth=-1.0, draggable=False, flipHoriz=False, flipVert=False, font='Arial', fontFiles=[], height=np.float64(0.1), italic=False, languageStyle='LTR', name='WOMAN', opacity=1, ori=0.0, pos=array([-0.8,  0.8]), rgb=UNKNOWN, text='WOMAN', units='norm', win=Window(...), wrapWidth=1)
8.0894 	EXP 	Created pic = ImageStim(__class__=<class 'psychopy.visual.image.ImageStim'>, anchor=('center', 'center'), autoLog=True, color=array([1., 1., 1.]), colorSpace='rgb', contrast=1.0, depth=-2.0, draggable=False, flipHoriz=np.False_, flipVert=np.False_, image='default.png', interpolate=True, mask=None, maskParams=None, name='pic', opacity=1, ori=0.0, pos=array([0., 0.]), size=array([1., 1.]), texRes=128.0, units='norm', win=Window(...))
8.0920 	EXP 	Created error_feedback = ShapeStim(__class__=<class 'psychopy.visual.shape.ShapeStim'>, anchor=('center', 'center'), autoDraw=False, autoLog=True, closeShape=True, color=method-wrapper(...), colorSpace='rgb', contrast=None, depth=-4.0, draggable=False, fillColor=array([ 1, -1, -1]), fillColorSpace='rgb', fillRGB=array([ 1, -1, -1]), interpolate=True, lineColor=array([ 1., -1., -1.]), lineColorSpace='rgb', lineRGB=array([ 1, -1, -1]), lineWidth=1.0, name='error_feedback', opacity=1, ori=45.0, pos=array([0., 0.]), size=array([0.5, 0.5]), units='norm', vertices=ndarray(...), win=Window(...), windingRule=None)
8.0936 	EXP 	Created errorCross = ShapeStim(__class__=<class 'psychopy.visual.shape.ShapeStim'>, anchor=('center', 'center'), autoDraw=False, autoLog=True, closeShape=True, color=method-wrapper(...), colorSpace='rgb', contrast=None, depth=0.0, draggable=False, fillColor=array([ 1, -1, -1]), fillColorSpace='rgb', fillRGB=array([ 1, -1, -1]), interpolate=True, lineColor=array([ 1., -1., -1.]), lineColorSpace='rgb', lineRGB=array([ 1, -1, -1]), lineWidth=1.0, name='errorCross', opacity=1, ori=45.0, pos=array([0., 0.]), size=array([0.5, 0.5]), units='norm', vertices=ndarray(...), win=Window(...), windingRule=None)
8.0953 	EXP 	Created MAN_3 = TextStim(__class__=<class 'psychopy.visual.text.TextStim'>, alignHoriz=method-wrapper(...), alignText='center', alignVert=method-wrapper(...), anchorHoriz='center', anchorVert='center', antialias=True, autoDraw=False, autoLog=True, bold=False, color=array([1., 1., 1.]), colorSpace='rgb', contrast=1.0, depth=0.0, draggable=False, flipHoriz=False, flipVert=False, font='Arial', fontFiles=[], height=np.float64(0.1), italic=False, languageStyle='LTR', name='MAN_3', opacity=1, ori=0.0, pos=array([0.8, 0.8]), rgb=UNKNOWN, text='MAN', units='norm', win=Window(...), wrapWidth=1)
8.0971 	EXP 	Created WOMAN_3 = TextStim(__class__=<class 'psychopy.visual.text.TextStim'>, alignHoriz=method-wrapper(...), alignText='center', alignVert=method-wrapper(...), anchorHoriz='center', anchorVert='center', antialias=True, autoDraw=False, autoLog=True, bold=False, color=array([1., 1., 1.]), colorSpace='rgb', contrast=1.0, depth=-1.0, draggable=False, flipHoriz=False, flipVert=False, font='Arial', fontFiles=[], height=np.float64(0.1), italic=False, languageStyle='LTR', name='WOMAN_3', opacity=1, ori=0.0, pos=array([-0.8,  0.8]), rgb=UNKNOWN, text='WOMAN', units='norm', win=Window(...), wrapWidth=1)
8.1206 	EXP 	Created pic_2 = ImageStim(__class__=<class 'psychopy.visual.image.ImageStim'>, anchor=('center', 'center'), autoLog=True, color=array([1., 1., 1.]), colorSpace='rgb', contrast=1.0, depth=-3.0, draggable=False, flipHoriz=np.False_, flipVert=np.False_, image='default.png', interpolate=True, mask=None, maskParams=None, name='pic_2', opacity=1, ori=0.0, pos=array([0., 0.]), size=array([1., 1.]), texRes=128.0, units='norm', win=Window(...))
0.0061 	EXP 	name_2: autoLog = True
0.0113 	EXP 	Imported Training loop.csv as conditions, 2 conditions, 6 params
0.0117 	EXP 	New trial (rep=0, index=0): <Trial 0 (0 in rep 0) data={'Male': 'กฤษณะ', 'Female': 'กาญจนา', 'Image': 'men.png', 'Name': 'กฤษณะ', 'ImagePriming': 'men.png', 'NamePriming': 'กฤษณะ', 'thisN': 0, 'thisTrialN': 0, 'thisRepN': 0}>
0.0469 	INFO 	Keyboard events cleared
0.0468 	EXP 	pic: image = 'men.png'
0.0468 	EXP 	MAN: autoDraw = True
0.0468 	EXP 	WOMAN: autoDraw = True
0.0468 	EXP 	pic: autoDraw = True
1.1619 	EXP 	Device response: <KeyPress from None: t=1.1501895999535918, value=j, duration=None>
1.1624 	EXP 	New trial (rep=1, index=1): <Trial 1 (1 in rep 1) data={'Male': 'กฤษณะ', 'Female': 'กาญจนา', 'Image': 'men.png', 'Name': 'กฤษณะ', 'ImagePriming': 'men.png', 'NamePriming': 'กฤษณะ', 'thisN': 1, 'thisTrialN': 1, 'thisRepN': 1}>
1.1810 	DATA 	Keypress: j
1.1874 	INFO 	Keyboard events cleared
1.1873 	EXP 	error_feedback: autoDraw = False
1.1873 	EXP 	MAN: autoDraw = False
1.1873 	EXP 	WOMAN: autoDraw = False
1.1873 	EXP 	pic: autoDraw = False
1.1873 	EXP 	error_feedback: autoDraw = False
1.1873 	EXP 	errorCross: autoDraw = False
1.1873 	EXP 	pic: image = 'men.png'
1.1873 	EXP 	MAN: autoDraw = True
1.1873 	EXP 	WOMAN: autoDraw = True
1.1873 	EXP 	pic: autoDraw = True
1.2915 	EXP 	Device response: <KeyPress from None: t=1.1501895999535918, value=j, duration=0.13990710000507534>
2.3579 	EXP 	Device response: <KeyPress from None: t=2.3425862999865785, value=j, duration=None>
2.3584 	EXP 	New trial (rep=0, index=2): <Trial 2 (2 in rep 0) data={'Male': 'นเรศ', 'Female': 'พิมพ์ใจ', 'Image': 'women.png', 'Name': 'นเรศ', 'ImagePriming': 'men.png', 'NamePriming': 'นเรศ', 'thisN': 2, 'thisTrialN': 2, 'thisRepN': 0}>
2.3810 	DATA 	Keypress: j
2.3937 	INFO 	Keyboard events cleared
2.3935 	EXP 	error_feedback: autoDraw = False
2.3935 	EXP 	MAN: autoDraw = False
2.3935 	EXP 	WOMAN: autoDraw = False
2.3935 	EXP 	pic: autoDraw = False
2.3935 	EXP 	error_feedback: autoDraw = False
2.3935 	EXP 	errorCross: autoDraw = False
2.3935 	EXP 	pic: image = 'women.png'
2.3935 	EXP 	MAN: autoDraw = True
2.3935 	EXP 	WOMAN: autoDraw = True
2.3935 	EXP 	pic: autoDraw = True
2.4908 	EXP 	Device response: <KeyPress from None: t=2.3425862999865785, value=j, duration=0.13885899994056672>
3.5740 	EXP 	Device response: <KeyPress from None: t=3.567136599915102, value=j, duration=None>
3.5743 	EXP 	New trial (rep=1, index=3): <Trial 3 (3 in rep 1) data={'Male': 'นเรศ', 'Female': 'พิมพ์ใจ', 'Image': 'women.png', 'Name': 'นเรศ', 'ImagePriming': 'men.png', 'NamePriming': 'นเรศ', 'thisN': 3, 'thisTrialN': 3, 'thisRepN': 1}>
3.5998 	DATA 	Keypress: j
3.6106 	INFO 	Keyboard events cleared
3.6105 	EXP 	error_feedback: autoDraw = False
3.6105 	EXP 	MAN: autoDraw = False
3.6105 	EXP 	WOMAN: autoDraw = False
3.6105 	EXP 	pic: autoDraw = False
3.6105 	EXP 	error_feedback: autoDraw = False
3.6105 	EXP 	errorCross: autoDraw = False
3.6105 	EXP 	pic: image = 'women.png'
3.6105 	EXP 	MAN: autoDraw = True
3.6105 	EXP 	WOMAN: autoDraw = True
3.6105 	EXP 	pic: autoDraw = True
3.6415 	EXP 	Device response: <KeyPress from None: t=3.567136599915102, value=j, duration=0.06556730007287115>
4.1083 	EXP 	Device response: <KeyPress from None: t=4.107560999924317, value=k, duration=None>
4.1099 	DATA 	Keypress: k
4.1241 	EXP 	error_feedback: autoDraw = True
4.1241 	EXP 	MAN: autoDraw = False
4.1241 	EXP 	WOMAN: autoDraw = False
4.1241 	EXP 	pic: autoDraw = False
4.1241 	EXP 	error_feedback: autoDraw = False
4.1241 	EXP 	errorCross: autoDraw = True
4.1408 	EXP 	errorCross: autoDraw = True
4.1574 	EXP 	errorCross: autoDraw = True
4.1740 	EXP 	errorCross: autoDraw = True
4.1904 	EXP 	errorCross: autoDraw = True
4.2079 	EXP 	errorCross: autoDraw = True
4.2241 	EXP 	errorCross: autoDraw = True
4.2243 	EXP 	Device response: <KeyPress from None: t=4.107560999924317, value=k, duration=0.10080550005659461>
4.2408 	EXP 	errorCross: autoDraw = True
4.2578 	EXP 	errorCross: autoDraw = True
4.2737 	EXP 	errorCross: autoDraw = True
4.2907 	EXP 	errorCross: autoDraw = True
4.3073 	EXP 	errorCross: autoDraw = True
4.3240 	EXP 	errorCross: autoDraw = True
4.3405 	EXP 	errorCross: autoDraw = True
4.3572 	EXP 	errorCross: autoDraw = True
4.3740 	EXP 	errorCross: autoDraw = True
4.3900 	EXP 	errorCross: autoDraw = True
4.4072 	EXP 	errorCross: autoDraw = True
4.4238 	EXP 	errorCross: autoDraw = True
4.4401 	EXP 	errorCross: autoDraw = True
4.4575 	EXP 	errorCross: autoDraw = True
4.4734 	EXP 	errorCross: autoDraw = True
4.4906 	EXP 	errorCross: autoDraw = True
4.5073 	EXP 	errorCross: autoDraw = True
4.5242 	EXP 	errorCross: autoDraw = True
4.5406 	EXP 	errorCross: autoDraw = True
4.5573 	EXP 	errorCross: autoDraw = True
4.5740 	EXP 	errorCross: autoDraw = True
4.5914 	EXP 	errorCross: autoDraw = True
4.5918 	EXP 	New trial (rep=2, index=4): <Trial 4 (4 in rep 2) data={'Male': 'กฤษณะ', 'Female': 'กาญจนา', 'Image': 'men.png', 'Name': 'กฤษณะ', 'ImagePriming': 'men.png', 'NamePriming': 'กฤษณะ', 'thisN': 4, 'thisTrialN': 4, 'thisRepN': 2}>
4.6152 	INFO 	Keyboard events cleared
4.6151 	EXP 	errorCross: autoDraw = True
4.6151 	EXP 	errorCross: autoDraw = False
4.6151 	EXP 	pic: image = 'men.png'
4.6151 	EXP 	MAN: autoDraw = True
4.6151 	EXP 	WOMAN: autoDraw = True
4.6151 	EXP 	pic: autoDraw = True
5.3074 	EXP 	Device response: <KeyPress from None: t=5.297644099919125, value=k, duration=None>
5.3085 	DATA 	Keypress: k
5.3237 	EXP 	error_feedback: autoDraw = True
5.3237 	EXP 	MAN: autoDraw = False
5.3237 	EXP 	WOMAN: autoDraw = False
5.3237 	EXP 	pic: autoDraw = False
5.3237 	EXP 	error_feedback: autoDraw = False
5.3237 	EXP 	errorCross: autoDraw = True
5.3401 	EXP 	errorCross: autoDraw = True
5.3579 	EXP 	errorCross: autoDraw = True
5.3739 	EXP 	errorCross: autoDraw = True
5.3904 	EXP 	errorCross: autoDraw = True
5.4075 	EXP 	errorCross: autoDraw = True
5.4078 	EXP 	Device response: <KeyPress from None: t=5.297644099919125, value=k, duration=0.09901780006475747>
5.4239 	EXP 	errorCross: autoDraw = True
5.4406 	EXP 	errorCross: autoDraw = True
5.4575 	EXP 	errorCross: autoDraw = True
5.4735 	EXP 	errorCross: autoDraw = True
5.4906 	EXP 	errorCross: autoDraw = True
5.5074 	EXP 	errorCross: autoDraw = True
5.5235 	EXP 	errorCross: autoDraw = True
5.5408 	EXP 	errorCross: autoDraw = True
5.5571 	EXP 	errorCross: autoDraw = True
5.5742 	EXP 	errorCross: autoDraw = True
5.5908 	EXP 	errorCross: autoDraw = True
5.6072 	EXP 	errorCross: autoDraw = True
5.6245 	EXP 	errorCross: autoDraw = True
5.6408 	EXP 	errorCross: autoDraw = True
5.6572 	EXP 	errorCross: autoDraw = True
5.6738 	EXP 	errorCross: autoDraw = True
5.6904 	EXP 	errorCross: autoDraw = True
5.7068 	EXP 	errorCross: autoDraw = True
5.7243 	EXP 	errorCross: autoDraw = True
5.7406 	EXP 	errorCross: autoDraw = True
5.7578 	EXP 	errorCross: autoDraw = True
5.7739 	EXP 	errorCross: autoDraw = True
5.7907 	EXP 	errorCross: autoDraw = True
5.7910 	EXP 	New trial (rep=3, index=5): <Trial 5 (5 in rep 3) data={'Male': 'กฤษณะ', 'Female': 'กาญจนา', 'Image': 'men.png', 'Name': 'กฤษณะ', 'ImagePriming': 'men.png', 'NamePriming': 'กฤษณะ', 'thisN': 5, 'thisTrialN': 5, 'thisRepN': 3}>
5.8143 	INFO 	Keyboard events cleared
5.8142 	EXP 	errorCross: autoDraw = True
5.8142 	EXP 	errorCross: autoDraw = False
5.8142 	EXP 	pic: image = 'men.png'
5.8142 	EXP 	MAN: autoDraw = True
5.8142 	EXP 	WOMAN: autoDraw = True
5.8142 	EXP 	pic: autoDraw = True
7.7407 	EXP 	Device response: <KeyPress from None: t=7.729998699971475, value=k, duration=None>
7.7419 	DATA 	Keypress: k
7.7571 	EXP 	error_feedback: autoDraw = True
7.7571 	EXP 	MAN: autoDraw = False
7.7571 	EXP 	WOMAN: autoDraw = False
7.7571 	EXP 	pic: autoDraw = False
7.7571 	EXP 	error_feedback: autoDraw = False
7.7571 	EXP 	errorCross: autoDraw = True
7.7738 	EXP 	errorCross: autoDraw = True
7.7903 	EXP 	errorCross: autoDraw = True
7.8072 	EXP 	errorCross: autoDraw = True
7.8236 	EXP 	errorCross: autoDraw = True
7.8240 	EXP 	Device response: <KeyPress from None: t=7.729998699971475, value=k, duration=0.07879800000227988>
7.8402 	EXP 	errorCross: autoDraw = True
7.8567 	EXP 	errorCross: autoDraw = True
7.8740 	EXP 	errorCross: autoDraw = True
7.8902 	EXP 	errorCross: autoDraw = True
7.9070 	EXP 	errorCross: autoDraw = True
7.9237 	EXP 	errorCross: autoDraw = True
7.9406 	EXP 	errorCross: autoDraw = True
7.9572 	EXP 	errorCross: autoDraw = True
7.9737 	EXP 	errorCross: autoDraw = True
7.9904 	EXP 	errorCross: autoDraw = True
8.0068 	EXP 	errorCross: autoDraw = True
8.0237 	EXP 	errorCross: autoDraw = True
8.0402 	EXP 	errorCross: autoDraw = True
8.0575 	EXP 	errorCross: autoDraw = True
8.0741 	EXP 	errorCross: autoDraw = True
8.0908 	EXP 	errorCross: autoDraw = True
8.1073 	EXP 	errorCross: autoDraw = True
8.1239 	EXP 	errorCross: autoDraw = True
8.1409 	EXP 	errorCross: autoDraw = True
8.1572 	EXP 	errorCross: autoDraw = True
8.1734 	EXP 	errorCross: autoDraw = True
8.1904 	EXP 	errorCross: autoDraw = True
8.2071 	EXP 	errorCross: autoDraw = True
8.2242 	EXP 	errorCross: autoDraw = True
8.2246 	EXP 	New trial (rep=2, index=6): <Trial 6 (6 in rep 2) data={'Male': 'นเรศ', 'Female': 'พิมพ์ใจ', 'Image': 'women.png', 'Name': 'นเรศ', 'ImagePriming': 'men.png', 'NamePriming': 'นเรศ', 'thisN': 6, 'thisTrialN': 6, 'thisRepN': 2}>
8.2491 	INFO 	Keyboard events cleared
8.2489 	EXP 	errorCross: autoDraw = True
8.2489 	EXP 	errorCross: autoDraw = False
8.2489 	EXP 	pic: image = 'women.png'
8.2489 	EXP 	MAN: autoDraw = True
8.2489 	EXP 	WOMAN: autoDraw = True
8.2489 	EXP 	pic: autoDraw = True
8.5075 	EXP 	Device response: <KeyPress from None: t=8.497894699918106, value=j, duration=None>
8.5079 	EXP 	New trial (rep=3, index=7): <Trial 7 (7 in rep 3) data={'Male': 'นเรศ', 'Female': 'พิมพ์ใจ', 'Image': 'women.png', 'Name': 'นเรศ', 'ImagePriming': 'men.png', 'NamePriming': 'นเรศ', 'thisN': 7, 'thisTrialN': 7, 'thisRepN': 3}>
8.5262 	EXP 	Device response: <KeyPress from None: t=8.497894699918106, value=j, duration=0.015956500079482794>
8.5270 	DATA 	Keypress: j
8.5316 	INFO 	Keyboard events cleared
8.5316 	EXP 	error_feedback: autoDraw = False
8.5316 	EXP 	MAN: autoDraw = False
8.5316 	EXP 	WOMAN: autoDraw = False
8.5316 	EXP 	pic: autoDraw = False
8.5316 	EXP 	error_feedback: autoDraw = False
8.5316 	EXP 	errorCross: autoDraw = False
8.5316 	EXP 	pic: image = 'women.png'
8.5316 	EXP 	MAN: autoDraw = True
8.5316 	EXP 	WOMAN: autoDraw = True
8.5316 	EXP 	pic: autoDraw = True
9.7742 	EXP 	Device response: <KeyPress from None: t=9.764582099975087, value=j, duration=None>
9.7746 	EXP 	New trial (rep=4, index=8): <Trial 8 (8 in rep 4) data={'Male': 'นเรศ', 'Female': 'พิมพ์ใจ', 'Image': 'women.png', 'Name': 'นเรศ', 'ImagePriming': 'men.png', 'NamePriming': 'นเรศ', 'thisN': 8, 'thisTrialN': 8, 'thisRepN': 4}>
9.7943 	DATA 	Keypress: j
9.8006 	INFO 	Keyboard events cleared
9.8005 	EXP 	error_feedback: autoDraw = False
9.8005 	EXP 	MAN: autoDraw = False
9.8005 	EXP 	WOMAN: autoDraw = False
9.8005 	EXP 	pic: autoDraw = False
9.8005 	EXP 	error_feedback: autoDraw = False
9.8005 	EXP 	errorCross: autoDraw = False
9.8005 	EXP 	pic: image = 'women.png'
9.8005 	EXP 	MAN: autoDraw = True
9.8005 	EXP 	WOMAN: autoDraw = True
9.8005 	EXP 	pic: autoDraw = True
9.9409 	EXP 	Device response: <KeyPress from None: t=9.764582099975087, value=j, duration=0.1626547999912873>
10.2905 	EXP 	Device response: <KeyPress from None: t=10.2859230999602, value=j, duration=None>
10.2909 	EXP 	New trial (rep=5, index=9): <Trial 9 (9 in rep 5) data={'Male': 'นเรศ', 'Female': 'พิมพ์ใจ', 'Image': 'women.png', 'Name': 'นเรศ', 'ImagePriming': 'men.png', 'NamePriming': 'นเรศ', 'thisN': 9, 'thisTrialN': 9, 'thisRepN': 5}>
10.3141 	DATA 	Keypress: j
10.3184 	INFO 	Keyboard events cleared
10.3183 	EXP 	error_feedback: autoDraw = False
10.3183 	EXP 	MAN: autoDraw = False
10.3183 	EXP 	WOMAN: autoDraw = False
10.3183 	EXP 	pic: autoDraw = False
10.3183 	EXP 	error_feedback: autoDraw = False
10.3183 	EXP 	errorCross: autoDraw = False
10.3183 	EXP 	pic: image = 'women.png'
10.3183 	EXP 	MAN: autoDraw = True
10.3183 	EXP 	WOMAN: autoDraw = True
10.3183 	EXP 	pic: autoDraw = True
10.3910 	EXP 	Device response: <KeyPress from None: t=10.2859230999602, value=j, duration=0.1028470000019297>
10.5739 	EXP 	Device response: <KeyPress from None: t=10.572497799992561, value=k, duration=None>
10.5747 	DATA 	Keypress: k
10.5901 	EXP 	error_feedback: autoDraw = True
10.5901 	EXP 	MAN: autoDraw = False
10.5901 	EXP 	WOMAN: autoDraw = False
10.5901 	EXP 	pic: autoDraw = False
10.5901 	EXP 	error_feedback: autoDraw = False
10.5901 	EXP 	errorCross: autoDraw = True
10.6070 	EXP 	errorCross: autoDraw = True
10.6235 	EXP 	errorCross: autoDraw = True
10.6398 	EXP 	errorCross: autoDraw = True
10.6571 	EXP 	errorCross: autoDraw = True
10.6732 	EXP 	errorCross: autoDraw = True
10.6906 	EXP 	errorCross: autoDraw = True
10.6909 	EXP 	Device response: <KeyPress from None: t=10.572497799992561, value=k, duration=0.10124390001874417>
10.7069 	EXP 	errorCross: autoDraw = True
10.7230 	EXP 	errorCross: autoDraw = True
10.7403 	EXP 	errorCross: autoDraw = True
10.7565 	EXP 	errorCross: autoDraw = True
10.7736 	EXP 	errorCross: autoDraw = True
10.7903 	EXP 	errorCross: autoDraw = True
10.8068 	EXP 	errorCross: autoDraw = True
10.8236 	EXP 	errorCross: autoDraw = True
10.8404 	EXP 	errorCross: autoDraw = True
10.8567 	EXP 	errorCross: autoDraw = True
10.8735 	EXP 	errorCross: autoDraw = True
10.8902 	EXP 	errorCross: autoDraw = True
10.9071 	EXP 	errorCross: autoDraw = True
10.9235 	EXP 	errorCross: autoDraw = True
10.9400 	EXP 	errorCross: autoDraw = True
10.9565 	EXP 	errorCross: autoDraw = True
10.9732 	EXP 	errorCross: autoDraw = True
10.9907 	EXP 	errorCross: autoDraw = True
11.0072 	EXP 	errorCross: autoDraw = True
11.0238 	EXP 	errorCross: autoDraw = True
11.0410 	EXP 	errorCross: autoDraw = True
11.0573 	EXP 	errorCross: autoDraw = True
11.0577 	EXP 	New trial (rep=4, index=10): <Trial 10 (10 in rep 4) data={'Male': 'กฤษณะ', 'Female': 'กาญจนา', 'Image': 'men.png', 'Name': 'กฤษณะ', 'ImagePriming': 'men.png', 'NamePriming': 'กฤษณะ', 'thisN': 10, 'thisTrialN': 10, 'thisRepN': 4}>
11.0811 	INFO 	Keyboard events cleared
11.0810 	EXP 	errorCross: autoDraw = True
11.0810 	EXP 	errorCross: autoDraw = False
11.0810 	EXP 	pic: image = 'men.png'
11.0810 	EXP 	MAN: autoDraw = True
11.0810 	EXP 	WOMAN: autoDraw = True
11.0810 	EXP 	pic: autoDraw = True
11.2906 	EXP 	Device response: <KeyPress from None: t=11.283162200008519, value=k, duration=None>
11.2913 	DATA 	Keypress: k
11.3069 	EXP 	error_feedback: autoDraw = True
11.3069 	EXP 	MAN: autoDraw = False
11.3069 	EXP 	WOMAN: autoDraw = False
11.3069 	EXP 	pic: autoDraw = False
11.3069 	EXP 	error_feedback: autoDraw = False
11.3069 	EXP 	errorCross: autoDraw = True
11.3234 	EXP 	errorCross: autoDraw = True
11.3404 	EXP 	errorCross: autoDraw = True
11.3565 	EXP 	errorCross: autoDraw = True
11.3793 	EXP 	errorCross: autoDraw = True
11.3960 	EXP 	errorCross: autoDraw = True
11.3964 	EXP 	Device response: <KeyPress from None: t=11.283162200008519, value=k, duration=0.11036219995003194>
11.4127 	EXP 	errorCross: autoDraw = True
11.4293 	EXP 	errorCross: autoDraw = True
11.4460 	EXP 	errorCross: autoDraw = True
11.4636 	EXP 	errorCross: autoDraw = True
11.4734 	EXP 	errorCross: autoDraw = True
11.4899 	EXP 	errorCross: autoDraw = True
11.5067 	EXP 	errorCross: autoDraw = True
11.5236 	EXP 	errorCross: autoDraw = True
11.5399 	EXP 	errorCross: autoDraw = True
11.5570 	EXP 	errorCross: autoDraw = True
11.5735 	EXP 	errorCross: autoDraw = True
11.5909 	EXP 	errorCross: autoDraw = True
11.6070 	EXP 	errorCross: autoDraw = True
11.6237 	EXP 	errorCross: autoDraw = True
11.6410 	EXP 	errorCross: autoDraw = True
11.6570 	EXP 	errorCross: autoDraw = True
11.6734 	EXP 	errorCross: autoDraw = True
11.6901 	EXP 	errorCross: autoDraw = True
11.7077 	EXP 	errorCross: autoDraw = True
11.7235 	EXP 	errorCross: autoDraw = True
11.7403 	EXP 	errorCross: autoDraw = True
11.7568 	EXP 	errorCross: autoDraw = True
11.7732 	EXP 	errorCross: autoDraw = True
11.7736 	EXP 	New trial (rep=5, index=11): <Trial 11 (11 in rep 5) data={'Male': 'กฤษณะ', 'Female': 'กาญจนา', 'Image': 'men.png', 'Name': 'กฤษณะ', 'ImagePriming': 'men.png', 'NamePriming': 'กฤษณะ', 'thisN': 11, 'thisTrialN': 11, 'thisRepN': 5}>
11.7963 	INFO 	Keyboard events cleared
11.7961 	EXP 	errorCross: autoDraw = True
11.7961 	EXP 	errorCross: autoDraw = False
11.7961 	EXP 	pic: image = 'men.png'
11.7961 	EXP 	MAN: autoDraw = True
11.7961 	EXP 	WOMAN: autoDraw = True
11.7961 	EXP 	pic: autoDraw = True
11.8587 	DATA 	Keypress: k
11.8737 	EXP 	Device response: <KeyPress from None: t=11.857416699989699, value=k, duration=None>
11.8897 	EXP 	error_feedback: autoDraw = True
11.8897 	EXP 	MAN: autoDraw = False
11.8897 	EXP 	WOMAN: autoDraw = False
11.8897 	EXP 	pic: autoDraw = False
11.8897 	EXP 	error_feedback: autoDraw = False
11.8897 	EXP 	errorCross: autoDraw = True
11.9072 	EXP 	errorCross: autoDraw = True
11.9233 	EXP 	errorCross: autoDraw = True
11.9399 	EXP 	errorCross: autoDraw = True
11.9566 	EXP 	errorCross: autoDraw = True
11.9569 	EXP 	Device response: <KeyPress from None: t=11.857416699989699, value=k, duration=0.0896558000240475>
11.9734 	EXP 	errorCross: autoDraw = True
11.9899 	EXP 	errorCross: autoDraw = True
12.0068 	EXP 	errorCross: autoDraw = True
12.0230 	EXP 	errorCross: autoDraw = True
12.0402 	EXP 	errorCross: autoDraw = True
12.0567 	EXP 	errorCross: autoDraw = True
12.0731 	EXP 	errorCross: autoDraw = True
12.0901 	EXP 	errorCross: autoDraw = True
12.1069 	EXP 	errorCross: autoDraw = True
12.1233 	EXP 	errorCross: autoDraw = True
12.1404 	EXP 	errorCross: autoDraw = True
12.1563 	EXP 	errorCross: autoDraw = True
12.1739 	EXP 	errorCross: autoDraw = True
12.1900 	EXP 	errorCross: autoDraw = True
12.2070 	EXP 	errorCross: autoDraw = True
12.2231 	EXP 	errorCross: autoDraw = True
12.2408 	EXP 	errorCross: autoDraw = True
12.2574 	EXP 	errorCross: autoDraw = True
12.2734 	EXP 	errorCross: autoDraw = True
12.2902 	EXP 	errorCross: autoDraw = True
12.3071 	EXP 	errorCross: autoDraw = True
12.3233 	EXP 	errorCross: autoDraw = True
12.3402 	EXP 	errorCross: autoDraw = True
12.3570 	EXP 	errorCross: autoDraw = True
12.3573 	EXP 	New trial (rep=6, index=12): <Trial 12 (12 in rep 6) data={'Male': 'นเรศ', 'Female': 'พิมพ์ใจ', 'Image': 'women.png', 'Name': 'นเรศ', 'ImagePriming': 'men.png', 'NamePriming': 'นเรศ', 'thisN': 12, 'thisTrialN': 12, 'thisRepN': 6}>
12.3799 	INFO 	Keyboard events cleared
12.3798 	EXP 	errorCross: autoDraw = True
12.3798 	EXP 	errorCross: autoDraw = False
12.3798 	EXP 	pic: image = 'women.png'
12.3798 	EXP 	MAN: autoDraw = True
12.3798 	EXP 	WOMAN: autoDraw = True
12.3798 	EXP 	pic: autoDraw = True
12.5075 	EXP 	Device response: <KeyPress from None: t=12.505552099901251, value=j, duration=None>
12.5078 	EXP 	New trial (rep=7, index=13): <Trial 13 (13 in rep 7) data={'Male': 'นเรศ', 'Female': 'พิมพ์ใจ', 'Image': 'women.png', 'Name': 'นเรศ', 'ImagePriming': 'men.png', 'NamePriming': 'นเรศ', 'thisN': 13, 'thisTrialN': 13, 'thisRepN': 7}>
12.5260 	DATA 	Keypress: j
12.5305 	INFO 	Keyboard events cleared
12.5304 	EXP 	error_feedback: autoDraw = False
12.5304 	EXP 	MAN: autoDraw = False
12.5304 	EXP 	WOMAN: autoDraw = False
12.5304 	EXP 	pic: autoDraw = False
12.5304 	EXP 	error_feedback: autoDraw = False
12.5304 	EXP 	errorCross: autoDraw = False
12.5304 	EXP 	pic: image = 'women.png'
12.5304 	EXP 	MAN: autoDraw = True
12.5304 	EXP 	WOMAN: autoDraw = True
12.5304 	EXP 	pic: autoDraw = True
12.5905 	EXP 	Device response: <KeyPress from None: t=12.505552099901251, value=j, duration=0.076722800033167>
12.6735 	EXP 	Device response: <KeyPress from None: t=12.672812999924645, value=j, duration=None>
12.6738 	EXP 	New trial (rep=8, index=14): <Trial 14 (14 in rep 8) data={'Male': 'นเรศ', 'Female': 'พิมพ์ใจ', 'Image': 'women.png', 'Name': 'นเรศ', 'ImagePriming': 'men.png', 'NamePriming': 'นเรศ', 'thisN': 14, 'thisTrialN': 14, 'thisRepN': 8}>
12.6937 	DATA 	Keypress: j
12.6980 	INFO 	Keyboard events cleared
12.6979 	EXP 	error_feedback: autoDraw = False
12.6979 	EXP 	MAN: autoDraw = False
12.6979 	EXP 	WOMAN: autoDraw = False
12.6979 	EXP 	pic: autoDraw = False
12.6979 	EXP 	error_feedback: autoDraw = False
12.6979 	EXP 	errorCross: autoDraw = False
12.6979 	EXP 	pic: image = 'women.png'
12.6979 	EXP 	MAN: autoDraw = True
12.6979 	EXP 	WOMAN: autoDraw = True
12.6979 	EXP 	pic: autoDraw = True
12.7567 	EXP 	Device response: <KeyPress from None: t=12.672812999924645, value=j, duration=0.08034630003385246>
12.8398 	EXP 	Device response: <KeyPress from None: t=12.829971999977715, value=j, duration=None>
12.8400 	EXP 	New trial (rep=9, index=15): <Trial 15 (15 in rep 9) data={'Male': 'นเรศ', 'Female': 'พิมพ์ใจ', 'Image': 'women.png', 'Name': 'นเรศ', 'ImagePriming': 'men.png', 'NamePriming': 'นเรศ', 'thisN': 15, 'thisTrialN': 15, 'thisRepN': 9}>
12.8564 	DATA 	Keypress: j
12.8607 	INFO 	Keyboard events cleared
12.8606 	EXP 	error_feedback: autoDraw = False
12.8606 	EXP 	MAN: autoDraw = False
12.8606 	EXP 	WOMAN: autoDraw = False
12.8606 	EXP 	pic: autoDraw = False
12.8606 	EXP 	error_feedback: autoDraw = False
12.8606 	EXP 	errorCross: autoDraw = False
12.8606 	EXP 	pic: image = 'women.png'
12.8606 	EXP 	MAN: autoDraw = True
12.8606 	EXP 	WOMAN: autoDraw = True
12.8606 	EXP 	pic: autoDraw = True
12.9072 	EXP 	Device response: <KeyPress from None: t=12.829971999977715, value=j, duration=0.06018709996715188>
12.9739 	EXP 	Device response: <KeyPress from None: t=12.96795469999779, value=j, duration=None>
12.9741 	EXP 	New trial (rep=10, index=16): <Trial 16 (16 in rep 10) data={'Male': 'นเรศ', 'Female': 'พิมพ์ใจ', 'Image': 'women.png', 'Name': 'นเรศ', 'ImagePriming': 'men.png', 'NamePriming': 'นเรศ', 'thisN': 16, 'thisTrialN': 16, 'thisRepN': 10}>
12.9933 	DATA 	Keypress: j
12.9979 	INFO 	Keyboard events cleared
12.9978 	EXP 	error_feedback: autoDraw = False
12.9978 	EXP 	MAN: autoDraw = False
12.9978 	EXP 	WOMAN: autoDraw = False
12.9978 	EXP 	pic: autoDraw = False
12.9978 	EXP 	error_feedback: autoDraw = False
12.9978 	EXP 	errorCross: autoDraw = False
12.9978 	EXP 	pic: image = 'women.png'
12.9978 	EXP 	MAN: autoDraw = True
12.9978 	EXP 	WOMAN: autoDraw = True
12.9978 	EXP 	pic: autoDraw = True
13.0571 	EXP 	Device response: <KeyPress from None: t=12.96795469999779, value=j, duration=0.07832939992658794>
13.1075 	EXP 	Device response: <KeyPress from None: t=13.09492089995183, value=j, duration=None>
13.1080 	EXP 	New trial (rep=6, index=17): <Trial 17 (17 in rep 6) data={'Male': 'กฤษณะ', 'Female': 'กาญจนา', 'Image': 'men.png', 'Name': 'กฤษณะ', 'ImagePriming': 'men.png', 'NamePriming': 'กฤษณะ', 'thisN': 17, 'thisTrialN': 17, 'thisRepN': 6}>
13.1269 	DATA 	Keypress: j
13.1313 	INFO 	Keyboard events cleared
13.1312 	EXP 	error_feedback: autoDraw = False
13.1312 	EXP 	MAN: autoDraw = False
13.1312 	EXP 	WOMAN: autoDraw = False
13.1312 	EXP 	pic: autoDraw = False
13.1312 	EXP 	error_feedback: autoDraw = False
13.1312 	EXP 	errorCross: autoDraw = False
13.1312 	EXP 	pic: image = 'men.png'
13.1312 	EXP 	MAN: autoDraw = True
13.1312 	EXP 	WOMAN: autoDraw = True
13.1312 	EXP 	pic: autoDraw = True
13.1573 	EXP 	Device response: <KeyPress from None: t=13.09492089995183, value=j, duration=0.05782860005274415>
13.2239 	EXP 	Device response: <KeyPress from None: t=13.220193299930543, value=j, duration=None>
13.2244 	EXP 	New trial (rep=7, index=18): <Trial 18 (18 in rep 7) data={'Male': 'กฤษณะ', 'Female': 'กาญจนา', 'Image': 'men.png', 'Name': 'กฤษณะ', 'ImagePriming': 'men.png', 'NamePriming': 'กฤษณะ', 'thisN': 18, 'thisTrialN': 18, 'thisRepN': 7}>
13.2434 	DATA 	Keypress: j
13.2480 	INFO 	Keyboard events cleared
13.2479 	EXP 	error_feedback: autoDraw = False
13.2479 	EXP 	MAN: autoDraw = False
13.2479 	EXP 	WOMAN: autoDraw = False
13.2479 	EXP 	pic: autoDraw = False
13.2479 	EXP 	error_feedback: autoDraw = False
13.2479 	EXP 	errorCross: autoDraw = False
13.2479 	EXP 	pic: image = 'men.png'
13.2479 	EXP 	MAN: autoDraw = True
13.2479 	EXP 	WOMAN: autoDraw = True
13.2479 	EXP 	pic: autoDraw = True
13.2908 	EXP 	Device response: <KeyPress from None: t=13.220193299930543, value=j, duration=0.06323049997445196>
13.4741 	EXP 	Device response: <KeyPress from None: t=13.464877099962905, value=k, duration=None>
13.4747 	DATA 	Keypress: k
13.4896 	EXP 	error_feedback: autoDraw = True
13.4896 	EXP 	MAN: autoDraw = False
13.4896 	EXP 	WOMAN: autoDraw = False
13.4896 	EXP 	pic: autoDraw = False
13.4896 	EXP 	error_feedback: autoDraw = False
13.4896 	EXP 	errorCross: autoDraw = True
13.5070 	EXP 	errorCross: autoDraw = True
13.5235 	EXP 	errorCross: autoDraw = True
13.5400 	EXP 	errorCross: autoDraw = True
13.5403 	EXP 	Device response: <KeyPress from None: t=13.464877099962905, value=k, duration=0.07488880003802478>
13.5571 	EXP 	errorCross: autoDraw = True
13.5735 	EXP 	errorCross: autoDraw = True
13.5900 	EXP 	errorCross: autoDraw = True
13.6069 	EXP 	errorCross: autoDraw = True
13.6236 	EXP 	errorCross: autoDraw = True
13.6403 	EXP 	errorCross: autoDraw = True
13.6407 	EXP 	Device response: <KeyPress from None: t=13.629059899947606, value=k, duration=None>
13.6414 	DATA 	Keypress: k
13.6565 	EXP 	errorCross: autoDraw = True
13.6730 	EXP 	errorCross: autoDraw = True
13.6902 	EXP 	errorCross: autoDraw = True
13.7068 	EXP 	errorCross: autoDraw = True
13.7236 	EXP 	errorCross: autoDraw = True
13.7240 	EXP 	Device response: <KeyPress from None: t=13.629059899947606, value=k, duration=0.08127460000105202>
13.7399 	EXP 	errorCross: autoDraw = True
13.7569 	EXP 	errorCross: autoDraw = True
13.7740 	EXP 	errorCross: autoDraw = True
13.7902 	EXP 	errorCross: autoDraw = True
13.8065 	EXP 	errorCross: autoDraw = True
13.8235 	EXP 	errorCross: autoDraw = True
13.8401 	EXP 	errorCross: autoDraw = True
13.8563 	EXP 	errorCross: autoDraw = True
13.8732 	EXP 	errorCross: autoDraw = True
13.8896 	EXP 	errorCross: autoDraw = True
13.8899 	EXP 	Device response: <KeyPress from None: t=13.878267699969001, value=k, duration=None>
13.8904 	DATA 	Keypress: k
13.9064 	EXP 	errorCross: autoDraw = True
13.9235 	EXP 	errorCross: autoDraw = True
13.9399 	EXP 	errorCross: autoDraw = True
13.9403 	EXP 	Device response: <KeyPress from None: t=13.878267699969001, value=k, duration=0.054860200034454465>
13.9568 	EXP 	errorCross: autoDraw = True
13.9571 	EXP 	New trial (rep=8, index=19): <Trial 19 (19 in rep 8) data={'Male': 'กฤษณะ', 'Female': 'กาญจนา', 'Image': 'men.png', 'Name': 'กฤษณะ', 'ImagePriming': 'men.png', 'NamePriming': 'กฤษณะ', 'thisN': 19, 'thisTrialN': 19, 'thisRepN': 8}>
13.9793 	INFO 	Keyboard events cleared
13.9792 	EXP 	errorCross: autoDraw = True
13.9792 	EXP 	errorCross: autoDraw = False
13.9792 	EXP 	pic: image = 'men.png'
13.9792 	EXP 	MAN: autoDraw = True
13.9792 	EXP 	WOMAN: autoDraw = True
13.9792 	EXP 	pic: autoDraw = True
14.0574 	EXP 	Device response: <KeyPress from None: t=14.047175799962133, value=k, duration=None>
14.0581 	DATA 	Keypress: k
14.0731 	EXP 	error_feedback: autoDraw = True
14.0731 	EXP 	MAN: autoDraw = False
14.0731 	EXP 	WOMAN: autoDraw = False
14.0731 	EXP 	pic: autoDraw = False
14.0731 	EXP 	error_feedback: autoDraw = False
14.0731 	EXP 	errorCross: autoDraw = True
14.0901 	EXP 	errorCross: autoDraw = True
14.1068 	EXP 	errorCross: autoDraw = True
14.1071 	EXP 	Device response: <KeyPress from None: t=14.047175799962133, value=k, duration=0.05015939997974783>
14.1228 	EXP 	errorCross: autoDraw = True
14.1400 	EXP 	errorCross: autoDraw = True
14.1567 	EXP 	errorCross: autoDraw = True
14.1730 	EXP 	errorCross: autoDraw = True
14.1896 	EXP 	errorCross: autoDraw = True
14.2062 	EXP 	errorCross: autoDraw = True
14.2066 	EXP 	Device response: <KeyPress from None: t=14.194383299909532, value=k, duration=None>
14.2073 	DATA 	Keypress: k
14.2231 	EXP 	errorCross: autoDraw = True
14.2406 	EXP 	errorCross: autoDraw = True
14.2568 	EXP 	errorCross: autoDraw = True
14.2570 	EXP 	Device response: <KeyPress from None: t=14.194383299909532, value=k, duration=0.06007580005098134>
14.2728 	EXP 	errorCross: autoDraw = True
14.2899 	EXP 	errorCross: autoDraw = True
14.3069 	EXP 	errorCross: autoDraw = True
14.3234 	EXP 	errorCross: autoDraw = True
14.3405 	EXP 	errorCross: autoDraw = True
14.3408 	EXP 	Device response: <KeyPress from None: t=14.338823099969886, value=k, duration=None>
14.3416 	DATA 	Keypress: k
14.3564 	EXP 	errorCross: autoDraw = True
14.3735 	EXP 	errorCross: autoDraw = True
14.3902 	EXP 	errorCross: autoDraw = True
14.4062 	EXP 	errorCross: autoDraw = True
14.4066 	EXP 	Device response: <KeyPress from None: t=14.338823099969886, value=k, duration=0.05703299993183464>
14.4236 	EXP 	errorCross: autoDraw = True
14.4403 	EXP 	errorCross: autoDraw = True
14.4567 	EXP 	errorCross: autoDraw = True
14.4732 	EXP 	errorCross: autoDraw = True
14.4896 	EXP 	errorCross: autoDraw = True
14.5068 	EXP 	errorCross: autoDraw = True
14.5239 	EXP 	errorCross: autoDraw = True
14.5400 	EXP 	errorCross: autoDraw = True
14.5405 	EXP 	New trial (rep=9, index=20): <Trial 20 (20 in rep 9) data={'Male': 'กฤษณะ', 'Female': 'กาญจนา', 'Image': 'men.png', 'Name': 'กฤษณะ', 'ImagePriming': 'men.png', 'NamePriming': 'กฤษณะ', 'thisN': 20, 'thisTrialN': 20, 'thisRepN': 9}>
14.5640 	INFO 	Keyboard events cleared
14.5638 	EXP 	errorCross: autoDraw = True
14.5638 	EXP 	errorCross: autoDraw = False
14.5638 	EXP 	pic: image = 'men.png'
14.5638 	EXP 	MAN: autoDraw = True
14.5638 	EXP 	WOMAN: autoDraw = True
14.5638 	EXP 	pic: autoDraw = True
15.0087 	DATA 	Keypress: k
15.0235 	EXP 	Device response: <KeyPress from None: t=15.00803949998226, value=k, duration=None>
15.0397 	EXP 	error_feedback: autoDraw = True
15.0397 	EXP 	MAN: autoDraw = False
15.0397 	EXP 	WOMAN: autoDraw = False
15.0397 	EXP 	pic: autoDraw = False
15.0397 	EXP 	error_feedback: autoDraw = False
15.0397 	EXP 	errorCross: autoDraw = True
15.0566 	EXP 	errorCross: autoDraw = True
15.0729 	EXP 	errorCross: autoDraw = True
15.0896 	EXP 	errorCross: autoDraw = True
15.1067 	EXP 	errorCross: autoDraw = True
15.1235 	EXP 	errorCross: autoDraw = True
15.1401 	EXP 	errorCross: autoDraw = True
15.1566 	EXP 	errorCross: autoDraw = True
15.1569 	EXP 	Device response: <KeyPress from None: t=15.00803949998226, value=k, duration=0.13426099997013807>
15.1736 	EXP 	errorCross: autoDraw = True
15.1899 	EXP 	errorCross: autoDraw = True
15.2068 	EXP 	errorCross: autoDraw = True
15.2230 	EXP 	errorCross: autoDraw = True
15.2399 	EXP 	errorCross: autoDraw = True
15.2566 	EXP 	errorCross: autoDraw = True
15.2733 	EXP 	errorCross: autoDraw = True
15.2896 	EXP 	errorCross: autoDraw = True
15.3062 	EXP 	errorCross: autoDraw = True
15.3235 	EXP 	errorCross: autoDraw = True
15.3401 	EXP 	errorCross: autoDraw = True
15.3564 	EXP 	errorCross: autoDraw = True
15.3734 	EXP 	errorCross: autoDraw = True
15.3895 	EXP 	errorCross: autoDraw = True
15.4064 	EXP 	errorCross: autoDraw = True
15.4233 	EXP 	errorCross: autoDraw = True
15.4394 	EXP 	errorCross: autoDraw = True
15.4568 	EXP 	errorCross: autoDraw = True
15.4733 	EXP 	errorCross: autoDraw = True
15.4898 	EXP 	errorCross: autoDraw = True
15.5065 	EXP 	errorCross: autoDraw = True
15.5070 	EXP 	New trial (rep=10, index=21): <Trial 21 (21 in rep 10) data={'Male': 'กฤษณะ', 'Female': 'กาญจนา', 'Image': 'men.png', 'Name': 'กฤษณะ', 'ImagePriming': 'men.png', 'NamePriming': 'กฤษณะ', 'thisN': 21, 'thisTrialN': 21, 'thisRepN': 10}>
15.5300 	INFO 	Keyboard events cleared
15.5298 	EXP 	errorCross: autoDraw = True
15.5298 	EXP 	errorCross: autoDraw = False
15.5298 	EXP 	pic: image = 'men.png'
15.5298 	EXP 	MAN: autoDraw = True
15.5298 	EXP 	WOMAN: autoDraw = True
15.5298 	EXP 	pic: autoDraw = True
15.7733 	EXP 	Device response: <KeyPress from None: t=15.764438099926338, value=j, duration=None>
15.7736 	EXP 	New trial (rep=11, index=22): <Trial 22 (22 in rep 11) data={'Male': 'กฤษณะ', 'Female': 'กาญจนา', 'Image': 'men.png', 'Name': 'กฤษณะ', 'ImagePriming': 'men.png', 'NamePriming': 'กฤษณะ', 'thisN': 22, 'thisTrialN': 22, 'thisRepN': 11}>
15.7919 	EXP 	Device response: <KeyPress from None: t=15.764438099926338, value=j, duration=0.022663600044324994>
15.7928 	DATA 	Keypress: j
15.7973 	INFO 	Keyboard events cleared
15.7972 	EXP 	error_feedback: autoDraw = False
15.7972 	EXP 	MAN: autoDraw = False
15.7972 	EXP 	WOMAN: autoDraw = False
15.7972 	EXP 	pic: autoDraw = False
15.7972 	EXP 	error_feedback: autoDraw = False
15.7972 	EXP 	errorCross: autoDraw = False
15.7972 	EXP 	pic: image = 'men.png'
15.7972 	EXP 	MAN: autoDraw = True
15.7972 	EXP 	WOMAN: autoDraw = True
15.7972 	EXP 	pic: autoDraw = True
15.9899 	EXP 	Device response: <KeyPress from None: t=15.978848699945956, value=j, duration=None>
15.9902 	EXP 	New trial (rep=11, index=23): <Trial 23 (23 in rep 11) data={'Male': 'นเรศ', 'Female': 'พิมพ์ใจ', 'Image': 'women.png', 'Name': 'นเรศ', 'ImagePriming': 'men.png', 'NamePriming': 'นเรศ', 'thisN': 23, 'thisTrialN': 23, 'thisRepN': 11}>
16.0096 	DATA 	Keypress: j
16.0148 	INFO 	Keyboard events cleared
16.0147 	EXP 	error_feedback: autoDraw = False
16.0147 	EXP 	MAN: autoDraw = False
16.0147 	EXP 	WOMAN: autoDraw = False
16.0147 	EXP 	pic: autoDraw = False
16.0147 	EXP 	error_feedback: autoDraw = False
16.0147 	EXP 	errorCross: autoDraw = False
16.0147 	EXP 	pic: image = 'women.png'
16.0147 	EXP 	MAN: autoDraw = True
16.0147 	EXP 	WOMAN: autoDraw = True
16.0147 	EXP 	pic: autoDraw = True
16.0569 	EXP 	Device response: <KeyPress from None: t=15.978848699945956, value=j, duration=0.06615379999857396>
16.2067 	EXP 	Device response: <KeyPress from None: t=16.197794499923475, value=j, duration=None>
16.2072 	EXP 	New trial (rep=12, index=24): <Trial 24 (24 in rep 12) data={'Male': 'กฤษณะ', 'Female': 'กาญจนา', 'Image': 'men.png', 'Name': 'กฤษณะ', 'ImagePriming': 'men.png', 'NamePriming': 'กฤษณะ', 'thisN': 24, 'thisTrialN': 24, 'thisRepN': 12}>
16.2242 	EXP 	Device response: <KeyPress from None: t=16.197794499923475, value=j, duration=0.01202170003671199>
16.2251 	DATA 	Keypress: j
16.2295 	INFO 	Keyboard events cleared
16.2294 	EXP 	error_feedback: autoDraw = False
16.2294 	EXP 	MAN: autoDraw = False
16.2294 	EXP 	WOMAN: autoDraw = False
16.2294 	EXP 	pic: autoDraw = False
16.2294 	EXP 	error_feedback: autoDraw = False
16.2294 	EXP 	errorCross: autoDraw = False
16.2294 	EXP 	pic: image = 'men.png'
16.2294 	EXP 	MAN: autoDraw = True
16.2294 	EXP 	WOMAN: autoDraw = True
16.2294 	EXP 	pic: autoDraw = True
16.3906 	EXP 	Device response: <KeyPress from None: t=16.381711599999107, value=j, duration=None>
16.3911 	EXP 	New trial (rep=13, index=25): <Trial 25 (25 in rep 13) data={'Male': 'กฤษณะ', 'Female': 'กาญจนา', 'Image': 'men.png', 'Name': 'กฤษณะ', 'ImagePriming': 'men.png', 'NamePriming': 'กฤษณะ', 'thisN': 25, 'thisTrialN': 25, 'thisRepN': 13}>
16.4090 	DATA 	Keypress: j
16.4135 	INFO 	Keyboard events cleared
16.4134 	EXP 	error_feedback: autoDraw = False
16.4134 	EXP 	MAN: autoDraw = False
16.4134 	EXP 	WOMAN: autoDraw = False
16.4134 	EXP 	pic: autoDraw = False
16.4134 	EXP 	error_feedback: autoDraw = False
16.4134 	EXP 	errorCross: autoDraw = False
16.4134 	EXP 	pic: image = 'men.png'
16.4134 	EXP 	MAN: autoDraw = True
16.4134 	EXP 	WOMAN: autoDraw = True
16.4134 	EXP 	pic: autoDraw = True
16.4573 	EXP 	Device response: <KeyPress from None: t=16.381711599999107, value=j, duration=0.059725399943999946>
16.5742 	EXP 	Device response: <KeyPress from None: t=16.57100180000998, value=j, duration=None>
16.5745 	EXP 	New trial (rep=12, index=26): <Trial 26 (26 in rep 12) data={'Male': 'นเรศ', 'Female': 'พิมพ์ใจ', 'Image': 'women.png', 'Name': 'นเรศ', 'ImagePriming': 'men.png', 'NamePriming': 'นเรศ', 'thisN': 26, 'thisTrialN': 26, 'thisRepN': 12}>
16.5925 	DATA 	Keypress: j
16.5970 	INFO 	Keyboard events cleared
16.5969 	EXP 	error_feedback: autoDraw = False
16.5969 	EXP 	MAN: autoDraw = False
16.5969 	EXP 	WOMAN: autoDraw = False
16.5969 	EXP 	pic: autoDraw = False
16.5969 	EXP 	error_feedback: autoDraw = False
16.5969 	EXP 	errorCross: autoDraw = False
16.5969 	EXP 	pic: image = 'women.png'
16.5969 	EXP 	MAN: autoDraw = True
16.5969 	EXP 	WOMAN: autoDraw = True
16.5969 	EXP 	pic: autoDraw = True
16.6407 	EXP 	Device response: <KeyPress from None: t=16.57100180000998, value=j, duration=0.05875329999253154>
16.8234 	EXP 	Device response: <KeyPress from None: t=16.813016699976288, value=k, duration=None>
16.8240 	DATA 	Keypress: k
16.8401 	EXP 	error_feedback: autoDraw = True
16.8401 	EXP 	MAN: autoDraw = False
16.8401 	EXP 	WOMAN: autoDraw = False
16.8401 	EXP 	pic: autoDraw = False
16.8401 	EXP 	error_feedback: autoDraw = False
16.8401 	EXP 	errorCross: autoDraw = True
16.8564 	EXP 	errorCross: autoDraw = True
16.8732 	EXP 	errorCross: autoDraw = True
16.8736 	EXP 	Device response: <KeyPress from None: t=16.813016699976288, value=k, duration=0.04842739994637668>
16.8894 	EXP 	errorCross: autoDraw = True
16.9064 	EXP 	errorCross: autoDraw = True
16.9231 	EXP 	errorCross: autoDraw = True
16.9395 	EXP 	errorCross: autoDraw = True
16.9567 	EXP 	errorCross: autoDraw = True
16.9735 	EXP 	errorCross: autoDraw = True
16.9895 	EXP 	errorCross: autoDraw = True
17.0067 	EXP 	errorCross: autoDraw = True
17.0230 	EXP 	errorCross: autoDraw = True
17.0392 	EXP 	errorCross: autoDraw = True
17.0395 	EXP 	Device response: <KeyPress from None: t=17.0306173999561, value=k, duration=None>
17.0399 	DATA 	Keypress: k
17.0564 	EXP 	errorCross: autoDraw = True
17.0733 	EXP 	errorCross: autoDraw = True
17.0898 	EXP 	errorCross: autoDraw = True
17.0901 	EXP 	Device response: <KeyPress from None: t=17.0306173999561, value=k, duration=0.05872169998474419>
17.1068 	EXP 	errorCross: autoDraw = True
17.1226 	EXP 	errorCross: autoDraw = True
17.1404 	EXP 	errorCross: autoDraw = True
17.1565 	EXP 	errorCross: autoDraw = True
17.1734 	EXP 	errorCross: autoDraw = True
17.1901 	EXP 	errorCross: autoDraw = True
17.2068 	EXP 	errorCross: autoDraw = True
17.2226 	EXP 	errorCross: autoDraw = True
17.2394 	EXP 	errorCross: autoDraw = True
17.2398 	EXP 	Device response: <KeyPress from None: t=17.22641909995582, value=j, duration=None>
17.2404 	DATA 	Keypress: j
17.2560 	EXP 	errorCross: autoDraw = True
17.2736 	EXP 	errorCross: autoDraw = True
17.2897 	EXP 	errorCross: autoDraw = True
17.3060 	EXP 	errorCross: autoDraw = True
17.3064 	EXP 	Device response: <KeyPress from None: t=17.22641909995582, value=j, duration=0.07013460004236549>
17.3066 	EXP 	New trial (rep=14, index=27): <Trial 27 (27 in rep 14) data={'Male': 'กฤษณะ', 'Female': 'กาญจนา', 'Image': 'men.png', 'Name': 'กฤษณะ', 'ImagePriming': 'men.png', 'NamePriming': 'กฤษณะ', 'thisN': 27, 'thisTrialN': 27, 'thisRepN': 14}>
17.3300 	INFO 	Keyboard events cleared
17.3299 	EXP 	errorCross: autoDraw = True
17.3299 	EXP 	errorCross: autoDraw = False
17.3299 	EXP 	pic: image = 'men.png'
17.3299 	EXP 	MAN: autoDraw = True
17.3299 	EXP 	WOMAN: autoDraw = True
17.3299 	EXP 	pic: autoDraw = True
17.4568 	EXP 	Device response: <KeyPress from None: t=17.447997999959625, value=k, duration=None>
17.4574 	DATA 	Keypress: k
17.4730 	EXP 	error_feedback: autoDraw = True
17.4730 	EXP 	MAN: autoDraw = False
17.4730 	EXP 	WOMAN: autoDraw = False
17.4730 	EXP 	pic: autoDraw = False
17.4730 	EXP 	error_feedback: autoDraw = False
17.4730 	EXP 	errorCross: autoDraw = True
17.4895 	EXP 	errorCross: autoDraw = True
17.5062 	EXP 	errorCross: autoDraw = True
17.5233 	EXP 	errorCross: autoDraw = True
17.5401 	EXP 	errorCross: autoDraw = True
17.5560 	EXP 	errorCross: autoDraw = True
17.5564 	EXP 	Device response: <KeyPress from None: t=17.447997999959625, value=k, duration=0.1046764999628067>
17.5732 	EXP 	errorCross: autoDraw = True
17.5896 	EXP 	errorCross: autoDraw = True
17.6061 	EXP 	errorCross: autoDraw = True
17.6236 	EXP 	errorCross: autoDraw = True
17.6401 	EXP 	errorCross: autoDraw = True
17.6404 	EXP 	Device response: <KeyPress from None: t=17.63215749990195, value=j, duration=None>
17.6408 	DATA 	Keypress: j
17.6562 	EXP 	errorCross: autoDraw = True
17.6734 	EXP 	errorCross: autoDraw = True
17.6897 	EXP 	errorCross: autoDraw = True
17.7065 	EXP 	errorCross: autoDraw = True
17.7229 	EXP 	errorCross: autoDraw = True
17.7232 	EXP 	Device response: <KeyPress from None: t=17.63215749990195, value=j, duration=0.08253340004011989>
17.7399 	EXP 	errorCross: autoDraw = True
17.7565 	EXP 	errorCross: autoDraw = True
17.7730 	EXP 	errorCross: autoDraw = True
17.7897 	EXP 	errorCross: autoDraw = True
17.8066 	EXP 	errorCross: autoDraw = True
17.8232 	EXP 	errorCross: autoDraw = True
17.8399 	EXP 	errorCross: autoDraw = True
17.8564 	EXP 	errorCross: autoDraw = True
17.8567 	EXP 	Device response: <KeyPress from None: t=17.853087199968286, value=k, duration=None>
17.8574 	DATA 	Keypress: k
17.8727 	EXP 	errorCross: autoDraw = True
17.8894 	EXP 	errorCross: autoDraw = True
17.9064 	EXP 	errorCross: autoDraw = True
17.9229 	EXP 	errorCross: autoDraw = True
17.9394 	EXP 	errorCross: autoDraw = True
17.9398 	EXP 	Device response: <KeyPress from None: t=17.853087199968286, value=k, duration=0.07756619993597269>
17.9400 	EXP 	New trial (rep=13, index=28): <Trial 28 (28 in rep 13) data={'Male': 'นเรศ', 'Female': 'พิมพ์ใจ', 'Image': 'women.png', 'Name': 'นเรศ', 'ImagePriming': 'men.png', 'NamePriming': 'นเรศ', 'thisN': 28, 'thisTrialN': 28, 'thisRepN': 13}>
17.9625 	INFO 	Keyboard events cleared
17.9624 	EXP 	errorCross: autoDraw = True
17.9624 	EXP 	errorCross: autoDraw = False
17.9624 	EXP 	pic: image = 'women.png'
17.9624 	EXP 	MAN: autoDraw = True
17.9624 	EXP 	WOMAN: autoDraw = True
17.9624 	EXP 	pic: autoDraw = True
18.0904 	EXP 	Device response: <KeyPress from None: t=18.079446299932897, value=k, duration=None>
18.0913 	DATA 	Keypress: k
18.1066 	EXP 	error_feedback: autoDraw = True
18.1066 	EXP 	MAN: autoDraw = False
18.1066 	EXP 	WOMAN: autoDraw = False
18.1066 	EXP 	pic: autoDraw = False
18.1066 	EXP 	error_feedback: autoDraw = False
18.1066 	EXP 	errorCross: autoDraw = True
18.1226 	EXP 	errorCross: autoDraw = True
18.1395 	EXP 	errorCross: autoDraw = True
18.1564 	EXP 	errorCross: autoDraw = True
18.1726 	EXP 	errorCross: autoDraw = True
18.1728 	EXP 	Device response: <KeyPress from None: t=18.079446299932897, value=k, duration=0.07736520003527403>
18.1896 	EXP 	errorCross: autoDraw = True
18.2064 	EXP 	errorCross: autoDraw = True
18.2228 	EXP 	errorCross: autoDraw = True
18.2396 	EXP 	errorCross: autoDraw = True
18.2565 	EXP 	errorCross: autoDraw = True
18.2569 	EXP 	Device response: <KeyPress from None: t=18.24443069996778, value=j, duration=None>
18.2576 	DATA 	Keypress: j
18.2727 	EXP 	errorCross: autoDraw = True
18.2898 	EXP 	errorCross: autoDraw = True
18.3061 	EXP 	errorCross: autoDraw = True
18.3229 	EXP 	errorCross: autoDraw = True
18.3395 	EXP 	errorCross: autoDraw = True
18.3399 	EXP 	Device response: <KeyPress from None: t=18.24443069996778, value=j, duration=0.08968059998005629>
18.3561 	EXP 	errorCross: autoDraw = True
18.3733 	EXP 	errorCross: autoDraw = True
18.3898 	EXP 	errorCross: autoDraw = True
18.4062 	EXP 	errorCross: autoDraw = True
18.4238 	EXP 	errorCross: autoDraw = True
18.4407 	EXP 	errorCross: autoDraw = True
18.4568 	EXP 	errorCross: autoDraw = True
18.4727 	EXP 	errorCross: autoDraw = True
18.4891 	EXP 	errorCross: autoDraw = True
18.4894 	EXP 	Device response: <KeyPress from None: t=18.48425919993315, value=k, duration=None>
18.4900 	DATA 	Keypress: k
18.5063 	EXP 	errorCross: autoDraw = True
18.5239 	EXP 	errorCross: autoDraw = True
18.5397 	EXP 	errorCross: autoDraw = True
18.5563 	EXP 	errorCross: autoDraw = True
18.5566 	EXP 	Device response: <KeyPress from None: t=18.48425919993315, value=k, duration=0.07162880001123995>
18.5736 	EXP 	errorCross: autoDraw = True
18.5740 	EXP 	New trial (rep=14, index=29): <Trial 29 (29 in rep 14) data={'Male': 'นเรศ', 'Female': 'พิมพ์ใจ', 'Image': 'women.png', 'Name': 'นเรศ', 'ImagePriming': 'men.png', 'NamePriming': 'นเรศ', 'thisN': 29, 'thisTrialN': 29, 'thisRepN': 14}>
18.5968 	INFO 	Keyboard events cleared
18.5967 	EXP 	errorCross: autoDraw = True
18.5967 	EXP 	errorCross: autoDraw = False
18.5967 	EXP 	pic: image = 'women.png'
18.5967 	EXP 	MAN: autoDraw = True
18.5967 	EXP 	WOMAN: autoDraw = True
18.5967 	EXP 	pic: autoDraw = True
18.9899 	EXP 	Device response: <KeyPress from None: t=18.976778999902308, value=k, duration=None>
18.9908 	DATA 	Keypress: k
19.0062 	EXP 	error_feedback: autoDraw = True
19.0062 	EXP 	MAN: autoDraw = False
19.0062 	EXP 	WOMAN: autoDraw = False
19.0062 	EXP 	pic: autoDraw = False
19.0062 	EXP 	error_feedback: autoDraw = False
19.0062 	EXP 	errorCross: autoDraw = True
19.0240 	EXP 	errorCross: autoDraw = True
19.0391 	EXP 	errorCross: autoDraw = True
19.0562 	EXP 	errorCross: autoDraw = True
19.0565 	EXP 	Device response: <KeyPress from None: t=18.976778999902308, value=k, duration=0.07622080005239695>
19.0728 	EXP 	errorCross: autoDraw = True
19.0894 	EXP 	errorCross: autoDraw = True
19.1064 	EXP 	errorCross: autoDraw = True
19.1230 	EXP 	errorCross: autoDraw = True
19.1396 	EXP 	errorCross: autoDraw = True
19.1563 	EXP 	errorCross: autoDraw = True
19.1736 	EXP 	errorCross: autoDraw = True
19.1896 	EXP 	errorCross: autoDraw = True
19.2071 	EXP 	errorCross: autoDraw = True
19.2226 	EXP 	errorCross: autoDraw = True
19.2396 	EXP 	errorCross: autoDraw = True
19.2558 	EXP 	errorCross: autoDraw = True
19.2726 	EXP 	errorCross: autoDraw = True
19.2729 	EXP 	Device response: <KeyPress from None: t=19.264400199986994, value=escape, duration=None>
19.2733 	DATA 	Keypress: escape
19.2896 	EXP 	errorCross: autoDraw = True
19.3059 	EXP 	errorCross: autoDraw = True
19.3235 	EXP 	errorCross: autoDraw = True
19.3399 	EXP 	errorCross: autoDraw = True
19.3562 	EXP 	errorCross: autoDraw = True
19.3727 	EXP 	errorCross: autoDraw = True
19.3897 	EXP 	errorCross: autoDraw = True
19.4072 	EXP 	errorCross: autoDraw = True
19.4075 	EXP 	Device response: <KeyPress from None: t=19.264400199986994, value=escape, duration=0.12672649999149144>
19.4075 	EXP 	Priming_gender: status = STOPPED
19.4226 	EXP 	errorCross: autoDraw = True
19.4226 	EXP 	errorCross: autoDraw = False
19.4227 	EXP 	Priming_gender: status = STOPPED
19.4342 	INFO 	saved data to 'C:\\Users\\engpc\\Downloads\\Neuromarketing\\Neuromarketing\\Pilot\\data\\731253_Priming_gender_2025-09-25_16h44.41.415.csv'
19.4353 	INFO 	saved data to C:\Users\engpc\Downloads\Neuromarketing\Neuromarketing\Pilot\data\731253_Priming_gender_2025-09-25_16h44.41.415.psydat
19.5446 	WARNING 	Stopping key buffers but this could be dangerous ifother keyboards rely on the same.
19.5936 	WARNING 	Stopping key buffers but this could be dangerous ifother keyboards rely on the same.
19.5937 	WARNING 	Stopping key buffers but this could be dangerous ifother keyboards rely on the same.
