10.4966 	INFO 	Loaded monitor calibration from ['2025_09_24 10:44']
10.9199 	INFO 	Using renderer 'AMD Radeon(TM) Graphics' for graphics
10.9199 	INFO 	OpenGL version supported by driver is 4..
11.4191 	EXP 	Created window1 = Window(allowGUI=False, allowStencil=True, autoLog=True, backendConf=UNKNOWN, backgroundFit=<method-wrapper '__getattribute__' of attributeSetter object at 0x000001F0DD9F6920>, backgroundImage=<method-wrapper '__getattribute__' of attributeSetter object at 0x000001F0DD9F69E0>, bitsMode=UNKNOWN, blendMode='avg', bpc=(8, 8, 8), color=array([0, 0, 0]), colorSpace='rgb', depthBits=8, fullscr=True, gamma=None, gammaErrorPolicy='raise', infoMsg=UNKNOWN, lms=UNKNOWN, monitor=<psychopy.monitors.calibTools.Monitor object at 0x000001F0DDAD60E0>, multiSample=False, name='window1', numSamples=2, pos=[np.float64(0.0), np.float64(0.0)], screen=0, size=array([1920, 1080]), stencilBits=8, stereo=False, title='PsychoPy', units='height', useFBO=True, useRetina=False, viewOri=0.0, viewPos=None, viewScale=None, waitBlanking=True, winType='pyglet')
11.4192 	EXP 	window1: backgroundImage = ''
11.4193 	EXP 	window1: backgroundFit = 'none'
12.1160 	EXP 	window1: Attempting to measure frame rate of screen (0) ...
12.1160 	EXP 	window1: recordFrameIntervals = False
12.3677 	EXP 	window1: recordFrameIntervals = True
12.5497 	EXP 	Screen (0) actual frame rate measured at 60.03Hz
12.5498 	EXP 	window1: recordFrameIntervals = False
12.6456 	INFO 	keyboard.Keyboard is using ptb backend.
12.6459 	INFO 	keyboard.Keyboard is using ptb backend.
12.6460 	INFO 	keyboard.Keyboard is using ptb backend.
12.6460 	INFO 	keyboard.Keyboard is using ptb backend.
12.6461 	INFO 	keyboard.Keyboard is using ptb backend.
12.6461 	EXP 	Priming_gender: status = STARTED
12.6780 	EXP 	Created instruction_slide = ImageStim(__class__=<class 'psychopy.visual.image.ImageStim'>, anchor=('center', 'center'), autoLog=True, color=array([1., 1., 1.]), colorSpace='rgb', contrast=1.0, depth=-1.0, draggable=True, flipHoriz=np.False_, flipVert=np.False_, image='Instruction.png', interpolate=True, mask=None, maskParams=None, name='instruction_slide', opacity=1, ori=0.0, pos=array([0., 0.]), size=array([2., 2.]), texRes=128.0, units='norm', win=Window(...))
12.8511 	EXP 	Created MAN = TextStim(__class__=<class 'psychopy.visual.text.TextStim'>, alignHoriz=method-wrapper(...), alignText='center', alignVert=method-wrapper(...), anchorHoriz='center', anchorVert='center', antialias=True, autoDraw=False, autoLog=True, bold=False, color=array([1., 1., 1.]), colorSpace='rgb', contrast=1.0, depth=0.0, draggable=False, flipHoriz=False, flipVert=False, font='Arial', fontFiles=[], height=np.float64(0.1), italic=False, languageStyle='LTR', name='MAN', opacity=1, ori=0.0, pos=array([0.8, 0.8]), rgb=UNKNOWN, text='MAN', units='norm', win=Window(...), wrapWidth=1)
12.8578 	EXP 	Created WOMAN = TextStim(__class__=<class 'psychopy.visual.text.TextStim'>, alignHoriz=method-wrapper(...), alignText='center', alignVert=method-wrapper(...), anchorHoriz='center', anchorVert='center', antialias=True, autoDraw=False, autoLog=True, bold=False, color=array([1., 1., 1.]), colorSpace='rgb', contrast=1.0, depth=-1.0, draggable=False, flipHoriz=False, flipVert=False, font='Arial', fontFiles=[], height=np.float64(0.1), italic=False, languageStyle='LTR', name='WOMAN', opacity=1, ori=0.0, pos=array([-0.8,  0.8]), rgb=UNKNOWN, text='WOMAN', units='norm', win=Window(...), wrapWidth=1)
12.8655 	EXP 	Created pic = ImageStim(__class__=<class 'psychopy.visual.image.ImageStim'>, anchor=('center', 'center'), autoLog=True, color=array([1., 1., 1.]), colorSpace='rgb', contrast=1.0, depth=-2.0, draggable=False, flipHoriz=np.False_, flipVert=np.False_, image='default.png', interpolate=True, mask=None, maskParams=None, name='pic', opacity=1, ori=0.0, pos=array([0., 0.]), size=array([1., 1.]), texRes=128.0, units='norm', win=Window(...))
12.8726 	EXP 	Created error_feedback = ShapeStim(__class__=<class 'psychopy.visual.shape.ShapeStim'>, anchor=('center', 'center'), autoDraw=False, autoLog=True, closeShape=True, color=method-wrapper(...), colorSpace='rgb', contrast=None, depth=-4.0, draggable=False, fillColor=array([ 1, -1, -1]), fillColorSpace='rgb', fillRGB=array([ 1, -1, -1]), interpolate=True, lineColor=array([ 1., -1., -1.]), lineColorSpace='rgb', lineRGB=array([ 1, -1, -1]), lineWidth=1.0, name='error_feedback', opacity=1, ori=45.0, pos=array([0., 0.]), size=array([0.5, 0.5]), units='norm', vertices=ndarray(...), win=Window(...), windingRule=None)
12.8891 	EXP 	Created instruction_slide_2 = ImageStim(__class__=<class 'psychopy.visual.image.ImageStim'>, anchor=('center', 'center'), autoLog=True, color=array([1., 1., 1.]), colorSpace='rgb', contrast=1.0, depth=0.0, draggable=True, flipHoriz=np.False_, flipVert=np.False_, image='Instruction.png', interpolate=True, mask=None, maskParams=None, name='instruction_slide_2', opacity=1, ori=0.0, pos=array([0., 0.]), size=array([2., 2.]), texRes=128.0, units='norm', win=Window(...))
12.8923 	EXP 	Created MAN_3 = TextStim(__class__=<class 'psychopy.visual.text.TextStim'>, alignHoriz=method-wrapper(...), alignText='center', alignVert=method-wrapper(...), anchorHoriz='center', anchorVert='center', antialias=True, autoDraw=False, autoLog=True, bold=False, color=array([1., 1., 1.]), colorSpace='rgb', contrast=1.0, depth=-1.0, draggable=False, flipHoriz=False, flipVert=False, font='Arial', fontFiles=[], height=np.float64(0.1), italic=False, languageStyle='LTR', name='MAN_3', opacity=1, ori=0.0, pos=array([0.8, 0.8]), rgb=UNKNOWN, text='MAN', units='norm', win=Window(...), wrapWidth=1)
12.9095 	EXP 	Created MAN_3_desc = TextStim(__class__=<class 'psychopy.visual.text.TextStim'>, alignHoriz=method-wrapper(...), alignText='center', alignVert=method-wrapper(...), anchorHoriz='center', anchorVert='center', antialias=True, autoDraw=False, autoLog=True, bold=False, color=array([1., 1., 1.]), colorSpace='rgb', contrast=1.0, depth=-2.0, draggable=False, flipHoriz=False, flipVert=False, font='Arial', fontFiles=[], height=np.float64(0.06), italic=False, languageStyle='LTR', name='MAN_3_desc', opacity=1, ori=0.0, pos=array([0.8, 0.7]), rgb=UNKNOWN, text='Press the k key', units='norm', win=Window(...), wrapWidth=1)
12.9134 	EXP 	Created WOMAN_3 = TextStim(__class__=<class 'psychopy.visual.text.TextStim'>, alignHoriz=method-wrapper(...), alignText='center', alignVert=method-wrapper(...), anchorHoriz='center', anchorVert='center', antialias=True, autoDraw=False, autoLog=True, bold=False, color=array([1., 1., 1.]), colorSpace='rgb', contrast=1.0, depth=-3.0, draggable=False, flipHoriz=False, flipVert=False, font='Arial', fontFiles=[], height=np.float64(0.1), italic=False, languageStyle='LTR', name='WOMAN_3', opacity=1, ori=0.0, pos=array([-0.8,  0.8]), rgb=UNKNOWN, text='WOMAN', units='norm', win=Window(...), wrapWidth=1)
12.9211 	EXP 	Created WOMAN_3_desc = TextStim(__class__=<class 'psychopy.visual.text.TextStim'>, alignHoriz=method-wrapper(...), alignText='center', alignVert=method-wrapper(...), anchorHoriz='center', anchorVert='center', antialias=True, autoDraw=False, autoLog=True, bold=False, color=array([1., 1., 1.]), colorSpace='rgb', contrast=1.0, depth=-4.0, draggable=False, flipHoriz=False, flipVert=False, font='Arial', fontFiles=[], height=np.float64(0.06), italic=False, languageStyle='LTR', name='WOMAN_3_desc', opacity=1, ori=0.0, pos=array([-0.8,  0.7]), rgb=UNKNOWN, text='Press the j key', units='norm', win=Window(...), wrapWidth=1)
12.9593 	EXP 	Created pic_2 = ImageStim(__class__=<class 'psychopy.visual.image.ImageStim'>, anchor=('center', 'center'), autoLog=True, color=array([1., 1., 1.]), colorSpace='rgb', contrast=1.0, depth=-6.0, draggable=False, flipHoriz=np.False_, flipVert=np.False_, image='default.png', interpolate=True, mask=None, maskParams=None, name='pic_2', opacity=1, ori=0.0, pos=array([0., 0.]), size=array([1., 1.]), texRes=128.0, units='norm', win=Window(...))
0.0081 	EXP 	name_2: autoLog = True
0.0283 	INFO 	Keyboard events cleared
0.0281 	EXP 	instruction_slide: autoDraw = True
0.8306 	EXP 	Device response: <KeyPress from None: t=0.8037104000104591, value=space, duration=None>
0.8412 	EXP 	Imported Training loop.csv as conditions, 2 conditions, 9 params
0.8439 	EXP 	New trial (rep=0, index=0): <Trial 0 (0 in rep 0) data={'Male': 'นเรศ', 'Female': 'พิมพ์ใจ', 'Image': 'women.png', 'Name': 'นเรศ', 'ImagePriming': 'men.png', 'NamePriming': 'นเรศ', 'ImageTrig': np.int64(10), 'NameTrig': np.int64(51), 'Trig': np.int64(101), 'thisN': 0, 'thisTrialN': 0, 'thisRepN': 0}>
0.8847 	EXP 	Device response: <KeyPress from None: t=0.8037104000104591, value=space, duration=0.041199599974788725>
0.8897 	DATA 	Keypress: space
0.9050 	INFO 	Keyboard events cleared
0.9048 	EXP 	instruction_slide: autoDraw = False
0.9048 	EXP 	pic: image = 'women.png'
0.9048 	EXP 	MAN: autoDraw = True
0.9048 	EXP 	WOMAN: autoDraw = True
0.9048 	EXP 	pic: autoDraw = True
2.2066 	EXP 	Device response: <KeyPress from None: t=2.205516600050032, value=j, duration=None>
2.2070 	EXP 	New trial (rep=1, index=1): <Trial 1 (1 in rep 1) data={'Male': 'นเรศ', 'Female': 'พิมพ์ใจ', 'Image': 'women.png', 'Name': 'นเรศ', 'ImagePriming': 'men.png', 'NamePriming': 'นเรศ', 'ImageTrig': np.int64(10), 'NameTrig': np.int64(51), 'Trig': np.int64(101), 'thisN': 1, 'thisTrialN': 1, 'thisRepN': 1}>
2.2363 	DATA 	Keypress: j
2.2443 	INFO 	Keyboard events cleared
2.2442 	EXP 	error_feedback: autoDraw = True
2.2442 	EXP 	MAN: autoDraw = False
2.2442 	EXP 	WOMAN: autoDraw = False
2.2442 	EXP 	pic: autoDraw = False
2.2442 	EXP 	error_feedback: autoDraw = False
2.2442 	EXP 	pic: image = 'women.png'
2.2442 	EXP 	MAN: autoDraw = True
2.2442 	EXP 	WOMAN: autoDraw = True
2.2442 	EXP 	pic: autoDraw = True
2.3243 	EXP 	Device response: <KeyPress from None: t=2.205516600050032, value=j, duration=0.11742349993437529>
2.6573 	EXP 	Device response: <KeyPress from None: t=2.6518738999729976, value=k, duration=None>
2.6576 	EXP 	New trial (rep=0, index=2): <Trial 2 (2 in rep 0) data={'Male': 'กฤษณะ', 'Female': 'กาญจนา', 'Image': 'men.png', 'Name': 'กฤษณะ', 'ImagePriming': 'men.png', 'NamePriming': 'กฤษณะ', 'ImageTrig': np.int64(10), 'NameTrig': np.int64(50), 'Trig': np.int64(100), 'thisN': 2, 'thisTrialN': 2, 'thisRepN': 0}>
2.7074 	DATA 	Keypress: k
2.7143 	INFO 	Keyboard events cleared
2.7141 	EXP 	error_feedback: autoDraw = False
2.7141 	EXP 	MAN: autoDraw = False
2.7141 	EXP 	WOMAN: autoDraw = False
2.7141 	EXP 	pic: autoDraw = False
2.7141 	EXP 	error_feedback: autoDraw = False
2.7141 	EXP 	pic: image = 'men.png'
2.7141 	EXP 	MAN: autoDraw = True
2.7141 	EXP 	WOMAN: autoDraw = True
2.7141 	EXP 	pic: autoDraw = True
2.7404 	EXP 	Device response: <KeyPress from None: t=2.6518738999729976, value=k, duration=0.08282710006460547>
3.0734 	EXP 	Device response: <KeyPress from None: t=3.0615305000683293, value=k, duration=None>
3.0737 	EXP 	New trial (rep=1, index=3): <Trial 3 (3 in rep 1) data={'Male': 'กฤษณะ', 'Female': 'กาญจนา', 'Image': 'men.png', 'Name': 'กฤษณะ', 'ImagePriming': 'men.png', 'NamePriming': 'กฤษณะ', 'ImageTrig': np.int64(10), 'NameTrig': np.int64(50), 'Trig': np.int64(100), 'thisN': 3, 'thisTrialN': 3, 'thisRepN': 1}>
3.1028 	DATA 	Keypress: k
3.1102 	INFO 	Keyboard events cleared
3.1099 	EXP 	error_feedback: autoDraw = False
3.1099 	EXP 	MAN: autoDraw = False
3.1099 	EXP 	WOMAN: autoDraw = False
3.1099 	EXP 	pic: autoDraw = False
3.1099 	EXP 	error_feedback: autoDraw = False
3.1099 	EXP 	pic: image = 'men.png'
3.1099 	EXP 	MAN: autoDraw = True
3.1099 	EXP 	WOMAN: autoDraw = True
3.1099 	EXP 	pic: autoDraw = True
3.1106 	EXP 	Device response: <KeyPress from None: t=3.0615305000683293, value=k, duration=0.04879539995454252>
3.2234 	EXP 	Device response: <KeyPress from None: t=3.2142967999679968, value=k, duration=None>
3.2238 	EXP 	New trial (rep=2, index=4): <Trial 4 (4 in rep 2) data={'Male': 'กฤษณะ', 'Female': 'กาญจนา', 'Image': 'men.png', 'Name': 'กฤษณะ', 'ImagePriming': 'men.png', 'NamePriming': 'กฤษณะ', 'ImageTrig': np.int64(10), 'NameTrig': np.int64(50), 'Trig': np.int64(100), 'thisN': 4, 'thisTrialN': 4, 'thisRepN': 2}>
3.2528 	DATA 	Keypress: k
3.2594 	INFO 	Keyboard events cleared
3.2592 	EXP 	error_feedback: autoDraw = False
3.2592 	EXP 	MAN: autoDraw = False
3.2592 	EXP 	WOMAN: autoDraw = False
3.2592 	EXP 	pic: autoDraw = False
3.2592 	EXP 	error_feedback: autoDraw = False
3.2592 	EXP 	pic: image = 'men.png'
3.2592 	EXP 	MAN: autoDraw = True
3.2592 	EXP 	WOMAN: autoDraw = True
3.2592 	EXP 	pic: autoDraw = True
3.2729 	EXP 	Device response: <KeyPress from None: t=3.2142967999679968, value=k, duration=0.04963550006505102>
3.3567 	EXP 	Device response: <KeyPress from None: t=3.354706500074826, value=k, duration=None>
3.3571 	EXP 	New trial (rep=2, index=5): <Trial 5 (5 in rep 2) data={'Male': 'นเรศ', 'Female': 'พิมพ์ใจ', 'Image': 'women.png', 'Name': 'นเรศ', 'ImagePriming': 'men.png', 'NamePriming': 'นเรศ', 'ImageTrig': np.int64(10), 'NameTrig': np.int64(51), 'Trig': np.int64(101), 'thisN': 5, 'thisTrialN': 5, 'thisRepN': 2}>
3.3864 	DATA 	Keypress: k
3.3921 	INFO 	Keyboard events cleared
3.3919 	EXP 	error_feedback: autoDraw = False
3.3919 	EXP 	MAN: autoDraw = False
3.3919 	EXP 	WOMAN: autoDraw = False
3.3919 	EXP 	pic: autoDraw = False
3.3919 	EXP 	error_feedback: autoDraw = False
3.3919 	EXP 	pic: image = 'women.png'
3.3919 	EXP 	MAN: autoDraw = True
3.3919 	EXP 	WOMAN: autoDraw = True
3.3919 	EXP 	pic: autoDraw = True
3.4231 	EXP 	Device response: <KeyPress from None: t=3.354706500074826, value=k, duration=0.057538799941539764>
3.4731 	EXP 	Device response: <KeyPress from None: t=3.4630832000402734, value=j, duration=None>
3.4735 	EXP 	New trial (rep=3, index=6): <Trial 6 (6 in rep 3) data={'Male': 'นเรศ', 'Female': 'พิมพ์ใจ', 'Image': 'women.png', 'Name': 'นเรศ', 'ImagePriming': 'men.png', 'NamePriming': 'นเรศ', 'ImageTrig': np.int64(10), 'NameTrig': np.int64(51), 'Trig': np.int64(101), 'thisN': 6, 'thisTrialN': 6, 'thisRepN': 3}>
3.5022 	DATA 	Keypress: j
3.5129 	INFO 	Keyboard events cleared
3.5127 	EXP 	error_feedback: autoDraw = True
3.5127 	EXP 	MAN: autoDraw = False
3.5127 	EXP 	WOMAN: autoDraw = False
3.5127 	EXP 	pic: autoDraw = False
3.5127 	EXP 	error_feedback: autoDraw = False
3.5127 	EXP 	pic: image = 'women.png'
3.5127 	EXP 	MAN: autoDraw = True
3.5127 	EXP 	WOMAN: autoDraw = True
3.5127 	EXP 	pic: autoDraw = True
3.5397 	EXP 	Device response: <KeyPress from None: t=3.4630832000402734, value=j, duration=0.06501479994039983>
3.6068 	EXP 	Device response: <KeyPress from None: t=3.5947460000170395, value=k, duration=None>
3.6072 	EXP 	New trial (rep=3, index=7): <Trial 7 (7 in rep 3) data={'Male': 'กฤษณะ', 'Female': 'กาญจนา', 'Image': 'men.png', 'Name': 'กฤษณะ', 'ImagePriming': 'men.png', 'NamePriming': 'กฤษณะ', 'ImageTrig': np.int64(10), 'NameTrig': np.int64(50), 'Trig': np.int64(100), 'thisN': 7, 'thisTrialN': 7, 'thisRepN': 3}>
3.6364 	DATA 	Keypress: k
3.6422 	INFO 	Keyboard events cleared
3.6420 	EXP 	error_feedback: autoDraw = False
3.6420 	EXP 	MAN: autoDraw = False
3.6420 	EXP 	WOMAN: autoDraw = False
3.6420 	EXP 	pic: autoDraw = False
3.6420 	EXP 	error_feedback: autoDraw = False
3.6420 	EXP 	pic: image = 'men.png'
3.6420 	EXP 	MAN: autoDraw = True
3.6420 	EXP 	WOMAN: autoDraw = True
3.6420 	EXP 	pic: autoDraw = True
3.6896 	EXP 	Device response: <KeyPress from None: t=3.5947460000170395, value=k, duration=0.08042460004799068>
3.6897 	EXP 	Device response: <KeyPress from None: t=3.679150399984792, value=j, duration=None>
3.6902 	EXP 	New trial (rep=4, index=8): <Trial 8 (8 in rep 4) data={'Male': 'กฤษณะ', 'Female': 'กาญจนา', 'Image': 'men.png', 'Name': 'กฤษณะ', 'ImagePriming': 'men.png', 'NamePriming': 'กฤษณะ', 'ImageTrig': np.int64(10), 'NameTrig': np.int64(50), 'Trig': np.int64(100), 'thisN': 8, 'thisTrialN': 8, 'thisRepN': 4}>
3.7195 	DATA 	Keypress: j
3.7274 	INFO 	Keyboard events cleared
3.7272 	EXP 	error_feedback: autoDraw = True
3.7272 	EXP 	MAN: autoDraw = False
3.7272 	EXP 	WOMAN: autoDraw = False
3.7272 	EXP 	pic: autoDraw = False
3.7272 	EXP 	error_feedback: autoDraw = False
3.7272 	EXP 	pic: image = 'men.png'
3.7272 	EXP 	MAN: autoDraw = True
3.7272 	EXP 	WOMAN: autoDraw = True
3.7272 	EXP 	pic: autoDraw = True
3.7735 	EXP 	Device response: <KeyPress from None: t=3.7706647000741214, value=k, duration=None>
3.7739 	EXP 	New trial (rep=5, index=9): <Trial 9 (9 in rep 5) data={'Male': 'กฤษณะ', 'Female': 'กาญจนา', 'Image': 'men.png', 'Name': 'กฤษณะ', 'ImagePriming': 'men.png', 'NamePriming': 'กฤษณะ', 'ImageTrig': np.int64(10), 'NameTrig': np.int64(50), 'Trig': np.int64(100), 'thisN': 9, 'thisTrialN': 9, 'thisRepN': 5}>
3.8029 	DATA 	Keypress: k
3.8096 	INFO 	Keyboard events cleared
3.8093 	EXP 	error_feedback: autoDraw = False
3.8093 	EXP 	MAN: autoDraw = False
3.8093 	EXP 	WOMAN: autoDraw = False
3.8093 	EXP 	pic: autoDraw = False
3.8093 	EXP 	error_feedback: autoDraw = False
3.8093 	EXP 	pic: image = 'men.png'
3.8093 	EXP 	MAN: autoDraw = True
3.8093 	EXP 	WOMAN: autoDraw = True
3.8093 	EXP 	pic: autoDraw = True
3.8564 	EXP 	Device response: <KeyPress from None: t=3.7706647000741214, value=k, duration=0.07572169997729361>
3.8565 	EXP 	Device response: <KeyPress from None: t=3.850445899995975, value=j, duration=None>
3.8569 	EXP 	New trial (rep=6, index=10): <Trial 10 (10 in rep 6) data={'Male': 'กฤษณะ', 'Female': 'กาญจนา', 'Image': 'men.png', 'Name': 'กฤษณะ', 'ImagePriming': 'men.png', 'NamePriming': 'กฤษณะ', 'ImageTrig': np.int64(10), 'NameTrig': np.int64(50), 'Trig': np.int64(100), 'thisN': 10, 'thisTrialN': 10, 'thisRepN': 6}>
3.8832 	EXP 	Device response: <KeyPress from None: t=3.679150399984792, value=j, duration=0.19066180009394884>
3.8849 	DATA 	Keypress: j
3.8912 	INFO 	Keyboard events cleared
3.8910 	EXP 	error_feedback: autoDraw = True
3.8910 	EXP 	MAN: autoDraw = False
3.8910 	EXP 	WOMAN: autoDraw = False
3.8910 	EXP 	pic: autoDraw = False
3.8910 	EXP 	error_feedback: autoDraw = False
3.8910 	EXP 	pic: image = 'men.png'
3.8910 	EXP 	MAN: autoDraw = True
3.8910 	EXP 	WOMAN: autoDraw = True
3.8910 	EXP 	pic: autoDraw = True
3.9397 	EXP 	Device response: <KeyPress from None: t=3.938682400039397, value=k, duration=None>
3.9401 	EXP 	New trial (rep=7, index=11): <Trial 11 (11 in rep 7) data={'Male': 'กฤษณะ', 'Female': 'กาญจนา', 'Image': 'men.png', 'Name': 'กฤษณะ', 'ImagePriming': 'men.png', 'NamePriming': 'กฤษณะ', 'ImageTrig': np.int64(10), 'NameTrig': np.int64(50), 'Trig': np.int64(100), 'thisN': 11, 'thisTrialN': 11, 'thisRepN': 7}>
3.9691 	DATA 	Keypress: k
3.9750 	INFO 	Keyboard events cleared
3.9748 	EXP 	error_feedback: autoDraw = False
3.9748 	EXP 	MAN: autoDraw = False
3.9748 	EXP 	WOMAN: autoDraw = False
3.9748 	EXP 	pic: autoDraw = False
3.9748 	EXP 	error_feedback: autoDraw = False
3.9748 	EXP 	pic: image = 'men.png'
3.9748 	EXP 	MAN: autoDraw = True
3.9748 	EXP 	WOMAN: autoDraw = True
3.9748 	EXP 	pic: autoDraw = True
4.0066 	EXP 	Device response: <KeyPress from None: t=3.938682400039397, value=k, duration=0.06717359996400774>
4.0090 	DATA 	Keypress: j
4.0233 	EXP 	Device response: <KeyPress from None: t=4.0085699000628665, value=j, duration=None>
4.0237 	EXP 	New trial (rep=4, index=12): <Trial 12 (12 in rep 4) data={'Male': 'นเรศ', 'Female': 'พิมพ์ใจ', 'Image': 'women.png', 'Name': 'นเรศ', 'ImagePriming': 'men.png', 'NamePriming': 'นเรศ', 'ImageTrig': np.int64(10), 'NameTrig': np.int64(51), 'Trig': np.int64(101), 'thisN': 12, 'thisTrialN': 12, 'thisRepN': 4}>
4.0571 	INFO 	Keyboard events cleared
4.0569 	EXP 	error_feedback: autoDraw = True
4.0569 	EXP 	MAN: autoDraw = False
4.0569 	EXP 	WOMAN: autoDraw = False
4.0569 	EXP 	pic: autoDraw = False
4.0569 	EXP 	error_feedback: autoDraw = False
4.0569 	EXP 	pic: image = 'women.png'
4.0569 	EXP 	MAN: autoDraw = True
4.0569 	EXP 	WOMAN: autoDraw = True
4.0569 	EXP 	pic: autoDraw = True
4.1063 	EXP 	Device response: <KeyPress from None: t=4.10016190004535, value=k, duration=None>
4.1065 	EXP 	New trial (rep=5, index=13): <Trial 13 (13 in rep 5) data={'Male': 'นเรศ', 'Female': 'พิมพ์ใจ', 'Image': 'women.png', 'Name': 'นเรศ', 'ImagePriming': 'men.png', 'NamePriming': 'นเรศ', 'ImageTrig': np.int64(10), 'NameTrig': np.int64(51), 'Trig': np.int64(101), 'thisN': 13, 'thisTrialN': 13, 'thisRepN': 5}>
4.1348 	DATA 	Keypress: k
4.1407 	INFO 	Keyboard events cleared
4.1405 	EXP 	error_feedback: autoDraw = False
4.1405 	EXP 	MAN: autoDraw = False
4.1405 	EXP 	WOMAN: autoDraw = False
4.1405 	EXP 	pic: autoDraw = False
4.1405 	EXP 	error_feedback: autoDraw = False
4.1405 	EXP 	pic: image = 'women.png'
4.1405 	EXP 	MAN: autoDraw = True
4.1405 	EXP 	WOMAN: autoDraw = True
4.1405 	EXP 	pic: autoDraw = True
4.1735 	EXP 	Device response: <KeyPress from None: t=4.167703400016762, value=j, duration=None>
4.1740 	EXP 	New trial (rep=6, index=14): <Trial 14 (14 in rep 6) data={'Male': 'นเรศ', 'Female': 'พิมพ์ใจ', 'Image': 'women.png', 'Name': 'นเรศ', 'ImagePriming': 'men.png', 'NamePriming': 'นเรศ', 'ImageTrig': np.int64(10), 'NameTrig': np.int64(51), 'Trig': np.int64(101), 'thisN': 14, 'thisTrialN': 14, 'thisRepN': 6}>
4.2001 	EXP 	Device response: <KeyPress from None: t=4.10016190004535, value=k, duration=0.07662149996031076>
4.2022 	DATA 	Keypress: j
4.2095 	INFO 	Keyboard events cleared
4.2093 	EXP 	error_feedback: autoDraw = True
4.2093 	EXP 	MAN: autoDraw = False
4.2093 	EXP 	WOMAN: autoDraw = False
4.2093 	EXP 	pic: autoDraw = False
4.2093 	EXP 	error_feedback: autoDraw = False
4.2093 	EXP 	pic: image = 'women.png'
4.2093 	EXP 	MAN: autoDraw = True
4.2093 	EXP 	WOMAN: autoDraw = True
4.2093 	EXP 	pic: autoDraw = True
4.2396 	EXP 	Device response: <KeyPress from None: t=3.850445899995975, value=j, duration=0.37350600003264844>
4.2730 	EXP 	Device response: <KeyPress from None: t=4.265192999970168, value=k, duration=None>
4.2733 	EXP 	New trial (rep=8, index=15): <Trial 15 (15 in rep 8) data={'Male': 'กฤษณะ', 'Female': 'กาญจนา', 'Image': 'men.png', 'Name': 'กฤษณะ', 'ImagePriming': 'men.png', 'NamePriming': 'กฤษณะ', 'ImageTrig': np.int64(10), 'NameTrig': np.int64(50), 'Trig': np.int64(100), 'thisN': 15, 'thisTrialN': 15, 'thisRepN': 8}>
4.3047 	DATA 	Keypress: k
4.3117 	INFO 	Keyboard events cleared
4.3114 	EXP 	error_feedback: autoDraw = False
4.3114 	EXP 	MAN: autoDraw = False
4.3114 	EXP 	WOMAN: autoDraw = False
4.3114 	EXP 	pic: autoDraw = False
4.3114 	EXP 	error_feedback: autoDraw = False
4.3114 	EXP 	pic: image = 'men.png'
4.3114 	EXP 	MAN: autoDraw = True
4.3114 	EXP 	WOMAN: autoDraw = True
4.3114 	EXP 	pic: autoDraw = True
4.3245 	DATA 	Keypress: j
4.3399 	EXP 	Device response: <KeyPress from None: t=4.323213099967688, value=j, duration=None>
4.3400 	EXP 	Device response: <KeyPress from None: t=4.265192999970168, value=k, duration=0.06930780003312975>
4.3405 	EXP 	New trial (rep=9, index=16): <Trial 16 (16 in rep 9) data={'Male': 'กฤษณะ', 'Female': 'กาญจนา', 'Image': 'men.png', 'Name': 'กฤษณะ', 'ImagePriming': 'men.png', 'NamePriming': 'กฤษณะ', 'ImageTrig': np.int64(10), 'NameTrig': np.int64(50), 'Trig': np.int64(100), 'thisN': 16, 'thisTrialN': 16, 'thisRepN': 9}>
4.3769 	INFO 	Keyboard events cleared
4.3767 	EXP 	error_feedback: autoDraw = True
4.3767 	EXP 	MAN: autoDraw = False
4.3767 	EXP 	WOMAN: autoDraw = False
4.3767 	EXP 	pic: autoDraw = False
4.3767 	EXP 	error_feedback: autoDraw = False
4.3767 	EXP 	pic: image = 'men.png'
4.3767 	EXP 	MAN: autoDraw = True
4.3767 	EXP 	WOMAN: autoDraw = True
4.3767 	EXP 	pic: autoDraw = True
4.3900 	EXP 	Device response: <KeyPress from None: t=4.0085699000628665, value=j, duration=0.37063579994719476>
4.4069 	EXP 	Device response: <KeyPress from None: t=4.406468500033952, value=k, duration=None>
4.4073 	EXP 	New trial (rep=10, index=17): <Trial 17 (17 in rep 10) data={'Male': 'กฤษณะ', 'Female': 'กาญจนา', 'Image': 'men.png', 'Name': 'กฤษณะ', 'ImagePriming': 'men.png', 'NamePriming': 'กฤษณะ', 'ImageTrig': np.int64(10), 'NameTrig': np.int64(50), 'Trig': np.int64(100), 'thisN': 17, 'thisTrialN': 17, 'thisRepN': 10}>
4.4358 	DATA 	Keypress: k
4.4416 	INFO 	Keyboard events cleared
4.4414 	EXP 	error_feedback: autoDraw = False
4.4414 	EXP 	MAN: autoDraw = False
4.4414 	EXP 	WOMAN: autoDraw = False
4.4414 	EXP 	pic: autoDraw = False
4.4414 	EXP 	error_feedback: autoDraw = False
4.4414 	EXP 	pic: image = 'men.png'
4.4414 	EXP 	MAN: autoDraw = True
4.4414 	EXP 	WOMAN: autoDraw = True
4.4414 	EXP 	pic: autoDraw = True
4.4897 	EXP 	Device response: <KeyPress from None: t=4.482054100022651, value=j, duration=None>
4.4900 	EXP 	New trial (rep=7, index=18): <Trial 18 (18 in rep 7) data={'Male': 'นเรศ', 'Female': 'พิมพ์ใจ', 'Image': 'women.png', 'Name': 'นเรศ', 'ImagePriming': 'men.png', 'NamePriming': 'นเรศ', 'ImageTrig': np.int64(10), 'NameTrig': np.int64(51), 'Trig': np.int64(101), 'thisN': 18, 'thisTrialN': 18, 'thisRepN': 7}>
4.5168 	EXP 	Device response: <KeyPress from None: t=4.406468500033952, value=k, duration=0.0920926999533549>
4.5183 	DATA 	Keypress: j
4.5258 	INFO 	Keyboard events cleared
4.5256 	EXP 	error_feedback: autoDraw = True
4.5256 	EXP 	MAN: autoDraw = False
4.5256 	EXP 	WOMAN: autoDraw = False
4.5256 	EXP 	pic: autoDraw = False
4.5256 	EXP 	error_feedback: autoDraw = False
4.5256 	EXP 	pic: image = 'women.png'
4.5256 	EXP 	MAN: autoDraw = True
4.5256 	EXP 	WOMAN: autoDraw = True
4.5256 	EXP 	pic: autoDraw = True
4.5561 	EXP 	Device response: <KeyPress from None: t=4.167703400016762, value=j, duration=0.37407889997120947>
4.5750 	DATA 	Keypress: k
4.5899 	EXP 	Device response: <KeyPress from None: t=4.574727799976245, value=k, duration=None>
4.5902 	EXP 	New trial (rep=8, index=19): <Trial 19 (19 in rep 8) data={'Male': 'นเรศ', 'Female': 'พิมพ์ใจ', 'Image': 'women.png', 'Name': 'นเรศ', 'ImagePriming': 'men.png', 'NamePriming': 'นเรศ', 'ImageTrig': np.int64(10), 'NameTrig': np.int64(51), 'Trig': np.int64(101), 'thisN': 19, 'thisTrialN': 19, 'thisRepN': 8}>
4.6236 	INFO 	Keyboard events cleared
4.6234 	EXP 	error_feedback: autoDraw = False
4.6234 	EXP 	MAN: autoDraw = False
4.6234 	EXP 	WOMAN: autoDraw = False
4.6234 	EXP 	pic: autoDraw = False
4.6234 	EXP 	error_feedback: autoDraw = False
4.6234 	EXP 	pic: image = 'women.png'
4.6234 	EXP 	MAN: autoDraw = True
4.6234 	EXP 	WOMAN: autoDraw = True
4.6234 	EXP 	pic: autoDraw = True
4.6569 	EXP 	Device response: <KeyPress from None: t=4.6422017000149935, value=j, duration=None>
4.6571 	EXP 	Device response: <KeyPress from None: t=4.574727799976245, value=k, duration=0.0818301000399515>
4.6574 	EXP 	New trial (rep=9, index=20): <Trial 20 (20 in rep 9) data={'Male': 'นเรศ', 'Female': 'พิมพ์ใจ', 'Image': 'women.png', 'Name': 'นเรศ', 'ImagePriming': 'men.png', 'NamePriming': 'นเรศ', 'ImageTrig': np.int64(10), 'NameTrig': np.int64(51), 'Trig': np.int64(101), 'thisN': 20, 'thisTrialN': 20, 'thisRepN': 9}>
4.6857 	DATA 	Keypress: j
4.6929 	INFO 	Keyboard events cleared
4.6928 	EXP 	error_feedback: autoDraw = True
4.6928 	EXP 	MAN: autoDraw = False
4.6928 	EXP 	WOMAN: autoDraw = False
4.6928 	EXP 	pic: autoDraw = False
4.6928 	EXP 	error_feedback: autoDraw = False
4.6928 	EXP 	pic: image = 'women.png'
4.6928 	EXP 	MAN: autoDraw = True
4.6928 	EXP 	WOMAN: autoDraw = True
4.6928 	EXP 	pic: autoDraw = True
4.7064 	EXP 	Device response: <KeyPress from None: t=4.323213099967688, value=j, duration=0.38173480005934834>
4.7396 	EXP 	Device response: <KeyPress from None: t=4.733043799991719, value=k, duration=None>
4.7399 	EXP 	New trial (rep=11, index=21): <Trial 21 (21 in rep 11) data={'Male': 'กฤษณะ', 'Female': 'กาญจนา', 'Image': 'men.png', 'Name': 'กฤษณะ', 'ImagePriming': 'men.png', 'NamePriming': 'กฤษณะ', 'ImageTrig': np.int64(10), 'NameTrig': np.int64(50), 'Trig': np.int64(100), 'thisN': 21, 'thisTrialN': 21, 'thisRepN': 11}>
4.7679 	DATA 	Keypress: k
4.7737 	INFO 	Keyboard events cleared
4.7735 	EXP 	error_feedback: autoDraw = False
4.7735 	EXP 	MAN: autoDraw = False
4.7735 	EXP 	WOMAN: autoDraw = False
4.7735 	EXP 	pic: autoDraw = False
4.7735 	EXP 	error_feedback: autoDraw = False
4.7735 	EXP 	pic: image = 'men.png'
4.7735 	EXP 	MAN: autoDraw = True
4.7735 	EXP 	WOMAN: autoDraw = True
4.7735 	EXP 	pic: autoDraw = True
4.8231 	EXP 	Device response: <KeyPress from None: t=4.733043799991719, value=k, duration=0.07883480004966259>
4.8231 	EXP 	Device response: <KeyPress from None: t=4.813481500023045, value=j, duration=None>
4.8235 	EXP 	New trial (rep=10, index=22): <Trial 22 (22 in rep 10) data={'Male': 'นเรศ', 'Female': 'พิมพ์ใจ', 'Image': 'women.png', 'Name': 'นเรศ', 'ImagePriming': 'men.png', 'NamePriming': 'นเรศ', 'ImageTrig': np.int64(10), 'NameTrig': np.int64(51), 'Trig': np.int64(101), 'thisN': 22, 'thisTrialN': 22, 'thisRepN': 10}>
4.8512 	DATA 	Keypress: j
4.8576 	INFO 	Keyboard events cleared
4.8574 	EXP 	error_feedback: autoDraw = True
4.8574 	EXP 	MAN: autoDraw = False
4.8574 	EXP 	WOMAN: autoDraw = False
4.8574 	EXP 	pic: autoDraw = False
4.8574 	EXP 	error_feedback: autoDraw = False
4.8574 	EXP 	pic: image = 'women.png'
4.8574 	EXP 	MAN: autoDraw = True
4.8574 	EXP 	WOMAN: autoDraw = True
4.8574 	EXP 	pic: autoDraw = True
4.8731 	EXP 	Device response: <KeyPress from None: t=4.482054100022651, value=j, duration=0.38071159995160997>
4.9062 	EXP 	Device response: <KeyPress from None: t=4.901906099985354, value=k, duration=None>
4.9065 	EXP 	New trial (rep=12, index=23): <Trial 23 (23 in rep 12) data={'Male': 'กฤษณะ', 'Female': 'กาญจนา', 'Image': 'men.png', 'Name': 'กฤษณะ', 'ImagePriming': 'men.png', 'NamePriming': 'กฤษณะ', 'ImageTrig': np.int64(10), 'NameTrig': np.int64(50), 'Trig': np.int64(100), 'thisN': 23, 'thisTrialN': 23, 'thisRepN': 12}>
4.9348 	DATA 	Keypress: k
4.9407 	INFO 	Keyboard events cleared
4.9405 	EXP 	error_feedback: autoDraw = False
4.9405 	EXP 	MAN: autoDraw = False
4.9405 	EXP 	WOMAN: autoDraw = False
4.9405 	EXP 	pic: autoDraw = False
4.9405 	EXP 	error_feedback: autoDraw = False
4.9405 	EXP 	pic: image = 'men.png'
4.9405 	EXP 	MAN: autoDraw = True
4.9405 	EXP 	WOMAN: autoDraw = True
4.9405 	EXP 	pic: autoDraw = True
4.9896 	EXP 	Device response: <KeyPress from None: t=4.901906099985354, value=k, duration=0.0760416000848636>
4.9897 	EXP 	Device response: <KeyPress from None: t=4.979379900032654, value=j, duration=None>
4.9900 	EXP 	New trial (rep=13, index=24): <Trial 24 (24 in rep 13) data={'Male': 'กฤษณะ', 'Female': 'กาญจนา', 'Image': 'men.png', 'Name': 'กฤษณะ', 'ImagePriming': 'men.png', 'NamePriming': 'กฤษณะ', 'ImageTrig': np.int64(10), 'NameTrig': np.int64(50), 'Trig': np.int64(100), 'thisN': 24, 'thisTrialN': 24, 'thisRepN': 13}>
5.0178 	DATA 	Keypress: j
5.0236 	INFO 	Keyboard events cleared
5.0234 	EXP 	error_feedback: autoDraw = True
5.0234 	EXP 	MAN: autoDraw = False
5.0234 	EXP 	WOMAN: autoDraw = False
5.0234 	EXP 	pic: autoDraw = False
5.0234 	EXP 	error_feedback: autoDraw = False
5.0234 	EXP 	pic: image = 'men.png'
5.0234 	EXP 	MAN: autoDraw = True
5.0234 	EXP 	WOMAN: autoDraw = True
5.0234 	EXP 	pic: autoDraw = True
5.0403 	EXP 	Device response: <KeyPress from None: t=4.6422017000149935, value=j, duration=0.3856118000112474>
5.0734 	EXP 	Device response: <KeyPress from None: t=5.071096200030297, value=k, duration=None>
5.0738 	EXP 	New trial (rep=11, index=25): <Trial 25 (25 in rep 11) data={'Male': 'นเรศ', 'Female': 'พิมพ์ใจ', 'Image': 'women.png', 'Name': 'นเรศ', 'ImagePriming': 'men.png', 'NamePriming': 'นเรศ', 'ImageTrig': np.int64(10), 'NameTrig': np.int64(51), 'Trig': np.int64(101), 'thisN': 25, 'thisTrialN': 25, 'thisRepN': 11}>
5.1052 	DATA 	Keypress: k
5.1122 	INFO 	Keyboard events cleared
5.1121 	EXP 	error_feedback: autoDraw = False
5.1121 	EXP 	MAN: autoDraw = False
5.1121 	EXP 	WOMAN: autoDraw = False
5.1121 	EXP 	pic: autoDraw = False
5.1121 	EXP 	error_feedback: autoDraw = False
5.1121 	EXP 	pic: image = 'women.png'
5.1121 	EXP 	MAN: autoDraw = True
5.1121 	EXP 	WOMAN: autoDraw = True
5.1121 	EXP 	pic: autoDraw = True
5.1403 	EXP 	Device response: <KeyPress from None: t=5.071096200030297, value=k, duration=0.06814650003798306>
5.1416 	DATA 	Keypress: j
5.1564 	EXP 	Device response: <KeyPress from None: t=5.140273500001058, value=j, duration=None>
5.1568 	EXP 	New trial (rep=14, index=26): <Trial 26 (26 in rep 14) data={'Male': 'กฤษณะ', 'Female': 'กาญจนา', 'Image': 'men.png', 'Name': 'กฤษณะ', 'ImagePriming': 'men.png', 'NamePriming': 'กฤษณะ', 'ImageTrig': np.int64(10), 'NameTrig': np.int64(50), 'Trig': np.int64(100), 'thisN': 26, 'thisTrialN': 26, 'thisRepN': 14}>
5.1882 	INFO 	Keyboard events cleared
5.1880 	EXP 	error_feedback: autoDraw = True
5.1880 	EXP 	MAN: autoDraw = False
5.1880 	EXP 	WOMAN: autoDraw = False
5.1880 	EXP 	pic: autoDraw = False
5.1880 	EXP 	error_feedback: autoDraw = False
5.1880 	EXP 	pic: image = 'men.png'
5.1880 	EXP 	MAN: autoDraw = True
5.1880 	EXP 	WOMAN: autoDraw = True
5.1880 	EXP 	pic: autoDraw = True
5.2385 	EXP 	Device response: <KeyPress from None: t=5.23409410007298, value=k, duration=None>
5.2387 	EXP 	New trial (rep=12, index=27): <Trial 27 (27 in rep 12) data={'Male': 'นเรศ', 'Female': 'พิมพ์ใจ', 'Image': 'women.png', 'Name': 'นเรศ', 'ImagePriming': 'men.png', 'NamePriming': 'นเรศ', 'ImageTrig': np.int64(10), 'NameTrig': np.int64(51), 'Trig': np.int64(101), 'thisN': 27, 'thisTrialN': 27, 'thisRepN': 12}>
5.2627 	DATA 	Keypress: k
5.2670 	INFO 	Keyboard events cleared
5.2669 	EXP 	error_feedback: autoDraw = False
5.2669 	EXP 	MAN: autoDraw = False
5.2669 	EXP 	WOMAN: autoDraw = False
5.2669 	EXP 	pic: autoDraw = False
5.2669 	EXP 	error_feedback: autoDraw = False
5.2669 	EXP 	pic: image = 'women.png'
5.2669 	EXP 	MAN: autoDraw = True
5.2669 	EXP 	WOMAN: autoDraw = True
5.2669 	EXP 	pic: autoDraw = True
5.2884 	EXP 	Device response: <KeyPress from None: t=5.23409410007298, value=k, duration=0.051248999894596636>
5.3053 	EXP 	Device response: <KeyPress from None: t=5.295636499999091, value=j, duration=None>
5.3056 	EXP 	New trial (rep=15, index=28): <Trial 28 (28 in rep 15) data={'Male': 'กฤษณะ', 'Female': 'กาญจนา', 'Image': 'men.png', 'Name': 'กฤษณะ', 'ImagePriming': 'men.png', 'NamePriming': 'กฤษณะ', 'ImageTrig': np.int64(10), 'NameTrig': np.int64(50), 'Trig': np.int64(100), 'thisN': 28, 'thisTrialN': 28, 'thisRepN': 15}>
5.3298 	DATA 	Keypress: j
5.3341 	INFO 	Keyboard events cleared
5.3339 	EXP 	error_feedback: autoDraw = True
5.3339 	EXP 	MAN: autoDraw = False
5.3339 	EXP 	WOMAN: autoDraw = False
5.3339 	EXP 	pic: autoDraw = False
5.3339 	EXP 	error_feedback: autoDraw = False
5.3339 	EXP 	pic: image = 'men.png'
5.3339 	EXP 	MAN: autoDraw = True
5.3339 	EXP 	WOMAN: autoDraw = True
5.3339 	EXP 	pic: autoDraw = True
5.3552 	EXP 	Device response: <KeyPress from None: t=4.813481500023045, value=j, duration=0.5380120000336319>
5.3899 	DATA 	Keypress: k
5.4052 	EXP 	Device response: <KeyPress from None: t=5.389446199988015, value=k, duration=None>
5.4055 	EXP 	New trial (rep=16, index=29): <Trial 29 (29 in rep 16) data={'Male': 'กฤษณะ', 'Female': 'กาญจนา', 'Image': 'men.png', 'Name': 'กฤษณะ', 'ImagePriming': 'men.png', 'NamePriming': 'กฤษณะ', 'ImageTrig': np.int64(10), 'NameTrig': np.int64(50), 'Trig': np.int64(100), 'thisN': 29, 'thisTrialN': 29, 'thisRepN': 16}>
5.4357 	INFO 	Keyboard events cleared
5.4356 	EXP 	error_feedback: autoDraw = False
5.4356 	EXP 	MAN: autoDraw = False
5.4356 	EXP 	WOMAN: autoDraw = False
5.4356 	EXP 	pic: autoDraw = False
5.4356 	EXP 	error_feedback: autoDraw = False
5.4356 	EXP 	pic: image = 'men.png'
5.4356 	EXP 	MAN: autoDraw = True
5.4356 	EXP 	WOMAN: autoDraw = True
5.4356 	EXP 	pic: autoDraw = True
5.4719 	EXP 	Device response: <KeyPress from None: t=5.389446199988015, value=k, duration=0.06780419999267906>
5.4719 	EXP 	Device response: <KeyPress from None: t=5.467720999964513, value=j, duration=None>
5.4722 	EXP 	New trial (rep=17, index=30): <Trial 30 (30 in rep 17) data={'Male': 'กฤษณะ', 'Female': 'กาญจนา', 'Image': 'men.png', 'Name': 'กฤษณะ', 'ImagePriming': 'men.png', 'NamePriming': 'กฤษณะ', 'ImageTrig': np.int64(10), 'NameTrig': np.int64(50), 'Trig': np.int64(100), 'thisN': 30, 'thisTrialN': 30, 'thisRepN': 17}>
5.4950 	EXP 	Device response: <KeyPress from None: t=4.979379900032654, value=j, duration=0.5127878999337554>
5.4965 	DATA 	Keypress: j
5.5010 	INFO 	Keyboard events cleared
5.5009 	EXP 	error_feedback: autoDraw = True
5.5009 	EXP 	MAN: autoDraw = False
5.5009 	EXP 	WOMAN: autoDraw = False
5.5009 	EXP 	pic: autoDraw = False
5.5009 	EXP 	error_feedback: autoDraw = False
5.5009 	EXP 	pic: image = 'men.png'
5.5009 	EXP 	MAN: autoDraw = True
5.5009 	EXP 	WOMAN: autoDraw = True
5.5009 	EXP 	pic: autoDraw = True
5.5556 	EXP 	Device response: <KeyPress from None: t=5.541121500078589, value=k, duration=None>
5.5561 	EXP 	New trial (rep=13, index=31): <Trial 31 (31 in rep 13) data={'Male': 'นเรศ', 'Female': 'พิมพ์ใจ', 'Image': 'women.png', 'Name': 'นเรศ', 'ImagePriming': 'men.png', 'NamePriming': 'นเรศ', 'ImageTrig': np.int64(10), 'NameTrig': np.int64(51), 'Trig': np.int64(101), 'thisN': 31, 'thisTrialN': 31, 'thisRepN': 13}>
5.5793 	DATA 	Keypress: k
5.5840 	INFO 	Keyboard events cleared
5.5839 	EXP 	error_feedback: autoDraw = False
5.5839 	EXP 	MAN: autoDraw = False
5.5839 	EXP 	WOMAN: autoDraw = False
5.5839 	EXP 	pic: autoDraw = False
5.5839 	EXP 	error_feedback: autoDraw = False
5.5839 	EXP 	pic: image = 'women.png'
5.5839 	EXP 	MAN: autoDraw = True
5.5839 	EXP 	WOMAN: autoDraw = True
5.5839 	EXP 	pic: autoDraw = True
5.6397 	EXP 	Device response: <KeyPress from None: t=5.541121500078589, value=k, duration=0.0830769999884069>
5.6398 	EXP 	Device response: <KeyPress from None: t=5.62633740005549, value=j, duration=None>
5.6403 	EXP 	New trial (rep=14, index=32): <Trial 32 (32 in rep 14) data={'Male': 'นเรศ', 'Female': 'พิมพ์ใจ', 'Image': 'women.png', 'Name': 'นเรศ', 'ImagePriming': 'men.png', 'NamePriming': 'นเรศ', 'ImageTrig': np.int64(10), 'NameTrig': np.int64(51), 'Trig': np.int64(101), 'thisN': 32, 'thisTrialN': 32, 'thisRepN': 14}>
5.6643 	DATA 	Keypress: j
5.6686 	INFO 	Keyboard events cleared
5.6684 	EXP 	error_feedback: autoDraw = True
5.6684 	EXP 	MAN: autoDraw = False
5.6684 	EXP 	WOMAN: autoDraw = False
5.6684 	EXP 	pic: autoDraw = False
5.6684 	EXP 	error_feedback: autoDraw = False
5.6684 	EXP 	pic: image = 'women.png'
5.6684 	EXP 	MAN: autoDraw = True
5.6684 	EXP 	WOMAN: autoDraw = True
5.6684 	EXP 	pic: autoDraw = True
5.6887 	EXP 	Device response: <KeyPress from None: t=5.140273500001058, value=j, duration=0.5351109000621364>
5.7067 	EXP 	Device response: <KeyPress from None: t=5.70162419998087, value=k, duration=None>
5.7071 	EXP 	New trial (rep=18, index=33): <Trial 33 (33 in rep 18) data={'Male': 'กฤษณะ', 'Female': 'กาญจนา', 'Image': 'men.png', 'Name': 'กฤษณะ', 'ImagePriming': 'men.png', 'NamePriming': 'กฤษณะ', 'ImageTrig': np.int64(10), 'NameTrig': np.int64(50), 'Trig': np.int64(100), 'thisN': 33, 'thisTrialN': 33, 'thisRepN': 18}>
5.7345 	DATA 	Keypress: k
5.7392 	INFO 	Keyboard events cleared
5.7391 	EXP 	error_feedback: autoDraw = False
5.7391 	EXP 	MAN: autoDraw = False
5.7391 	EXP 	WOMAN: autoDraw = False
5.7391 	EXP 	pic: autoDraw = False
5.7391 	EXP 	error_feedback: autoDraw = False
5.7391 	EXP 	pic: image = 'men.png'
5.7391 	EXP 	MAN: autoDraw = True
5.7391 	EXP 	WOMAN: autoDraw = True
5.7391 	EXP 	pic: autoDraw = True
5.7899 	EXP 	Device response: <KeyPress from None: t=5.70162419998087, value=k, duration=0.08005390001926571>
5.7900 	EXP 	Device response: <KeyPress from None: t=5.7852661000797525, value=j, duration=None>
5.7903 	EXP 	New trial (rep=15, index=34): <Trial 34 (34 in rep 15) data={'Male': 'นเรศ', 'Female': 'พิมพ์ใจ', 'Image': 'women.png', 'Name': 'นเรศ', 'ImagePriming': 'men.png', 'NamePriming': 'นเรศ', 'ImageTrig': np.int64(10), 'NameTrig': np.int64(51), 'Trig': np.int64(101), 'thisN': 34, 'thisTrialN': 34, 'thisRepN': 15}>
5.8192 	DATA 	Keypress: j
5.8264 	INFO 	Keyboard events cleared
5.8263 	EXP 	error_feedback: autoDraw = True
5.8263 	EXP 	MAN: autoDraw = False
5.8263 	EXP 	WOMAN: autoDraw = False
5.8263 	EXP 	pic: autoDraw = False
5.8263 	EXP 	error_feedback: autoDraw = False
5.8263 	EXP 	pic: image = 'women.png'
5.8263 	EXP 	MAN: autoDraw = True
5.8263 	EXP 	WOMAN: autoDraw = True
5.8263 	EXP 	pic: autoDraw = True
5.8564 	EXP 	Device response: <KeyPress from None: t=5.295636499999091, value=j, duration=0.5469848000211641>
5.8742 	DATA 	Keypress: k
5.8896 	EXP 	Device response: <KeyPress from None: t=5.873751600040123, value=k, duration=None>
5.8898 	EXP 	New trial (rep=16, index=35): <Trial 35 (35 in rep 16) data={'Male': 'นเรศ', 'Female': 'พิมพ์ใจ', 'Image': 'women.png', 'Name': 'นเรศ', 'ImagePriming': 'men.png', 'NamePriming': 'นเรศ', 'ImageTrig': np.int64(10), 'NameTrig': np.int64(51), 'Trig': np.int64(101), 'thisN': 35, 'thisTrialN': 35, 'thisRepN': 16}>
5.9235 	INFO 	Keyboard events cleared
5.9233 	EXP 	error_feedback: autoDraw = False
5.9233 	EXP 	MAN: autoDraw = False
5.9233 	EXP 	WOMAN: autoDraw = False
5.9233 	EXP 	pic: autoDraw = False
5.9233 	EXP 	error_feedback: autoDraw = False
5.9233 	EXP 	pic: image = 'women.png'
5.9233 	EXP 	MAN: autoDraw = True
5.9233 	EXP 	WOMAN: autoDraw = True
5.9233 	EXP 	pic: autoDraw = True
5.9732 	EXP 	Device response: <KeyPress from None: t=5.873751600040123, value=k, duration=0.08322719996795058>
5.9733 	EXP 	Device response: <KeyPress from None: t=5.958712000050582, value=j, duration=None>
5.9737 	EXP 	New trial (rep=17, index=36): <Trial 36 (36 in rep 17) data={'Male': 'นเรศ', 'Female': 'พิมพ์ใจ', 'Image': 'women.png', 'Name': 'นเรศ', 'ImagePriming': 'men.png', 'NamePriming': 'นเรศ', 'ImageTrig': np.int64(10), 'NameTrig': np.int64(51), 'Trig': np.int64(101), 'thisN': 36, 'thisTrialN': 36, 'thisRepN': 17}>
6.0020 	DATA 	Keypress: j
6.0080 	INFO 	Keyboard events cleared
6.0077 	EXP 	error_feedback: autoDraw = True
6.0077 	EXP 	MAN: autoDraw = False
6.0077 	EXP 	WOMAN: autoDraw = False
6.0077 	EXP 	pic: autoDraw = False
6.0077 	EXP 	error_feedback: autoDraw = False
6.0077 	EXP 	pic: image = 'women.png'
6.0077 	EXP 	MAN: autoDraw = True
6.0077 	EXP 	WOMAN: autoDraw = True
6.0077 	EXP 	pic: autoDraw = True
6.0395 	EXP 	Device response: <KeyPress from None: t=6.037666300078854, value=k, duration=None>
6.0399 	EXP 	New trial (rep=18, index=37): <Trial 37 (37 in rep 18) data={'Male': 'นเรศ', 'Female': 'พิมพ์ใจ', 'Image': 'women.png', 'Name': 'นเรศ', 'ImagePriming': 'men.png', 'NamePriming': 'นเรศ', 'ImageTrig': np.int64(10), 'NameTrig': np.int64(51), 'Trig': np.int64(101), 'thisN': 37, 'thisTrialN': 37, 'thisRepN': 18}>
6.0676 	DATA 	Keypress: k
6.0736 	INFO 	Keyboard events cleared
6.0734 	EXP 	error_feedback: autoDraw = False
6.0734 	EXP 	MAN: autoDraw = False
6.0734 	EXP 	WOMAN: autoDraw = False
6.0734 	EXP 	pic: autoDraw = False
6.0734 	EXP 	error_feedback: autoDraw = False
6.0734 	EXP 	pic: image = 'women.png'
6.0734 	EXP 	MAN: autoDraw = True
6.0734 	EXP 	WOMAN: autoDraw = True
6.0734 	EXP 	pic: autoDraw = True
6.1229 	EXP 	Device response: <KeyPress from None: t=6.037666300078854, value=k, duration=0.07010139990597963>
6.1229 	EXP 	Device response: <KeyPress from None: t=6.116716800024733, value=j, duration=None>
6.1235 	EXP 	New trial (rep=19, index=38): <Trial 38 (38 in rep 19) data={'Male': 'นเรศ', 'Female': 'พิมพ์ใจ', 'Image': 'women.png', 'Name': 'นเรศ', 'ImagePriming': 'men.png', 'NamePriming': 'นเรศ', 'ImageTrig': np.int64(10), 'NameTrig': np.int64(51), 'Trig': np.int64(101), 'thisN': 38, 'thisTrialN': 38, 'thisRepN': 19}>
6.1514 	DATA 	Keypress: j
6.1575 	INFO 	Keyboard events cleared
6.1574 	EXP 	error_feedback: autoDraw = True
6.1574 	EXP 	MAN: autoDraw = False
6.1574 	EXP 	WOMAN: autoDraw = False
6.1574 	EXP 	pic: autoDraw = False
6.1574 	EXP 	error_feedback: autoDraw = False
6.1574 	EXP 	pic: image = 'women.png'
6.1574 	EXP 	MAN: autoDraw = True
6.1574 	EXP 	WOMAN: autoDraw = True
6.1574 	EXP 	pic: autoDraw = True
6.1736 	EXP 	Device response: <KeyPress from None: t=5.467720999964513, value=j, duration=0.6973309000022709>
6.2229 	EXP 	Device response: <KeyPress from None: t=6.212233099970035, value=k, duration=None>
6.2232 	EXP 	New trial (rep=19, index=39): <Trial 39 (39 in rep 19) data={'Male': 'กฤษณะ', 'Female': 'กาญจนา', 'Image': 'men.png', 'Name': 'กฤษณะ', 'ImagePriming': 'men.png', 'NamePriming': 'กฤษณะ', 'ImageTrig': np.int64(10), 'NameTrig': np.int64(50), 'Trig': np.int64(100), 'thisN': 39, 'thisTrialN': 39, 'thisRepN': 19}>
6.2514 	DATA 	Keypress: k
6.2577 	INFO 	Keyboard events cleared
6.2575 	EXP 	error_feedback: autoDraw = False
6.2575 	EXP 	MAN: autoDraw = False
6.2575 	EXP 	WOMAN: autoDraw = False
6.2575 	EXP 	pic: autoDraw = False
6.2575 	EXP 	error_feedback: autoDraw = False
6.2575 	EXP 	pic: image = 'men.png'
6.2575 	EXP 	MAN: autoDraw = True
6.2575 	EXP 	WOMAN: autoDraw = True
6.2575 	EXP 	pic: autoDraw = True
6.2895 	EXP 	Device response: <KeyPress from None: t=6.212233099970035, value=k, duration=0.06278999999631196>
6.3062 	EXP 	Device response: <KeyPress from None: t=6.302728799986653, value=j, duration=None>
6.3075 	DATA 	Keypress: j
6.3253 	INFO 	Keyboard events cleared
6.3251 	EXP 	error_feedback: autoDraw = True
6.3251 	EXP 	MAN: autoDraw = False
6.3251 	EXP 	WOMAN: autoDraw = False
6.3251 	EXP 	pic: autoDraw = False
6.3251 	EXP 	error_feedback: autoDraw = False
6.3251 	EXP 	instruction_slide_2: autoDraw = True
6.3919 	EXP 	Device response: <KeyPress from None: t=6.384245099965483, value=k, duration=None>
6.3924 	DATA 	Keypress: k
6.4588 	EXP 	Device response: <KeyPress from None: t=6.384245099965483, value=k, duration=0.0682541000423953>
7.1091 	EXP 	Device response: <KeyPress from None: t=7.092778400052339, value=space, duration=None>
7.1173 	EXP 	Imported Training loop.csv as conditions, 40 conditions, 9 params
7.1180 	EXP 	New trial (rep=0, index=0): <Trial 0 (0 in rep 0) data={'Male': 'ภูมิพัฒน์', 'Female': 'จิตติมา', 'Image': None, 'Name': 'ภูมิพัฒน์', 'ImagePriming': 'men.png', 'NamePriming': 'ภูมิพัฒน์', 'ImageTrig': np.int64(10), 'NameTrig': np.int64(56), 'Trig': np.int64(106), 'thisN': 0, 'thisTrialN': 0, 'thisRepN': 0}>
7.2461 	INFO 	saved data to C:\Users\engpc\Downloads\Pilot26_sep\data\748851_Priming_gender_2025-09-26_07h54.45.248.psydat
7.2542 	INFO 	saved data to 'C:\\Users\\engpc\\Downloads\\Pilot26_sep\\data\\748851_Priming_gender_2025-09-26_07h54.45.248.csv'
7.2821 	WARNING 	Stopping key buffers but this could be dangerous ifother keyboards rely on the same.
7.3832 	WARNING 	Stopping key buffers but this could be dangerous ifother keyboards rely on the same.
7.3833 	WARNING 	Stopping key buffers but this could be dangerous ifother keyboards rely on the same.
7.3833 	WARNING 	Stopping key buffers but this could be dangerous ifother keyboards rely on the same.
7.3833 	WARNING 	Stopping key buffers but this could be dangerous ifother keyboards rely on the same.
