6.3446 	INFO 	Loaded monitor calibration from ['2025_09_24 10:44']
6.3557 	WARNING 	User requested fullscreen with size [1024  768], but screen is actually [1920, 1080]. Using actual size
6.5233 	INFO 	Using renderer 'AMD Radeon(TM) Graphics' for graphics
6.5233 	INFO 	OpenGL version supported by driver is 4..
6.5595 	EXP 	Created window1 = Window(allowGUI=False, allowStencil=True, autoLog=True, backendConf=UNKNOWN, backgroundFit=<method-wrapper '__getattribute__' of attributeSetter object at 0x000001E02C7BE7A0>, backgroundImage=<method-wrapper '__getattribute__' of attributeSetter object at 0x000001E02C7BE740>, bitsMode=UNKNOWN, blendMode='avg', bpc=(8, 8, 8), color=array([0, 0, 0]), colorSpace='rgb', depthBits=8, fullscr=True, gamma=None, gammaErrorPolicy='raise', infoMsg=UNKNOWN, lms=UNKNOWN, monitor=<psychopy.monitors.calibTools.Monitor object at 0x000001E02C87DA50>, multiSample=False, name='window1', numSamples=2, pos=[np.float64(0.0), np.float64(0.0)], screen=0, size=array([1920, 1080]), stencilBits=8, stereo=False, title='PsychoPy', units='height', useFBO=True, useRetina=False, viewOri=0.0, viewPos=None, viewScale=None, waitBlanking=True, winType='pyglet')
6.5596 	EXP 	window1: backgroundImage = ''
6.5596 	EXP 	window1: backgroundFit = 'none'
6.9161 	EXP 	window1: Attempting to measure frame rate of screen (0) ...
6.9161 	EXP 	window1: recordFrameIntervals = False
7.1542 	EXP 	window1: recordFrameIntervals = True
7.3374 	EXP 	Screen (0) actual frame rate measured at 60.07Hz
7.3374 	EXP 	window1: recordFrameIntervals = False
7.3939 	INFO 	keyboard.Keyboard is using ptb backend.
7.3940 	INFO 	keyboard.Keyboard is using ptb backend.
7.3941 	INFO 	keyboard.Keyboard is using ptb backend.
7.3941 	EXP 	Priming_gender: status = STARTED
7.4817 	EXP 	Created MAN = TextStim(__class__=<class 'psychopy.visual.text.TextStim'>, alignHoriz=method-wrapper(...), alignText='center', alignVert=method-wrapper(...), anchorHoriz='center', anchorVert='center', antialias=True, autoDraw=False, autoLog=True, bold=False, color=array([1., 1., 1.]), colorSpace='rgb', contrast=1.0, depth=0.0, draggable=False, flipHoriz=False, flipVert=False, font='Arial', fontFiles=[], height=np.float64(0.1), italic=False, languageStyle='LTR', name='MAN', opacity=1, ori=0.0, pos=array([0.8, 0.8]), rgb=UNKNOWN, text='MAN', units='norm', win=Window(...), wrapWidth=1)
7.4871 	EXP 	Created WOMAN = TextStim(__class__=<class 'psychopy.visual.text.TextStim'>, alignHoriz=method-wrapper(...), alignText='center', alignVert=method-wrapper(...), anchorHoriz='center', anchorVert='center', antialias=True, autoDraw=False, autoLog=True, bold=False, color=array([1., 1., 1.]), colorSpace='rgb', contrast=1.0, depth=-1.0, draggable=False, flipHoriz=False, flipVert=False, font='Arial', fontFiles=[], height=np.float64(0.1), italic=False, languageStyle='LTR', name='WOMAN', opacity=1, ori=0.0, pos=array([-0.8,  0.8]), rgb=UNKNOWN, text='WOMAN', units='norm', win=Window(...), wrapWidth=1)
7.5180 	EXP 	Created MAN_2 = TextStim(__class__=<class 'psychopy.visual.text.TextStim'>, alignHoriz=method-wrapper(...), alignText='center', alignVert=method-wrapper(...), anchorHoriz='center', anchorVert='center', antialias=True, autoDraw=False, autoLog=True, bold=False, color=array([1., 1., 1.]), colorSpace='rgb', contrast=1.0, depth=0.0, draggable=False, flipHoriz=False, flipVert=False, font='Arial', fontFiles=[], height=0.1, italic=False, languageStyle='LTR', name='MAN_2', opacity=1, ori=0.0, pos=array([0.8, 0.8]), rgb=UNKNOWN, text='', units='norm', win=Window(...), wrapWidth=1)
7.5187 	EXP 	Created WOMAN_2 = TextStim(__class__=<class 'psychopy.visual.text.TextStim'>, alignHoriz=method-wrapper(...), alignText='center', alignVert=method-wrapper(...), anchorHoriz='center', anchorVert='center', antialias=True, autoDraw=False, autoLog=True, bold=False, color=array([1., 1., 1.]), colorSpace='rgb', contrast=1.0, depth=-1.0, draggable=False, flipHoriz=False, flipVert=False, font='Arial', fontFiles=[], height=0.1, italic=False, languageStyle='LTR', name='WOMAN_2', opacity=1, ori=0.0, pos=array([-0.8,  0.8]), rgb=UNKNOWN, text='', units='norm', win=Window(...), wrapWidth=1)
0.0055 	EXP 	Mname: autoLog = True
0.0055 	EXP 	Fname: autoLog = True
0.0100 	EXP 	Imported Training loop.csv as conditions, 10 conditions, 2 params
0.0109 	EXP 	New trial (rep=0, index=0): <Trial 0 (0 in rep 0) data={'Male': 'นเรศ', 'Female': 'พิมพ์ใจ', 'thisN': 0, 'thisTrialN': 0, 'thisRepN': 0}>
0.0298 	INFO 	Keyboard events cleared
0.0296 	EXP 	MAN: autoDraw = True
0.0296 	EXP 	WOMAN: autoDraw = True
0.0296 	EXP 	Mname: autoDraw = True
1.4802 	EXP 	Device response: <KeyPress from None: t=1.4636223000707105, value=j, duration=None>
1.5040 	DATA 	Keypress: j
1.5096 	INFO 	Keyboard events cleared
1.5095 	EXP 	MAN: autoDraw = False
1.5095 	EXP 	WOMAN: autoDraw = False
1.5095 	EXP 	Mname: autoDraw = False
1.5095 	EXP 	MAN_2: height = np.float64(0.1)
1.5095 	EXP 	MAN_2: height = np.float64(0.1)
1.5095 	EXP 	MAN_2: height = np.float64(0.1)
1.5095 	EXP 	MAN_2: text = 'MAN'
1.5095 	EXP 	WOMAN_2: height = np.float64(0.1)
1.5095 	EXP 	WOMAN_2: height = np.float64(0.1)
1.5095 	EXP 	WOMAN_2: height = np.float64(0.1)
1.5095 	EXP 	WOMAN_2: text = 'WOMAN'
1.5095 	EXP 	MAN_2: autoDraw = True
1.5095 	EXP 	WOMAN_2: autoDraw = True
1.5095 	EXP 	Fname: autoDraw = True
1.5774 	EXP 	Device response: <KeyPress from None: t=1.4636223000707105, value=j, duration=0.10134729999117553>
1.8633 	DATA 	Keypress: k
1.8770 	EXP 	Device response: <KeyPress from None: t=1.8617766000097618, value=k, duration=None>
1.8773 	EXP 	New trial (rep=0, index=1): <Trial 1 (1 in rep 0) data={'Male': 'พิสิฐ', 'Female': 'ปัทมา', 'thisN': 1, 'thisTrialN': 1, 'thisRepN': 0}>
1.8934 	INFO 	Keyboard events cleared
1.8932 	EXP 	MAN_2: autoDraw = False
1.8932 	EXP 	WOMAN_2: autoDraw = False
1.8932 	EXP 	Fname: autoDraw = False
1.8932 	EXP 	MAN: autoDraw = True
1.8932 	EXP 	WOMAN: autoDraw = True
1.8932 	EXP 	Mname: autoDraw = True
1.9603 	EXP 	Device response: <KeyPress from None: t=1.8617766000097618, value=k, duration=0.08368929999414831>
2.1137 	DATA 	Keypress: k
2.1265 	EXP 	Device response: <KeyPress from None: t=2.113266500062309, value=k, duration=None>
2.1477 	INFO 	Keyboard events cleared
2.1476 	EXP 	MAN: autoDraw = False
2.1476 	EXP 	WOMAN: autoDraw = False
2.1476 	EXP 	Mname: autoDraw = False
2.1476 	EXP 	MAN_2: text = 'MAN'
2.1476 	EXP 	WOMAN_2: text = 'WOMAN'
2.1476 	EXP 	MAN_2: autoDraw = True
2.1476 	EXP 	WOMAN_2: autoDraw = True
2.1476 	EXP 	Fname: autoDraw = True
2.2092 	EXP 	Device response: <KeyPress from None: t=2.113266500062309, value=k, duration=0.08142099995166063>
2.3093 	EXP 	Device response: <KeyPress from None: t=2.3045890000648797, value=k, duration=None>
2.3097 	EXP 	New trial (rep=0, index=2): <Trial 2 (2 in rep 0) data={'Male': 'ภูมิพัฒน์', 'Female': 'จิตติมา', 'thisN': 2, 'thisTrialN': 2, 'thisRepN': 0}>
2.3220 	DATA 	Keypress: k
2.3270 	INFO 	Keyboard events cleared
2.3269 	EXP 	MAN_2: autoDraw = False
2.3269 	EXP 	WOMAN_2: autoDraw = False
2.3269 	EXP 	Fname: autoDraw = False
2.3269 	EXP 	MAN: autoDraw = True
2.3269 	EXP 	WOMAN: autoDraw = True
2.3269 	EXP 	Mname: autoDraw = True
2.3925 	EXP 	Device response: <KeyPress from None: t=2.3045890000648797, value=k, duration=0.07355999993160367>
2.5270 	EXP 	Device response: <KeyPress from None: t=2.5184630000730976, value=k, duration=None>
2.5345 	DATA 	Keypress: k
2.5435 	INFO 	Keyboard events cleared
2.5434 	EXP 	MAN: autoDraw = False
2.5434 	EXP 	WOMAN: autoDraw = False
2.5434 	EXP 	Mname: autoDraw = False
2.5434 	EXP 	MAN_2: text = 'MAN'
2.5434 	EXP 	WOMAN_2: text = 'WOMAN'
2.5434 	EXP 	MAN_2: autoDraw = True
2.5434 	EXP 	WOMAN_2: autoDraw = True
2.5434 	EXP 	Fname: autoDraw = True
2.5927 	EXP 	Device response: <KeyPress from None: t=2.5184630000730976, value=k, duration=0.06623100000433624>
2.6936 	EXP 	Device response: <KeyPress from None: t=2.692687000031583, value=j, duration=None>
2.6938 	EXP 	New trial (rep=0, index=3): <Trial 3 (3 in rep 0) data={'Male': 'อรรถพล', 'Female': 'สุพัตรา', 'thisN': 3, 'thisTrialN': 3, 'thisRepN': 0}>
2.7077 	DATA 	Keypress: j
2.7129 	INFO 	Keyboard events cleared
2.7127 	EXP 	MAN_2: autoDraw = False
2.7127 	EXP 	WOMAN_2: autoDraw = False
2.7127 	EXP 	Fname: autoDraw = False
2.7127 	EXP 	MAN: autoDraw = True
2.7127 	EXP 	WOMAN: autoDraw = True
2.7127 	EXP 	Mname: autoDraw = True
2.7769 	EXP 	Device response: <KeyPress from None: t=2.692687000031583, value=j, duration=0.0737923999549821>
2.8766 	EXP 	Device response: <KeyPress from None: t=2.872204300016165, value=j, duration=None>
2.8839 	DATA 	Keypress: j
2.8951 	INFO 	Keyboard events cleared
2.8950 	EXP 	MAN: autoDraw = False
2.8950 	EXP 	WOMAN: autoDraw = False
2.8950 	EXP 	Mname: autoDraw = False
2.8950 	EXP 	MAN_2: text = 'MAN'
2.8950 	EXP 	WOMAN_2: text = 'WOMAN'
2.8950 	EXP 	MAN_2: autoDraw = True
2.8950 	EXP 	WOMAN_2: autoDraw = True
2.8950 	EXP 	Fname: autoDraw = True
2.9437 	EXP 	Device response: <KeyPress from None: t=2.872204300016165, value=j, duration=0.064734400017187>
3.0267 	EXP 	Device response: <KeyPress from None: t=3.0171451000496745, value=k, duration=None>
3.0269 	EXP 	New trial (rep=0, index=4): <Trial 4 (4 in rep 0) data={'Male': 'ชัยวัฒน์', 'Female': 'ศิริพร', 'thisN': 4, 'thisTrialN': 4, 'thisRepN': 0}>
3.0406 	DATA 	Keypress: k
3.0458 	INFO 	Keyboard events cleared
3.0456 	EXP 	MAN_2: autoDraw = False
3.0456 	EXP 	WOMAN_2: autoDraw = False
3.0456 	EXP 	Fname: autoDraw = False
3.0456 	EXP 	MAN: autoDraw = True
3.0456 	EXP 	WOMAN: autoDraw = True
3.0456 	EXP 	Mname: autoDraw = True
3.1102 	EXP 	Device response: <KeyPress from None: t=3.0171451000496745, value=k, duration=0.08968769991770387>
3.2099 	EXP 	Device response: <KeyPress from None: t=3.201300400076434, value=j, duration=None>
3.2130 	DATA 	Keypress: j
3.2267 	INFO 	Keyboard events cleared
3.2266 	EXP 	MAN: autoDraw = False
3.2266 	EXP 	WOMAN: autoDraw = False
3.2266 	EXP 	Mname: autoDraw = False
3.2266 	EXP 	MAN_2: text = 'MAN'
3.2266 	EXP 	WOMAN_2: text = 'WOMAN'
3.2266 	EXP 	MAN_2: autoDraw = True
3.2266 	EXP 	WOMAN_2: autoDraw = True
3.2266 	EXP 	Fname: autoDraw = True
3.2771 	EXP 	Device response: <KeyPress from None: t=3.201300400076434, value=j, duration=0.07314269989728928>
3.3438 	EXP 	Device response: <KeyPress from None: t=3.343409699969925, value=k, duration=None>
3.3440 	EXP 	New trial (rep=0, index=5): <Trial 5 (5 in rep 0) data={'Male': 'ธนพล', 'Female': 'วาสนา', 'thisN': 5, 'thisTrialN': 5, 'thisRepN': 0}>
3.3510 	DATA 	Keypress: k
3.3604 	INFO 	Keyboard events cleared
3.3603 	EXP 	MAN_2: autoDraw = False
3.3603 	EXP 	WOMAN_2: autoDraw = False
3.3603 	EXP 	Fname: autoDraw = False
3.3603 	EXP 	MAN: autoDraw = True
3.3603 	EXP 	WOMAN: autoDraw = True
3.3603 	EXP 	Mname: autoDraw = True
3.4439 	EXP 	Device response: <KeyPress from None: t=3.343409699969925, value=k, duration=0.08851940010208637>
3.4589 	EXP 	Device response: <KeyPress from None: t=3.451192400068976, value=j, duration=None>
3.4621 	DATA 	Keypress: j
3.4769 	INFO 	Keyboard events cleared
3.4768 	EXP 	MAN: autoDraw = False
3.4768 	EXP 	WOMAN: autoDraw = False
3.4768 	EXP 	Mname: autoDraw = False
3.4768 	EXP 	MAN_2: text = 'MAN'
3.4768 	EXP 	WOMAN_2: text = 'WOMAN'
3.4768 	EXP 	MAN_2: autoDraw = True
3.4768 	EXP 	WOMAN_2: autoDraw = True
3.4768 	EXP 	Fname: autoDraw = True
3.5261 	EXP 	Device response: <KeyPress from None: t=3.451192400068976, value=j, duration=0.07138529990334064>
3.5768 	EXP 	Device response: <KeyPress from None: t=3.5693895000731573, value=k, duration=None>
3.5771 	EXP 	New trial (rep=0, index=6): <Trial 6 (6 in rep 0) data={'Male': 'ปริญญา', 'Female': 'อาภรณ์', 'thisN': 6, 'thisTrialN': 6, 'thisRepN': 0}>
3.5842 	DATA 	Keypress: k
3.5936 	INFO 	Keyboard events cleared
3.5935 	EXP 	MAN_2: autoDraw = False
3.5935 	EXP 	WOMAN_2: autoDraw = False
3.5935 	EXP 	Fname: autoDraw = False
3.5935 	EXP 	MAN: autoDraw = True
3.5935 	EXP 	WOMAN: autoDraw = True
3.5935 	EXP 	Mname: autoDraw = True
3.6438 	EXP 	Device response: <KeyPress from None: t=3.5693895000731573, value=k, duration=0.07391689997166395>
3.6473 	DATA 	Keypress: j
3.6602 	EXP 	Device response: <KeyPress from None: t=3.646779900067486, value=j, duration=None>
3.6768 	INFO 	Keyboard events cleared
3.6767 	EXP 	MAN: autoDraw = False
3.6767 	EXP 	WOMAN: autoDraw = False
3.6767 	EXP 	Mname: autoDraw = False
3.6767 	EXP 	MAN_2: text = 'MAN'
3.6767 	EXP 	WOMAN_2: text = 'WOMAN'
3.6767 	EXP 	MAN_2: autoDraw = True
3.6767 	EXP 	WOMAN_2: autoDraw = True
3.6767 	EXP 	Fname: autoDraw = True
3.7262 	EXP 	Device response: <KeyPress from None: t=3.646779900067486, value=j, duration=0.06385959999170154>
3.7628 	DATA 	Keypress: k
3.7764 	EXP 	Device response: <KeyPress from None: t=3.7623114000307396, value=k, duration=None>
3.7767 	EXP 	New trial (rep=0, index=7): <Trial 7 (7 in rep 0) data={'Male': 'ศักดิ์สิทธิ์', 'Female': 'สุนิสา', 'thisN': 7, 'thisTrialN': 7, 'thisRepN': 0}>
3.7934 	INFO 	Keyboard events cleared
3.7933 	EXP 	MAN_2: autoDraw = False
3.7933 	EXP 	WOMAN_2: autoDraw = False
3.7933 	EXP 	Fname: autoDraw = False
3.7933 	EXP 	MAN: autoDraw = True
3.7933 	EXP 	WOMAN: autoDraw = True
3.7933 	EXP 	Mname: autoDraw = True
3.8290 	DATA 	Keypress: j
3.8444 	EXP 	Device response: <KeyPress from None: t=3.8285580000374466, value=j, duration=None>
3.8444 	EXP 	Device response: <KeyPress from None: t=3.7623114000307396, value=k, duration=0.07875919993966818>
3.8594 	INFO 	Keyboard events cleared
3.8593 	EXP 	MAN: autoDraw = False
3.8593 	EXP 	WOMAN: autoDraw = False
3.8593 	EXP 	Mname: autoDraw = False
3.8593 	EXP 	MAN_2: text = 'MAN'
3.8593 	EXP 	WOMAN_2: text = 'WOMAN'
3.8593 	EXP 	MAN_2: autoDraw = True
3.8593 	EXP 	WOMAN_2: autoDraw = True
3.8593 	EXP 	Fname: autoDraw = True
3.8936 	EXP 	Device response: <KeyPress from None: t=3.8285580000374466, value=j, duration=0.05839629995170981>
3.9437 	EXP 	Device response: <KeyPress from None: t=3.935643000062555, value=k, duration=None>
3.9440 	EXP 	New trial (rep=0, index=8): <Trial 8 (8 in rep 0) data={'Male': 'วรพล', 'Female': 'วรรณา', 'thisN': 8, 'thisTrialN': 8, 'thisRepN': 0}>
3.9481 	DATA 	Keypress: k
3.9589 	INFO 	Keyboard events cleared
3.9587 	EXP 	MAN_2: autoDraw = False
3.9587 	EXP 	WOMAN_2: autoDraw = False
3.9587 	EXP 	Fname: autoDraw = False
3.9587 	EXP 	MAN: autoDraw = True
3.9587 	EXP 	WOMAN: autoDraw = True
3.9587 	EXP 	Mname: autoDraw = True
4.0275 	EXP 	Device response: <KeyPress from None: t=4.015115699963644, value=j, duration=None>
4.0275 	EXP 	Device response: <KeyPress from None: t=3.935643000062555, value=k, duration=0.08837589994072914>
4.0312 	DATA 	Keypress: j
4.0423 	INFO 	Keyboard events cleared
4.0422 	EXP 	MAN: autoDraw = False
4.0422 	EXP 	WOMAN: autoDraw = False
4.0422 	EXP 	Mname: autoDraw = False
4.0422 	EXP 	MAN_2: text = 'MAN'
4.0422 	EXP 	WOMAN_2: text = 'WOMAN'
4.0422 	EXP 	MAN_2: autoDraw = True
4.0422 	EXP 	WOMAN_2: autoDraw = True
4.0422 	EXP 	Fname: autoDraw = True
4.0933 	EXP 	Device response: <KeyPress from None: t=4.015115699963644, value=j, duration=0.06254670000635087>
4.1107 	EXP 	Device response: <KeyPress from None: t=4.109675999963656, value=k, duration=None>
4.1109 	EXP 	New trial (rep=0, index=9): <Trial 9 (9 in rep 0) data={'Male': 'กฤษณะ', 'Female': 'กาญจนา', 'thisN': 9, 'thisTrialN': 9, 'thisRepN': 0}>
4.1249 	DATA 	Keypress: k
4.1304 	INFO 	Keyboard events cleared
4.1303 	EXP 	MAN_2: autoDraw = False
4.1303 	EXP 	WOMAN_2: autoDraw = False
4.1303 	EXP 	Fname: autoDraw = False
4.1303 	EXP 	MAN: autoDraw = True
4.1303 	EXP 	WOMAN: autoDraw = True
4.1303 	EXP 	Mname: autoDraw = True
4.1960 	DATA 	Keypress: j
4.2093 	EXP 	Device response: <KeyPress from None: t=4.195554499980062, value=j, duration=None>
4.2265 	INFO 	Keyboard events cleared
4.2263 	EXP 	MAN: autoDraw = False
4.2263 	EXP 	WOMAN: autoDraw = False
4.2263 	EXP 	Mname: autoDraw = False
4.2263 	EXP 	MAN_2: text = 'MAN'
4.2263 	EXP 	WOMAN_2: text = 'WOMAN'
4.2263 	EXP 	MAN_2: autoDraw = True
4.2263 	EXP 	WOMAN_2: autoDraw = True
4.2263 	EXP 	Fname: autoDraw = True
4.2927 	EXP 	Device response: <KeyPress from None: t=4.195554499980062, value=j, duration=0.08211690001189709>
4.3101 	EXP 	Device response: <KeyPress from None: t=4.301416000002064, value=k, duration=None>
4.3103 	EXP 	New trial (rep=1, index=0): <Trial 10 (0 in rep 1) data={'Male': 'อรรถพล', 'Female': 'สุพัตรา', 'thisN': 10, 'thisTrialN': 0, 'thisRepN': 1}>
4.3129 	DATA 	Keypress: k
4.3259 	INFO 	Keyboard events cleared
4.3258 	EXP 	MAN_2: autoDraw = False
4.3258 	EXP 	WOMAN_2: autoDraw = False
4.3258 	EXP 	Fname: autoDraw = False
4.3258 	EXP 	MAN: autoDraw = True
4.3258 	EXP 	WOMAN: autoDraw = True
4.3258 	EXP 	Mname: autoDraw = True
4.3931 	EXP 	Device response: <KeyPress from None: t=4.383535100030713, value=j, duration=None>
4.3961 	DATA 	Keypress: j
4.4091 	INFO 	Keyboard events cleared
4.4089 	EXP 	MAN: autoDraw = False
4.4089 	EXP 	WOMAN: autoDraw = False
4.4089 	EXP 	Mname: autoDraw = False
4.4089 	EXP 	MAN_2: text = 'MAN'
4.4089 	EXP 	WOMAN_2: text = 'WOMAN'
4.4089 	EXP 	MAN_2: autoDraw = True
4.4089 	EXP 	WOMAN_2: autoDraw = True
4.4089 	EXP 	Fname: autoDraw = True
4.4767 	EXP 	Device response: <KeyPress from None: t=4.383535100030713, value=j, duration=0.07749559998046607>
4.4928 	EXP 	Device response: <KeyPress from None: t=4.492206900031306, value=k, duration=None>
4.4930 	EXP 	New trial (rep=1, index=1): <Trial 11 (1 in rep 1) data={'Male': 'ปริญญา', 'Female': 'อาภรณ์', 'thisN': 11, 'thisTrialN': 1, 'thisRepN': 1}>
4.4956 	DATA 	Keypress: k
4.5098 	INFO 	Keyboard events cleared
4.5097 	EXP 	MAN_2: autoDraw = False
4.5097 	EXP 	WOMAN_2: autoDraw = False
4.5097 	EXP 	Fname: autoDraw = False
4.5097 	EXP 	MAN: autoDraw = True
4.5097 	EXP 	WOMAN: autoDraw = True
4.5097 	EXP 	Mname: autoDraw = True
4.5767 	EXP 	Device response: <KeyPress from None: t=4.57589730003383, value=j, duration=None>
4.5798 	DATA 	Keypress: j
4.5937 	INFO 	Keyboard events cleared
4.5937 	EXP 	MAN: autoDraw = False
4.5937 	EXP 	WOMAN: autoDraw = False
4.5937 	EXP 	Mname: autoDraw = False
4.5937 	EXP 	MAN_2: text = 'MAN'
4.5937 	EXP 	WOMAN_2: text = 'WOMAN'
4.5937 	EXP 	MAN_2: autoDraw = True
4.5937 	EXP 	WOMAN_2: autoDraw = True
4.5937 	EXP 	Fname: autoDraw = True
4.6095 	EXP 	Device response: <KeyPress from None: t=4.109675999963656, value=k, duration=0.49115050002001226>
4.6755 	EXP 	Device response: <KeyPress from None: t=4.57589730003383, value=j, duration=0.088455899967812>
4.6931 	EXP 	Device response: <KeyPress from None: t=4.689066700055264, value=k, duration=None>
4.6934 	EXP 	New trial (rep=1, index=2): <Trial 12 (2 in rep 1) data={'Male': 'ชัยวัฒน์', 'Female': 'ศิริพร', 'thisN': 12, 'thisTrialN': 2, 'thisRepN': 1}>
4.6971 	DATA 	Keypress: k
4.7105 	INFO 	Keyboard events cleared
4.7103 	EXP 	MAN_2: autoDraw = False
4.7103 	EXP 	WOMAN_2: autoDraw = False
4.7103 	EXP 	Fname: autoDraw = False
4.7103 	EXP 	MAN: autoDraw = True
4.7103 	EXP 	WOMAN: autoDraw = True
4.7103 	EXP 	Mname: autoDraw = True
4.7763 	EXP 	Device response: <KeyPress from None: t=4.7653724000556394, value=j, duration=None>
4.7797 	DATA 	Keypress: j
4.7933 	INFO 	Keyboard events cleared
4.7931 	EXP 	MAN: autoDraw = False
4.7931 	EXP 	WOMAN: autoDraw = False
4.7931 	EXP 	Mname: autoDraw = False
4.7931 	EXP 	MAN_2: text = 'MAN'
4.7931 	EXP 	WOMAN_2: text = 'WOMAN'
4.7931 	EXP 	MAN_2: autoDraw = True
4.7931 	EXP 	WOMAN_2: autoDraw = True
4.7931 	EXP 	Fname: autoDraw = True
4.8596 	EXP 	Device response: <KeyPress from None: t=4.7653724000556394, value=j, duration=0.08567079994827509>
4.8767 	EXP 	Device response: <KeyPress from None: t=4.873583300039172, value=k, duration=None>
4.8770 	EXP 	New trial (rep=1, index=3): <Trial 13 (3 in rep 1) data={'Male': 'ศักดิ์สิทธิ์', 'Female': 'สุนิสา', 'thisN': 13, 'thisTrialN': 3, 'thisRepN': 1}>
4.8800 	DATA 	Keypress: k
4.8941 	INFO 	Keyboard events cleared
4.8940 	EXP 	MAN_2: autoDraw = False
4.8940 	EXP 	WOMAN_2: autoDraw = False
4.8940 	EXP 	Fname: autoDraw = False
4.8940 	EXP 	MAN: autoDraw = True
4.8940 	EXP 	WOMAN: autoDraw = True
4.8940 	EXP 	Mname: autoDraw = True
4.9613 	DATA 	Keypress: j
4.9769 	EXP 	Device response: <KeyPress from None: t=4.9602594000753015, value=j, duration=None>
4.9769 	EXP 	Device response: <KeyPress from None: t=4.301416000002064, value=k, duration=0.6724102000007406>
4.9937 	INFO 	Keyboard events cleared
4.9936 	EXP 	MAN: autoDraw = False
4.9936 	EXP 	WOMAN: autoDraw = False
4.9936 	EXP 	Mname: autoDraw = False
4.9936 	EXP 	MAN_2: text = 'MAN'
4.9936 	EXP 	WOMAN_2: text = 'WOMAN'
4.9936 	EXP 	MAN_2: autoDraw = True
4.9936 	EXP 	WOMAN_2: autoDraw = True
4.9936 	EXP 	Fname: autoDraw = True
5.0434 	EXP 	Device response: <KeyPress from None: t=4.9602594000753015, value=j, duration=0.07746529998257756>
5.0771 	EXP 	Device response: <KeyPress from None: t=5.063747000065632, value=k, duration=None>
5.0772 	EXP 	New trial (rep=1, index=4): <Trial 14 (4 in rep 1) data={'Male': 'ธนพล', 'Female': 'วาสนา', 'thisN': 14, 'thisTrialN': 4, 'thisRepN': 1}>
5.0801 	DATA 	Keypress: k
5.0926 	INFO 	Keyboard events cleared
5.0924 	EXP 	MAN_2: autoDraw = False
5.0924 	EXP 	WOMAN_2: autoDraw = False
5.0924 	EXP 	Fname: autoDraw = False
5.0924 	EXP 	MAN: autoDraw = True
5.0924 	EXP 	WOMAN: autoDraw = True
5.0924 	EXP 	Mname: autoDraw = True
5.1596 	EXP 	Device response: <KeyPress from None: t=5.151120400056243, value=j, duration=None>
5.1626 	DATA 	Keypress: j
5.1760 	INFO 	Keyboard events cleared
5.1758 	EXP 	MAN: autoDraw = False
5.1758 	EXP 	WOMAN: autoDraw = False
5.1758 	EXP 	Mname: autoDraw = False
5.1758 	EXP 	MAN_2: text = 'MAN'
5.1758 	EXP 	WOMAN_2: text = 'WOMAN'
5.1758 	EXP 	MAN_2: autoDraw = True
5.1758 	EXP 	WOMAN_2: autoDraw = True
5.1758 	EXP 	Fname: autoDraw = True
5.2430 	EXP 	Device response: <KeyPress from None: t=5.151120400056243, value=j, duration=0.0858673999318853>
5.2594 	EXP 	Device response: <KeyPress from None: t=5.258891300065443, value=k, duration=None>
5.2595 	EXP 	New trial (rep=1, index=5): <Trial 15 (5 in rep 1) data={'Male': 'พิสิฐ', 'Female': 'ปัทมา', 'thisN': 15, 'thisTrialN': 5, 'thisRepN': 1}>
5.2623 	DATA 	Keypress: k
5.2765 	INFO 	Keyboard events cleared
5.2764 	EXP 	MAN_2: autoDraw = False
5.2764 	EXP 	WOMAN_2: autoDraw = False
5.2764 	EXP 	Fname: autoDraw = False
5.2764 	EXP 	MAN: autoDraw = True
5.2764 	EXP 	WOMAN: autoDraw = True
5.2764 	EXP 	Mname: autoDraw = True
5.3428 	EXP 	Device response: <KeyPress from None: t=5.340003999997862, value=j, duration=None>
5.3458 	DATA 	Keypress: j
5.3587 	INFO 	Keyboard events cleared
5.3586 	EXP 	MAN: autoDraw = False
5.3586 	EXP 	WOMAN: autoDraw = False
5.3586 	EXP 	Mname: autoDraw = False
5.3586 	EXP 	MAN_2: text = 'MAN'
5.3586 	EXP 	WOMAN_2: text = 'WOMAN'
5.3586 	EXP 	MAN_2: autoDraw = True
5.3586 	EXP 	WOMAN_2: autoDraw = True
5.3586 	EXP 	Fname: autoDraw = True
5.3760 	EXP 	Device response: <KeyPress from None: t=4.492206900031306, value=k, duration=0.8687407999532297>
5.4274 	EXP 	Device response: <KeyPress from None: t=5.340003999997862, value=j, duration=0.08695729996543378>
5.4593 	EXP 	Device response: <KeyPress from None: t=5.454742799978703, value=k, duration=None>
5.4595 	EXP 	New trial (rep=1, index=6): <Trial 16 (6 in rep 1) data={'Male': 'นเรศ', 'Female': 'พิมพ์ใจ', 'thisN': 16, 'thisTrialN': 6, 'thisRepN': 1}>
5.4623 	DATA 	Keypress: k
5.4762 	INFO 	Keyboard events cleared
5.4761 	EXP 	MAN_2: autoDraw = False
5.4761 	EXP 	WOMAN_2: autoDraw = False
5.4761 	EXP 	Fname: autoDraw = False
5.4761 	EXP 	MAN: autoDraw = True
5.4761 	EXP 	WOMAN: autoDraw = True
5.4761 	EXP 	Mname: autoDraw = True
5.5599 	EXP 	Device response: <KeyPress from None: t=5.546163700055331, value=j, duration=None>
5.5632 	DATA 	Keypress: j
5.5758 	INFO 	Keyboard events cleared
5.5756 	EXP 	MAN: autoDraw = False
5.5756 	EXP 	WOMAN: autoDraw = False
5.5756 	EXP 	Mname: autoDraw = False
5.5756 	EXP 	MAN_2: text = 'MAN'
5.5756 	EXP 	WOMAN_2: text = 'WOMAN'
5.5756 	EXP 	MAN_2: autoDraw = True
5.5756 	EXP 	WOMAN_2: autoDraw = True
5.5756 	EXP 	Fname: autoDraw = True
5.6267 	EXP 	Device response: <KeyPress from None: t=5.546163700055331, value=j, duration=0.07806420000270009>
5.6622 	DATA 	Keypress: k
5.6759 	EXP 	Device response: <KeyPress from None: t=5.659572100033984, value=k, duration=None>
5.6761 	EXP 	New trial (rep=1, index=7): <Trial 17 (7 in rep 1) data={'Male': 'ภูมิพัฒน์', 'Female': 'จิตติมา', 'thisN': 17, 'thisTrialN': 7, 'thisRepN': 1}>
5.6932 	INFO 	Keyboard events cleared
5.6931 	EXP 	MAN_2: autoDraw = False
5.6931 	EXP 	WOMAN_2: autoDraw = False
5.6931 	EXP 	Fname: autoDraw = False
5.6931 	EXP 	MAN: autoDraw = True
5.6931 	EXP 	WOMAN: autoDraw = True
5.6931 	EXP 	Mname: autoDraw = True
5.7439 	EXP 	Device response: <KeyPress from None: t=5.73957940004766, value=j, duration=None>
5.7474 	DATA 	Keypress: j
5.7600 	INFO 	Keyboard events cleared
5.7599 	EXP 	MAN: autoDraw = False
5.7599 	EXP 	WOMAN: autoDraw = False
5.7599 	EXP 	Mname: autoDraw = False
5.7599 	EXP 	MAN_2: text = 'MAN'
5.7599 	EXP 	WOMAN_2: text = 'WOMAN'
5.7599 	EXP 	MAN_2: autoDraw = True
5.7599 	EXP 	WOMAN_2: autoDraw = True
5.7599 	EXP 	Fname: autoDraw = True
5.7766 	EXP 	Device response: <KeyPress from None: t=4.689066700055264, value=k, duration=1.0711701000109315>
5.8264 	EXP 	Device response: <KeyPress from None: t=5.73957940004766, value=j, duration=0.07597459992393851>
5.8430 	EXP 	Device response: <KeyPress from None: t=5.839809000026435, value=k, duration=None>
5.8433 	EXP 	New trial (rep=1, index=8): <Trial 18 (8 in rep 1) data={'Male': 'วรพล', 'Female': 'วรรณา', 'thisN': 18, 'thisTrialN': 8, 'thisRepN': 1}>
5.8470 	DATA 	Keypress: k
5.8597 	INFO 	Keyboard events cleared
5.8596 	EXP 	MAN_2: autoDraw = False
5.8596 	EXP 	WOMAN_2: autoDraw = False
5.8596 	EXP 	Fname: autoDraw = False
5.8596 	EXP 	MAN: autoDraw = True
5.8596 	EXP 	WOMAN: autoDraw = True
5.8596 	EXP 	Mname: autoDraw = True
5.9293 	DATA 	Keypress: j
5.9431 	EXP 	Device response: <KeyPress from None: t=5.926405300037004, value=j, duration=None>
5.9593 	INFO 	Keyboard events cleared
5.9591 	EXP 	MAN: autoDraw = False
5.9591 	EXP 	WOMAN: autoDraw = False
5.9591 	EXP 	Mname: autoDraw = False
5.9591 	EXP 	MAN_2: text = 'MAN'
5.9591 	EXP 	WOMAN_2: text = 'WOMAN'
5.9591 	EXP 	MAN_2: autoDraw = True
5.9591 	EXP 	WOMAN_2: autoDraw = True
5.9591 	EXP 	Fname: autoDraw = True
6.0266 	EXP 	Device response: <KeyPress from None: t=5.926405300037004, value=j, duration=0.0854784999974072>
6.0267 	EXP 	Device response: <KeyPress from None: t=6.022637500078417, value=k, duration=None>
6.0268 	EXP 	New trial (rep=1, index=9): <Trial 19 (9 in rep 1) data={'Male': 'กฤษณะ', 'Female': 'กาญจนา', 'thisN': 19, 'thisTrialN': 9, 'thisRepN': 1}>
6.0299 	DATA 	Keypress: k
6.0435 	INFO 	Keyboard events cleared
6.0434 	EXP 	MAN_2: autoDraw = False
6.0434 	EXP 	WOMAN_2: autoDraw = False
6.0434 	EXP 	Fname: autoDraw = False
6.0434 	EXP 	MAN: autoDraw = True
6.0434 	EXP 	WOMAN: autoDraw = True
6.0434 	EXP 	Mname: autoDraw = True
6.1268 	EXP 	Device response: <KeyPress from None: t=6.1185692000435665, value=j, duration=None>
6.1305 	DATA 	Keypress: j
6.1433 	INFO 	Keyboard events cleared
6.1430 	EXP 	MAN: autoDraw = False
6.1430 	EXP 	WOMAN: autoDraw = False
6.1430 	EXP 	Mname: autoDraw = False
6.1430 	EXP 	MAN_2: text = 'MAN'
6.1430 	EXP 	WOMAN_2: text = 'WOMAN'
6.1430 	EXP 	MAN_2: autoDraw = True
6.1430 	EXP 	WOMAN_2: autoDraw = True
6.1430 	EXP 	Fname: autoDraw = True
6.2099 	EXP 	Device response: <KeyPress from None: t=6.1185692000435665, value=j, duration=0.08807349996641278>
6.2256 	EXP 	Device response: <KeyPress from None: t=6.217690899968147, value=k, duration=None>
6.2259 	EXP 	New trial (rep=2, index=0): <Trial 20 (0 in rep 2) data={'Male': 'ภูมิพัฒน์', 'Female': 'จิตติมา', 'thisN': 20, 'thisTrialN': 0, 'thisRepN': 2}>
6.2292 	DATA 	Keypress: k
6.2428 	INFO 	Keyboard events cleared
6.2427 	EXP 	MAN_2: autoDraw = False
6.2427 	EXP 	WOMAN_2: autoDraw = False
6.2427 	EXP 	Fname: autoDraw = False
6.2427 	EXP 	MAN: autoDraw = True
6.2427 	EXP 	WOMAN: autoDraw = True
6.2427 	EXP 	Mname: autoDraw = True
6.3121 	DATA 	Keypress: j
6.3267 	EXP 	Device response: <KeyPress from None: t=6.311698900070041, value=j, duration=None>
6.3434 	INFO 	Keyboard events cleared
6.3432 	EXP 	MAN: autoDraw = False
6.3432 	EXP 	WOMAN: autoDraw = False
6.3432 	EXP 	Mname: autoDraw = False
6.3432 	EXP 	MAN_2: text = 'MAN'
6.3432 	EXP 	WOMAN_2: text = 'WOMAN'
6.3432 	EXP 	MAN_2: autoDraw = True
6.3432 	EXP 	WOMAN_2: autoDraw = True
6.3432 	EXP 	Fname: autoDraw = True
6.4256 	EXP 	Device response: <KeyPress from None: t=6.311698900070041, value=j, duration=0.10582759999670088>
6.4590 	EXP 	Device response: <KeyPress from None: t=6.457768499967642, value=k, duration=None>
6.4593 	EXP 	New trial (rep=2, index=1): <Trial 21 (1 in rep 2) data={'Male': 'ชัยวัฒน์', 'Female': 'ศิริพร', 'thisN': 21, 'thisTrialN': 1, 'thisRepN': 2}>
6.4622 	DATA 	Keypress: k
6.4754 	INFO 	Keyboard events cleared
6.4753 	EXP 	MAN_2: autoDraw = False
6.4753 	EXP 	WOMAN_2: autoDraw = False
6.4753 	EXP 	Fname: autoDraw = False
6.4753 	EXP 	MAN: autoDraw = True
6.4753 	EXP 	WOMAN: autoDraw = True
6.4753 	EXP 	Mname: autoDraw = True
6.5092 	EXP 	Device response: <KeyPress from None: t=6.508014400023967, value=j, duration=None>
6.5123 	DATA 	Keypress: j
6.5269 	INFO 	Keyboard events cleared
6.5267 	EXP 	MAN: autoDraw = False
6.5267 	EXP 	WOMAN: autoDraw = False
6.5267 	EXP 	Mname: autoDraw = False
6.5267 	EXP 	MAN_2: text = 'MAN'
6.5267 	EXP 	WOMAN_2: text = 'WOMAN'
6.5267 	EXP 	MAN_2: autoDraw = True
6.5267 	EXP 	WOMAN_2: autoDraw = True
6.5267 	EXP 	Fname: autoDraw = True
6.6098 	EXP 	Device response: <KeyPress from None: t=6.508014400023967, value=j, duration=0.08584119996521622>
6.6119 	DATA 	Keypress: k
6.6262 	EXP 	Device response: <KeyPress from None: t=6.61136430001352, value=k, duration=None>
6.6263 	EXP 	New trial (rep=2, index=2): <Trial 22 (2 in rep 2) data={'Male': 'ศักดิ์สิทธิ์', 'Female': 'สุนิสา', 'thisN': 22, 'thisTrialN': 2, 'thisRepN': 2}>
6.6427 	INFO 	Keyboard events cleared
6.6426 	EXP 	MAN_2: autoDraw = False
6.6426 	EXP 	WOMAN_2: autoDraw = False
6.6426 	EXP 	Fname: autoDraw = False
6.6426 	EXP 	MAN: autoDraw = True
6.6426 	EXP 	WOMAN: autoDraw = True
6.6426 	EXP 	Mname: autoDraw = True
6.7093 	EXP 	Device response: <KeyPress from None: t=6.701931199990213, value=j, duration=None>
6.7134 	DATA 	Keypress: j
6.7258 	INFO 	Keyboard events cleared
6.7256 	EXP 	MAN: autoDraw = False
6.7256 	EXP 	WOMAN: autoDraw = False
6.7256 	EXP 	Mname: autoDraw = False
6.7256 	EXP 	MAN_2: text = 'MAN'
6.7256 	EXP 	WOMAN_2: text = 'WOMAN'
6.7256 	EXP 	MAN_2: autoDraw = True
6.7256 	EXP 	WOMAN_2: autoDraw = True
6.7256 	EXP 	Fname: autoDraw = True
6.7932 	EXP 	Device response: <KeyPress from None: t=6.701931199990213, value=j, duration=0.08751970005687326>
6.8265 	EXP 	Device response: <KeyPress from None: t=6.815432799980044, value=k, duration=None>
6.8268 	EXP 	New trial (rep=2, index=3): <Trial 23 (3 in rep 2) data={'Male': 'วรพล', 'Female': 'วรรณา', 'thisN': 23, 'thisTrialN': 3, 'thisRepN': 2}>
6.8296 	DATA 	Keypress: k
6.8420 	INFO 	Keyboard events cleared
6.8418 	EXP 	MAN_2: autoDraw = False
6.8418 	EXP 	WOMAN_2: autoDraw = False
6.8418 	EXP 	Fname: autoDraw = False
6.8418 	EXP 	MAN: autoDraw = True
6.8418 	EXP 	WOMAN: autoDraw = True
6.8418 	EXP 	Mname: autoDraw = True
6.9096 	EXP 	Device response: <KeyPress from None: t=6.899292099988088, value=j, duration=None>
6.9131 	DATA 	Keypress: j
6.9262 	INFO 	Keyboard events cleared
6.9261 	EXP 	MAN: autoDraw = False
6.9261 	EXP 	WOMAN: autoDraw = False
6.9261 	EXP 	Mname: autoDraw = False
6.9261 	EXP 	MAN_2: text = 'MAN'
6.9261 	EXP 	WOMAN_2: text = 'WOMAN'
6.9261 	EXP 	MAN_2: autoDraw = True
6.9261 	EXP 	WOMAN_2: autoDraw = True
6.9261 	EXP 	Fname: autoDraw = True
6.9761 	EXP 	Device response: <KeyPress from None: t=6.899292099988088, value=j, duration=0.07138670003041625>
7.0093 	EXP 	Device response: <KeyPress from None: t=7.001658200053498, value=k, duration=None>
7.0095 	EXP 	New trial (rep=2, index=4): <Trial 24 (4 in rep 2) data={'Male': 'นเรศ', 'Female': 'พิมพ์ใจ', 'thisN': 24, 'thisTrialN': 4, 'thisRepN': 2}>
7.0123 	DATA 	Keypress: k
7.0267 	INFO 	Keyboard events cleared
7.0265 	EXP 	MAN_2: autoDraw = False
7.0265 	EXP 	WOMAN_2: autoDraw = False
7.0265 	EXP 	Fname: autoDraw = False
7.0265 	EXP 	MAN: autoDraw = True
7.0265 	EXP 	WOMAN: autoDraw = True
7.0265 	EXP 	Mname: autoDraw = True
7.0929 	EXP 	Device response: <KeyPress from None: t=7.084571300074458, value=j, duration=None>
7.0971 	DATA 	Keypress: j
7.1095 	INFO 	Keyboard events cleared
7.1093 	EXP 	MAN: autoDraw = False
7.1093 	EXP 	WOMAN: autoDraw = False
7.1093 	EXP 	Mname: autoDraw = False
7.1093 	EXP 	MAN_2: text = 'MAN'
7.1093 	EXP 	WOMAN_2: text = 'WOMAN'
7.1093 	EXP 	MAN_2: autoDraw = True
7.1093 	EXP 	WOMAN_2: autoDraw = True
7.1093 	EXP 	Fname: autoDraw = True
7.1600 	EXP 	Device response: <KeyPress from None: t=7.084571300074458, value=j, duration=0.061845499905757606>
7.2094 	EXP 	Device response: <KeyPress from None: t=7.19753570004832, value=k, duration=None>
7.2097 	EXP 	New trial (rep=2, index=5): <Trial 25 (5 in rep 2) data={'Male': 'อรรถพล', 'Female': 'สุพัตรา', 'thisN': 25, 'thisTrialN': 5, 'thisRepN': 2}>
7.2129 	DATA 	Keypress: k
7.2258 	INFO 	Keyboard events cleared
7.2257 	EXP 	MAN_2: autoDraw = False
7.2257 	EXP 	WOMAN_2: autoDraw = False
7.2257 	EXP 	Fname: autoDraw = False
7.2257 	EXP 	MAN: autoDraw = True
7.2257 	EXP 	WOMAN: autoDraw = True
7.2257 	EXP 	Mname: autoDraw = True
7.2760 	EXP 	Device response: <KeyPress from None: t=7.272740600048564, value=j, duration=None>
7.2794 	DATA 	Keypress: j
7.2929 	INFO 	Keyboard events cleared
7.2928 	EXP 	MAN: autoDraw = False
7.2928 	EXP 	WOMAN: autoDraw = False
7.2928 	EXP 	Mname: autoDraw = False
7.2928 	EXP 	MAN_2: text = 'MAN'
7.2928 	EXP 	WOMAN_2: text = 'WOMAN'
7.2928 	EXP 	MAN_2: autoDraw = True
7.2928 	EXP 	WOMAN_2: autoDraw = True
7.2928 	EXP 	Fname: autoDraw = True
7.3605 	EXP 	Device response: <KeyPress from None: t=7.272740600048564, value=j, duration=0.07186050002928823>
7.3938 	EXP 	Device response: <KeyPress from None: t=7.382146200048737, value=k, duration=None>
7.3941 	EXP 	New trial (rep=2, index=6): <Trial 26 (6 in rep 2) data={'Male': 'ปริญญา', 'Female': 'อาภรณ์', 'thisN': 26, 'thisTrialN': 6, 'thisRepN': 2}>
7.3975 	DATA 	Keypress: k
7.4096 	INFO 	Keyboard events cleared
7.4095 	EXP 	MAN_2: autoDraw = False
7.4095 	EXP 	WOMAN_2: autoDraw = False
7.4095 	EXP 	Fname: autoDraw = False
7.4095 	EXP 	MAN: autoDraw = True
7.4095 	EXP 	WOMAN: autoDraw = True
7.4095 	EXP 	Mname: autoDraw = True
7.4762 	EXP 	Device response: <KeyPress from None: t=7.464782000053674, value=j, duration=None>
7.4762 	EXP 	Device response: <KeyPress from None: t=4.873583300039172, value=k, duration=2.5998030999908224>
7.4797 	DATA 	Keypress: j
7.4925 	INFO 	Keyboard events cleared
7.4923 	EXP 	MAN: autoDraw = False
7.4923 	EXP 	WOMAN: autoDraw = False
7.4923 	EXP 	Mname: autoDraw = False
7.4923 	EXP 	MAN_2: text = 'MAN'
7.4923 	EXP 	WOMAN_2: text = 'WOMAN'
7.4923 	EXP 	MAN_2: autoDraw = True
7.4923 	EXP 	WOMAN_2: autoDraw = True
7.4923 	EXP 	Fname: autoDraw = True
7.5439 	EXP 	Device response: <KeyPress from None: t=7.464782000053674, value=j, duration=0.06655609991867095>
7.5621 	DATA 	Keypress: k
7.5773 	EXP 	Device response: <KeyPress from None: t=7.5611846999963745, value=k, duration=None>
7.5775 	EXP 	New trial (rep=2, index=7): <Trial 27 (7 in rep 2) data={'Male': 'พิสิฐ', 'Female': 'ปัทมา', 'thisN': 27, 'thisTrialN': 7, 'thisRepN': 2}>
7.5936 	INFO 	Keyboard events cleared
7.5935 	EXP 	MAN_2: autoDraw = False
7.5935 	EXP 	WOMAN_2: autoDraw = False
7.5935 	EXP 	Fname: autoDraw = False
7.5935 	EXP 	MAN: autoDraw = True
7.5935 	EXP 	WOMAN: autoDraw = True
7.5935 	EXP 	Mname: autoDraw = True
7.6435 	EXP 	Device response: <KeyPress from None: t=7.642469000071287, value=j, duration=None>
7.6465 	DATA 	Keypress: j
7.6602 	INFO 	Keyboard events cleared
7.6600 	EXP 	MAN: autoDraw = False
7.6600 	EXP 	WOMAN: autoDraw = False
7.6600 	EXP 	Mname: autoDraw = False
7.6600 	EXP 	MAN_2: text = 'MAN'
7.6600 	EXP 	WOMAN_2: text = 'WOMAN'
7.6600 	EXP 	MAN_2: autoDraw = True
7.6600 	EXP 	WOMAN_2: autoDraw = True
7.6600 	EXP 	Fname: autoDraw = True
7.7100 	EXP 	Device response: <KeyPress from None: t=7.642469000071287, value=j, duration=0.06493039999622852>
7.7435 	EXP 	Device response: <KeyPress from None: t=7.7403863000217825, value=k, duration=None>
7.7437 	EXP 	New trial (rep=2, index=8): <Trial 28 (8 in rep 2) data={'Male': 'ธนพล', 'Female': 'วาสนา', 'thisN': 28, 'thisTrialN': 8, 'thisRepN': 2}>
7.7466 	DATA 	Keypress: k
7.7596 	INFO 	Keyboard events cleared
7.7596 	EXP 	MAN_2: autoDraw = False
7.7596 	EXP 	WOMAN_2: autoDraw = False
7.7596 	EXP 	Fname: autoDraw = False
7.7596 	EXP 	MAN: autoDraw = True
7.7596 	EXP 	WOMAN: autoDraw = True
7.7596 	EXP 	Mname: autoDraw = True
7.8261 	EXP 	Device response: <KeyPress from None: t=7.819118899991736, value=j, duration=None>
7.8296 	DATA 	Keypress: j
7.8432 	INFO 	Keyboard events cleared
7.8431 	EXP 	MAN: autoDraw = False
7.8431 	EXP 	WOMAN: autoDraw = False
7.8431 	EXP 	Mname: autoDraw = False
7.8431 	EXP 	MAN_2: text = 'MAN'
7.8431 	EXP 	WOMAN_2: text = 'WOMAN'
7.8431 	EXP 	MAN_2: autoDraw = True
7.8431 	EXP 	WOMAN_2: autoDraw = True
7.8431 	EXP 	Fname: autoDraw = True
7.8932 	EXP 	Device response: <KeyPress from None: t=7.819118899991736, value=j, duration=0.06525109999347478>
7.9264 	EXP 	Device response: <KeyPress from None: t=7.9213637000648305, value=k, duration=None>
7.9267 	EXP 	New trial (rep=2, index=9): <Trial 29 (9 in rep 2) data={'Male': 'กฤษณะ', 'Female': 'กาญจนา', 'thisN': 29, 'thisTrialN': 9, 'thisRepN': 2}>
7.9302 	DATA 	Keypress: k
7.9429 	INFO 	Keyboard events cleared
7.9428 	EXP 	MAN_2: autoDraw = False
7.9428 	EXP 	WOMAN_2: autoDraw = False
7.9428 	EXP 	Fname: autoDraw = False
7.9428 	EXP 	MAN: autoDraw = True
7.9428 	EXP 	WOMAN: autoDraw = True
7.9428 	EXP 	Mname: autoDraw = True
8.0117 	DATA 	Keypress: j
8.0260 	EXP 	Device response: <KeyPress from None: t=5.063747000065632, value=k, duration=2.9455231999745592>
8.0261 	EXP 	Device response: <KeyPress from None: t=8.010142200044356, value=j, duration=None>
8.0434 	INFO 	Keyboard events cleared
8.0433 	EXP 	MAN: autoDraw = False
8.0433 	EXP 	WOMAN: autoDraw = False
8.0433 	EXP 	Mname: autoDraw = False
8.0433 	EXP 	MAN_2: text = 'MAN'
8.0433 	EXP 	WOMAN_2: text = 'WOMAN'
8.0433 	EXP 	MAN_2: autoDraw = True
8.0433 	EXP 	WOMAN_2: autoDraw = True
8.0433 	EXP 	Fname: autoDraw = True
8.0753 	EXP 	Device response: <KeyPress from None: t=8.010142200044356, value=j, duration=0.05619429994840175>
8.1098 	EXP 	Device response: <KeyPress from None: t=8.10869270004332, value=k, duration=None>
8.1102 	EXP 	New trial (rep=3, index=0): <Trial 30 (0 in rep 3) data={'Male': 'วรพล', 'Female': 'วรรณา', 'thisN': 30, 'thisTrialN': 0, 'thisRepN': 3}>
8.1136 	DATA 	Keypress: k
8.1256 	INFO 	Keyboard events cleared
8.1255 	EXP 	MAN_2: autoDraw = False
8.1255 	EXP 	WOMAN_2: autoDraw = False
8.1255 	EXP 	Fname: autoDraw = False
8.1255 	EXP 	MAN: autoDraw = True
8.1255 	EXP 	WOMAN: autoDraw = True
8.1255 	EXP 	Mname: autoDraw = True
8.2083 	EXP 	Device response: <KeyPress from None: t=5.258891300065443, value=k, duration=2.938351699966006>
8.2084 	EXP 	Device response: <KeyPress from None: t=8.200697800028138, value=j, duration=None>
8.2116 	DATA 	Keypress: j
8.2259 	INFO 	Keyboard events cleared
8.2258 	EXP 	MAN: autoDraw = False
8.2258 	EXP 	WOMAN: autoDraw = False
8.2258 	EXP 	Mname: autoDraw = False
8.2258 	EXP 	MAN_2: text = 'MAN'
8.2258 	EXP 	WOMAN_2: text = 'WOMAN'
8.2258 	EXP 	MAN_2: autoDraw = True
8.2258 	EXP 	WOMAN_2: autoDraw = True
8.2258 	EXP 	Fname: autoDraw = True
8.2757 	EXP 	Device response: <KeyPress from None: t=8.200697800028138, value=j, duration=0.06584049994125962>
8.3102 	EXP 	Device response: <KeyPress from None: t=8.300022999988869, value=k, duration=None>
8.3105 	EXP 	New trial (rep=3, index=1): <Trial 31 (1 in rep 3) data={'Male': 'ปริญญา', 'Female': 'อาภรณ์', 'thisN': 31, 'thisTrialN': 1, 'thisRepN': 3}>
8.3132 	DATA 	Keypress: k
8.3259 	INFO 	Keyboard events cleared
8.3258 	EXP 	MAN_2: autoDraw = False
8.3258 	EXP 	WOMAN_2: autoDraw = False
8.3258 	EXP 	Fname: autoDraw = False
8.3258 	EXP 	MAN: autoDraw = True
8.3258 	EXP 	WOMAN: autoDraw = True
8.3258 	EXP 	Mname: autoDraw = True
8.3921 	EXP 	Device response: <KeyPress from None: t=5.454742799978703, value=k, duration=2.9325920999981463>
8.3921 	EXP 	Device response: <KeyPress from None: t=8.388419699971564, value=j, duration=None>
8.3955 	DATA 	Keypress: j
8.4095 	INFO 	Keyboard events cleared
8.4094 	EXP 	MAN: autoDraw = False
8.4094 	EXP 	WOMAN: autoDraw = False
8.4094 	EXP 	Mname: autoDraw = False
8.4094 	EXP 	MAN_2: text = 'MAN'
8.4094 	EXP 	WOMAN_2: text = 'WOMAN'
8.4094 	EXP 	MAN_2: autoDraw = True
8.4094 	EXP 	WOMAN_2: autoDraw = True
8.4094 	EXP 	Fname: autoDraw = True
8.4594 	EXP 	Device response: <KeyPress from None: t=8.388419699971564, value=j, duration=0.06083470000885427>
8.4929 	EXP 	Device response: <KeyPress from None: t=8.48832190001849, value=k, duration=None>
8.4932 	EXP 	New trial (rep=3, index=2): <Trial 32 (2 in rep 3) data={'Male': 'ธนพล', 'Female': 'วาสนา', 'thisN': 32, 'thisTrialN': 2, 'thisRepN': 3}>
8.4960 	DATA 	Keypress: k
8.5097 	INFO 	Keyboard events cleared
8.5095 	EXP 	MAN_2: autoDraw = False
8.5095 	EXP 	WOMAN_2: autoDraw = False
8.5095 	EXP 	Fname: autoDraw = False
8.5095 	EXP 	MAN: autoDraw = True
8.5095 	EXP 	WOMAN: autoDraw = True
8.5095 	EXP 	Mname: autoDraw = True
8.5928 	EXP 	Device response: <KeyPress from None: t=5.659572100033984, value=k, duration=2.9183661999413744>
8.5928 	EXP 	Device response: <KeyPress from None: t=8.5799467000179, value=j, duration=None>
8.5965 	DATA 	Keypress: j
8.6097 	INFO 	Keyboard events cleared
8.6096 	EXP 	MAN: autoDraw = False
8.6096 	EXP 	WOMAN: autoDraw = False
8.6096 	EXP 	Mname: autoDraw = False
8.6096 	EXP 	MAN_2: text = 'MAN'
8.6096 	EXP 	WOMAN_2: text = 'WOMAN'
8.6096 	EXP 	MAN_2: autoDraw = True
8.6096 	EXP 	WOMAN_2: autoDraw = True
8.6096 	EXP 	Fname: autoDraw = True
8.6603 	EXP 	Device response: <KeyPress from None: t=8.5799467000179, value=j, duration=0.06389840005431324>
8.6914 	EXP 	Device response: <KeyPress from None: t=8.682074700016528, value=k, duration=None>
8.6916 	EXP 	New trial (rep=3, index=3): <Trial 33 (3 in rep 3) data={'Male': 'อรรถพล', 'Female': 'สุพัตรา', 'thisN': 33, 'thisTrialN': 3, 'thisRepN': 3}>
8.6944 	DATA 	Keypress: k
8.7095 	INFO 	Keyboard events cleared
8.7094 	EXP 	MAN_2: autoDraw = False
8.7094 	EXP 	WOMAN_2: autoDraw = False
8.7094 	EXP 	Fname: autoDraw = False
8.7094 	EXP 	MAN: autoDraw = True
8.7094 	EXP 	WOMAN: autoDraw = True
8.7094 	EXP 	Mname: autoDraw = True
8.7792 	DATA 	Keypress: j
8.7931 	EXP 	Device response: <KeyPress from None: t=5.839809000026435, value=k, duration=2.936212499975227>
8.7934 	EXP 	Device response: <KeyPress from None: t=8.77794130006805, value=j, duration=None>
8.8087 	INFO 	Keyboard events cleared
8.8086 	EXP 	MAN: autoDraw = False
8.8086 	EXP 	WOMAN: autoDraw = False
8.8086 	EXP 	Mname: autoDraw = False
8.8086 	EXP 	MAN_2: text = 'MAN'
8.8086 	EXP 	WOMAN_2: text = 'WOMAN'
8.8086 	EXP 	MAN_2: autoDraw = True
8.8086 	EXP 	WOMAN_2: autoDraw = True
8.8086 	EXP 	Fname: autoDraw = True
8.8437 	EXP 	Device response: <KeyPress from None: t=8.77794130006805, value=j, duration=0.06136849999893457>
8.8783 	DATA 	Keypress: k
8.8929 	EXP 	Device response: <KeyPress from None: t=8.876290900050662, value=k, duration=None>
8.8932 	EXP 	New trial (rep=3, index=4): <Trial 34 (4 in rep 3) data={'Male': 'ศักดิ์สิทธิ์', 'Female': 'สุนิสา', 'thisN': 34, 'thisTrialN': 4, 'thisRepN': 3}>
8.9098 	INFO 	Keyboard events cleared
8.9096 	EXP 	MAN_2: autoDraw = False
8.9096 	EXP 	WOMAN_2: autoDraw = False
8.9096 	EXP 	Fname: autoDraw = False
8.9096 	EXP 	MAN: autoDraw = True
8.9096 	EXP 	WOMAN: autoDraw = True
8.9096 	EXP 	Mname: autoDraw = True
8.9613 	DATA 	Keypress: j
8.9765 	EXP 	Device response: <KeyPress from None: t=8.960034599993378, value=j, duration=None>
8.9766 	EXP 	Device response: <KeyPress from None: t=6.022637500078417, value=k, duration=2.946382899885066>
8.9931 	INFO 	Keyboard events cleared
8.9930 	EXP 	MAN: autoDraw = False
8.9930 	EXP 	WOMAN: autoDraw = False
8.9930 	EXP 	Mname: autoDraw = False
8.9930 	EXP 	MAN_2: text = 'MAN'
8.9930 	EXP 	WOMAN_2: text = 'WOMAN'
8.9930 	EXP 	MAN_2: autoDraw = True
8.9930 	EXP 	WOMAN_2: autoDraw = True
8.9930 	EXP 	Fname: autoDraw = True
9.0435 	EXP 	Device response: <KeyPress from None: t=8.960034599993378, value=j, duration=0.06774820003192872>
9.0636 	DATA 	Keypress: k
9.0763 	EXP 	Device response: <KeyPress from None: t=9.063014700077474, value=k, duration=None>
9.0766 	EXP 	New trial (rep=3, index=5): <Trial 35 (5 in rep 3) data={'Male': 'ภูมิพัฒน์', 'Female': 'จิตติมา', 'thisN': 35, 'thisTrialN': 5, 'thisRepN': 3}>
9.0931 	INFO 	Keyboard events cleared
9.0930 	EXP 	MAN_2: autoDraw = False
9.0930 	EXP 	WOMAN_2: autoDraw = False
9.0930 	EXP 	Fname: autoDraw = False
9.0930 	EXP 	MAN: autoDraw = True
9.0930 	EXP 	WOMAN: autoDraw = True
9.0930 	EXP 	Mname: autoDraw = True
9.1592 	EXP 	Device response: <KeyPress from None: t=6.217690899968147, value=k, duration=2.9352344000944868>
9.1593 	EXP 	Device response: <KeyPress from None: t=9.154404400032945, value=j, duration=None>
9.1634 	DATA 	Keypress: j
9.1751 	INFO 	Keyboard events cleared
9.1749 	EXP 	MAN: autoDraw = False
9.1749 	EXP 	WOMAN: autoDraw = False
9.1749 	EXP 	Mname: autoDraw = False
9.1749 	EXP 	MAN_2: text = 'MAN'
9.1749 	EXP 	WOMAN_2: text = 'WOMAN'
9.1749 	EXP 	MAN_2: autoDraw = True
9.1749 	EXP 	WOMAN_2: autoDraw = True
9.1749 	EXP 	Fname: autoDraw = True
9.2433 	EXP 	Device response: <KeyPress from None: t=9.154404400032945, value=j, duration=0.07157629996072501>
9.2601 	EXP 	Device response: <KeyPress from None: t=9.257232500007376, value=k, duration=None>
9.2603 	EXP 	New trial (rep=3, index=6): <Trial 36 (6 in rep 3) data={'Male': 'นเรศ', 'Female': 'พิมพ์ใจ', 'thisN': 36, 'thisTrialN': 6, 'thisRepN': 3}>
9.2637 	DATA 	Keypress: k
9.2764 	INFO 	Keyboard events cleared
9.2762 	EXP 	MAN_2: autoDraw = False
9.2762 	EXP 	WOMAN_2: autoDraw = False
9.2762 	EXP 	Fname: autoDraw = False
9.2762 	EXP 	MAN: autoDraw = True
9.2762 	EXP 	WOMAN: autoDraw = True
9.2762 	EXP 	Mname: autoDraw = True
9.3431 	EXP 	Device response: <KeyPress from None: t=9.330282200011425, value=j, duration=None>
9.3431 	EXP 	Device response: <KeyPress from None: t=6.457768499967642, value=k, duration=2.883798100054264>
9.3461 	DATA 	Keypress: j
9.3589 	INFO 	Keyboard events cleared
9.3587 	EXP 	MAN: autoDraw = False
9.3587 	EXP 	WOMAN: autoDraw = False
9.3587 	EXP 	Mname: autoDraw = False
9.3587 	EXP 	MAN_2: text = 'MAN'
9.3587 	EXP 	WOMAN_2: text = 'WOMAN'
9.3587 	EXP 	MAN_2: autoDraw = True
9.3587 	EXP 	WOMAN_2: autoDraw = True
9.3587 	EXP 	Fname: autoDraw = True
9.4096 	EXP 	Device response: <KeyPress from None: t=9.330282200011425, value=j, duration=0.07503449998330325>
9.4439 	EXP 	Device response: <KeyPress from None: t=9.433792200055905, value=k, duration=None>
9.4441 	EXP 	New trial (rep=3, index=7): <Trial 37 (7 in rep 3) data={'Male': 'พิสิฐ', 'Female': 'ปัทมา', 'thisN': 37, 'thisTrialN': 7, 'thisRepN': 3}>
9.4475 	DATA 	Keypress: k
9.4596 	INFO 	Keyboard events cleared
9.4595 	EXP 	MAN_2: autoDraw = False
9.4595 	EXP 	WOMAN_2: autoDraw = False
9.4595 	EXP 	Fname: autoDraw = False
9.4595 	EXP 	MAN: autoDraw = True
9.4595 	EXP 	WOMAN: autoDraw = True
9.4595 	EXP 	Mname: autoDraw = True
9.5096 	EXP 	Device response: <KeyPress from None: t=9.505614200024866, value=j, duration=None>
9.5127 	DATA 	Keypress: j
9.5265 	INFO 	Keyboard events cleared
9.5263 	EXP 	MAN: autoDraw = False
9.5263 	EXP 	WOMAN: autoDraw = False
9.5263 	EXP 	Mname: autoDraw = False
9.5263 	EXP 	MAN_2: text = 'MAN'
9.5263 	EXP 	WOMAN_2: text = 'WOMAN'
9.5263 	EXP 	MAN_2: autoDraw = True
9.5263 	EXP 	WOMAN_2: autoDraw = True
9.5263 	EXP 	Fname: autoDraw = True
9.5757 	EXP 	Device response: <KeyPress from None: t=9.505614200024866, value=j, duration=0.06399079994298518>
9.6100 	EXP 	Device response: <KeyPress from None: t=9.609586099977605, value=k, duration=None>
9.6121 	DATA 	Keypress: k
9.6258 	EXP 	New trial (rep=3, index=8): <Trial 38 (8 in rep 3) data={'Male': 'กฤษณะ', 'Female': 'กาญจนา', 'thisN': 38, 'thisTrialN': 8, 'thisRepN': 3}>
9.6424 	INFO 	Keyboard events cleared
9.6423 	EXP 	MAN_2: autoDraw = False
9.6423 	EXP 	WOMAN_2: autoDraw = False
9.6423 	EXP 	Fname: autoDraw = False
9.6423 	EXP 	MAN: autoDraw = True
9.6423 	EXP 	WOMAN: autoDraw = True
9.6423 	EXP 	Mname: autoDraw = True
9.6926 	EXP 	Device response: <KeyPress from None: t=9.67970580002293, value=j, duration=None>
9.6964 	DATA 	Keypress: j
9.7098 	INFO 	Keyboard events cleared
9.7096 	EXP 	MAN: autoDraw = False
9.7096 	EXP 	WOMAN: autoDraw = False
9.7096 	EXP 	Mname: autoDraw = False
9.7096 	EXP 	MAN_2: text = 'MAN'
9.7096 	EXP 	WOMAN_2: text = 'WOMAN'
9.7096 	EXP 	MAN_2: autoDraw = True
9.7096 	EXP 	WOMAN_2: autoDraw = True
9.7096 	EXP 	Fname: autoDraw = True
9.7431 	EXP 	Device response: <KeyPress from None: t=9.67970580002293, value=j, duration=0.062010099994949996>
9.7932 	EXP 	Device response: <KeyPress from None: t=9.782459700014442, value=k, duration=None>
9.7935 	EXP 	New trial (rep=3, index=9): <Trial 39 (9 in rep 3) data={'Male': 'ชัยวัฒน์', 'Female': 'ศิริพร', 'thisN': 39, 'thisTrialN': 9, 'thisRepN': 3}>
9.7964 	DATA 	Keypress: k
9.8100 	INFO 	Keyboard events cleared
9.8098 	EXP 	MAN_2: autoDraw = False
9.8098 	EXP 	WOMAN_2: autoDraw = False
9.8098 	EXP 	Fname: autoDraw = False
9.8098 	EXP 	MAN: autoDraw = True
9.8098 	EXP 	WOMAN: autoDraw = True
9.8098 	EXP 	Mname: autoDraw = True
9.8766 	EXP 	Device response: <KeyPress from None: t=6.61136430001352, value=k, duration=3.2613717999774963>
9.8770 	EXP 	Device response: <KeyPress from None: t=9.874439100036398, value=j, duration=None>
9.8804 	DATA 	Keypress: j
9.8923 	INFO 	Keyboard events cleared
9.8922 	EXP 	MAN: autoDraw = False
9.8922 	EXP 	WOMAN: autoDraw = False
9.8922 	EXP 	Mname: autoDraw = False
9.8922 	EXP 	MAN_2: text = 'MAN'
9.8922 	EXP 	WOMAN_2: text = 'WOMAN'
9.8922 	EXP 	MAN_2: autoDraw = True
9.8922 	EXP 	WOMAN_2: autoDraw = True
9.8922 	EXP 	Fname: autoDraw = True
9.9432 	EXP 	Device response: <KeyPress from None: t=9.874439100036398, value=j, duration=0.06029049993958324>
9.9764 	EXP 	Device response: <KeyPress from None: t=9.976050300057977, value=k, duration=None>
9.9766 	EXP 	New trial (rep=4, index=0): <Trial 40 (0 in rep 4) data={'Male': 'ชัยวัฒน์', 'Female': 'ศิริพร', 'thisN': 40, 'thisTrialN': 0, 'thisRepN': 4}>
9.9794 	DATA 	Keypress: k
9.9932 	INFO 	Keyboard events cleared
9.9931 	EXP 	MAN_2: autoDraw = False
9.9931 	EXP 	WOMAN_2: autoDraw = False
9.9931 	EXP 	Fname: autoDraw = False
9.9931 	EXP 	MAN: autoDraw = True
9.9931 	EXP 	WOMAN: autoDraw = True
9.9931 	EXP 	Mname: autoDraw = True
10.0767 	EXP 	Device response: <KeyPress from None: t=6.815432799980044, value=k, duration=3.247406900045462>
10.0767 	EXP 	Device response: <KeyPress from None: t=10.064826900023036, value=j, duration=None>
10.0799 	DATA 	Keypress: j
10.0923 	INFO 	Keyboard events cleared
10.0922 	EXP 	MAN: autoDraw = False
10.0922 	EXP 	WOMAN: autoDraw = False
10.0922 	EXP 	Mname: autoDraw = False
10.0922 	EXP 	MAN_2: text = 'MAN'
10.0922 	EXP 	WOMAN_2: text = 'WOMAN'
10.0922 	EXP 	MAN_2: autoDraw = True
10.0922 	EXP 	WOMAN_2: autoDraw = True
10.0922 	EXP 	Fname: autoDraw = True
10.1258 	EXP 	Device response: <KeyPress from None: t=10.064826900023036, value=j, duration=0.056472099968232214>
10.1773 	EXP 	Device response: <KeyPress from None: t=10.165692800073884, value=k, duration=None>
10.1775 	EXP 	New trial (rep=4, index=1): <Trial 41 (1 in rep 4) data={'Male': 'ศักดิ์สิทธิ์', 'Female': 'สุนิสา', 'thisN': 41, 'thisTrialN': 1, 'thisRepN': 4}>
10.1811 	DATA 	Keypress: k
10.1927 	INFO 	Keyboard events cleared
10.1926 	EXP 	MAN_2: autoDraw = False
10.1926 	EXP 	WOMAN_2: autoDraw = False
10.1926 	EXP 	Fname: autoDraw = False
10.1926 	EXP 	MAN: autoDraw = True
10.1926 	EXP 	WOMAN: autoDraw = True
10.1926 	EXP 	Mname: autoDraw = True
10.2435 	EXP 	Device response: <KeyPress from None: t=7.001658200053498, value=k, duration=3.2325525999767706>
10.2436 	EXP 	Device response: <KeyPress from None: t=10.242924400023185, value=j, duration=None>
10.2467 	DATA 	Keypress: j
10.2589 	INFO 	Keyboard events cleared
10.2588 	EXP 	MAN: autoDraw = False
10.2588 	EXP 	WOMAN: autoDraw = False
10.2588 	EXP 	Mname: autoDraw = False
10.2588 	EXP 	MAN_2: text = 'MAN'
10.2588 	EXP 	WOMAN_2: text = 'WOMAN'
10.2588 	EXP 	MAN_2: autoDraw = True
10.2588 	EXP 	WOMAN_2: autoDraw = True
10.2588 	EXP 	Fname: autoDraw = True
10.3096 	EXP 	Device response: <KeyPress from None: t=10.242924400023185, value=j, duration=0.050616499967873096>
10.3454 	DATA 	Keypress: k
10.3595 	EXP 	Device response: <KeyPress from None: t=10.343202400021255, value=k, duration=None>
10.3596 	EXP 	New trial (rep=4, index=2): <Trial 42 (2 in rep 4) data={'Male': 'พิสิฐ', 'Female': 'ปัทมา', 'thisN': 42, 'thisTrialN': 2, 'thisRepN': 4}>
10.3763 	INFO 	Keyboard events cleared
10.3761 	EXP 	MAN_2: autoDraw = False
10.3761 	EXP 	WOMAN_2: autoDraw = False
10.3761 	EXP 	Fname: autoDraw = False
10.3761 	EXP 	MAN: autoDraw = True
10.3761 	EXP 	WOMAN: autoDraw = True
10.3761 	EXP 	Mname: autoDraw = True
10.4261 	EXP 	Device response: <KeyPress from None: t=7.19753570004832, value=k, duration=3.217701399931684>
10.4262 	EXP 	Device response: <KeyPress from None: t=10.419603100046515, value=j, duration=None>
10.4296 	DATA 	Keypress: j
10.4426 	INFO 	Keyboard events cleared
10.4425 	EXP 	MAN: autoDraw = False
10.4425 	EXP 	WOMAN: autoDraw = False
10.4425 	EXP 	Mname: autoDraw = False
10.4425 	EXP 	MAN_2: text = 'MAN'
10.4425 	EXP 	WOMAN_2: text = 'WOMAN'
10.4425 	EXP 	MAN_2: autoDraw = True
10.4425 	EXP 	WOMAN_2: autoDraw = True
10.4425 	EXP 	Fname: autoDraw = True
10.4762 	EXP 	Device response: <KeyPress from None: t=10.419603100046515, value=j, duration=0.047031300025992095>
10.5260 	EXP 	Device response: <KeyPress from None: t=10.520695500075817, value=k, duration=None>
10.5262 	EXP 	New trial (rep=4, index=3): <Trial 43 (3 in rep 4) data={'Male': 'นเรศ', 'Female': 'พิมพ์ใจ', 'thisN': 43, 'thisTrialN': 3, 'thisRepN': 4}>
10.5290 	DATA 	Keypress: k
10.5431 	INFO 	Keyboard events cleared
10.5430 	EXP 	MAN_2: autoDraw = False
10.5430 	EXP 	WOMAN_2: autoDraw = False
10.5430 	EXP 	Fname: autoDraw = False
10.5430 	EXP 	MAN: autoDraw = True
10.5430 	EXP 	WOMAN: autoDraw = True
10.5430 	EXP 	Mname: autoDraw = True
10.6091 	EXP 	Device response: <KeyPress from None: t=7.382146200048737, value=k, duration=3.223319399985485>
10.6092 	EXP 	Device response: <KeyPress from None: t=10.607705599977635, value=j, duration=None>
10.6134 	DATA 	Keypress: j
10.6268 	INFO 	Keyboard events cleared
10.6267 	EXP 	MAN: autoDraw = False
10.6267 	EXP 	WOMAN: autoDraw = False
10.6267 	EXP 	Mname: autoDraw = False
10.6267 	EXP 	MAN_2: text = 'MAN'
10.6267 	EXP 	WOMAN_2: text = 'WOMAN'
10.6267 	EXP 	MAN_2: autoDraw = True
10.6267 	EXP 	WOMAN_2: autoDraw = True
10.6267 	EXP 	Fname: autoDraw = True
10.6595 	EXP 	Device response: <KeyPress from None: t=10.607705599977635, value=j, duration=0.049874400021508336>
10.7095 	EXP 	Device response: <KeyPress from None: t=10.699202900053933, value=k, duration=None>
10.7097 	EXP 	New trial (rep=4, index=4): <Trial 44 (4 in rep 4) data={'Male': 'วรพล', 'Female': 'วรรณา', 'thisN': 44, 'thisTrialN': 4, 'thisRepN': 4}>
10.7125 	DATA 	Keypress: k
10.7257 	INFO 	Keyboard events cleared
10.7256 	EXP 	MAN_2: autoDraw = False
10.7256 	EXP 	WOMAN_2: autoDraw = False
10.7256 	EXP 	Fname: autoDraw = False
10.7256 	EXP 	MAN: autoDraw = True
10.7256 	EXP 	WOMAN: autoDraw = True
10.7256 	EXP 	Mname: autoDraw = True
10.7927 	EXP 	Device response: <KeyPress from None: t=7.5611846999963745, value=k, duration=3.2166527999797836>
10.7927 	EXP 	Device response: <KeyPress from None: t=10.78375820000656, value=j, duration=None>
10.7962 	DATA 	Keypress: j
10.8094 	INFO 	Keyboard events cleared
10.8093 	EXP 	MAN: autoDraw = False
10.8093 	EXP 	WOMAN: autoDraw = False
10.8093 	EXP 	Mname: autoDraw = False
10.8093 	EXP 	MAN_2: text = 'MAN'
10.8093 	EXP 	WOMAN_2: text = 'WOMAN'
10.8093 	EXP 	MAN_2: autoDraw = True
10.8093 	EXP 	WOMAN_2: autoDraw = True
10.8093 	EXP 	Fname: autoDraw = True
10.8784 	DATA 	Keypress: k
10.8927 	EXP 	Device response: <KeyPress from None: t=10.877033600001596, value=k, duration=None>
10.8930 	EXP 	New trial (rep=4, index=5): <Trial 45 (5 in rep 4) data={'Male': 'ภูมิพัฒน์', 'Female': 'จิตติมา', 'thisN': 45, 'thisTrialN': 5, 'thisRepN': 4}>
10.9092 	INFO 	Keyboard events cleared
10.9091 	EXP 	MAN_2: autoDraw = False
10.9091 	EXP 	WOMAN_2: autoDraw = False
10.9091 	EXP 	Fname: autoDraw = False
10.9091 	EXP 	MAN: autoDraw = True
10.9091 	EXP 	WOMAN: autoDraw = True
10.9091 	EXP 	Mname: autoDraw = True
10.9588 	EXP 	Device response: <KeyPress from None: t=7.7403863000217825, value=k, duration=3.2039454999612644>
10.9588 	EXP 	Device response: <KeyPress from None: t=10.946063400013372, value=j, duration=None>
10.9627 	DATA 	Keypress: j
10.9767 	INFO 	Keyboard events cleared
10.9766 	EXP 	MAN: autoDraw = False
10.9766 	EXP 	WOMAN: autoDraw = False
10.9766 	EXP 	Mname: autoDraw = False
10.9766 	EXP 	MAN_2: text = 'MAN'
10.9766 	EXP 	WOMAN_2: text = 'WOMAN'
10.9766 	EXP 	MAN_2: autoDraw = True
10.9766 	EXP 	WOMAN_2: autoDraw = True
10.9766 	EXP 	Fname: autoDraw = True
11.0090 	EXP 	Device response: <KeyPress from None: t=10.78375820000656, value=j, duration=0.21224360004998744>
11.0423 	EXP 	Device response: <KeyPress from None: t=11.032427300000563, value=k, duration=None>
11.0425 	EXP 	New trial (rep=4, index=6): <Trial 46 (6 in rep 4) data={'Male': 'กฤษณะ', 'Female': 'กาญจนา', 'thisN': 46, 'thisTrialN': 6, 'thisRepN': 4}>
11.0450 	DATA 	Keypress: k
11.0588 	INFO 	Keyboard events cleared
11.0586 	EXP 	MAN_2: autoDraw = False
11.0586 	EXP 	WOMAN_2: autoDraw = False
11.0586 	EXP 	Fname: autoDraw = False
11.0586 	EXP 	MAN: autoDraw = True
11.0586 	EXP 	WOMAN: autoDraw = True
11.0586 	EXP 	Mname: autoDraw = True
11.1093 	EXP 	Device response: <KeyPress from None: t=7.9213637000648305, value=k, duration=3.178948799963109>
11.1093 	EXP 	Device response: <KeyPress from None: t=11.103783800033852, value=j, duration=None>
11.1124 	DATA 	Keypress: j
11.1257 	INFO 	Keyboard events cleared
11.1255 	EXP 	MAN: autoDraw = False
11.1255 	EXP 	WOMAN: autoDraw = False
11.1255 	EXP 	Mname: autoDraw = False
11.1255 	EXP 	MAN_2: text = 'MAN'
11.1255 	EXP 	WOMAN_2: text = 'WOMAN'
11.1255 	EXP 	MAN_2: autoDraw = True
11.1255 	EXP 	WOMAN_2: autoDraw = True
11.1255 	EXP 	Fname: autoDraw = True
12.2593 	EXP 	Device response: <KeyPress from None: t=12.252659299992956, value=k, duration=None>
12.2596 	EXP 	New trial (rep=4, index=7): <Trial 47 (7 in rep 4) data={'Male': 'ปริญญา', 'Female': 'อาภรณ์', 'thisN': 47, 'thisTrialN': 7, 'thisRepN': 4}>
12.2630 	DATA 	Keypress: k
12.2751 	INFO 	Keyboard events cleared
12.2750 	EXP 	MAN_2: autoDraw = False
12.2750 	EXP 	WOMAN_2: autoDraw = False
12.2750 	EXP 	Fname: autoDraw = False
12.2750 	EXP 	MAN: autoDraw = True
12.2750 	EXP 	WOMAN: autoDraw = True
12.2750 	EXP 	Mname: autoDraw = True
12.3427 	EXP 	Device response: <KeyPress from None: t=8.10869270004332, value=k, duration=4.219078299938701>
12.3956 	DATA 	Keypress: k
12.4092 	EXP 	Device response: <KeyPress from None: t=12.393508200068027, value=k, duration=None>
12.4262 	INFO 	Keyboard events cleared
12.4260 	EXP 	MAN: autoDraw = False
12.4260 	EXP 	WOMAN: autoDraw = False
12.4260 	EXP 	Mname: autoDraw = False
12.4260 	EXP 	MAN_2: text = 'MAN'
12.4260 	EXP 	WOMAN_2: text = 'WOMAN'
12.4260 	EXP 	MAN_2: autoDraw = True
12.4260 	EXP 	WOMAN_2: autoDraw = True
12.4260 	EXP 	Fname: autoDraw = True
12.4584 	EXP 	Device response: <KeyPress from None: t=8.300022999988869, value=k, duration=4.157116300077178>
12.5261 	EXP 	Device response: <KeyPress from None: t=12.515731899999082, value=k, duration=None>
12.5262 	EXP 	New trial (rep=4, index=8): <Trial 48 (8 in rep 4) data={'Male': 'ธนพล', 'Female': 'วาสนา', 'thisN': 48, 'thisTrialN': 8, 'thisRepN': 4}>
12.5291 	DATA 	Keypress: k
12.5421 	INFO 	Keyboard events cleared
12.5420 	EXP 	MAN_2: autoDraw = False
12.5420 	EXP 	WOMAN_2: autoDraw = False
12.5420 	EXP 	Fname: autoDraw = False
12.5420 	EXP 	MAN: autoDraw = True
12.5420 	EXP 	WOMAN: autoDraw = True
12.5420 	EXP 	Mname: autoDraw = True
12.5924 	EXP 	Device response: <KeyPress from None: t=8.48832190001849, value=k, duration=4.1000785999931395>
12.6760 	EXP 	Device response: <KeyPress from None: t=12.670472900033928, value=k, duration=None>
12.6790 	DATA 	Keypress: k
12.6911 	INFO 	Keyboard events cleared
12.6910 	EXP 	MAN: autoDraw = False
12.6910 	EXP 	WOMAN: autoDraw = False
12.6910 	EXP 	Mname: autoDraw = False
12.6910 	EXP 	MAN_2: text = 'MAN'
12.6910 	EXP 	WOMAN_2: text = 'WOMAN'
12.6910 	EXP 	MAN_2: autoDraw = True
12.6910 	EXP 	WOMAN_2: autoDraw = True
12.6910 	EXP 	Fname: autoDraw = True
12.7258 	EXP 	Device response: <KeyPress from None: t=8.682074700016528, value=k, duration=4.03107829997316>
12.9269 	EXP 	Device response: <KeyPress from None: t=12.926543200039305, value=k, duration=None>
12.9271 	EXP 	New trial (rep=4, index=9): <Trial 49 (9 in rep 4) data={'Male': 'อรรถพล', 'Female': 'สุพัตรา', 'thisN': 49, 'thisTrialN': 9, 'thisRepN': 4}>
12.9300 	DATA 	Keypress: k
12.9434 	INFO 	Keyboard events cleared
12.9433 	EXP 	MAN_2: autoDraw = False
12.9433 	EXP 	WOMAN_2: autoDraw = False
12.9433 	EXP 	Fname: autoDraw = False
12.9433 	EXP 	MAN: autoDraw = True
12.9433 	EXP 	WOMAN: autoDraw = True
12.9433 	EXP 	Mname: autoDraw = True
12.9925 	EXP 	Device response: <KeyPress from None: t=8.876290900050662, value=k, duration=4.115147299948148>
13.0927 	EXP 	Device response: <KeyPress from None: t=13.088962199981324, value=k, duration=None>
13.0957 	DATA 	Keypress: k
13.1092 	INFO 	Keyboard events cleared
13.1091 	EXP 	MAN: autoDraw = False
13.1091 	EXP 	WOMAN: autoDraw = False
13.1091 	EXP 	Mname: autoDraw = False
13.1091 	EXP 	MAN_2: text = 'MAN'
13.1091 	EXP 	WOMAN_2: text = 'WOMAN'
13.1091 	EXP 	MAN_2: autoDraw = True
13.1091 	EXP 	WOMAN_2: autoDraw = True
13.1091 	EXP 	Fname: autoDraw = True
13.1427 	EXP 	Device response: <KeyPress from None: t=9.063014700077474, value=k, duration=4.077452099998482>
13.2446 	DATA 	Keypress: k
13.2592 	EXP 	Device response: <KeyPress from None: t=13.243948300019838, value=k, duration=None>
13.2594 	EXP 	New trial (rep=5, index=0): <Trial 50 (0 in rep 5) data={'Male': 'อรรถพล', 'Female': 'สุพัตรา', 'thisN': 50, 'thisTrialN': 0, 'thisRepN': 5}>
13.2769 	INFO 	Keyboard events cleared
13.2768 	EXP 	MAN_2: autoDraw = False
13.2768 	EXP 	WOMAN_2: autoDraw = False
13.2768 	EXP 	Fname: autoDraw = False
13.2768 	EXP 	MAN: autoDraw = True
13.2768 	EXP 	WOMAN: autoDraw = True
13.2768 	EXP 	Mname: autoDraw = True
13.3094 	EXP 	Device response: <KeyPress from None: t=9.257232500007376, value=k, duration=4.049145200056955>
13.3965 	DATA 	Keypress: k
13.4100 	EXP 	Device response: <KeyPress from None: t=13.396089400048368, value=k, duration=None>
13.4259 	INFO 	Keyboard events cleared
13.4257 	EXP 	MAN: autoDraw = False
13.4257 	EXP 	WOMAN: autoDraw = False
13.4257 	EXP 	Mname: autoDraw = False
13.4257 	EXP 	MAN_2: text = 'MAN'
13.4257 	EXP 	WOMAN_2: text = 'WOMAN'
13.4257 	EXP 	MAN_2: autoDraw = True
13.4257 	EXP 	WOMAN_2: autoDraw = True
13.4257 	EXP 	Fname: autoDraw = True
13.4759 	EXP 	Device response: <KeyPress from None: t=9.433792200055905, value=k, duration=4.039401900023222>
13.5605 	EXP 	Device response: <KeyPress from None: t=13.551079099997878, value=k, duration=None>
13.5606 	EXP 	New trial (rep=5, index=1): <Trial 51 (1 in rep 5) data={'Male': 'ธนพล', 'Female': 'วาสนา', 'thisN': 51, 'thisTrialN': 1, 'thisRepN': 5}>
13.5641 	DATA 	Keypress: k
13.5766 	INFO 	Keyboard events cleared
13.5764 	EXP 	MAN_2: autoDraw = False
13.5764 	EXP 	WOMAN_2: autoDraw = False
13.5764 	EXP 	Fname: autoDraw = False
13.5764 	EXP 	MAN: autoDraw = True
13.5764 	EXP 	WOMAN: autoDraw = True
13.5764 	EXP 	Mname: autoDraw = True
13.6424 	EXP 	Device response: <KeyPress from None: t=9.609586099977605, value=k, duration=4.029943300061859>
13.8925 	EXP 	Device response: <KeyPress from None: t=13.889995499979705, value=j, duration=None>
13.8959 	DATA 	Keypress: j
13.9086 	INFO 	Keyboard events cleared
13.9085 	EXP 	MAN: autoDraw = False
13.9085 	EXP 	WOMAN: autoDraw = False
13.9085 	EXP 	Mname: autoDraw = False
13.9085 	EXP 	MAN_2: text = 'MAN'
13.9085 	EXP 	WOMAN_2: text = 'WOMAN'
13.9085 	EXP 	MAN_2: autoDraw = True
13.9085 	EXP 	WOMAN_2: autoDraw = True
13.9085 	EXP 	Fname: autoDraw = True
13.9922 	EXP 	Device response: <KeyPress from None: t=10.946063400013372, value=j, duration=3.041256600059569>
14.1095 	EXP 	Device response: <KeyPress from None: t=14.096259700017981, value=j, duration=None>
14.1099 	EXP 	New trial (rep=5, index=2): <Trial 52 (2 in rep 5) data={'Male': 'ชัยวัฒน์', 'Female': 'ศิริพร', 'thisN': 52, 'thisTrialN': 2, 'thisRepN': 5}>
14.1132 	DATA 	Keypress: j
14.1260 	INFO 	Keyboard events cleared
14.1259 	EXP 	MAN_2: autoDraw = False
14.1259 	EXP 	WOMAN_2: autoDraw = False
14.1259 	EXP 	Fname: autoDraw = False
14.1259 	EXP 	MAN: autoDraw = True
14.1259 	EXP 	WOMAN: autoDraw = True
14.1259 	EXP 	Mname: autoDraw = True
14.1588 	EXP 	Device response: <KeyPress from None: t=11.103783800033852, value=j, duration=3.0420071999542415>
14.2752 	EXP 	Device response: <KeyPress from None: t=14.2693266000133, value=j, duration=None>
14.2785 	DATA 	Keypress: j
14.2918 	INFO 	Keyboard events cleared
14.2917 	EXP 	MAN: autoDraw = False
14.2917 	EXP 	WOMAN: autoDraw = False
14.2917 	EXP 	Mname: autoDraw = False
14.2917 	EXP 	MAN_2: text = 'MAN'
14.2917 	EXP 	WOMAN_2: text = 'WOMAN'
14.2917 	EXP 	MAN_2: autoDraw = True
14.2917 	EXP 	WOMAN_2: autoDraw = True
14.2917 	EXP 	Fname: autoDraw = True
14.3427 	EXP 	Device response: <KeyPress from None: t=13.889995499979705, value=j, duration=0.43654000002425164>
14.4619 	DATA 	Keypress: j
14.4753 	EXP 	Device response: <KeyPress from None: t=14.460081199998967, value=j, duration=None>
14.4755 	EXP 	New trial (rep=5, index=3): <Trial 53 (3 in rep 5) data={'Male': 'พิสิฐ', 'Female': 'ปัทมา', 'thisN': 53, 'thisTrialN': 3, 'thisRepN': 5}>
14.4927 	INFO 	Keyboard events cleared
14.4925 	EXP 	MAN_2: autoDraw = False
14.4925 	EXP 	WOMAN_2: autoDraw = False
14.4925 	EXP 	Fname: autoDraw = False
14.4925 	EXP 	MAN: autoDraw = True
14.4925 	EXP 	WOMAN: autoDraw = True
14.4925 	EXP 	Mname: autoDraw = True
14.5256 	EXP 	Device response: <KeyPress from None: t=14.096259700017981, value=j, duration=0.42581719998270273>
14.6283 	DATA 	Keypress: j
14.6425 	EXP 	Device response: <KeyPress from None: t=14.626197300036438, value=j, duration=None>
14.6593 	INFO 	Keyboard events cleared
14.6592 	EXP 	MAN: autoDraw = False
14.6592 	EXP 	WOMAN: autoDraw = False
14.6592 	EXP 	Mname: autoDraw = False
14.6592 	EXP 	MAN_2: text = 'MAN'
14.6592 	EXP 	WOMAN_2: text = 'WOMAN'
14.6592 	EXP 	MAN_2: autoDraw = True
14.6592 	EXP 	WOMAN_2: autoDraw = True
14.6592 	EXP 	Fname: autoDraw = True
14.7094 	EXP 	Device response: <KeyPress from None: t=14.2693266000133, value=j, duration=0.42416830000001937>
14.7780 	DATA 	Keypress: j
14.7926 	EXP 	Device response: <KeyPress from None: t=14.776346100028604, value=j, duration=None>
14.7929 	EXP 	New trial (rep=5, index=4): <Trial 54 (4 in rep 5) data={'Male': 'ศักดิ์สิทธิ์', 'Female': 'สุนิสา', 'thisN': 54, 'thisTrialN': 4, 'thisRepN': 5}>
14.8093 	INFO 	Keyboard events cleared
14.8092 	EXP 	MAN_2: autoDraw = False
14.8092 	EXP 	WOMAN_2: autoDraw = False
14.8092 	EXP 	Fname: autoDraw = False
14.8092 	EXP 	MAN: autoDraw = True
14.8092 	EXP 	WOMAN: autoDraw = True
14.8092 	EXP 	Mname: autoDraw = True
14.8595 	EXP 	Device response: <KeyPress from None: t=14.460081199998967, value=j, duration=0.3857043000170961>
14.9757 	EXP 	Device response: <KeyPress from None: t=14.971187100047246, value=j, duration=None>
14.9790 	DATA 	Keypress: j
14.9928 	INFO 	Keyboard events cleared
14.9927 	EXP 	MAN: autoDraw = False
14.9927 	EXP 	WOMAN: autoDraw = False
14.9927 	EXP 	Mname: autoDraw = False
14.9927 	EXP 	MAN_2: text = 'MAN'
14.9927 	EXP 	WOMAN_2: text = 'WOMAN'
14.9927 	EXP 	MAN_2: autoDraw = True
14.9927 	EXP 	WOMAN_2: autoDraw = True
14.9927 	EXP 	Fname: autoDraw = True
15.0093 	EXP 	Device response: <KeyPress from None: t=14.626197300036438, value=j, duration=0.37590550002641976>
15.0949 	DATA 	Keypress: k
15.1093 	EXP 	Device response: <KeyPress from None: t=15.09410210000351, value=k, duration=None>
15.1094 	EXP 	New trial (rep=5, index=5): <Trial 55 (5 in rep 5) data={'Male': 'กฤษณะ', 'Female': 'กาญจนา', 'thisN': 55, 'thisTrialN': 5, 'thisRepN': 5}>
15.1243 	INFO 	Keyboard events cleared
15.1242 	EXP 	MAN_2: autoDraw = False
15.1242 	EXP 	WOMAN_2: autoDraw = False
15.1242 	EXP 	Fname: autoDraw = False
15.1242 	EXP 	MAN: autoDraw = True
15.1242 	EXP 	WOMAN: autoDraw = True
15.1242 	EXP 	Mname: autoDraw = True
15.1762 	EXP 	Device response: <KeyPress from None: t=9.782459700014442, value=k, duration=5.382803300046362>
15.2583 	EXP 	Device response: <KeyPress from None: t=15.249959400040098, value=k, duration=None>
15.2618 	DATA 	Keypress: k
15.2755 	INFO 	Keyboard events cleared
15.2754 	EXP 	MAN: autoDraw = False
15.2754 	EXP 	WOMAN: autoDraw = False
15.2754 	EXP 	Mname: autoDraw = False
15.2754 	EXP 	MAN_2: text = 'MAN'
15.2754 	EXP 	WOMAN_2: text = 'WOMAN'
15.2754 	EXP 	MAN_2: autoDraw = True
15.2754 	EXP 	WOMAN_2: autoDraw = True
15.2754 	EXP 	Fname: autoDraw = True
15.3255 	EXP 	Device response: <KeyPress from None: t=9.976050300057977, value=k, duration=5.335508899996057>
15.3927 	EXP 	Device response: <KeyPress from None: t=15.379598899977282, value=k, duration=None>
15.3930 	EXP 	New trial (rep=5, index=6): <Trial 56 (6 in rep 5) data={'Male': 'วรพล', 'Female': 'วรรณา', 'thisN': 56, 'thisTrialN': 6, 'thisRepN': 5}>
15.3959 	DATA 	Keypress: k
15.4083 	INFO 	Keyboard events cleared
15.4081 	EXP 	MAN_2: autoDraw = False
15.4081 	EXP 	WOMAN_2: autoDraw = False
15.4081 	EXP 	Fname: autoDraw = False
15.4081 	EXP 	MAN: autoDraw = True
15.4081 	EXP 	WOMAN: autoDraw = True
15.4081 	EXP 	Mname: autoDraw = True
15.7947 	DATA 	Keypress: escape
15.8088 	EXP 	Device response: <KeyPress from None: t=15.792860200046562, value=escape, duration=None>
15.8759 	EXP 	Device response: <KeyPress from None: t=15.792860200046562, value=escape, duration=0.07451469998341054>
15.8760 	EXP 	Priming_gender: status = STOPPED
15.8917 	EXP 	MAN: autoDraw = False
15.8917 	EXP 	WOMAN: autoDraw = False
15.8917 	EXP 	Mname: autoDraw = False
15.8918 	EXP 	Priming_gender: status = STOPPED
15.9157 	INFO 	saved data to 'C:\\Users\\engpc\\Downloads\\Neuromarketing\\Neuromarketing\\Pilot\\data\\850100_Priming_gender_2025-09-25_14h57.25.894.csv'
15.9169 	INFO 	saved data to C:\Users\engpc\Downloads\Neuromarketing\Neuromarketing\Pilot\data\850100_Priming_gender_2025-09-25_14h57.25.894.psydat
16.0928 	WARNING 	Stopping key buffers but this could be dangerous ifother keyboards rely on the same.
16.1694 	WARNING 	Stopping key buffers but this could be dangerous ifother keyboards rely on the same.
16.1694 	WARNING 	Stopping key buffers but this could be dangerous ifother keyboards rely on the same.
