6.5486 	INFO 	Loaded monitor calibration from ['2025_09_24 10:44']
6.5613 	WARNING 	User requested fullscreen with size [1024  768], but screen is actually [1920, 1080]. Using actual size
6.7260 	INFO 	Using renderer 'AMD Radeon(TM) Graphics' for graphics
6.7261 	INFO 	OpenGL version supported by driver is 4..
6.7631 	EXP 	Created window1 = Window(allowGUI=False, allowStencil=True, autoLog=True, backendConf=UNKNOWN, backgroundFit=<method-wrapper '__getattribute__' of attributeSetter object at 0x000001C550551CF0>, backgroundImage=<method-wrapper '__getattribute__' of attributeSetter object at 0x000001C550551C90>, bitsMode=UNKNOWN, blendMode='avg', bpc=(8, 8, 8), color=array([0, 0, 0]), colorSpace='rgb', depthBits=8, fullscr=True, gamma=None, gammaErrorPolicy='raise', infoMsg=UNKNOWN, lms=UNKNOWN, monitor=<psychopy.monitors.calibTools.Monitor object at 0x000001C55062E770>, multiSample=False, name='window1', numSamples=2, pos=[np.float64(0.0), np.float64(0.0)], screen=0, size=array([1920, 1080]), stencilBits=8, stereo=False, title='PsychoPy', units='height', useFBO=True, useRetina=False, viewOri=0.0, viewPos=None, viewScale=None, waitBlanking=True, winType='pyglet')
6.7632 	EXP 	window1: backgroundImage = ''
6.7632 	EXP 	window1: backgroundFit = 'none'
7.1247 	EXP 	window1: Attempting to measure frame rate of screen (0) ...
7.1248 	EXP 	window1: recordFrameIntervals = False
7.3761 	EXP 	window1: recordFrameIntervals = True
7.5593 	EXP 	Screen (0) actual frame rate measured at 60.32Hz
7.5594 	EXP 	window1: recordFrameIntervals = False
7.6136 	INFO 	keyboard.Keyboard is using ptb backend.
7.6138 	INFO 	keyboard.Keyboard is using ptb backend.
7.6139 	INFO 	keyboard.Keyboard is using ptb backend.
7.6139 	EXP 	Priming_gender: status = STARTED
7.7000 	EXP 	Created MAN = TextStim(__class__=<class 'psychopy.visual.text.TextStim'>, alignHoriz=method-wrapper(...), alignText='center', alignVert=method-wrapper(...), anchorHoriz='center', anchorVert='center', antialias=True, autoDraw=False, autoLog=True, bold=False, color=array([1., 1., 1.]), colorSpace='rgb', contrast=1.0, depth=0.0, draggable=False, flipHoriz=False, flipVert=False, font='Arial', fontFiles=[], height=np.float64(0.1), italic=False, languageStyle='LTR', name='MAN', opacity=1, ori=0.0, pos=array([0.8, 0.8]), rgb=UNKNOWN, text='MAN', units='norm', win=Window(...), wrapWidth=1)
7.7046 	EXP 	Created WOMAN = TextStim(__class__=<class 'psychopy.visual.text.TextStim'>, alignHoriz=method-wrapper(...), alignText='center', alignVert=method-wrapper(...), anchorHoriz='center', anchorVert='center', antialias=True, autoDraw=False, autoLog=True, bold=False, color=array([1., 1., 1.]), colorSpace='rgb', contrast=1.0, depth=-1.0, draggable=False, flipHoriz=False, flipVert=False, font='Arial', fontFiles=[], height=np.float64(0.1), italic=False, languageStyle='LTR', name='WOMAN', opacity=1, ori=0.0, pos=array([-0.8,  0.8]), rgb=UNKNOWN, text='WOMAN', units='norm', win=Window(...), wrapWidth=1)
7.7338 	EXP 	Created MAN_2 = TextStim(__class__=<class 'psychopy.visual.text.TextStim'>, alignHoriz=method-wrapper(...), alignText='center', alignVert=method-wrapper(...), anchorHoriz='center', anchorVert='center', antialias=True, autoDraw=False, autoLog=True, bold=False, color=array([1., 1., 1.]), colorSpace='rgb', contrast=1.0, depth=0.0, draggable=False, flipHoriz=False, flipVert=False, font='Arial', fontFiles=[], height=0.1, italic=False, languageStyle='LTR', name='MAN_2', opacity=1, ori=0.0, pos=array([0.8, 0.8]), rgb=UNKNOWN, text='', units='norm', win=Window(...), wrapWidth=1)
7.7344 	EXP 	Created WOMAN_2 = TextStim(__class__=<class 'psychopy.visual.text.TextStim'>, alignHoriz=method-wrapper(...), alignText='center', alignVert=method-wrapper(...), anchorHoriz='center', anchorVert='center', antialias=True, autoDraw=False, autoLog=True, bold=False, color=array([1., 1., 1.]), colorSpace='rgb', contrast=1.0, depth=-1.0, draggable=False, flipHoriz=False, flipVert=False, font='Arial', fontFiles=[], height=0.1, italic=False, languageStyle='LTR', name='WOMAN_2', opacity=1, ori=0.0, pos=array([-0.8,  0.8]), rgb=UNKNOWN, text='', units='norm', win=Window(...), wrapWidth=1)
7.7353 	EXP 	Created Female_name = TextStim(__class__=<class 'psychopy.visual.text.TextStim'>, alignHoriz=method-wrapper(...), alignText='center', alignVert=method-wrapper(...), anchorHoriz='center', anchorVert='center', antialias=True, autoDraw=False, autoLog=True, bold=False, color=array([1., 1., 1.]), colorSpace='rgb', contrast=1.0, depth=-2.0, draggable=False, flipHoriz=False, flipVert=False, font='Angsana New', fontFiles=[], height=0.1, italic=False, languageStyle='LTR', name='Female_name', opacity=1, ori=0.0, pos=array([0., 0.]), rgb=UNKNOWN, text='', units='norm', win=Window(...), wrapWidth=1)
7.8180 	INFO 	saved data to C:\Users\engpc\Downloads\Neuromarketing\Neuromarketing\Pilot\data\908528_Priming_gender_2025-09-25_14h54.18.876.psydat
7.8193 	INFO 	saved data to 'C:\\Users\\engpc\\Downloads\\Neuromarketing\\Neuromarketing\\Pilot\\data\\908528_Priming_gender_2025-09-25_14h54.18.876.csv'
7.8328 	WARNING 	Stopping key buffers but this could be dangerous ifother keyboards rely on the same.
7.9160 	WARNING 	Stopping key buffers but this could be dangerous ifother keyboards rely on the same.
7.9160 	WARNING 	Stopping key buffers but this could be dangerous ifother keyboards rely on the same.
