40.6051 	INFO 	Loaded monitor calibration from ['2025_09_24 10:44']
40.6399 	WARNING 	User requested fullscreen with size [1024  768], but screen is actually [1920, 1080]. Using actual size
41.5465 	INFO 	Using renderer 'AMD Radeon(TM) Graphics' for graphics
41.5465 	INFO 	OpenGL version supported by driver is 4..
41.5808 	EXP 	Created window1 = Window(allowGUI=False, allowStencil=False, autoLog=True, backendConf=UNKNOWN, backgroundFit=<method-wrapper '__getattribute__' of attributeSetter object at 0x000001C727D5B430>, backgroundImage=<method-wrapper '__getattribute__' of attributeSetter object at 0x000001C727D5B490>, bitsMode=UNKNOWN, blendMode='avg', bpc=(8, 8, 8), color=array([0, 0, 0]), colorSpace='rgb', depthBits=8, fullscr=True, gamma=None, gammaErrorPolicy='raise', infoMsg=UNKNOWN, lms=UNKNOWN, monitor=<psychopy.monitors.calibTools.Monitor object at 0x000001C727E32B60>, multiSample=False, name='window1', numSamples=2, pos=[np.float64(0.0), np.float64(0.0)], screen=0, size=array([1920, 1080]), stencilBits=0, stereo=False, title='PsychoPy', units='height', useFBO=True, useRetina=False, viewOri=0.0, viewPos=None, viewScale=None, waitBlanking=True, winType='pyglet')
41.5808 	EXP 	window1: backgroundImage = ''
41.5808 	EXP 	window1: backgroundFit = 'none'
41.9519 	EXP 	window1: Attempting to measure frame rate of screen (0) ...
41.9520 	EXP 	window1: recordFrameIntervals = False
42.1967 	EXP 	window1: recordFrameIntervals = True
42.3809 	EXP 	Screen (0) actual frame rate measured at 59.49Hz
42.3810 	EXP 	window1: recordFrameIntervals = False
42.4808 	INFO 	keyboard.Keyboard is using ptb backend.
42.4810 	INFO 	keyboard.Keyboard is using ptb backend.
42.4812 	INFO 	keyboard.Keyboard is using ptb backend.
42.4812 	EXP 	Priming_gender: status = STARTED
42.8752 	EXP 	Created MAN = TextStim(__class__=<class 'psychopy.visual.text.TextStim'>, alignHoriz=method-wrapper(...), alignText='center', alignVert=method-wrapper(...), anchorHoriz='center', anchorVert='center', antialias=True, autoDraw=False, autoLog=True, bold=False, color=array([1., 1., 1.]), colorSpace='rgb', contrast=1.0, depth=0.0, draggable=False, flipHoriz=False, flipVert=False, font='Arial', fontFiles=[], height=np.float64(0.1), italic=False, languageStyle='LTR', name='MAN', opacity=1, ori=0.0, pos=array([0.8, 0.8]), rgb=UNKNOWN, text='MAN', units='norm', win=Window(...), wrapWidth=1)
42.8797 	EXP 	Created WOMAN = TextStim(__class__=<class 'psychopy.visual.text.TextStim'>, alignHoriz=method-wrapper(...), alignText='center', alignVert=method-wrapper(...), anchorHoriz='center', anchorVert='center', antialias=True, autoDraw=False, autoLog=True, bold=False, color=array([1., 1., 1.]), colorSpace='rgb', contrast=1.0, depth=-1.0, draggable=False, flipHoriz=False, flipVert=False, font='Arial', fontFiles=[], height=np.float64(0.1), italic=False, languageStyle='LTR', name='WOMAN', opacity=1, ori=0.0, pos=array([-0.8,  0.8]), rgb=UNKNOWN, text='WOMAN', units='norm', win=Window(...), wrapWidth=1)
42.9428 	INFO 	saved data to C:\Users\engpc\Downloads\Neuromarketing\Neuromarketing\Pilot\data\919571_Priming_gender_2025-09-25_14h28.33.491.psydat
42.9437 	INFO 	saved data to 'C:\\Users\\engpc\\Downloads\\Neuromarketing\\Neuromarketing\\Pilot\\data\\919571_Priming_gender_2025-09-25_14h28.33.491.csv'
42.9523 	WARNING 	Stopping key buffers but this could be dangerous ifother keyboards rely on the same.
42.9849 	WARNING 	Stopping key buffers but this could be dangerous ifother keyboards rely on the same.
42.9849 	WARNING 	Stopping key buffers but this could be dangerous ifother keyboards rely on the same.
